<?xml version="1.0" encoding="UTF-8"?>
<!-- Generated by org.testng.reporters.JUnitXMLReporter -->
<testsuite hostname="PRDCV271-W7" ignored="0" name="TSM Type Test" tests="5" failures="1" timestamp="17 May 2019 11:48:30 GMT" time="106.483" errors="0">
  <testcase name="testB" time="14.521" classname="com.PanaMCAutomation.MC_Bulk_update.ID1181_TC001_Bulk_Select_And_Update_Part_Select_Part_To_Cart"/>
  <testcase name="testB" time="27.513" classname="com.PanaMCAutomation.MC_Bulk_update.ID1182_TC002_Bulk_Select_And_Update_Part_Edit"/>
  <testcase name="testB" time="28.264" classname="com.PanaMCAutomation.MC_Bulk_update.ID1182b_TC002_Bulk_Select_And_Update_Part_Edit"/>
  <testcase name="testB" time="13.934" classname="com.PanaMCAutomation.MC_Bulk_update.ID1184_TC004_Bulk_Select_And_Update_Part_Delete">
    <failure type="java.lang.reflect.InvocationTargetException">
      <![CDATA[java.lang.reflect.InvocationTargetException
at com.PanaAutomation.Driver.DriverScript.executeKeywords(DriverScript.java:77)
at com.PanaMCAutomation.MC_Bulk_update.ID1184_TC004_Bulk_Select_And_Update_Part_Delete.testB(ID1184_TC004_Bulk_Select_And_Update_Part_Delete.java:24)
at com.PanaAutomation.Base.runMC.main(runMC.java:17)
Caused by: java.lang.AssertionError: The following asserts failed:
Element not found GuiTool@636930125031372810
at com.PanaAutomation.Keywords.GenericKeywords.reportFailure(GenericKeywords.java:1307)
at com.PanaAutomation.Keywords.GenericKeywords.validatePopUpMessage(GenericKeywords.java:601)
... 30 more
... Removed 28 stack frames]]>
    </failure>
  </testcase> <!-- testB -->
  <testcase name="testB" time="21.47" classname="com.PanaMCAutomation.MC_Bulk_update.ID1186_N_TC006_Bulk_Select_And_Update_Part_Remove"/>
</testsuite> <!-- TSM Type Test -->
