<html>
<head>
<title>TestNG:  TSM Type Test</title>
<link href="../testng.css" rel="stylesheet" type="text/css" />
<link href="../my-testng.css" rel="stylesheet" type="text/css" />

<style type="text/css">
.log { display: none;} 
.stack-trace { display: none;} 
</style>
<script type="text/javascript">
<!--
function flip(e) {
  current = e.style.display;
  if (current == 'block') {
    e.style.display = 'none';
    return 0;
  }
  else {
    e.style.display = 'block';
    return 1;
  }
}

function toggleBox(szDivId, elem, msg1, msg2)
{
  var res = -1;  if (document.getElementById) {
    res = flip(document.getElementById(szDivId));
  }
  else if (document.all) {
    // this is the way old msie versions work
    res = flip(document.all[szDivId]);
  }
  if(elem) {
    if(res == 0) elem.innerHTML = msg1; else elem.innerHTML = msg2;
  }

}

function toggleAllBoxes() {
  if (document.getElementsByTagName) {
    d = document.getElementsByTagName('div');
    for (i = 0; i < d.length; i++) {
      if (d[i].className == 'log') {
        flip(d[i]);
      }
    }
  }
}

// -->
</script>

</head>
<body>
<h2 align='center'>TSM Type Test</h2><table border='1' align="center">
<tr>
<td>Tests passed/Failed/Skipped:</td><td>51/12/0</td>
</tr><tr>
<td>Started on:</td><td>Mon May 27 23:09:50 ICT 2019</td>
</tr>
<tr><td>Total time:</td><td>1759 seconds (1759782 ms)</td>
</tr><tr>
<td>Included groups:</td><td></td>
</tr><tr>
<td>Excluded groups:</td><td></td>
</tr>
</table><p/>
<small><i>(Hover the method name to see the test class name)</i></small><p/>
<table width='100%' border='1' class='invocation-failed'>
<tr><td colspan='4' align='center'><b>FAILED TESTS</b></td></tr>
<tr><td><b>Test method</b></td>
<td width="30%"><b>Exception</b></td>
<td width="10%"><b>Time (seconds)</b></td>
<td><b>Instance</b></td>
</tr>
<tr>
<td title='com.PanaMCAutomation.MC_Carrier_Management.ID1245_TC004_Carrier_Dashboard_gridascending_order.testB()'><b>testB</b><br>Test class: com.PanaMCAutomation.MC_Carrier_Management.ID1245_TC004_Carrier_Dashboard_gridascending_order<br>Parameters: {ID1245_TC004_Carrier_Dashboard_gridascending_order@35=Area, ID1245_TC004_Carrier_Dashboard_gridascending_order@34=Master Location, ID1245_TC004_Carrier_Dashboard_gridascending_order@33=Quantity, Runmode=Y, ID1245_TC004_Carrier_Dashboard_gridascending_order@32=State, ID1245_TC004_Carrier_Dashboard_gridascending_order@29=Carrier Number, ID1245_TC004_Carrier_Dashboard_gridascending_order@31=Location, ID1245_TC004_Carrier_Dashboard_gridascending_order@28=Add Cart, ID1245_TC004_Carrier_Dashboard_gridascending_order@30=Carrier Type, ID1245_TC004_Carrier_Dashboard_gridascending_order@27=System, ID1245_TC004_Carrier_Dashboard_gridascending_order@26=Chrome}</td>
<td><div><pre>java.lang.reflect.InvocationTargetException
	at com.PanaAutomation.Driver.DriverScript.executeKeywords(DriverScript.java:77)
	at com.PanaMCAutomation.MC_Carrier_Management.ID1245_TC004_Carrier_Dashboard_gridascending_order.testB(ID1245_TC004_Carrier_Dashboard_gridascending_order.java:24)
	at com.PanaAutomation.Base.runMC.main(runMC.java:17)
Caused by: java.lang.AssertionError: The following asserts failed:
	Unable to Click //*[@id=&quot;55&quot;]
	at com.PanaAutomation.Keywords.GenericKeywords.reportFailure(GenericKeywords.java:1308)
	at com.PanaAutomation.Keywords.GenericKeywords.click(GenericKeywords.java:189)
	... 29 more
... Removed 27 stack frames</pre></div><a href='#' onClick='toggleBox("stack-trace1039117106", this, "Click to show all stack frames", "Click to hide stack frames")'>Click to show all stack frames</a>
<div class='stack-trace' id='stack-trace1039117106'><pre>java.lang.reflect.InvocationTargetException
	at sun.reflect.GeneratedMethodAccessor53.invoke(Unknown Source)
	at sun.reflect.DelegatingMethodAccessorImpl.invoke(Unknown Source)
	at java.lang.reflect.Method.invoke(Unknown Source)
	at com.PanaAutomation.Driver.DriverScript.executeKeywords(DriverScript.java:77)
	at com.PanaMCAutomation.MC_Carrier_Management.ID1245_TC004_Carrier_Dashboard_gridascending_order.testB(ID1245_TC004_Carrier_Dashboard_gridascending_order.java:24)
	at sun.reflect.NativeMethodAccessorImpl.invoke0(Native Method)
	at sun.reflect.NativeMethodAccessorImpl.invoke(Unknown Source)
	at sun.reflect.DelegatingMethodAccessorImpl.invoke(Unknown Source)
	at java.lang.reflect.Method.invoke(Unknown Source)
	at org.testng.internal.MethodInvocationHelper.invokeMethod(MethodInvocationHelper.java:124)
	at org.testng.internal.Invoker.invokeMethod(Invoker.java:580)
	at org.testng.internal.Invoker.invokeTestMethod(Invoker.java:716)
	at org.testng.internal.Invoker.invokeTestMethods(Invoker.java:988)
	at org.testng.internal.TestMethodWorker.invokeTestMethods(TestMethodWorker.java:125)
	at org.testng.internal.TestMethodWorker.run(TestMethodWorker.java:109)
	at org.testng.TestRunner.privateRun(TestRunner.java:648)
	at org.testng.TestRunner.run(TestRunner.java:505)
	at org.testng.SuiteRunner.runTest(SuiteRunner.java:455)
	at org.testng.SuiteRunner.runSequentially(SuiteRunner.java:450)
	at org.testng.SuiteRunner.privateRun(SuiteRunner.java:415)
	at org.testng.SuiteRunner.run(SuiteRunner.java:364)
	at org.testng.SuiteRunnerWorker.runSuite(SuiteRunnerWorker.java:52)
	at org.testng.SuiteRunnerWorker.run(SuiteRunnerWorker.java:84)
	at org.testng.TestNG.runSuitesSequentially(TestNG.java:1208)
	at org.testng.TestNG.runSuitesSequentially(TestNG.java:1204)
	at org.testng.TestNG.runSuitesLocally(TestNG.java:1137)
	at org.testng.TestNG.runSuites(TestNG.java:1049)
	at org.testng.TestNG.run(TestNG.java:1017)
	at com.PanaAutomation.Base.runMC.main(runMC.java:17)
Caused by: java.lang.AssertionError: The following asserts failed:
	Unable to Click //*[@id=&quot;55&quot;]
	at org.testng.asserts.SoftAssert.assertAll(SoftAssert.java:43)
	at com.PanaAutomation.Keywords.GenericKeywords.reportFailure(GenericKeywords.java:1308)
	at com.PanaAutomation.Keywords.GenericKeywords.click(GenericKeywords.java:189)
	... 29 more
</pre></div></td>
<td>58</td>
<td>com.PanaMCAutomation.MC_Carrier_Management.ID1245_TC004_Carrier_Dashboard_gridascending_order@6973bf95</td></tr>
<tr>
<td title='com.PanaMCAutomation.MC_Carrier_Management.ID1246_TC005_Carrier_Dashboard_griddescending_order.testB()'><b>testB</b><br>Test class: com.PanaMCAutomation.MC_Carrier_Management.ID1246_TC005_Carrier_Dashboard_griddescending_order<br>Parameters: {Runmode=Y, ID1246_TC005_Carrier_Dashboard_griddescending_order@45=Area, ID1246_TC005_Carrier_Dashboard_griddescending_order@44=Master Location, ID1246_TC005_Carrier_Dashboard_griddescending_order@43=Quantity, ID1246_TC005_Carrier_Dashboard_griddescending_order@42=State, ID1246_TC005_Carrier_Dashboard_griddescending_order@39=Carrier Number, ID1246_TC005_Carrier_Dashboard_griddescending_order@41=Location, ID1246_TC005_Carrier_Dashboard_griddescending_order@38=Add Cart, ID1246_TC005_Carrier_Dashboard_griddescending_order@40=Carrier Type, ID1246_TC005_Carrier_Dashboard_griddescending_order@37=System, ID1246_TC005_Carrier_Dashboard_griddescending_order@36=Chrome}</td>
<td><div><pre>java.lang.reflect.InvocationTargetException
	at com.PanaAutomation.Driver.DriverScript.executeKeywords(DriverScript.java:77)
	at com.PanaMCAutomation.MC_Carrier_Management.ID1246_TC005_Carrier_Dashboard_griddescending_order.testB(ID1246_TC005_Carrier_Dashboard_griddescending_order.java:24)
	at com.PanaAutomation.Base.runMC.main(runMC.java:17)
Caused by: java.lang.AssertionError: The following asserts failed:
	Unable to Click //*[@id=&quot;55&quot;]
	at com.PanaAutomation.Keywords.GenericKeywords.reportFailure(GenericKeywords.java:1308)
	at com.PanaAutomation.Keywords.GenericKeywords.click(GenericKeywords.java:189)
	... 29 more
... Removed 27 stack frames</pre></div><a href='#' onClick='toggleBox("stack-trace990214166", this, "Click to show all stack frames", "Click to hide stack frames")'>Click to show all stack frames</a>
<div class='stack-trace' id='stack-trace990214166'><pre>java.lang.reflect.InvocationTargetException
	at sun.reflect.GeneratedMethodAccessor53.invoke(Unknown Source)
	at sun.reflect.DelegatingMethodAccessorImpl.invoke(Unknown Source)
	at java.lang.reflect.Method.invoke(Unknown Source)
	at com.PanaAutomation.Driver.DriverScript.executeKeywords(DriverScript.java:77)
	at com.PanaMCAutomation.MC_Carrier_Management.ID1246_TC005_Carrier_Dashboard_griddescending_order.testB(ID1246_TC005_Carrier_Dashboard_griddescending_order.java:24)
	at sun.reflect.NativeMethodAccessorImpl.invoke0(Native Method)
	at sun.reflect.NativeMethodAccessorImpl.invoke(Unknown Source)
	at sun.reflect.DelegatingMethodAccessorImpl.invoke(Unknown Source)
	at java.lang.reflect.Method.invoke(Unknown Source)
	at org.testng.internal.MethodInvocationHelper.invokeMethod(MethodInvocationHelper.java:124)
	at org.testng.internal.Invoker.invokeMethod(Invoker.java:580)
	at org.testng.internal.Invoker.invokeTestMethod(Invoker.java:716)
	at org.testng.internal.Invoker.invokeTestMethods(Invoker.java:988)
	at org.testng.internal.TestMethodWorker.invokeTestMethods(TestMethodWorker.java:125)
	at org.testng.internal.TestMethodWorker.run(TestMethodWorker.java:109)
	at org.testng.TestRunner.privateRun(TestRunner.java:648)
	at org.testng.TestRunner.run(TestRunner.java:505)
	at org.testng.SuiteRunner.runTest(SuiteRunner.java:455)
	at org.testng.SuiteRunner.runSequentially(SuiteRunner.java:450)
	at org.testng.SuiteRunner.privateRun(SuiteRunner.java:415)
	at org.testng.SuiteRunner.run(SuiteRunner.java:364)
	at org.testng.SuiteRunnerWorker.runSuite(SuiteRunnerWorker.java:52)
	at org.testng.SuiteRunnerWorker.run(SuiteRunnerWorker.java:84)
	at org.testng.TestNG.runSuitesSequentially(TestNG.java:1208)
	at org.testng.TestNG.runSuitesSequentially(TestNG.java:1204)
	at org.testng.TestNG.runSuitesLocally(TestNG.java:1137)
	at org.testng.TestNG.runSuites(TestNG.java:1049)
	at org.testng.TestNG.run(TestNG.java:1017)
	at com.PanaAutomation.Base.runMC.main(runMC.java:17)
Caused by: java.lang.AssertionError: The following asserts failed:
	Unable to Click //*[@id=&quot;55&quot;]
	at org.testng.asserts.SoftAssert.assertAll(SoftAssert.java:43)
	at com.PanaAutomation.Keywords.GenericKeywords.reportFailure(GenericKeywords.java:1308)
	at com.PanaAutomation.Keywords.GenericKeywords.click(GenericKeywords.java:189)
	... 29 more
</pre></div></td>
<td>59</td>
<td>com.PanaMCAutomation.MC_Carrier_Management.ID1246_TC005_Carrier_Dashboard_griddescending_order@2ddc8ecb</td></tr>
<tr>
<td title='com.PanaMCAutomation.MC_Carrier_Management.ID1267_TC026_Carrier_Dashboard_Register_New_Print_Queue_selectdeselect_grid_rows.testB()'><b>testB</b><br>Test class: com.PanaMCAutomation.MC_Carrier_Management.ID1267_TC026_Carrier_Dashboard_Register_New_Print_Queue_selectdeselect_grid_rows<br>Parameters: {ID1267_TC026_Carrier_Dashboard_Register_New_Print_Queue_selectdeselect_grid_rows@125=true, ID1267_TC026_Carrier_Dashboard_Register_New_Print_Queue_selectdeselect_grid_rows@124=System, ID1267_TC026_Carrier_Dashboard_Register_New_Print_Queue_selectdeselect_grid_rows@123=Chrome, Runmode=Y}</td>
<td><div><pre>java.lang.reflect.InvocationTargetException
	at com.PanaAutomation.Driver.DriverScript.executeKeywords(DriverScript.java:77)
	at com.PanaMCAutomation.MC_Carrier_Management.ID1267_TC026_Carrier_Dashboard_Register_New_Print_Queue_selectdeselect_grid_rows.testB(ID1267_TC026_Carrier_Dashboard_Register_New_Print_Queue_selectdeselect_grid_rows.java:24)
	at com.PanaAutomation.Base.runMC.main(runMC.java:17)
Caused by: org.openqa.selenium.NoSuchElementException: no such element: Unable to locate element: {&quot;method&quot;:&quot;xpath&quot;,&quot;selector&quot;:&quot;//*[@id=&quot;grdprintmaterial&quot;]/tbody/tr[1]/td[1]/input&quot;}
  (Session info: chrome=74.0.3729.169)
  (Driver info: chromedriver=2.44.609538 (b655c5a60b0b544917107a59d4153d4bf78e1b90),platform=Windows NT 6.1.7601 SP1 x86_64) (WARNING: The server did not provide any stacktrace information)
Command duration or timeout: 20.04 seconds
For documentation on this error, please visit: http://seleniumhq.org/exceptions/no_such_element.html
Build info: version: &apos;2.45.0&apos;, revision: &apos;32a636c&apos;, time: &apos;2015-03-05 22:01:35&apos;
System info: host: &apos;PRDCV271-W7&apos;, ip: &apos;192.168.20.99&apos;, os.name: &apos;Windows 7&apos;, os.arch: &apos;amd64&apos;, os.version: &apos;6.1&apos;, java.version: &apos;1.8.0_201&apos;
Driver info: org.openqa.selenium.chrome.ChromeDriver
Capabilities [{mobileEmulationEnabled=false, hasTouchScreen=false, platform=XP, acceptSslCerts=false, goog:chromeOptions={debuggerAddress=localhost:64225}, acceptInsecureCerts=false, webStorageEnabled=true, browserName=chrome, takesScreenshot=true, javascriptEnabled=true, setWindowRect=true, unexpectedAlertBehaviour=ignore, applicationCacheEnabled=false, rotatable=false, networkConnectionEnabled=false, chrome={chromedriverVersion=2.44.609538 (b655c5a60b0b544917107a59d4153d4bf78e1b90), userDataDir=C:\Users\4000286\AppData\Local\Temp\scoped_dir15948_27263}, takesHeapSnapshot=true, pageLoadStrategy=normal, databaseEnabled=false, handlesAlerts=true, version=74.0.3729.169, browserConnectionEnabled=false, nativeEvents=true, locationContextEnabled=true, cssSelectorsEnabled=true}]
Session ID: 2e6bb3d2da6fcc77294387efc422c97e
*** Element info: {Using=xpath, value=//*[@id=&quot;grdprintmaterial&quot;]/tbody/tr[1]/td[1]/input}
	at org.openqa.selenium.remote.ErrorHandler.createThrowable(ErrorHandler.java:204)
	at org.openqa.selenium.remote.ErrorHandler.throwIfResponseFailed(ErrorHandler.java:156)
	at org.openqa.selenium.remote.RemoteWebDriver.execute(RemoteWebDriver.java:599)
	at org.openqa.selenium.remote.RemoteWebDriver.findElement(RemoteWebDriver.java:352)
	at org.openqa.selenium.remote.RemoteWebDriver.findElementByXPath(RemoteWebDriver.java:449)
	at org.openqa.selenium.By$ByXPath.findElement(By.java:357)
	at org.openqa.selenium.remote.RemoteWebDriver.findElement(RemoteWebDriver.java:344)
	at com.PanaAutomation.Keywords.GenericKeywords.VerifyCheckBox(GenericKeywords.java:1158)
	... 30 more
... Removed 31 stack frames</pre></div><a href='#' onClick='toggleBox("stack-trace37763050", this, "Click to show all stack frames", "Click to hide stack frames")'>Click to show all stack frames</a>
<div class='stack-trace' id='stack-trace37763050'><pre>java.lang.reflect.InvocationTargetException
	at sun.reflect.NativeMethodAccessorImpl.invoke0(Native Method)
	at sun.reflect.NativeMethodAccessorImpl.invoke(Unknown Source)
	at sun.reflect.DelegatingMethodAccessorImpl.invoke(Unknown Source)
	at java.lang.reflect.Method.invoke(Unknown Source)
	at com.PanaAutomation.Driver.DriverScript.executeKeywords(DriverScript.java:77)
	at com.PanaMCAutomation.MC_Carrier_Management.ID1267_TC026_Carrier_Dashboard_Register_New_Print_Queue_selectdeselect_grid_rows.testB(ID1267_TC026_Carrier_Dashboard_Register_New_Print_Queue_selectdeselect_grid_rows.java:24)
	at sun.reflect.NativeMethodAccessorImpl.invoke0(Native Method)
	at sun.reflect.NativeMethodAccessorImpl.invoke(Unknown Source)
	at sun.reflect.DelegatingMethodAccessorImpl.invoke(Unknown Source)
	at java.lang.reflect.Method.invoke(Unknown Source)
	at org.testng.internal.MethodInvocationHelper.invokeMethod(MethodInvocationHelper.java:124)
	at org.testng.internal.Invoker.invokeMethod(Invoker.java:580)
	at org.testng.internal.Invoker.invokeTestMethod(Invoker.java:716)
	at org.testng.internal.Invoker.invokeTestMethods(Invoker.java:988)
	at org.testng.internal.TestMethodWorker.invokeTestMethods(TestMethodWorker.java:125)
	at org.testng.internal.TestMethodWorker.run(TestMethodWorker.java:109)
	at org.testng.TestRunner.privateRun(TestRunner.java:648)
	at org.testng.TestRunner.run(TestRunner.java:505)
	at org.testng.SuiteRunner.runTest(SuiteRunner.java:455)
	at org.testng.SuiteRunner.runSequentially(SuiteRunner.java:450)
	at org.testng.SuiteRunner.privateRun(SuiteRunner.java:415)
	at org.testng.SuiteRunner.run(SuiteRunner.java:364)
	at org.testng.SuiteRunnerWorker.runSuite(SuiteRunnerWorker.java:52)
	at org.testng.SuiteRunnerWorker.run(SuiteRunnerWorker.java:84)
	at org.testng.TestNG.runSuitesSequentially(TestNG.java:1208)
	at org.testng.TestNG.runSuitesSequentially(TestNG.java:1204)
	at org.testng.TestNG.runSuitesLocally(TestNG.java:1137)
	at org.testng.TestNG.runSuites(TestNG.java:1049)
	at org.testng.TestNG.run(TestNG.java:1017)
	at com.PanaAutomation.Base.runMC.main(runMC.java:17)
Caused by: org.openqa.selenium.NoSuchElementException: no such element: Unable to locate element: {&quot;method&quot;:&quot;xpath&quot;,&quot;selector&quot;:&quot;//*[@id=&quot;grdprintmaterial&quot;]/tbody/tr[1]/td[1]/input&quot;}
  (Session info: chrome=74.0.3729.169)
  (Driver info: chromedriver=2.44.609538 (b655c5a60b0b544917107a59d4153d4bf78e1b90),platform=Windows NT 6.1.7601 SP1 x86_64) (WARNING: The server did not provide any stacktrace information)
Command duration or timeout: 20.04 seconds
For documentation on this error, please visit: http://seleniumhq.org/exceptions/no_such_element.html
Build info: version: &apos;2.45.0&apos;, revision: &apos;32a636c&apos;, time: &apos;2015-03-05 22:01:35&apos;
System info: host: &apos;PRDCV271-W7&apos;, ip: &apos;192.168.20.99&apos;, os.name: &apos;Windows 7&apos;, os.arch: &apos;amd64&apos;, os.version: &apos;6.1&apos;, java.version: &apos;1.8.0_201&apos;
Driver info: org.openqa.selenium.chrome.ChromeDriver
Capabilities [{mobileEmulationEnabled=false, hasTouchScreen=false, platform=XP, acceptSslCerts=false, goog:chromeOptions={debuggerAddress=localhost:64225}, acceptInsecureCerts=false, webStorageEnabled=true, browserName=chrome, takesScreenshot=true, javascriptEnabled=true, setWindowRect=true, unexpectedAlertBehaviour=ignore, applicationCacheEnabled=false, rotatable=false, networkConnectionEnabled=false, chrome={chromedriverVersion=2.44.609538 (b655c5a60b0b544917107a59d4153d4bf78e1b90), userDataDir=C:\Users\4000286\AppData\Local\Temp\scoped_dir15948_27263}, takesHeapSnapshot=true, pageLoadStrategy=normal, databaseEnabled=false, handlesAlerts=true, version=74.0.3729.169, browserConnectionEnabled=false, nativeEvents=true, locationContextEnabled=true, cssSelectorsEnabled=true}]
Session ID: 2e6bb3d2da6fcc77294387efc422c97e
*** Element info: {Using=xpath, value=//*[@id=&quot;grdprintmaterial&quot;]/tbody/tr[1]/td[1]/input}
	at sun.reflect.NativeConstructorAccessorImpl.newInstance0(Native Method)
	at sun.reflect.NativeConstructorAccessorImpl.newInstance(Unknown Source)
	at sun.reflect.DelegatingConstructorAccessorImpl.newInstance(Unknown Source)
	at java.lang.reflect.Constructor.newInstance(Unknown Source)
	at org.openqa.selenium.remote.ErrorHandler.createThrowable(ErrorHandler.java:204)
	at org.openqa.selenium.remote.ErrorHandler.throwIfResponseFailed(ErrorHandler.java:156)
	at org.openqa.selenium.remote.RemoteWebDriver.execute(RemoteWebDriver.java:599)
	at org.openqa.selenium.remote.RemoteWebDriver.findElement(RemoteWebDriver.java:352)
	at org.openqa.selenium.remote.RemoteWebDriver.findElementByXPath(RemoteWebDriver.java:449)
	at org.openqa.selenium.By$ByXPath.findElement(By.java:357)
	at org.openqa.selenium.remote.RemoteWebDriver.findElement(RemoteWebDriver.java:344)
	at com.PanaAutomation.Keywords.GenericKeywords.VerifyCheckBox(GenericKeywords.java:1158)
	... 30 more
</pre></div></td>
<td>34</td>
<td>com.PanaMCAutomation.MC_Carrier_Management.ID1267_TC026_Carrier_Dashboard_Register_New_Print_Queue_selectdeselect_grid_rows@2f112965</td></tr>
<tr>
<td title='com.PanaMCAutomation.MC_Carrier_Management.ID1269_TC028_Carrier_Dashboard_Register_New_Print_Queue_Pause_Print.testB()'><b>testB</b><br>Test class: com.PanaMCAutomation.MC_Carrier_Management.ID1269_TC028_Carrier_Dashboard_Register_New_Print_Queue_Pause_Print<br>Parameters: {ID1269_TC028_Carrier_Dashboard_Register_New_Print_Queue_Pause_Print@134=None, ID1269_TC028_Carrier_Dashboard_Register_New_Print_Queue_Pause_Print@133=System, Runmode=Y, ID1269_TC028_Carrier_Dashboard_Register_New_Print_Queue_Pause_Print@132=Chrome}</td>
<td><div><pre>java.lang.reflect.InvocationTargetException
	at com.PanaAutomation.Driver.DriverScript.executeKeywords(DriverScript.java:77)
	at com.PanaMCAutomation.MC_Carrier_Management.ID1269_TC028_Carrier_Dashboard_Register_New_Print_Queue_Pause_Print.testB(ID1269_TC028_Carrier_Dashboard_Register_New_Print_Queue_Pause_Print.java:24)
	at com.PanaAutomation.Base.runMC.main(runMC.java:17)
Caused by: java.lang.AssertionError: The following asserts failed:
	Unexpected exception is thrown: org.openqa.selenium.NoSuchElementException: no such element: Unable to locate element: {&quot;method&quot;:&quot;xpath&quot;,&quot;selector&quot;:&quot;//*[@id=&quot;grdprintmaterial&quot;]/tbody/tr[1]/td[5]&quot;}
  (Session info: chrome=74.0.3729.169)
  (Driver info: chromedriver=2.44.609538 (b655c5a60b0b544917107a59d4153d4bf78e1b90),platform=Windows NT 6.1.7601 SP1 x86_64) (WARNING: The server did not provide any stacktrace information)
Command duration or timeout: 20.09 seconds
For documentation on this error, please visit: http://seleniumhq.org/exceptions/no_such_element.html
Build info: version: &apos;2.45.0&apos;, revision: &apos;32a636c&apos;, time: &apos;2015-03-05 22:01:35&apos;
System info: host: &apos;PRDCV271-W7&apos;, ip: &apos;192.168.20.99&apos;, os.name: &apos;Windows 7&apos;, os.arch: &apos;amd64&apos;, os.version: &apos;6.1&apos;, java.version: &apos;1.8.0_201&apos;
Driver info: org.openqa.selenium.chrome.ChromeDriver
Capabilities [{mobileEmulationEnabled=false, hasTouchScreen=false, platform=XP, acceptSslCerts=false, goog:chromeOptions={debuggerAddress=localhost:64335}, acceptInsecureCerts=false, webStorageEnabled=true, browserName=chrome, takesScreenshot=true, javascriptEnabled=true, setWindowRect=true, unexpectedAlertBehaviour=ignore, applicationCacheEnabled=false, rotatable=false, networkConnectionEnabled=false, chrome={chromedriverVersion=2.44.609538 (b655c5a60b0b544917107a59d4153d4bf78e1b90), userDataDir=C:\Users\4000286\AppData\Local\Temp\scoped_dir17372_18441}, takesHeapSnapshot=true, pageLoadStrategy=normal, databaseEnabled=false, handlesAlerts=true, version=74.0.3729.169, browserConnectionEnabled=false, nativeEvents=true, locationContextEnabled=true, cssSelectorsEnabled=true}]
Session ID: 2dcd3a0111b4ccc362b80410b30e5cd3
*** Element info: {Using=xpath, value=//*[@id=&quot;grdprintmaterial&quot;]/tbody/tr[1]/td[5]}
	at com.PanaAutomation.Keywords.GenericKeywords.reportFailure(GenericKeywords.java:1308)
	at com.PanaAutomation.Keywords.GenericKeywords.verifyTextContain(GenericKeywords.java:1647)
	... 29 more
... Removed 27 stack frames</pre></div><a href='#' onClick='toggleBox("stack-trace39710306", this, "Click to show all stack frames", "Click to hide stack frames")'>Click to show all stack frames</a>
<div class='stack-trace' id='stack-trace39710306'><pre>java.lang.reflect.InvocationTargetException
	at sun.reflect.GeneratedMethodAccessor96.invoke(Unknown Source)
	at sun.reflect.DelegatingMethodAccessorImpl.invoke(Unknown Source)
	at java.lang.reflect.Method.invoke(Unknown Source)
	at com.PanaAutomation.Driver.DriverScript.executeKeywords(DriverScript.java:77)
	at com.PanaMCAutomation.MC_Carrier_Management.ID1269_TC028_Carrier_Dashboard_Register_New_Print_Queue_Pause_Print.testB(ID1269_TC028_Carrier_Dashboard_Register_New_Print_Queue_Pause_Print.java:24)
	at sun.reflect.NativeMethodAccessorImpl.invoke0(Native Method)
	at sun.reflect.NativeMethodAccessorImpl.invoke(Unknown Source)
	at sun.reflect.DelegatingMethodAccessorImpl.invoke(Unknown Source)
	at java.lang.reflect.Method.invoke(Unknown Source)
	at org.testng.internal.MethodInvocationHelper.invokeMethod(MethodInvocationHelper.java:124)
	at org.testng.internal.Invoker.invokeMethod(Invoker.java:580)
	at org.testng.internal.Invoker.invokeTestMethod(Invoker.java:716)
	at org.testng.internal.Invoker.invokeTestMethods(Invoker.java:988)
	at org.testng.internal.TestMethodWorker.invokeTestMethods(TestMethodWorker.java:125)
	at org.testng.internal.TestMethodWorker.run(TestMethodWorker.java:109)
	at org.testng.TestRunner.privateRun(TestRunner.java:648)
	at org.testng.TestRunner.run(TestRunner.java:505)
	at org.testng.SuiteRunner.runTest(SuiteRunner.java:455)
	at org.testng.SuiteRunner.runSequentially(SuiteRunner.java:450)
	at org.testng.SuiteRunner.privateRun(SuiteRunner.java:415)
	at org.testng.SuiteRunner.run(SuiteRunner.java:364)
	at org.testng.SuiteRunnerWorker.runSuite(SuiteRunnerWorker.java:52)
	at org.testng.SuiteRunnerWorker.run(SuiteRunnerWorker.java:84)
	at org.testng.TestNG.runSuitesSequentially(TestNG.java:1208)
	at org.testng.TestNG.runSuitesSequentially(TestNG.java:1204)
	at org.testng.TestNG.runSuitesLocally(TestNG.java:1137)
	at org.testng.TestNG.runSuites(TestNG.java:1049)
	at org.testng.TestNG.run(TestNG.java:1017)
	at com.PanaAutomation.Base.runMC.main(runMC.java:17)
Caused by: java.lang.AssertionError: The following asserts failed:
	Unexpected exception is thrown: org.openqa.selenium.NoSuchElementException: no such element: Unable to locate element: {&quot;method&quot;:&quot;xpath&quot;,&quot;selector&quot;:&quot;//*[@id=&quot;grdprintmaterial&quot;]/tbody/tr[1]/td[5]&quot;}
  (Session info: chrome=74.0.3729.169)
  (Driver info: chromedriver=2.44.609538 (b655c5a60b0b544917107a59d4153d4bf78e1b90),platform=Windows NT 6.1.7601 SP1 x86_64) (WARNING: The server did not provide any stacktrace information)
Command duration or timeout: 20.09 seconds
For documentation on this error, please visit: http://seleniumhq.org/exceptions/no_such_element.html
Build info: version: &apos;2.45.0&apos;, revision: &apos;32a636c&apos;, time: &apos;2015-03-05 22:01:35&apos;
System info: host: &apos;PRDCV271-W7&apos;, ip: &apos;192.168.20.99&apos;, os.name: &apos;Windows 7&apos;, os.arch: &apos;amd64&apos;, os.version: &apos;6.1&apos;, java.version: &apos;1.8.0_201&apos;
Driver info: org.openqa.selenium.chrome.ChromeDriver
Capabilities [{mobileEmulationEnabled=false, hasTouchScreen=false, platform=XP, acceptSslCerts=false, goog:chromeOptions={debuggerAddress=localhost:64335}, acceptInsecureCerts=false, webStorageEnabled=true, browserName=chrome, takesScreenshot=true, javascriptEnabled=true, setWindowRect=true, unexpectedAlertBehaviour=ignore, applicationCacheEnabled=false, rotatable=false, networkConnectionEnabled=false, chrome={chromedriverVersion=2.44.609538 (b655c5a60b0b544917107a59d4153d4bf78e1b90), userDataDir=C:\Users\4000286\AppData\Local\Temp\scoped_dir17372_18441}, takesHeapSnapshot=true, pageLoadStrategy=normal, databaseEnabled=false, handlesAlerts=true, version=74.0.3729.169, browserConnectionEnabled=false, nativeEvents=true, locationContextEnabled=true, cssSelectorsEnabled=true}]
Session ID: 2dcd3a0111b4ccc362b80410b30e5cd3
*** Element info: {Using=xpath, value=//*[@id=&quot;grdprintmaterial&quot;]/tbody/tr[1]/td[5]}
	at org.testng.asserts.SoftAssert.assertAll(SoftAssert.java:43)
	at com.PanaAutomation.Keywords.GenericKeywords.reportFailure(GenericKeywords.java:1308)
	at com.PanaAutomation.Keywords.GenericKeywords.verifyTextContain(GenericKeywords.java:1647)
	... 29 more
</pre></div></td>
<td>57</td>
<td>com.PanaMCAutomation.MC_Carrier_Management.ID1269_TC028_Carrier_Dashboard_Register_New_Print_Queue_Pause_Print@4e91d63f</td></tr>
<tr>
<td title='com.PanaMCAutomation.MC_Carrier_Management.ID1270_TC029_Carrier_Dashboard_Register_New_Print_Queue_Delete_Print.testB()'><b>testB</b><br>Test class: com.PanaMCAutomation.MC_Carrier_Management.ID1270_TC029_Carrier_Dashboard_Register_New_Print_Queue_Delete_Print<br>Parameters: {ID1270_TC029_Carrier_Dashboard_Register_New_Print_Queue_Delete_Print@136=System, ID1270_TC029_Carrier_Dashboard_Register_New_Print_Queue_Delete_Print@135=Chrome, Runmode=Y}</td>
<td><div><pre>java.lang.reflect.InvocationTargetException
	at com.PanaAutomation.Driver.DriverScript.executeKeywords(DriverScript.java:77)
	at com.PanaMCAutomation.MC_Carrier_Management.ID1270_TC029_Carrier_Dashboard_Register_New_Print_Queue_Delete_Print.testB(ID1270_TC029_Carrier_Dashboard_Register_New_Print_Queue_Delete_Print.java:24)
	at com.PanaAutomation.Base.runMC.main(runMC.java:17)
Caused by: java.lang.AssertionError: The following asserts failed:
	Unable to Click //*[@id=&quot;grdprintmaterial&quot;]/tbody/tr[1]/td[1]/input
	at com.PanaAutomation.Keywords.GenericKeywords.reportFailure(GenericKeywords.java:1308)
	at com.PanaAutomation.Keywords.GenericKeywords.click(GenericKeywords.java:189)
	... 29 more
... Removed 27 stack frames</pre></div><a href='#' onClick='toggleBox("stack-trace1848157990", this, "Click to show all stack frames", "Click to hide stack frames")'>Click to show all stack frames</a>
<div class='stack-trace' id='stack-trace1848157990'><pre>java.lang.reflect.InvocationTargetException
	at sun.reflect.GeneratedMethodAccessor53.invoke(Unknown Source)
	at sun.reflect.DelegatingMethodAccessorImpl.invoke(Unknown Source)
	at java.lang.reflect.Method.invoke(Unknown Source)
	at com.PanaAutomation.Driver.DriverScript.executeKeywords(DriverScript.java:77)
	at com.PanaMCAutomation.MC_Carrier_Management.ID1270_TC029_Carrier_Dashboard_Register_New_Print_Queue_Delete_Print.testB(ID1270_TC029_Carrier_Dashboard_Register_New_Print_Queue_Delete_Print.java:24)
	at sun.reflect.NativeMethodAccessorImpl.invoke0(Native Method)
	at sun.reflect.NativeMethodAccessorImpl.invoke(Unknown Source)
	at sun.reflect.DelegatingMethodAccessorImpl.invoke(Unknown Source)
	at java.lang.reflect.Method.invoke(Unknown Source)
	at org.testng.internal.MethodInvocationHelper.invokeMethod(MethodInvocationHelper.java:124)
	at org.testng.internal.Invoker.invokeMethod(Invoker.java:580)
	at org.testng.internal.Invoker.invokeTestMethod(Invoker.java:716)
	at org.testng.internal.Invoker.invokeTestMethods(Invoker.java:988)
	at org.testng.internal.TestMethodWorker.invokeTestMethods(TestMethodWorker.java:125)
	at org.testng.internal.TestMethodWorker.run(TestMethodWorker.java:109)
	at org.testng.TestRunner.privateRun(TestRunner.java:648)
	at org.testng.TestRunner.run(TestRunner.java:505)
	at org.testng.SuiteRunner.runTest(SuiteRunner.java:455)
	at org.testng.SuiteRunner.runSequentially(SuiteRunner.java:450)
	at org.testng.SuiteRunner.privateRun(SuiteRunner.java:415)
	at org.testng.SuiteRunner.run(SuiteRunner.java:364)
	at org.testng.SuiteRunnerWorker.runSuite(SuiteRunnerWorker.java:52)
	at org.testng.SuiteRunnerWorker.run(SuiteRunnerWorker.java:84)
	at org.testng.TestNG.runSuitesSequentially(TestNG.java:1208)
	at org.testng.TestNG.runSuitesSequentially(TestNG.java:1204)
	at org.testng.TestNG.runSuitesLocally(TestNG.java:1137)
	at org.testng.TestNG.runSuites(TestNG.java:1049)
	at org.testng.TestNG.run(TestNG.java:1017)
	at com.PanaAutomation.Base.runMC.main(runMC.java:17)
Caused by: java.lang.AssertionError: The following asserts failed:
	Unable to Click //*[@id=&quot;grdprintmaterial&quot;]/tbody/tr[1]/td[1]/input
	at org.testng.asserts.SoftAssert.assertAll(SoftAssert.java:43)
	at com.PanaAutomation.Keywords.GenericKeywords.reportFailure(GenericKeywords.java:1308)
	at com.PanaAutomation.Keywords.GenericKeywords.click(GenericKeywords.java:189)
	... 29 more
</pre></div></td>
<td>57</td>
<td>com.PanaMCAutomation.MC_Carrier_Management.ID1270_TC029_Carrier_Dashboard_Register_New_Print_Queue_Delete_Print@d4342c2</td></tr>
<tr>
<td title='com.PanaMCAutomation.MC_Carrier_Management.ID1271_TC030_Carrier_Dashboard_Register_New_Print_Queue_RetryReprint_Print.testB()'><b>testB</b><br>Test class: com.PanaMCAutomation.MC_Carrier_Management.ID1271_TC030_Carrier_Dashboard_Register_New_Print_Queue_RetryReprint_Print<br>Parameters: {ID1271_TC030_Carrier_Dashboard_Register_New_Print_Queue_RetryReprint_Print@137=Chrome, Runmode=Y, ID1271_TC030_Carrier_Dashboard_Register_New_Print_Queue_RetryReprint_Print@138=System}</td>
<td><div><pre>java.lang.reflect.InvocationTargetException
	at com.PanaAutomation.Driver.DriverScript.executeKeywords(DriverScript.java:77)
	at com.PanaMCAutomation.MC_Carrier_Management.ID1271_TC030_Carrier_Dashboard_Register_New_Print_Queue_RetryReprint_Print.testB(ID1271_TC030_Carrier_Dashboard_Register_New_Print_Queue_RetryReprint_Print.java:24)
	at com.PanaAutomation.Base.runMC.main(runMC.java:17)
Caused by: java.lang.AssertionError: The following asserts failed:
	Unable to Click //*[@id=&quot;grdprintmaterial&quot;]/tbody/tr[1]/td[1]/input
	at com.PanaAutomation.Keywords.GenericKeywords.reportFailure(GenericKeywords.java:1308)
	at com.PanaAutomation.Keywords.GenericKeywords.click(GenericKeywords.java:189)
	... 29 more
... Removed 27 stack frames</pre></div><a href='#' onClick='toggleBox("stack-trace300855089", this, "Click to show all stack frames", "Click to hide stack frames")'>Click to show all stack frames</a>
<div class='stack-trace' id='stack-trace300855089'><pre>java.lang.reflect.InvocationTargetException
	at sun.reflect.GeneratedMethodAccessor53.invoke(Unknown Source)
	at sun.reflect.DelegatingMethodAccessorImpl.invoke(Unknown Source)
	at java.lang.reflect.Method.invoke(Unknown Source)
	at com.PanaAutomation.Driver.DriverScript.executeKeywords(DriverScript.java:77)
	at com.PanaMCAutomation.MC_Carrier_Management.ID1271_TC030_Carrier_Dashboard_Register_New_Print_Queue_RetryReprint_Print.testB(ID1271_TC030_Carrier_Dashboard_Register_New_Print_Queue_RetryReprint_Print.java:24)
	at sun.reflect.NativeMethodAccessorImpl.invoke0(Native Method)
	at sun.reflect.NativeMethodAccessorImpl.invoke(Unknown Source)
	at sun.reflect.DelegatingMethodAccessorImpl.invoke(Unknown Source)
	at java.lang.reflect.Method.invoke(Unknown Source)
	at org.testng.internal.MethodInvocationHelper.invokeMethod(MethodInvocationHelper.java:124)
	at org.testng.internal.Invoker.invokeMethod(Invoker.java:580)
	at org.testng.internal.Invoker.invokeTestMethod(Invoker.java:716)
	at org.testng.internal.Invoker.invokeTestMethods(Invoker.java:988)
	at org.testng.internal.TestMethodWorker.invokeTestMethods(TestMethodWorker.java:125)
	at org.testng.internal.TestMethodWorker.run(TestMethodWorker.java:109)
	at org.testng.TestRunner.privateRun(TestRunner.java:648)
	at org.testng.TestRunner.run(TestRunner.java:505)
	at org.testng.SuiteRunner.runTest(SuiteRunner.java:455)
	at org.testng.SuiteRunner.runSequentially(SuiteRunner.java:450)
	at org.testng.SuiteRunner.privateRun(SuiteRunner.java:415)
	at org.testng.SuiteRunner.run(SuiteRunner.java:364)
	at org.testng.SuiteRunnerWorker.runSuite(SuiteRunnerWorker.java:52)
	at org.testng.SuiteRunnerWorker.run(SuiteRunnerWorker.java:84)
	at org.testng.TestNG.runSuitesSequentially(TestNG.java:1208)
	at org.testng.TestNG.runSuitesSequentially(TestNG.java:1204)
	at org.testng.TestNG.runSuitesLocally(TestNG.java:1137)
	at org.testng.TestNG.runSuites(TestNG.java:1049)
	at org.testng.TestNG.run(TestNG.java:1017)
	at com.PanaAutomation.Base.runMC.main(runMC.java:17)
Caused by: java.lang.AssertionError: The following asserts failed:
	Unable to Click //*[@id=&quot;grdprintmaterial&quot;]/tbody/tr[1]/td[1]/input
	at org.testng.asserts.SoftAssert.assertAll(SoftAssert.java:43)
	at com.PanaAutomation.Keywords.GenericKeywords.reportFailure(GenericKeywords.java:1308)
	at com.PanaAutomation.Keywords.GenericKeywords.click(GenericKeywords.java:189)
	... 29 more
</pre></div></td>
<td>56</td>
<td>com.PanaMCAutomation.MC_Carrier_Management.ID1271_TC030_Carrier_Dashboard_Register_New_Print_Queue_RetryReprint_Print@2bbf180e</td></tr>
<tr>
<td title='com.PanaMCAutomation.MC_Carrier_Management.ID1272_TC031_Carrier_Dashboard_Register_New_Print_Queue_Completed_status.testB()'><b>testB</b><br>Test class: com.PanaMCAutomation.MC_Carrier_Management.ID1272_TC031_Carrier_Dashboard_Register_New_Print_Queue_Completed_status<br>Parameters: {ID1272_TC031_Carrier_Dashboard_Register_New_Print_Queue_Completed_status@141=Complete, ID1272_TC031_Carrier_Dashboard_Register_New_Print_Queue_Completed_status@139=Chrome, ID1272_TC031_Carrier_Dashboard_Register_New_Print_Queue_Completed_status@140=System, Runmode=Y}</td>
<td><div><pre>java.lang.reflect.InvocationTargetException
	at com.PanaAutomation.Driver.DriverScript.executeKeywords(DriverScript.java:77)
	at com.PanaMCAutomation.MC_Carrier_Management.ID1272_TC031_Carrier_Dashboard_Register_New_Print_Queue_Completed_status.testB(ID1272_TC031_Carrier_Dashboard_Register_New_Print_Queue_Completed_status.java:24)
	at com.PanaAutomation.Base.runMC.main(runMC.java:17)
Caused by: java.lang.AssertionError: The following asserts failed:
	Text is NOT as expect. Expect: Complete Actual: No data available in table
	at com.PanaAutomation.Keywords.GenericKeywords.reportFailure(GenericKeywords.java:1308)
	at com.PanaAutomation.Keywords.GenericKeywords.verifyTextContain(GenericKeywords.java:1643)
	... 29 more
... Removed 27 stack frames</pre></div><a href='#' onClick='toggleBox("stack-trace112932773", this, "Click to show all stack frames", "Click to hide stack frames")'>Click to show all stack frames</a>
<div class='stack-trace' id='stack-trace112932773'><pre>java.lang.reflect.InvocationTargetException
	at sun.reflect.GeneratedMethodAccessor96.invoke(Unknown Source)
	at sun.reflect.DelegatingMethodAccessorImpl.invoke(Unknown Source)
	at java.lang.reflect.Method.invoke(Unknown Source)
	at com.PanaAutomation.Driver.DriverScript.executeKeywords(DriverScript.java:77)
	at com.PanaMCAutomation.MC_Carrier_Management.ID1272_TC031_Carrier_Dashboard_Register_New_Print_Queue_Completed_status.testB(ID1272_TC031_Carrier_Dashboard_Register_New_Print_Queue_Completed_status.java:24)
	at sun.reflect.NativeMethodAccessorImpl.invoke0(Native Method)
	at sun.reflect.NativeMethodAccessorImpl.invoke(Unknown Source)
	at sun.reflect.DelegatingMethodAccessorImpl.invoke(Unknown Source)
	at java.lang.reflect.Method.invoke(Unknown Source)
	at org.testng.internal.MethodInvocationHelper.invokeMethod(MethodInvocationHelper.java:124)
	at org.testng.internal.Invoker.invokeMethod(Invoker.java:580)
	at org.testng.internal.Invoker.invokeTestMethod(Invoker.java:716)
	at org.testng.internal.Invoker.invokeTestMethods(Invoker.java:988)
	at org.testng.internal.TestMethodWorker.invokeTestMethods(TestMethodWorker.java:125)
	at org.testng.internal.TestMethodWorker.run(TestMethodWorker.java:109)
	at org.testng.TestRunner.privateRun(TestRunner.java:648)
	at org.testng.TestRunner.run(TestRunner.java:505)
	at org.testng.SuiteRunner.runTest(SuiteRunner.java:455)
	at org.testng.SuiteRunner.runSequentially(SuiteRunner.java:450)
	at org.testng.SuiteRunner.privateRun(SuiteRunner.java:415)
	at org.testng.SuiteRunner.run(SuiteRunner.java:364)
	at org.testng.SuiteRunnerWorker.runSuite(SuiteRunnerWorker.java:52)
	at org.testng.SuiteRunnerWorker.run(SuiteRunnerWorker.java:84)
	at org.testng.TestNG.runSuitesSequentially(TestNG.java:1208)
	at org.testng.TestNG.runSuitesSequentially(TestNG.java:1204)
	at org.testng.TestNG.runSuitesLocally(TestNG.java:1137)
	at org.testng.TestNG.runSuites(TestNG.java:1049)
	at org.testng.TestNG.run(TestNG.java:1017)
	at com.PanaAutomation.Base.runMC.main(runMC.java:17)
Caused by: java.lang.AssertionError: The following asserts failed:
	Text is NOT as expect. Expect: Complete Actual: No data available in table
	at org.testng.asserts.SoftAssert.assertAll(SoftAssert.java:43)
	at com.PanaAutomation.Keywords.GenericKeywords.reportFailure(GenericKeywords.java:1308)
	at com.PanaAutomation.Keywords.GenericKeywords.verifyTextContain(GenericKeywords.java:1643)
	... 29 more
</pre></div></td>
<td>19</td>
<td>com.PanaMCAutomation.MC_Carrier_Management.ID1272_TC031_Carrier_Dashboard_Register_New_Print_Queue_Completed_status@163e4e87</td></tr>
<tr>
<td title='com.PanaMCAutomation.MC_Carrier_Management.ID1273_TC032_Carrier_Dashboard_Carrier_Actions_Delete_button.testB()'><b>testB</b><br>Test class: com.PanaMCAutomation.MC_Carrier_Management.ID1273_TC032_Carrier_Dashboard_Carrier_Actions_Delete_button<br>Parameters: {ID1273_TC032_Carrier_Dashboard_Carrier_Actions_Delete_button@144=Deleted successfully, ID1273_TC032_Carrier_Dashboard_Carrier_Actions_Delete_button@143=System, ID1273_TC032_Carrier_Dashboard_Carrier_Actions_Delete_button@142=Chrome, Runmode=Y}</td>
<td><div><pre>java.lang.reflect.InvocationTargetException
	at com.PanaAutomation.Driver.DriverScript.executeKeywords(DriverScript.java:77)
	at com.PanaMCAutomation.MC_Carrier_Management.ID1273_TC032_Carrier_Dashboard_Carrier_Actions_Delete_button.testB(ID1273_TC032_Carrier_Dashboard_Carrier_Actions_Delete_button.java:24)
	at com.PanaAutomation.Base.runMC.main(runMC.java:17)
Caused by: java.lang.AssertionError: The following asserts failed:
	Unable to Click /html/body/div[7]/div[3]/div/button[1]
	at com.PanaAutomation.Keywords.GenericKeywords.reportFailure(GenericKeywords.java:1308)
	at com.PanaAutomation.Keywords.GenericKeywords.click(GenericKeywords.java:189)
	... 29 more
... Removed 27 stack frames</pre></div><a href='#' onClick='toggleBox("stack-trace1500079709", this, "Click to show all stack frames", "Click to hide stack frames")'>Click to show all stack frames</a>
<div class='stack-trace' id='stack-trace1500079709'><pre>java.lang.reflect.InvocationTargetException
	at sun.reflect.GeneratedMethodAccessor53.invoke(Unknown Source)
	at sun.reflect.DelegatingMethodAccessorImpl.invoke(Unknown Source)
	at java.lang.reflect.Method.invoke(Unknown Source)
	at com.PanaAutomation.Driver.DriverScript.executeKeywords(DriverScript.java:77)
	at com.PanaMCAutomation.MC_Carrier_Management.ID1273_TC032_Carrier_Dashboard_Carrier_Actions_Delete_button.testB(ID1273_TC032_Carrier_Dashboard_Carrier_Actions_Delete_button.java:24)
	at sun.reflect.NativeMethodAccessorImpl.invoke0(Native Method)
	at sun.reflect.NativeMethodAccessorImpl.invoke(Unknown Source)
	at sun.reflect.DelegatingMethodAccessorImpl.invoke(Unknown Source)
	at java.lang.reflect.Method.invoke(Unknown Source)
	at org.testng.internal.MethodInvocationHelper.invokeMethod(MethodInvocationHelper.java:124)
	at org.testng.internal.Invoker.invokeMethod(Invoker.java:580)
	at org.testng.internal.Invoker.invokeTestMethod(Invoker.java:716)
	at org.testng.internal.Invoker.invokeTestMethods(Invoker.java:988)
	at org.testng.internal.TestMethodWorker.invokeTestMethods(TestMethodWorker.java:125)
	at org.testng.internal.TestMethodWorker.run(TestMethodWorker.java:109)
	at org.testng.TestRunner.privateRun(TestRunner.java:648)
	at org.testng.TestRunner.run(TestRunner.java:505)
	at org.testng.SuiteRunner.runTest(SuiteRunner.java:455)
	at org.testng.SuiteRunner.runSequentially(SuiteRunner.java:450)
	at org.testng.SuiteRunner.privateRun(SuiteRunner.java:415)
	at org.testng.SuiteRunner.run(SuiteRunner.java:364)
	at org.testng.SuiteRunnerWorker.runSuite(SuiteRunnerWorker.java:52)
	at org.testng.SuiteRunnerWorker.run(SuiteRunnerWorker.java:84)
	at org.testng.TestNG.runSuitesSequentially(TestNG.java:1208)
	at org.testng.TestNG.runSuitesSequentially(TestNG.java:1204)
	at org.testng.TestNG.runSuitesLocally(TestNG.java:1137)
	at org.testng.TestNG.runSuites(TestNG.java:1049)
	at org.testng.TestNG.run(TestNG.java:1017)
	at com.PanaAutomation.Base.runMC.main(runMC.java:17)
Caused by: java.lang.AssertionError: The following asserts failed:
	Unable to Click /html/body/div[7]/div[3]/div/button[1]
	at org.testng.asserts.SoftAssert.assertAll(SoftAssert.java:43)
	at com.PanaAutomation.Keywords.GenericKeywords.reportFailure(GenericKeywords.java:1308)
	at com.PanaAutomation.Keywords.GenericKeywords.click(GenericKeywords.java:189)
	... 29 more
</pre></div></td>
<td>57</td>
<td>com.PanaMCAutomation.MC_Carrier_Management.ID1273_TC032_Carrier_Dashboard_Carrier_Actions_Delete_button@56de5251</td></tr>
<tr>
<td title='com.PanaMCAutomation.MC_Carrier_Management.ID1276_1273__TC035_Carrier_Dashboard_Carrier_Actions_Delete_operation.testB()'><b>testB</b><br>Test class: com.PanaMCAutomation.MC_Carrier_Management.ID1276_1273__TC035_Carrier_Dashboard_Carrier_Actions_Delete_operation<br>Parameters: {ID1276_1273__TC035_Carrier_Dashboard_Carrier_Actions_Delete_operation@151=Deleted successfully, ID1276_1273__TC035_Carrier_Dashboard_Carrier_Actions_Delete_operation@149=Chrome, ID1276_1273__TC035_Carrier_Dashboard_Carrier_Actions_Delete_operation@150=System, Runmode=Y}</td>
<td><div><pre>java.lang.reflect.InvocationTargetException
	at com.PanaAutomation.Driver.DriverScript.executeKeywords(DriverScript.java:77)
	at com.PanaMCAutomation.MC_Carrier_Management.ID1276_1273__TC035_Carrier_Dashboard_Carrier_Actions_Delete_operation.testB(ID1276_1273__TC035_Carrier_Dashboard_Carrier_Actions_Delete_operation.java:24)
	at com.PanaAutomation.Base.runMC.main(runMC.java:17)
Caused by: java.lang.AssertionError: The following asserts failed:
	Unable to Click /html/body/div[7]/div[3]/div/button[1]
	at com.PanaAutomation.Keywords.GenericKeywords.reportFailure(GenericKeywords.java:1308)
	at com.PanaAutomation.Keywords.GenericKeywords.click(GenericKeywords.java:189)
	... 29 more
... Removed 27 stack frames</pre></div><a href='#' onClick='toggleBox("stack-trace471759083", this, "Click to show all stack frames", "Click to hide stack frames")'>Click to show all stack frames</a>
<div class='stack-trace' id='stack-trace471759083'><pre>java.lang.reflect.InvocationTargetException
	at sun.reflect.GeneratedMethodAccessor53.invoke(Unknown Source)
	at sun.reflect.DelegatingMethodAccessorImpl.invoke(Unknown Source)
	at java.lang.reflect.Method.invoke(Unknown Source)
	at com.PanaAutomation.Driver.DriverScript.executeKeywords(DriverScript.java:77)
	at com.PanaMCAutomation.MC_Carrier_Management.ID1276_1273__TC035_Carrier_Dashboard_Carrier_Actions_Delete_operation.testB(ID1276_1273__TC035_Carrier_Dashboard_Carrier_Actions_Delete_operation.java:24)
	at sun.reflect.NativeMethodAccessorImpl.invoke0(Native Method)
	at sun.reflect.NativeMethodAccessorImpl.invoke(Unknown Source)
	at sun.reflect.DelegatingMethodAccessorImpl.invoke(Unknown Source)
	at java.lang.reflect.Method.invoke(Unknown Source)
	at org.testng.internal.MethodInvocationHelper.invokeMethod(MethodInvocationHelper.java:124)
	at org.testng.internal.Invoker.invokeMethod(Invoker.java:580)
	at org.testng.internal.Invoker.invokeTestMethod(Invoker.java:716)
	at org.testng.internal.Invoker.invokeTestMethods(Invoker.java:988)
	at org.testng.internal.TestMethodWorker.invokeTestMethods(TestMethodWorker.java:125)
	at org.testng.internal.TestMethodWorker.run(TestMethodWorker.java:109)
	at org.testng.TestRunner.privateRun(TestRunner.java:648)
	at org.testng.TestRunner.run(TestRunner.java:505)
	at org.testng.SuiteRunner.runTest(SuiteRunner.java:455)
	at org.testng.SuiteRunner.runSequentially(SuiteRunner.java:450)
	at org.testng.SuiteRunner.privateRun(SuiteRunner.java:415)
	at org.testng.SuiteRunner.run(SuiteRunner.java:364)
	at org.testng.SuiteRunnerWorker.runSuite(SuiteRunnerWorker.java:52)
	at org.testng.SuiteRunnerWorker.run(SuiteRunnerWorker.java:84)
	at org.testng.TestNG.runSuitesSequentially(TestNG.java:1208)
	at org.testng.TestNG.runSuitesSequentially(TestNG.java:1204)
	at org.testng.TestNG.runSuitesLocally(TestNG.java:1137)
	at org.testng.TestNG.runSuites(TestNG.java:1049)
	at org.testng.TestNG.run(TestNG.java:1017)
	at com.PanaAutomation.Base.runMC.main(runMC.java:17)
Caused by: java.lang.AssertionError: The following asserts failed:
	Unable to Click /html/body/div[7]/div[3]/div/button[1]
	at org.testng.asserts.SoftAssert.assertAll(SoftAssert.java:43)
	at com.PanaAutomation.Keywords.GenericKeywords.reportFailure(GenericKeywords.java:1308)
	at com.PanaAutomation.Keywords.GenericKeywords.click(GenericKeywords.java:189)
	... 29 more
</pre></div></td>
<td>56</td>
<td>com.PanaMCAutomation.MC_Carrier_Management.ID1276_1273__TC035_Carrier_Dashboard_Carrier_Actions_Delete_operation@769e7ee8</td></tr>
<tr>
<td title='com.PanaMCAutomation.MC_Carrier_Management.ID1277_TC036_Carrier_Dashboard_Carrier_Actions_Delete_operation_when_content_is_NOT_NULL.testB()'><b>testB</b><br>Test class: com.PanaMCAutomation.MC_Carrier_Management.ID1277_TC036_Carrier_Dashboard_Carrier_Actions_Delete_operation_when_content_is_NOT_NULL<br>Parameters: {ID1277_TC036_Carrier_Dashboard_Carrier_Actions_Delete_operation_when_content_is_NOT_NULL@154=Deleted successfully, ID1277_TC036_Carrier_Dashboard_Carrier_Actions_Delete_operation_when_content_is_NOT_NULL@153=System, ID1277_TC036_Carrier_Dashboard_Carrier_Actions_Delete_operation_when_content_is_NOT_NULL@152=Chrome, Runmode=Y}</td>
<td><div><pre>java.lang.reflect.InvocationTargetException
	at com.PanaAutomation.Driver.DriverScript.executeKeywords(DriverScript.java:77)
	at com.PanaMCAutomation.MC_Carrier_Management.ID1277_TC036_Carrier_Dashboard_Carrier_Actions_Delete_operation_when_content_is_NOT_NULL.testB(ID1277_TC036_Carrier_Dashboard_Carrier_Actions_Delete_operation_when_content_is_NOT_NULL.java:24)
	at com.PanaAutomation.Base.runMC.main(runMC.java:17)
Caused by: java.lang.AssertionError: The following asserts failed:
	Unable to Click /html/body/div[9]/div[3]/div/button[1]
	at com.PanaAutomation.Keywords.GenericKeywords.reportFailure(GenericKeywords.java:1308)
	at com.PanaAutomation.Keywords.GenericKeywords.click(GenericKeywords.java:189)
	... 29 more
... Removed 27 stack frames</pre></div><a href='#' onClick='toggleBox("stack-trace1114928546", this, "Click to show all stack frames", "Click to hide stack frames")'>Click to show all stack frames</a>
<div class='stack-trace' id='stack-trace1114928546'><pre>java.lang.reflect.InvocationTargetException
	at sun.reflect.GeneratedMethodAccessor53.invoke(Unknown Source)
	at sun.reflect.DelegatingMethodAccessorImpl.invoke(Unknown Source)
	at java.lang.reflect.Method.invoke(Unknown Source)
	at com.PanaAutomation.Driver.DriverScript.executeKeywords(DriverScript.java:77)
	at com.PanaMCAutomation.MC_Carrier_Management.ID1277_TC036_Carrier_Dashboard_Carrier_Actions_Delete_operation_when_content_is_NOT_NULL.testB(ID1277_TC036_Carrier_Dashboard_Carrier_Actions_Delete_operation_when_content_is_NOT_NULL.java:24)
	at sun.reflect.NativeMethodAccessorImpl.invoke0(Native Method)
	at sun.reflect.NativeMethodAccessorImpl.invoke(Unknown Source)
	at sun.reflect.DelegatingMethodAccessorImpl.invoke(Unknown Source)
	at java.lang.reflect.Method.invoke(Unknown Source)
	at org.testng.internal.MethodInvocationHelper.invokeMethod(MethodInvocationHelper.java:124)
	at org.testng.internal.Invoker.invokeMethod(Invoker.java:580)
	at org.testng.internal.Invoker.invokeTestMethod(Invoker.java:716)
	at org.testng.internal.Invoker.invokeTestMethods(Invoker.java:988)
	at org.testng.internal.TestMethodWorker.invokeTestMethods(TestMethodWorker.java:125)
	at org.testng.internal.TestMethodWorker.run(TestMethodWorker.java:109)
	at org.testng.TestRunner.privateRun(TestRunner.java:648)
	at org.testng.TestRunner.run(TestRunner.java:505)
	at org.testng.SuiteRunner.runTest(SuiteRunner.java:455)
	at org.testng.SuiteRunner.runSequentially(SuiteRunner.java:450)
	at org.testng.SuiteRunner.privateRun(SuiteRunner.java:415)
	at org.testng.SuiteRunner.run(SuiteRunner.java:364)
	at org.testng.SuiteRunnerWorker.runSuite(SuiteRunnerWorker.java:52)
	at org.testng.SuiteRunnerWorker.run(SuiteRunnerWorker.java:84)
	at org.testng.TestNG.runSuitesSequentially(TestNG.java:1208)
	at org.testng.TestNG.runSuitesSequentially(TestNG.java:1204)
	at org.testng.TestNG.runSuitesLocally(TestNG.java:1137)
	at org.testng.TestNG.runSuites(TestNG.java:1049)
	at org.testng.TestNG.run(TestNG.java:1017)
	at com.PanaAutomation.Base.runMC.main(runMC.java:17)
Caused by: java.lang.AssertionError: The following asserts failed:
	Unable to Click /html/body/div[9]/div[3]/div/button[1]
	at org.testng.asserts.SoftAssert.assertAll(SoftAssert.java:43)
	at com.PanaAutomation.Keywords.GenericKeywords.reportFailure(GenericKeywords.java:1308)
	at com.PanaAutomation.Keywords.GenericKeywords.click(GenericKeywords.java:189)
	... 29 more
</pre></div></td>
<td>58</td>
<td>com.PanaMCAutomation.MC_Carrier_Management.ID1277_TC036_Carrier_Dashboard_Carrier_Actions_Delete_operation_when_content_is_NOT_NULL@5276e6b0</td></tr>
<tr>
<td title='com.PanaMCAutomation.MC_Carrier_Management.ID1281_TC039_Carrier_Dashboard_Carrier_Actions_Clear_operation.testB()'><b>testB</b><br>Test class: com.PanaMCAutomation.MC_Carrier_Management.ID1281_TC039_Carrier_Dashboard_Carrier_Actions_Clear_operation<br>Parameters: {ID1281_TC039_Carrier_Dashboard_Carrier_Actions_Clear_operation@167=Cleared Successfully, ID1281_TC039_Carrier_Dashboard_Carrier_Actions_Clear_operation@166=System, ID1281_TC039_Carrier_Dashboard_Carrier_Actions_Clear_operation@165=Chrome, Runmode=Y}</td>
<td><div><pre>java.lang.reflect.InvocationTargetException
	at com.PanaAutomation.Driver.DriverScript.executeKeywords(DriverScript.java:77)
	at com.PanaMCAutomation.MC_Carrier_Management.ID1281_TC039_Carrier_Dashboard_Carrier_Actions_Clear_operation.testB(ID1281_TC039_Carrier_Dashboard_Carrier_Actions_Clear_operation.java:24)
	at com.PanaAutomation.Base.runMC.main(runMC.java:17)
Caused by: java.lang.AssertionError: The following asserts failed:
	Unable to Click //*[@id=&quot;btnpopupClearOk&quot;]
	at com.PanaAutomation.Keywords.GenericKeywords.reportFailure(GenericKeywords.java:1308)
	at com.PanaAutomation.Keywords.GenericKeywords.click(GenericKeywords.java:189)
	... 29 more
... Removed 27 stack frames</pre></div><a href='#' onClick='toggleBox("stack-trace1920078059", this, "Click to show all stack frames", "Click to hide stack frames")'>Click to show all stack frames</a>
<div class='stack-trace' id='stack-trace1920078059'><pre>java.lang.reflect.InvocationTargetException
	at sun.reflect.GeneratedMethodAccessor53.invoke(Unknown Source)
	at sun.reflect.DelegatingMethodAccessorImpl.invoke(Unknown Source)
	at java.lang.reflect.Method.invoke(Unknown Source)
	at com.PanaAutomation.Driver.DriverScript.executeKeywords(DriverScript.java:77)
	at com.PanaMCAutomation.MC_Carrier_Management.ID1281_TC039_Carrier_Dashboard_Carrier_Actions_Clear_operation.testB(ID1281_TC039_Carrier_Dashboard_Carrier_Actions_Clear_operation.java:24)
	at sun.reflect.NativeMethodAccessorImpl.invoke0(Native Method)
	at sun.reflect.NativeMethodAccessorImpl.invoke(Unknown Source)
	at sun.reflect.DelegatingMethodAccessorImpl.invoke(Unknown Source)
	at java.lang.reflect.Method.invoke(Unknown Source)
	at org.testng.internal.MethodInvocationHelper.invokeMethod(MethodInvocationHelper.java:124)
	at org.testng.internal.Invoker.invokeMethod(Invoker.java:580)
	at org.testng.internal.Invoker.invokeTestMethod(Invoker.java:716)
	at org.testng.internal.Invoker.invokeTestMethods(Invoker.java:988)
	at org.testng.internal.TestMethodWorker.invokeTestMethods(TestMethodWorker.java:125)
	at org.testng.internal.TestMethodWorker.run(TestMethodWorker.java:109)
	at org.testng.TestRunner.privateRun(TestRunner.java:648)
	at org.testng.TestRunner.run(TestRunner.java:505)
	at org.testng.SuiteRunner.runTest(SuiteRunner.java:455)
	at org.testng.SuiteRunner.runSequentially(SuiteRunner.java:450)
	at org.testng.SuiteRunner.privateRun(SuiteRunner.java:415)
	at org.testng.SuiteRunner.run(SuiteRunner.java:364)
	at org.testng.SuiteRunnerWorker.runSuite(SuiteRunnerWorker.java:52)
	at org.testng.SuiteRunnerWorker.run(SuiteRunnerWorker.java:84)
	at org.testng.TestNG.runSuitesSequentially(TestNG.java:1208)
	at org.testng.TestNG.runSuitesSequentially(TestNG.java:1204)
	at org.testng.TestNG.runSuitesLocally(TestNG.java:1137)
	at org.testng.TestNG.runSuites(TestNG.java:1049)
	at org.testng.TestNG.run(TestNG.java:1017)
	at com.PanaAutomation.Base.runMC.main(runMC.java:17)
Caused by: java.lang.AssertionError: The following asserts failed:
	Unable to Click //*[@id=&quot;btnpopupClearOk&quot;]
	at org.testng.asserts.SoftAssert.assertAll(SoftAssert.java:43)
	at com.PanaAutomation.Keywords.GenericKeywords.reportFailure(GenericKeywords.java:1308)
	at com.PanaAutomation.Keywords.GenericKeywords.click(GenericKeywords.java:189)
	... 29 more
</pre></div></td>
<td>57</td>
<td>com.PanaMCAutomation.MC_Carrier_Management.ID1281_TC039_Carrier_Dashboard_Carrier_Actions_Clear_operation@159f197</td></tr>
<tr>
<td title='com.PanaMCAutomation.MC_Carrier_Management.ID1283_1281__TC041_Carrier_Dashboard_Carrier_Actions_Clear_DurablenotShipped.testB()'><b>testB</b><br>Test class: com.PanaMCAutomation.MC_Carrier_Management.ID1283_1281__TC041_Carrier_Dashboard_Carrier_Actions_Clear_DurablenotShipped<br>Parameters: {ID1283_1281__TC041_Carrier_Dashboard_Carrier_Actions_Clear_DurablenotShipped@176=Chrome, Runmode=Y, ID1283_1281__TC041_Carrier_Dashboard_Carrier_Actions_Clear_DurablenotShipped@178=Cleared Successfully, ID1283_1281__TC041_Carrier_Dashboard_Carrier_Actions_Clear_DurablenotShipped@177=System}</td>
<td><div><pre>java.lang.reflect.InvocationTargetException
	at com.PanaAutomation.Driver.DriverScript.executeKeywords(DriverScript.java:77)
	at com.PanaMCAutomation.MC_Carrier_Management.ID1283_1281__TC041_Carrier_Dashboard_Carrier_Actions_Clear_DurablenotShipped.testB(ID1283_1281__TC041_Carrier_Dashboard_Carrier_Actions_Clear_DurablenotShipped.java:24)
	at com.PanaAutomation.Base.runMC.main(runMC.java:17)
Caused by: java.lang.AssertionError: The following asserts failed:
	Unable to Click //*[@id=&quot;btnpopupClearOk&quot;]
	at com.PanaAutomation.Keywords.GenericKeywords.reportFailure(GenericKeywords.java:1308)
	at com.PanaAutomation.Keywords.GenericKeywords.click(GenericKeywords.java:189)
	... 29 more
... Removed 27 stack frames</pre></div><a href='#' onClick='toggleBox("stack-trace157450816", this, "Click to show all stack frames", "Click to hide stack frames")'>Click to show all stack frames</a>
<div class='stack-trace' id='stack-trace157450816'><pre>java.lang.reflect.InvocationTargetException
	at sun.reflect.GeneratedMethodAccessor53.invoke(Unknown Source)
	at sun.reflect.DelegatingMethodAccessorImpl.invoke(Unknown Source)
	at java.lang.reflect.Method.invoke(Unknown Source)
	at com.PanaAutomation.Driver.DriverScript.executeKeywords(DriverScript.java:77)
	at com.PanaMCAutomation.MC_Carrier_Management.ID1283_1281__TC041_Carrier_Dashboard_Carrier_Actions_Clear_DurablenotShipped.testB(ID1283_1281__TC041_Carrier_Dashboard_Carrier_Actions_Clear_DurablenotShipped.java:24)
	at sun.reflect.NativeMethodAccessorImpl.invoke0(Native Method)
	at sun.reflect.NativeMethodAccessorImpl.invoke(Unknown Source)
	at sun.reflect.DelegatingMethodAccessorImpl.invoke(Unknown Source)
	at java.lang.reflect.Method.invoke(Unknown Source)
	at org.testng.internal.MethodInvocationHelper.invokeMethod(MethodInvocationHelper.java:124)
	at org.testng.internal.Invoker.invokeMethod(Invoker.java:580)
	at org.testng.internal.Invoker.invokeTestMethod(Invoker.java:716)
	at org.testng.internal.Invoker.invokeTestMethods(Invoker.java:988)
	at org.testng.internal.TestMethodWorker.invokeTestMethods(TestMethodWorker.java:125)
	at org.testng.internal.TestMethodWorker.run(TestMethodWorker.java:109)
	at org.testng.TestRunner.privateRun(TestRunner.java:648)
	at org.testng.TestRunner.run(TestRunner.java:505)
	at org.testng.SuiteRunner.runTest(SuiteRunner.java:455)
	at org.testng.SuiteRunner.runSequentially(SuiteRunner.java:450)
	at org.testng.SuiteRunner.privateRun(SuiteRunner.java:415)
	at org.testng.SuiteRunner.run(SuiteRunner.java:364)
	at org.testng.SuiteRunnerWorker.runSuite(SuiteRunnerWorker.java:52)
	at org.testng.SuiteRunnerWorker.run(SuiteRunnerWorker.java:84)
	at org.testng.TestNG.runSuitesSequentially(TestNG.java:1208)
	at org.testng.TestNG.runSuitesSequentially(TestNG.java:1204)
	at org.testng.TestNG.runSuitesLocally(TestNG.java:1137)
	at org.testng.TestNG.runSuites(TestNG.java:1049)
	at org.testng.TestNG.run(TestNG.java:1017)
	at com.PanaAutomation.Base.runMC.main(runMC.java:17)
Caused by: java.lang.AssertionError: The following asserts failed:
	Unable to Click //*[@id=&quot;btnpopupClearOk&quot;]
	at org.testng.asserts.SoftAssert.assertAll(SoftAssert.java:43)
	at com.PanaAutomation.Keywords.GenericKeywords.reportFailure(GenericKeywords.java:1308)
	at com.PanaAutomation.Keywords.GenericKeywords.click(GenericKeywords.java:189)
	... 29 more
</pre></div></td>
<td>58</td>
<td>com.PanaMCAutomation.MC_Carrier_Management.ID1283_1281__TC041_Carrier_Dashboard_Carrier_Actions_Clear_DurablenotShipped@5dd6264</td></tr>
</table><p>
<table width='100%' border='1' class='invocation-passed'>
<tr><td colspan='4' align='center'><b>PASSED TESTS</b></td></tr>
<tr><td><b>Test method</b></td>
<td width="30%"><b>Exception</b></td>
<td width="10%"><b>Time (seconds)</b></td>
<td><b>Instance</b></td>
</tr>
<tr>
<td title='com.PanaMCAutomation.MC_Carrier_Management.ID0000_1256__TC015_Carrier_Dashboard_Register_New_Generate_Carrier.testB()'><b>testB</b><br>Test class: com.PanaMCAutomation.MC_Carrier_Management.ID0000_1256__TC015_Carrier_Dashboard_Register_New_Generate_Carrier<br>Parameters: {ID0000_1256__TC015_Carrier_Dashboard_Register_New_Generate_Carrier@1=System, ID0000_1256__TC015_Carrier_Dashboard_Register_New_Generate_Carrier@0=Chrome, Runmode=Y, ID0000_1256__TC015_Carrier_Dashboard_Register_New_Generate_Carrier@5=Saved Successfully, ID0000_1256__TC015_Carrier_Dashboard_Register_New_Generate_Carrier@4=100, ID0000_1256__TC015_Carrier_Dashboard_Register_New_Generate_Carrier@3=0, ID0000_1256__TC015_Carrier_Dashboard_Register_New_Generate_Carrier@2=3000}</td>
<td></td>
<td>31</td>
<td>com.PanaMCAutomation.MC_Carrier_Management.ID0000_1256__TC015_Carrier_Dashboard_Register_New_Generate_Carrier@15b204a1</td></tr>
<tr>
<td title='com.PanaMCAutomation.MC_Carrier_Management.ID1242_TC001_Carrier_Dashboard_generated_carrier_details.testB()'><b>testB</b><br>Test class: com.PanaMCAutomation.MC_Carrier_Management.ID1242_TC001_Carrier_Dashboard_generated_carrier_details<br>Parameters: {ID1242_TC001_Carrier_Dashboard_generated_carrier_details@7=System, ID1242_TC001_Carrier_Dashboard_generated_carrier_details@6=Chrome, Runmode=Y}</td>
<td></td>
<td>19</td>
<td>com.PanaMCAutomation.MC_Carrier_Management.ID1242_TC001_Carrier_Dashboard_generated_carrier_details@77167fb7</td></tr>
<tr>
<td title='com.PanaMCAutomation.MC_Carrier_Management.ID1243_TC002_Carrier_Dashboard_Column_Selection_check.testB()'><b>testB</b><br>Test class: com.PanaMCAutomation.MC_Carrier_Management.ID1243_TC002_Carrier_Dashboard_Column_Selection_check<br>Parameters: {ID1243_TC002_Carrier_Dashboard_Column_Selection_check@9=System, ID1243_TC002_Carrier_Dashboard_Column_Selection_check@8=Chrome, ID1243_TC002_Carrier_Dashboard_Column_Selection_check@16=Parent Carrier, ID1243_TC002_Carrier_Dashboard_Column_Selection_check@15=Carrier Slot, ID1243_TC002_Carrier_Dashboard_Column_Selection_check@14=Group Quantity, Runmode=Y, ID1243_TC002_Carrier_Dashboard_Column_Selection_check@13=Quantity, ID1243_TC002_Carrier_Dashboard_Column_Selection_check@12=Area, ID1243_TC002_Carrier_Dashboard_Column_Selection_check@11=Master Location, ID1243_TC002_Carrier_Dashboard_Column_Selection_check@10=Location}</td>
<td></td>
<td>21</td>
<td>com.PanaMCAutomation.MC_Carrier_Management.ID1243_TC002_Carrier_Dashboard_Column_Selection_check@1fe20588</td></tr>
<tr>
<td title='com.PanaMCAutomation.MC_Carrier_Management.ID1244_TC003_Carrier_Dashboard_Column_Selection_uncheck.testB()'><b>testB</b><br>Test class: com.PanaMCAutomation.MC_Carrier_Management.ID1244_TC003_Carrier_Dashboard_Column_Selection_uncheck<br>Parameters: {ID1244_TC003_Carrier_Dashboard_Column_Selection_uncheck@25=^((?!Parent Carrier).)*$, Runmode=Y, ID1244_TC003_Carrier_Dashboard_Column_Selection_uncheck@24=^((?!Carrier Slot).)*$, ID1244_TC003_Carrier_Dashboard_Column_Selection_uncheck@23=^((?!Group Quantity).)*$, ID1244_TC003_Carrier_Dashboard_Column_Selection_uncheck@22=^((?!Quantity).)*$, ID1244_TC003_Carrier_Dashboard_Column_Selection_uncheck@21=^((?!Area).)*$, ID1244_TC003_Carrier_Dashboard_Column_Selection_uncheck@19=^((?!Location).)*$, ID1244_TC003_Carrier_Dashboard_Column_Selection_uncheck@20=^((?!Master Location).)*$, ID1244_TC003_Carrier_Dashboard_Column_Selection_uncheck@18=System, ID1244_TC003_Carrier_Dashboard_Column_Selection_uncheck@17=Chrome}</td>
<td></td>
<td>20</td>
<td>com.PanaMCAutomation.MC_Carrier_Management.ID1244_TC003_Carrier_Dashboard_Column_Selection_uncheck@6ce139a4</td></tr>
<tr>
<td title='com.PanaMCAutomation.MC_Carrier_Management.ID1247_TC006_Carrier_Dashboard_column_search.testB()'><b>testB</b><br>Test class: com.PanaMCAutomation.MC_Carrier_Management.ID1247_TC006_Carrier_Dashboard_column_search<br>Parameters: {ID1247_TC006_Carrier_Dashboard_column_search@48=, ID1247_TC006_Carrier_Dashboard_column_search@47=System, ID1247_TC006_Carrier_Dashboard_column_search@46=Chrome, Runmode=Y, ID1247_TC006_Carrier_Dashboard_column_search@50=No data available, ID1247_TC006_Carrier_Dashboard_column_search@49=3000}</td>
<td></td>
<td>33</td>
<td>com.PanaMCAutomation.MC_Carrier_Management.ID1247_TC006_Carrier_Dashboard_column_search@229d10bd</td></tr>
<tr>
<td title='com.PanaMCAutomation.MC_Carrier_Management.ID1248_TC007_Carrier_Dashboard_invalid_column_search.testB()'><b>testB</b><br>Test class: com.PanaMCAutomation.MC_Carrier_Management.ID1248_TC007_Carrier_Dashboard_invalid_column_search<br>Parameters: {ID1248_TC007_Carrier_Dashboard_invalid_column_search@56=No data available, ID1248_TC007_Carrier_Dashboard_invalid_column_search@55=3000, ID1248_TC007_Carrier_Dashboard_invalid_column_search@54=, ID1248_TC007_Carrier_Dashboard_invalid_column_search@53=^((?!No data available).)*$, Runmode=Y, ID1248_TC007_Carrier_Dashboard_invalid_column_search@52=System, ID1248_TC007_Carrier_Dashboard_invalid_column_search@51=Chrome}</td>
<td></td>
<td>32</td>
<td>com.PanaMCAutomation.MC_Carrier_Management.ID1248_TC007_Carrier_Dashboard_invalid_column_search@47542153</td></tr>
<tr>
<td title='com.PanaMCAutomation.MC_Carrier_Management.ID1249_TC008_Carrier_Dashboard_drag_and_drop_columns.testB()'><b>testB</b><br>Test class: com.PanaMCAutomation.MC_Carrier_Management.ID1249_TC008_Carrier_Dashboard_drag_and_drop_columns<br>Parameters: {ID1249_TC008_Carrier_Dashboard_drag_and_drop_columns@60=State, ID1249_TC008_Carrier_Dashboard_drag_and_drop_columns@59=//*[@id="52"], ID1249_TC008_Carrier_Dashboard_drag_and_drop_columns@58=System, ID1249_TC008_Carrier_Dashboard_drag_and_drop_columns@57=Chrome, Runmode=Y}</td>
<td></td>
<td>18</td>
<td>com.PanaMCAutomation.MC_Carrier_Management.ID1249_TC008_Carrier_Dashboard_drag_and_drop_columns@33afa13b</td></tr>
<tr>
<td title='com.PanaMCAutomation.MC_Carrier_Management.ID1250_TC009_Carrier_Dashboard_Rows_dropdown.testB()'><b>testB</b><br>Test class: com.PanaMCAutomation.MC_Carrier_Management.ID1250_TC009_Carrier_Dashboard_Rows_dropdown<br>Parameters: {Runmode=Y, ID1250_TC009_Carrier_Dashboard_Rows_dropdown@62=System, ID1250_TC009_Carrier_Dashboard_Rows_dropdown@61=Chrome}</td>
<td></td>
<td>23</td>
<td>com.PanaMCAutomation.MC_Carrier_Management.ID1250_TC009_Carrier_Dashboard_Rows_dropdown@7a4ccb53</td></tr>
<tr>
<td title='com.PanaMCAutomation.MC_Carrier_Management.ID1251_1250__TC010_Carrier_Dashboard_row_count.testB()'><b>testB</b><br>Test class: com.PanaMCAutomation.MC_Carrier_Management.ID1251_1250__TC010_Carrier_Dashboard_row_count<br>Parameters: {ID1251_1250__TC010_Carrier_Dashboard_row_count@64=System, ID1251_1250__TC010_Carrier_Dashboard_row_count@63=Chrome, Runmode=Y}</td>
<td></td>
<td>23</td>
<td>com.PanaMCAutomation.MC_Carrier_Management.ID1251_1250__TC010_Carrier_Dashboard_row_count@309e345f</td></tr>
<tr>
<td title='com.PanaMCAutomation.MC_Carrier_Management.ID1252_TC011_Carrier_Dashboard_page_navigation.testB()'><b>testB</b><br>Test class: com.PanaMCAutomation.MC_Carrier_Management.ID1252_TC011_Carrier_Dashboard_page_navigation<br>Parameters: {ID1252_TC011_Carrier_Dashboard_page_navigation@70= 40, ID1252_TC011_Carrier_Dashboard_page_navigation@69= 30, ID1252_TC011_Carrier_Dashboard_page_navigation@68= 20, ID1252_TC011_Carrier_Dashboard_page_navigation@67= 10, ID1252_TC011_Carrier_Dashboard_page_navigation@66=System, ID1252_TC011_Carrier_Dashboard_page_navigation@65=Chrome, Runmode=Y}</td>
<td></td>
<td>26</td>
<td>com.PanaMCAutomation.MC_Carrier_Management.ID1252_TC011_Carrier_Dashboard_page_navigation@56a6d5a6</td></tr>
<tr>
<td title='com.PanaMCAutomation.MC_Carrier_Management.ID1254_TC013_Carrier_Dashboard_column_names.testB()'><b>testB</b><br>Test class: com.PanaMCAutomation.MC_Carrier_Management.ID1254_TC013_Carrier_Dashboard_column_names<br>Parameters: {ID1254_TC013_Carrier_Dashboard_column_names@82=Carrier Number, ID1254_TC013_Carrier_Dashboard_column_names@79=Parent Carrier, ID1254_TC013_Carrier_Dashboard_column_names@81=Carrier Type, ID1254_TC013_Carrier_Dashboard_column_names@80=State, ID1254_TC013_Carrier_Dashboard_column_names@78=Carrier Slot, ID1254_TC013_Carrier_Dashboard_column_names@77=Group Quantity, ID1254_TC013_Carrier_Dashboard_column_names@76=Quantity, ID1254_TC013_Carrier_Dashboard_column_names@75=Area, Runmode=Y, ID1254_TC013_Carrier_Dashboard_column_names@74=Master Location, ID1254_TC013_Carrier_Dashboard_column_names@73=Location, ID1254_TC013_Carrier_Dashboard_column_names@72=System, ID1254_TC013_Carrier_Dashboard_column_names@71=Chrome}</td>
<td></td>
<td>20</td>
<td>com.PanaMCAutomation.MC_Carrier_Management.ID1254_TC013_Carrier_Dashboard_column_names@18ce0030</td></tr>
<tr>
<td title='com.PanaMCAutomation.MC_Carrier_Management.ID1255_TC014_Carrier_Dashboard_Register_New_Generate_IDs.testB()'><b>testB</b><br>Test class: com.PanaMCAutomation.MC_Carrier_Management.ID1255_TC014_Carrier_Dashboard_Register_New_Generate_IDs<br>Parameters: {ID1255_TC014_Carrier_Dashboard_Register_New_Generate_IDs@84=System, Runmode=Y, ID1255_TC014_Carrier_Dashboard_Register_New_Generate_IDs@83=Chrome}</td>
<td></td>
<td>18</td>
<td>com.PanaMCAutomation.MC_Carrier_Management.ID1255_TC014_Carrier_Dashboard_Register_New_Generate_IDs@4445629</td></tr>
<tr>
<td title='com.PanaMCAutomation.MC_Carrier_Management.ID1256_TC015_Carrier_Dashboard_Register_New_Generate_Carrier.testB()'><b>testB</b><br>Test class: com.PanaMCAutomation.MC_Carrier_Management.ID1256_TC015_Carrier_Dashboard_Register_New_Generate_Carrier<br>Parameters: {ID1256_TC015_Carrier_Dashboard_Register_New_Generate_Carrier@89=Saved Successfully, ID1256_TC015_Carrier_Dashboard_Register_New_Generate_Carrier@88=0, ID1256_TC015_Carrier_Dashboard_Register_New_Generate_Carrier@87=3000, Runmode=Y, ID1256_TC015_Carrier_Dashboard_Register_New_Generate_Carrier@86=System, ID1256_TC015_Carrier_Dashboard_Register_New_Generate_Carrier@85=Chrome}</td>
<td></td>
<td>23</td>
<td>com.PanaMCAutomation.MC_Carrier_Management.ID1256_TC015_Carrier_Dashboard_Register_New_Generate_Carrier@45b9a632</td></tr>
<tr>
<td title='com.PanaMCAutomation.MC_Carrier_Management.ID1257_TC016_Carrier_Dashboard_Register_New_No_of_required_IDs.testB()'><b>testB</b><br>Test class: com.PanaMCAutomation.MC_Carrier_Management.ID1257_TC016_Carrier_Dashboard_Register_New_No_of_required_IDs<br>Parameters: {Runmode=Y, ID1257_TC016_Carrier_Dashboard_Register_New_No_of_required_IDs@92=1, ID1257_TC016_Carrier_Dashboard_Register_New_No_of_required_IDs@91=System, ID1257_TC016_Carrier_Dashboard_Register_New_No_of_required_IDs@90=Chrome}</td>
<td></td>
<td>18</td>
<td>com.PanaMCAutomation.MC_Carrier_Management.ID1257_TC016_Carrier_Dashboard_Register_New_No_of_required_IDs@25d250c6</td></tr>
<tr>
<td title='com.PanaMCAutomation.MC_Carrier_Management.ID1258_TC017_Carrier_Dashboard_Register_New_No_of_required_IDs__0.testB()'><b>testB</b><br>Test class: com.PanaMCAutomation.MC_Carrier_Management.ID1258_TC017_Carrier_Dashboard_Register_New_No_of_required_IDs__0<br>Parameters: {ID1258_TC017_Carrier_Dashboard_Register_New_No_of_required_IDs__0@94=System, ID1258_TC017_Carrier_Dashboard_Register_New_No_of_required_IDs__0@93=Chrome, Runmode=Y, ID1258_TC017_Carrier_Dashboard_Register_New_No_of_required_IDs__0@96=Please fill the highlighted mandatory fields, ID1258_TC017_Carrier_Dashboard_Register_New_No_of_required_IDs__0@95=0}</td>
<td></td>
<td>20</td>
<td>com.PanaMCAutomation.MC_Carrier_Management.ID1258_TC017_Carrier_Dashboard_Register_New_No_of_required_IDs__0@4df50bcc</td></tr>
<tr>
<td title='com.PanaMCAutomation.MC_Carrier_Management.ID1259_TC018_Carrier_Dashboard_Register_New_No_of_required_IDs__1234567890.testB()'><b>testB</b><br>Test class: com.PanaMCAutomation.MC_Carrier_Management.ID1259_TC018_Carrier_Dashboard_Register_New_No_of_required_IDs__1234567890<br>Parameters: {ID1259_TC018_Carrier_Dashboard_Register_New_No_of_required_IDs__1234567890@100=1234567890, Runmode=Y, ID1259_TC018_Carrier_Dashboard_Register_New_No_of_required_IDs__1234567890@99=0, ID1259_TC018_Carrier_Dashboard_Register_New_No_of_required_IDs__1234567890@98=System, ID1259_TC018_Carrier_Dashboard_Register_New_No_of_required_IDs__1234567890@97=Chrome}</td>
<td></td>
<td>20</td>
<td>com.PanaMCAutomation.MC_Carrier_Management.ID1259_TC018_Carrier_Dashboard_Register_New_No_of_required_IDs__1234567890@6b26e945</td></tr>
<tr>
<td title='com.PanaMCAutomation.MC_Carrier_Management.ID1260_TC019_Carrier_Dashboard_Register_New_Print_buttonicon.testB()'><b>testB</b><br>Test class: com.PanaMCAutomation.MC_Carrier_Management.ID1260_TC019_Carrier_Dashboard_Register_New_Print_buttonicon<br>Parameters: {ID1260_TC019_Carrier_Dashboard_Register_New_Print_buttonicon@101=Chrome, Runmode=Y, ID1260_TC019_Carrier_Dashboard_Register_New_Print_buttonicon@102=System}</td>
<td></td>
<td>19</td>
<td>com.PanaMCAutomation.MC_Carrier_Management.ID1260_TC019_Carrier_Dashboard_Register_New_Print_buttonicon@63a65a25</td></tr>
<tr>
<td title='com.PanaMCAutomation.MC_Carrier_Management.ID1262_TC021_Carrier_Dashboard_Register_New_Print_Queue_components.testB()'><b>testB</b><br>Test class: com.PanaMCAutomation.MC_Carrier_Management.ID1262_TC021_Carrier_Dashboard_Register_New_Print_Queue_components<br>Parameters: {ID1262_TC021_Carrier_Dashboard_Register_New_Print_Queue_components@103=Chrome, Runmode=Y, ID1262_TC021_Carrier_Dashboard_Register_New_Print_Queue_components@108=Type, ID1262_TC021_Carrier_Dashboard_Register_New_Print_Queue_components@107=Number, ID1262_TC021_Carrier_Dashboard_Register_New_Print_Queue_components@106=Name, ID1262_TC021_Carrier_Dashboard_Register_New_Print_Queue_components@105=Status, ID1262_TC021_Carrier_Dashboard_Register_New_Print_Queue_components@104=System}</td>
<td></td>
<td>19</td>
<td>com.PanaMCAutomation.MC_Carrier_Management.ID1262_TC021_Carrier_Dashboard_Register_New_Print_Queue_components@54c562f7</td></tr>
<tr>
<td title='com.PanaMCAutomation.MC_Carrier_Management.ID1263_TC022_Carrier_Dashboard_Register_New_Print_Queue_grid.testB()'><b>testB</b><br>Test class: com.PanaMCAutomation.MC_Carrier_Management.ID1263_TC022_Carrier_Dashboard_Register_New_Print_Queue_grid<br>Parameters: {ID1263_TC022_Carrier_Dashboard_Register_New_Print_Queue_grid@109=Chrome, ID1263_TC022_Carrier_Dashboard_Register_New_Print_Queue_grid@110=System, Runmode=Y, ID1263_TC022_Carrier_Dashboard_Register_New_Print_Queue_grid@114=Type, ID1263_TC022_Carrier_Dashboard_Register_New_Print_Queue_grid@113=Number, ID1263_TC022_Carrier_Dashboard_Register_New_Print_Queue_grid@112=Name, ID1263_TC022_Carrier_Dashboard_Register_New_Print_Queue_grid@111=Status}</td>
<td></td>
<td>18</td>
<td>com.PanaMCAutomation.MC_Carrier_Management.ID1263_TC022_Carrier_Dashboard_Register_New_Print_Queue_grid@318ba8c8</td></tr>
<tr>
<td title='com.PanaMCAutomation.MC_Carrier_Management.ID1264_TC023_Carrier_Dashboard_Register_New_Print_Queue_Select_Printer.testB()'><b>testB</b><br>Test class: com.PanaMCAutomation.MC_Carrier_Management.ID1264_TC023_Carrier_Dashboard_Register_New_Print_Queue_Select_Printer<br>Parameters: {Runmode=Y, ID1264_TC023_Carrier_Dashboard_Register_New_Print_Queue_Select_Printer@117=--Select--\n.{10}, ID1264_TC023_Carrier_Dashboard_Register_New_Print_Queue_Select_Printer@116=System, ID1264_TC023_Carrier_Dashboard_Register_New_Print_Queue_Select_Printer@115=Chrome}</td>
<td></td>
<td>18</td>
<td>com.PanaMCAutomation.MC_Carrier_Management.ID1264_TC023_Carrier_Dashboard_Register_New_Print_Queue_Select_Printer@6dbb137d</td></tr>
<tr>
<td title='com.PanaMCAutomation.MC_Carrier_Management.ID1265_TC024_Carrier_Dashboard_Register_New_Print_Queue_Refresh_button.testB()'><b>testB</b><br>Test class: com.PanaMCAutomation.MC_Carrier_Management.ID1265_TC024_Carrier_Dashboard_Register_New_Print_Queue_Refresh_button<br>Parameters: {Runmode=Y, ID1265_TC024_Carrier_Dashboard_Register_New_Print_Queue_Refresh_button@119=System, ID1265_TC024_Carrier_Dashboard_Register_New_Print_Queue_Refresh_button@118=Chrome}</td>
<td></td>
<td>18</td>
<td>com.PanaMCAutomation.MC_Carrier_Management.ID1265_TC024_Carrier_Dashboard_Register_New_Print_Queue_Refresh_button@3c9d0b9d</td></tr>
<tr>
<td title='com.PanaMCAutomation.MC_Carrier_Management.ID1266_TC025_Carrier_Dashboard_Register_New_Print_Queue_Clear_Completed_button.testB()'><b>testB</b><br>Test class: com.PanaMCAutomation.MC_Carrier_Management.ID1266_TC025_Carrier_Dashboard_Register_New_Print_Queue_Clear_Completed_button<br>Parameters: {ID1266_TC025_Carrier_Dashboard_Register_New_Print_Queue_Clear_Completed_button@122=^((?!Complete).)*$, ID1266_TC025_Carrier_Dashboard_Register_New_Print_Queue_Clear_Completed_button@121=System, ID1266_TC025_Carrier_Dashboard_Register_New_Print_Queue_Clear_Completed_button@120=Chrome, Runmode=Y}</td>
<td></td>
<td>18</td>
<td>com.PanaMCAutomation.MC_Carrier_Management.ID1266_TC025_Carrier_Dashboard_Register_New_Print_Queue_Clear_Completed_button@43301423</td></tr>
<tr>
<td title='com.PanaMCAutomation.MC_Carrier_Management.ID1268_TC027_Carrier_Dashboard_Register_New_Print_Queue_grid_values.testB()'><b>testB</b><br>Test class: com.PanaMCAutomation.MC_Carrier_Management.ID1268_TC027_Carrier_Dashboard_Register_New_Print_Queue_grid_values<br>Parameters: {ID1268_TC027_Carrier_Dashboard_Register_New_Print_Queue_grid_values@131=Type, ID1268_TC027_Carrier_Dashboard_Register_New_Print_Queue_grid_values@130=Number, ID1268_TC027_Carrier_Dashboard_Register_New_Print_Queue_grid_values@129=Name, ID1268_TC027_Carrier_Dashboard_Register_New_Print_Queue_grid_values@128=Status, Runmode=Y, ID1268_TC027_Carrier_Dashboard_Register_New_Print_Queue_grid_values@127=System, ID1268_TC027_Carrier_Dashboard_Register_New_Print_Queue_grid_values@126=Chrome}</td>
<td></td>
<td>21</td>
<td>com.PanaMCAutomation.MC_Carrier_Management.ID1268_TC027_Carrier_Dashboard_Register_New_Print_Queue_grid_values@1a04f701</td></tr>
<tr>
<td title='com.PanaMCAutomation.MC_Carrier_Management.ID1274_TC033_Carrier_Dashboard_Carrier_Actions_Delete_button_default_state.testB()'><b>testB</b><br>Test class: com.PanaMCAutomation.MC_Carrier_Management.ID1274_TC033_Carrier_Dashboard_Carrier_Actions_Delete_button_default_state<br>Parameters: {ID1274_TC033_Carrier_Dashboard_Carrier_Actions_Delete_button_default_state@146=System, ID1274_TC033_Carrier_Dashboard_Carrier_Actions_Delete_button_default_state@145=Chrome, Runmode=Y}</td>
<td></td>
<td>19</td>
<td>com.PanaMCAutomation.MC_Carrier_Management.ID1274_TC033_Carrier_Dashboard_Carrier_Actions_Delete_button_default_state@419c5f1a</td></tr>
<tr>
<td title='com.PanaMCAutomation.MC_Carrier_Management.ID1275_TC034_Carrier_Dashboard_Carrier_Actions_Delete_button_enable.testB()'><b>testB</b><br>Test class: com.PanaMCAutomation.MC_Carrier_Management.ID1275_TC034_Carrier_Dashboard_Carrier_Actions_Delete_button_enable<br>Parameters: {ID1275_TC034_Carrier_Dashboard_Carrier_Actions_Delete_button_enable@148=System, ID1275_TC034_Carrier_Dashboard_Carrier_Actions_Delete_button_enable@147=Chrome, Runmode=Y}</td>
<td></td>
<td>17</td>
<td>com.PanaMCAutomation.MC_Carrier_Management.ID1275_TC034_Carrier_Dashboard_Carrier_Actions_Delete_button_enable@12b0404f</td></tr>
<tr>
<td title='com.PanaMCAutomation.MC_Carrier_Management.ID1278_TC037_Carrier_Dashboard_Carrier_Actions_Clear__button.testB()'><b>testB</b><br>Test class: com.PanaMCAutomation.MC_Carrier_Management.ID1278_TC037_Carrier_Dashboard_Carrier_Actions_Clear__button<br>Parameters: {ID1278_TC037_Carrier_Dashboard_Carrier_Actions_Clear__button@156=System, ID1278_TC037_Carrier_Dashboard_Carrier_Actions_Clear__button@155=Chrome, Runmode=Y, ID1278_TC037_Carrier_Dashboard_Carrier_Actions_Clear__button@158=false, ID1278_TC037_Carrier_Dashboard_Carrier_Actions_Clear__button@157=3000}</td>
<td></td>
<td>19</td>
<td>com.PanaMCAutomation.MC_Carrier_Management.ID1278_TC037_Carrier_Dashboard_Carrier_Actions_Clear__button@71b1176b</td></tr>
<tr>
<td title='com.PanaMCAutomation.MC_Carrier_Management.ID1279_TC037_Carrier_Dashboard_Carrier_Actions_Clear_button_default_state.testB()'><b>testB</b><br>Test class: com.PanaMCAutomation.MC_Carrier_Management.ID1279_TC037_Carrier_Dashboard_Carrier_Actions_Clear_button_default_state<br>Parameters: {ID1279_TC037_Carrier_Dashboard_Carrier_Actions_Clear_button_default_state@162=false, ID1279_TC037_Carrier_Dashboard_Carrier_Actions_Clear_button_default_state@161=3000, ID1279_TC037_Carrier_Dashboard_Carrier_Actions_Clear_button_default_state@160=System, ID1279_TC037_Carrier_Dashboard_Carrier_Actions_Clear_button_default_state@159=Chrome, Runmode=Y}</td>
<td></td>
<td>19</td>
<td>com.PanaMCAutomation.MC_Carrier_Management.ID1279_TC037_Carrier_Dashboard_Carrier_Actions_Clear_button_default_state@6193932a</td></tr>
<tr>
<td title='com.PanaMCAutomation.MC_Carrier_Management.ID1280_TC038_Carrier_Dashboard_Carrier_Actions_Clear_button_enable.testB()'><b>testB</b><br>Test class: com.PanaMCAutomation.MC_Carrier_Management.ID1280_TC038_Carrier_Dashboard_Carrier_Actions_Clear_button_enable<br>Parameters: {Runmode=Y, ID1280_TC038_Carrier_Dashboard_Carrier_Actions_Clear_button_enable@164=System, ID1280_TC038_Carrier_Dashboard_Carrier_Actions_Clear_button_enable@163=Chrome}</td>
<td></td>
<td>17</td>
<td>com.PanaMCAutomation.MC_Carrier_Management.ID1280_TC038_Carrier_Dashboard_Carrier_Actions_Clear_button_enable@647fd8ce</td></tr>
<tr>
<td title='com.PanaMCAutomation.MC_Carrier_Management.ID1282_TC040_Carrier_Dashboard_Carrier_Actions_Clear_ConsumableShipped.testB()'><b>testB</b><br>Test class: com.PanaMCAutomation.MC_Carrier_Management.ID1282_TC040_Carrier_Dashboard_Carrier_Actions_Clear_ConsumableShipped<br>Parameters: {ID1282_TC040_Carrier_Dashboard_Carrier_Actions_Clear_ConsumableShipped@170=Carrier Type, ID1282_TC040_Carrier_Dashboard_Carrier_Actions_Clear_ConsumableShipped@168=Chrome, Runmode=Y, ID1282_TC040_Carrier_Dashboard_Carrier_Actions_Clear_ConsumableShipped@175=You are trying to clear already shipped carrier, ID1282_TC040_Carrier_Dashboard_Carrier_Actions_Clear_ConsumableShipped@174=3000, ID1282_TC040_Carrier_Dashboard_Carrier_Actions_Clear_ConsumableShipped@173=0, ID1282_TC040_Carrier_Dashboard_Carrier_Actions_Clear_ConsumableShipped@172=2000, ID1282_TC040_Carrier_Dashboard_Carrier_Actions_Clear_ConsumableShipped@169=System, ID1282_TC040_Carrier_Dashboard_Carrier_Actions_Clear_ConsumableShipped@171=Carrier_type_}</td>
<td></td>
<td>37</td>
<td>com.PanaMCAutomation.MC_Carrier_Management.ID1282_TC040_Carrier_Dashboard_Carrier_Actions_Clear_ConsumableShipped@78aab498</td></tr>
<tr>
<td title='com.PanaMCAutomation.MC_Carrier_Management.ID1284_TC042_Carrier_Dashboard_Carrier_Actions_Shipped_button.testB()'><b>testB</b><br>Test class: com.PanaMCAutomation.MC_Carrier_Management.ID1284_TC042_Carrier_Dashboard_Carrier_Actions_Shipped_button<br>Parameters: {Runmode=Y, ID1284_TC042_Carrier_Dashboard_Carrier_Actions_Shipped_button@181=false, ID1284_TC042_Carrier_Dashboard_Carrier_Actions_Shipped_button@179=Chrome, ID1284_TC042_Carrier_Dashboard_Carrier_Actions_Shipped_button@180=System}</td>
<td></td>
<td>18</td>
<td>com.PanaMCAutomation.MC_Carrier_Management.ID1284_TC042_Carrier_Dashboard_Carrier_Actions_Shipped_button@1ffe63b9</td></tr>
<tr>
<td title='com.PanaMCAutomation.MC_Carrier_Management.ID1285_TC043_Carrier_Dashboard_Carrier_Actions_Shipped_button_default_state.testB()'><b>testB</b><br>Test class: com.PanaMCAutomation.MC_Carrier_Management.ID1285_TC043_Carrier_Dashboard_Carrier_Actions_Shipped_button_default_state<br>Parameters: {ID1285_TC043_Carrier_Dashboard_Carrier_Actions_Shipped_button_default_state@184=3000, ID1285_TC043_Carrier_Dashboard_Carrier_Actions_Shipped_button_default_state@183=System, ID1285_TC043_Carrier_Dashboard_Carrier_Actions_Shipped_button_default_state@182=Chrome, Runmode=Y}</td>
<td></td>
<td>19</td>
<td>com.PanaMCAutomation.MC_Carrier_Management.ID1285_TC043_Carrier_Dashboard_Carrier_Actions_Shipped_button_default_state@51e5fc98</td></tr>
<tr>
<td title='com.PanaMCAutomation.MC_Carrier_Management.ID1286_TC043_Carrier_Dashboard_Carrier_Actions_Shipped_button_enable.testB()'><b>testB</b><br>Test class: com.PanaMCAutomation.MC_Carrier_Management.ID1286_TC043_Carrier_Dashboard_Carrier_Actions_Shipped_button_enable<br>Parameters: {Runmode=Y, ID1286_TC043_Carrier_Dashboard_Carrier_Actions_Shipped_button_enable@186=System, ID1286_TC043_Carrier_Dashboard_Carrier_Actions_Shipped_button_enable@185=Chrome}</td>
<td></td>
<td>16</td>
<td>com.PanaMCAutomation.MC_Carrier_Management.ID1286_TC043_Carrier_Dashboard_Carrier_Actions_Shipped_button_enable@7c469c48</td></tr>
<tr>
<td title='com.PanaMCAutomation.MC_Carrier_Management.ID1287_TC044_Carrier_Dashboard_Carrier_Actions_Shipped_operation.testB()'><b>testB</b><br>Test class: com.PanaMCAutomation.MC_Carrier_Management.ID1287_TC044_Carrier_Dashboard_Carrier_Actions_Shipped_operation<br>Parameters: {Runmode=Y, ID1287_TC044_Carrier_Dashboard_Carrier_Actions_Shipped_operation@190=Shipped, ID1287_TC044_Carrier_Dashboard_Carrier_Actions_Shipped_operation@189=Carrier has been shipped successfully, ID1287_TC044_Carrier_Dashboard_Carrier_Actions_Shipped_operation@188=System, ID1287_TC044_Carrier_Dashboard_Carrier_Actions_Shipped_operation@187=Chrome}</td>
<td></td>
<td>21</td>
<td>com.PanaMCAutomation.MC_Carrier_Management.ID1287_TC044_Carrier_Dashboard_Carrier_Actions_Shipped_operation@12e61fe6</td></tr>
<tr>
<td title='com.PanaMCAutomation.MC_Carrier_Management.ID1289_TC046_Carrier_Dashboard_Carrier_Actions_Shipped_update_operation.testB()'><b>testB</b><br>Test class: com.PanaMCAutomation.MC_Carrier_Management.ID1289_TC046_Carrier_Dashboard_Carrier_Actions_Shipped_update_operation<br>Parameters: {ID1289_TC046_Carrier_Dashboard_Carrier_Actions_Shipped_update_operation@195=true, ID1289_TC046_Carrier_Dashboard_Carrier_Actions_Shipped_update_operation@194=3000, ID1289_TC046_Carrier_Dashboard_Carrier_Actions_Shipped_update_operation@193=Carrier has been shipped successfully, ID1289_TC046_Carrier_Dashboard_Carrier_Actions_Shipped_update_operation@192=System, Runmode=Y, ID1289_TC046_Carrier_Dashboard_Carrier_Actions_Shipped_update_operation@191=Chrome}</td>
<td></td>
<td>22</td>
<td>com.PanaMCAutomation.MC_Carrier_Management.ID1289_TC046_Carrier_Dashboard_Carrier_Actions_Shipped_update_operation@7ee955a8</td></tr>
<tr>
<td title='com.PanaMCAutomation.MC_Carrier_Management.ID1290_TC047_Carrier_Dashboard_Carrier_Actions_Shipped_move_out_items.testB()'><b>testB</b><br>Test class: com.PanaMCAutomation.MC_Carrier_Management.ID1290_TC047_Carrier_Dashboard_Carrier_Actions_Shipped_move_out_items<br>Parameters: {ID1290_TC047_Carrier_Dashboard_Carrier_Actions_Shipped_move_out_items@200=true, Runmode=Y, ID1290_TC047_Carrier_Dashboard_Carrier_Actions_Shipped_move_out_items@199=3000, ID1290_TC047_Carrier_Dashboard_Carrier_Actions_Shipped_move_out_items@198=Carrier has been shipped successfully, ID1290_TC047_Carrier_Dashboard_Carrier_Actions_Shipped_move_out_items@197=System, ID1290_TC047_Carrier_Dashboard_Carrier_Actions_Shipped_move_out_items@196=Chrome}</td>
<td></td>
<td>23</td>
<td>com.PanaMCAutomation.MC_Carrier_Management.ID1290_TC047_Carrier_Dashboard_Carrier_Actions_Shipped_move_out_items@1677d1</td></tr>
<tr>
<td title='com.PanaMCAutomation.MC_Carrier_Management.ID1294_TC051_Carrier_Dashboard_Carrier_Actions_View_Contents_button.testB()'><b>testB</b><br>Test class: com.PanaMCAutomation.MC_Carrier_Management.ID1294_TC051_Carrier_Dashboard_Carrier_Actions_View_Contents_button<br>Parameters: {Runmode=Y, ID1294_TC051_Carrier_Dashboard_Carrier_Actions_View_Contents_button@203=true, ID1294_TC051_Carrier_Dashboard_Carrier_Actions_View_Contents_button@202=System, ID1294_TC051_Carrier_Dashboard_Carrier_Actions_View_Contents_button@201=Chrome}</td>
<td></td>
<td>17</td>
<td>com.PanaMCAutomation.MC_Carrier_Management.ID1294_TC051_Carrier_Dashboard_Carrier_Actions_View_Contents_button@48fa0f47</td></tr>
<tr>
<td title='com.PanaMCAutomation.MC_Carrier_Management.ID1295_TC052_Carrier_Dashboard_Carrier_Actions_View_Contents_button_default_state.testB()'><b>testB</b><br>Test class: com.PanaMCAutomation.MC_Carrier_Management.ID1295_TC052_Carrier_Dashboard_Carrier_Actions_View_Contents_button_default_state<br>Parameters: {Runmode=Y, ID1295_TC052_Carrier_Dashboard_Carrier_Actions_View_Contents_button_default_state@206=true, ID1295_TC052_Carrier_Dashboard_Carrier_Actions_View_Contents_button_default_state@205=System, ID1295_TC052_Carrier_Dashboard_Carrier_Actions_View_Contents_button_default_state@204=Chrome}</td>
<td></td>
<td>17</td>
<td>com.PanaMCAutomation.MC_Carrier_Management.ID1295_TC052_Carrier_Dashboard_Carrier_Actions_View_Contents_button_default_state@6ac13091</td></tr>
<tr>
<td title='com.PanaMCAutomation.MC_Carrier_Management.ID1296_TC053_Carrier_Dashboard_Carrier_Actions_View_Contents_button_enable.testB()'><b>testB</b><br>Test class: com.PanaMCAutomation.MC_Carrier_Management.ID1296_TC053_Carrier_Dashboard_Carrier_Actions_View_Contents_button_enable<br>Parameters: {ID1296_TC053_Carrier_Dashboard_Carrier_Actions_View_Contents_button_enable@209=false, Runmode=Y, ID1296_TC053_Carrier_Dashboard_Carrier_Actions_View_Contents_button_enable@208=System, ID1296_TC053_Carrier_Dashboard_Carrier_Actions_View_Contents_button_enable@207=Chrome}</td>
<td></td>
<td>17</td>
<td>com.PanaMCAutomation.MC_Carrier_Management.ID1296_TC053_Carrier_Dashboard_Carrier_Actions_View_Contents_button_enable@5e316c74</td></tr>
<tr>
<td title='com.PanaMCAutomation.MC_Carrier_Management.ID1297_TC054_Carrier_Dashboard_Carrier_Actions_View_Contents_operation.testB()'><b>testB</b><br>Test class: com.PanaMCAutomation.MC_Carrier_Management.ID1297_TC054_Carrier_Dashboard_Carrier_Actions_View_Contents_operation<br>Parameters: {ID1297_TC054_Carrier_Dashboard_Carrier_Actions_View_Contents_operation@211=System, ID1297_TC054_Carrier_Dashboard_Carrier_Actions_View_Contents_operation@210=Chrome, Runmode=Y}</td>
<td></td>
<td>18</td>
<td>com.PanaMCAutomation.MC_Carrier_Management.ID1297_TC054_Carrier_Dashboard_Carrier_Actions_View_Contents_operation@6d2a209c</td></tr>
<tr>
<td title='com.PanaMCAutomation.MC_Carrier_Management.ID1298_TC055_Carrier_Cart_icon_disable.testB()'><b>testB</b><br>Test class: com.PanaMCAutomation.MC_Carrier_Management.ID1298_TC055_Carrier_Cart_icon_disable<br>Parameters: {ID1298_TC055_Carrier_Cart_icon_disable@214=0, ID1298_TC055_Carrier_Cart_icon_disable@213=System, ID1298_TC055_Carrier_Cart_icon_disable@212=Chrome, Runmode=Y}</td>
<td></td>
<td>16</td>
<td>com.PanaMCAutomation.MC_Carrier_Management.ID1298_TC055_Carrier_Cart_icon_disable@75329a49</td></tr>
<tr>
<td title='com.PanaMCAutomation.MC_Carrier_Management.ID1299_TC056_Carrier_Cart_icon_disable_when_no_Carrier_selected.testB()'><b>testB</b><br>Test class: com.PanaMCAutomation.MC_Carrier_Management.ID1299_TC056_Carrier_Cart_icon_disable_when_no_Carrier_selected<br>Parameters: {Runmode=Y, ID1299_TC056_Carrier_Cart_icon_disable_when_no_Carrier_selected@217=0, ID1299_TC056_Carrier_Cart_icon_disable_when_no_Carrier_selected@216=System, ID1299_TC056_Carrier_Cart_icon_disable_when_no_Carrier_selected@215=Chrome}</td>
<td></td>
<td>17</td>
<td>com.PanaMCAutomation.MC_Carrier_Management.ID1299_TC056_Carrier_Cart_icon_disable_when_no_Carrier_selected@161479c6</td></tr>
<tr>
<td title='com.PanaMCAutomation.MC_Carrier_Management.ID1300_TC057_Carrier_Cart_icon_enable.testB()'><b>testB</b><br>Test class: com.PanaMCAutomation.MC_Carrier_Management.ID1300_TC057_Carrier_Cart_icon_enable<br>Parameters: {ID1300_TC057_Carrier_Cart_icon_enable@219=System, ID1300_TC057_Carrier_Cart_icon_enable@220=1, Runmode=Y, ID1300_TC057_Carrier_Cart_icon_enable@218=Chrome}</td>
<td></td>
<td>16</td>
<td>com.PanaMCAutomation.MC_Carrier_Management.ID1300_TC057_Carrier_Cart_icon_enable@4313f5bc</td></tr>
<tr>
<td title='com.PanaMCAutomation.MC_Carrier_Management.ID1301_TC058_Carrier_Cart_select_all.testB()'><b>testB</b><br>Test class: com.PanaMCAutomation.MC_Carrier_Management.ID1301_TC058_Carrier_Cart_select_all<br>Parameters: {ID1301_TC058_Carrier_Cart_select_all@223=50, Runmode=Y, ID1301_TC058_Carrier_Cart_select_all@222=System, ID1301_TC058_Carrier_Cart_select_all@221=Chrome}</td>
<td></td>
<td>18</td>
<td>com.PanaMCAutomation.MC_Carrier_Management.ID1301_TC058_Carrier_Cart_select_all@7f010382</td></tr>
<tr>
<td title='com.PanaMCAutomation.MC_Carrier_Management.ID1302_TC059_Carrier_Cart_dashboard.testB()'><b>testB</b><br>Test class: com.PanaMCAutomation.MC_Carrier_Management.ID1302_TC059_Carrier_Cart_dashboard<br>Parameters: {ID1302_TC059_Carrier_Cart_dashboard@225=System, ID1302_TC059_Carrier_Cart_dashboard@224=Chrome, Runmode=Y}</td>
<td></td>
<td>17</td>
<td>com.PanaMCAutomation.MC_Carrier_Management.ID1302_TC059_Carrier_Cart_dashboard@1e802ef9</td></tr>
<tr>
<td title='com.PanaMCAutomation.MC_Carrier_Management.ID1303_TC061_Carrier_Cart_Dashboard_components.testB()'><b>testB</b><br>Test class: com.PanaMCAutomation.MC_Carrier_Management.ID1303_TC061_Carrier_Cart_Dashboard_components<br>Parameters: {ID1303_TC061_Carrier_Cart_Dashboard_components@227=System, ID1303_TC061_Carrier_Cart_Dashboard_components@226=Chrome, Runmode=Y}</td>
<td></td>
<td>17</td>
<td>com.PanaMCAutomation.MC_Carrier_Management.ID1303_TC061_Carrier_Cart_Dashboard_components@2b6faea6</td></tr>
<tr>
<td title='com.PanaMCAutomation.MC_Carrier_Management.ID1304_TC062_Carrier_Cart_Dashboard_column_names.testB()'><b>testB</b><br>Test class: com.PanaMCAutomation.MC_Carrier_Management.ID1304_TC062_Carrier_Cart_Dashboard_column_names<br>Parameters: {Runmode=Y, ID1304_TC062_Carrier_Cart_Dashboard_column_names@239=Parent Carrier, ID1304_TC062_Carrier_Cart_Dashboard_column_names@238=Group Quantity, ID1304_TC062_Carrier_Cart_Dashboard_column_names@237=Area, ID1304_TC062_Carrier_Cart_Dashboard_column_names@236=Master Location, ID1304_TC062_Carrier_Cart_Dashboard_column_names@235=Quantity, ID1304_TC062_Carrier_Cart_Dashboard_column_names@234=Location, ID1304_TC062_Carrier_Cart_Dashboard_column_names@233=Carrier Type, ID1304_TC062_Carrier_Cart_Dashboard_column_names@232=State, ID1304_TC062_Carrier_Cart_Dashboard_column_names@229=System, ID1304_TC062_Carrier_Cart_Dashboard_column_names@231=Carrier Number, ID1304_TC062_Carrier_Cart_Dashboard_column_names@230=Remove, ID1304_TC062_Carrier_Cart_Dashboard_column_names@228=Chrome}</td>
<td></td>
<td>17</td>
<td>com.PanaMCAutomation.MC_Carrier_Management.ID1304_TC062_Carrier_Cart_Dashboard_column_names@778d1062</td></tr>
<tr>
<td title='com.PanaMCAutomation.MC_Carrier_Management.ID1305_TC063_Carrier_Cart_Dashboard_gridascending_order.testB()'><b>testB</b><br>Test class: com.PanaMCAutomation.MC_Carrier_Management.ID1305_TC063_Carrier_Cart_Dashboard_gridascending_order<br>Parameters: {Runmode=Y, ID1305_TC063_Carrier_Cart_Dashboard_gridascending_order@249=Area, ID1305_TC063_Carrier_Cart_Dashboard_gridascending_order@251=Parent Carrier, ID1305_TC063_Carrier_Cart_Dashboard_gridascending_order@248=Master Location, ID1305_TC063_Carrier_Cart_Dashboard_gridascending_order@250=Group Quantity, ID1305_TC063_Carrier_Cart_Dashboard_gridascending_order@247=Quantity, ID1305_TC063_Carrier_Cart_Dashboard_gridascending_order@246=Location, ID1305_TC063_Carrier_Cart_Dashboard_gridascending_order@245=Carrier Type, ID1305_TC063_Carrier_Cart_Dashboard_gridascending_order@244=State, ID1305_TC063_Carrier_Cart_Dashboard_gridascending_order@243=Carrier Number, ID1305_TC063_Carrier_Cart_Dashboard_gridascending_order@242=Remove, ID1305_TC063_Carrier_Cart_Dashboard_gridascending_order@241=System, ID1305_TC063_Carrier_Cart_Dashboard_gridascending_order@240=Chrome}</td>
<td></td>
<td>19</td>
<td>com.PanaMCAutomation.MC_Carrier_Management.ID1305_TC063_Carrier_Cart_Dashboard_gridascending_order@670002</td></tr>
<tr>
<td title='com.PanaMCAutomation.MC_Carrier_Management.ID1306_TC064_Carrier_Cart_Dashboard_griddescending_order.testB()'><b>testB</b><br>Test class: com.PanaMCAutomation.MC_Carrier_Management.ID1306_TC064_Carrier_Cart_Dashboard_griddescending_order<br>Parameters: {ID1306_TC064_Carrier_Cart_Dashboard_griddescending_order@263=Parent Carrier, ID1306_TC064_Carrier_Cart_Dashboard_griddescending_order@262=Group Quantity, ID1306_TC064_Carrier_Cart_Dashboard_griddescending_order@259=Quantity, ID1306_TC064_Carrier_Cart_Dashboard_griddescending_order@261=Area, ID1306_TC064_Carrier_Cart_Dashboard_griddescending_order@258=Location, ID1306_TC064_Carrier_Cart_Dashboard_griddescending_order@260=Master Location, ID1306_TC064_Carrier_Cart_Dashboard_griddescending_order@257=Carrier Type, ID1306_TC064_Carrier_Cart_Dashboard_griddescending_order@256=State, ID1306_TC064_Carrier_Cart_Dashboard_griddescending_order@255=Carrier Number, Runmode=Y, ID1306_TC064_Carrier_Cart_Dashboard_griddescending_order@254=Remove, ID1306_TC064_Carrier_Cart_Dashboard_griddescending_order@253=System, ID1306_TC064_Carrier_Cart_Dashboard_griddescending_order@252=Chrome}</td>
<td></td>
<td>17</td>
<td>com.PanaMCAutomation.MC_Carrier_Management.ID1306_TC064_Carrier_Cart_Dashboard_griddescending_order@1f0f1111</td></tr>
<tr>
<td title='com.PanaMCAutomation.MC_Carrier_Management.ID1307_TC065_Carrier_Cart_Dashboard_column_search.testB()'><b>testB</b><br>Test class: com.PanaMCAutomation.MC_Carrier_Management.ID1307_TC065_Carrier_Cart_Dashboard_column_search<br>Parameters: {ID1307_TC065_Carrier_Cart_Dashboard_column_search@269=, ID1307_TC065_Carrier_Cart_Dashboard_column_search@268=No matching records found, ID1307_TC065_Carrier_Cart_Dashboard_column_search@267=3000, ID1307_TC065_Carrier_Cart_Dashboard_column_search@266=, Runmode=Y, ID1307_TC065_Carrier_Cart_Dashboard_column_search@265=System, ID1307_TC065_Carrier_Cart_Dashboard_column_search@264=Chrome}</td>
<td></td>
<td>40</td>
<td>com.PanaMCAutomation.MC_Carrier_Management.ID1307_TC065_Carrier_Cart_Dashboard_column_search@49c386c8</td></tr>
<tr>
<td title='com.PanaMCAutomation.MC_Carrier_Management.ID1308_TC066_Carrier_Cart_Dashboard_invalid_column_search.testB()'><b>testB</b><br>Test class: com.PanaMCAutomation.MC_Carrier_Management.ID1308_TC066_Carrier_Cart_Dashboard_invalid_column_search<br>Parameters: {ID1308_TC066_Carrier_Cart_Dashboard_invalid_column_search@274=No matching records found, ID1308_TC066_Carrier_Cart_Dashboard_invalid_column_search@273=3000, ID1308_TC066_Carrier_Cart_Dashboard_invalid_column_search@272=, ID1308_TC066_Carrier_Cart_Dashboard_invalid_column_search@271=System, ID1308_TC066_Carrier_Cart_Dashboard_invalid_column_search@270=Chrome, Runmode=Y, ID1308_TC066_Carrier_Cart_Dashboard_invalid_column_search@275=}</td>
<td></td>
<td>40</td>
<td>com.PanaMCAutomation.MC_Carrier_Management.ID1308_TC066_Carrier_Cart_Dashboard_invalid_column_search@56528192</td></tr>
<tr>
<td title='com.PanaMCAutomation.MC_Carrier_Management.ID1309_Skip__TC067_Carrier_Cart_Dashboard_drag_and_drop_columns.testB()'><b>testB</b><br>Test class: com.PanaMCAutomation.MC_Carrier_Management.ID1309_Skip__TC067_Carrier_Cart_Dashboard_drag_and_drop_columns<br>Parameters: {ID1309_Skip__TC067_Carrier_Cart_Dashboard_drag_and_drop_columns@281=, ID1309_Skip__TC067_Carrier_Cart_Dashboard_drag_and_drop_columns@280=No matching records found, ID1309_Skip__TC067_Carrier_Cart_Dashboard_drag_and_drop_columns@279=3000, ID1309_Skip__TC067_Carrier_Cart_Dashboard_drag_and_drop_columns@278=, Runmode=Y, ID1309_Skip__TC067_Carrier_Cart_Dashboard_drag_and_drop_columns@277=System, ID1309_Skip__TC067_Carrier_Cart_Dashboard_drag_and_drop_columns@276=Chrome}</td>
<td></td>
<td>40</td>
<td>com.PanaMCAutomation.MC_Carrier_Management.ID1309_Skip__TC067_Carrier_Cart_Dashboard_drag_and_drop_columns@6e0dec4a</td></tr>
</table><p>
</body>
</html>