<html>
<head>
<title>TestNG:  MC Cart Function</title>
<link href="../testng.css" rel="stylesheet" type="text/css" />
<link href="../my-testng.css" rel="stylesheet" type="text/css" />

<style type="text/css">
.log { display: none;} 
.stack-trace { display: none;} 
</style>
<script type="text/javascript">
<!--
function flip(e) {
  current = e.style.display;
  if (current == 'block') {
    e.style.display = 'none';
    return 0;
  }
  else {
    e.style.display = 'block';
    return 1;
  }
}

function toggleBox(szDivId, elem, msg1, msg2)
{
  var res = -1;  if (document.getElementById) {
    res = flip(document.getElementById(szDivId));
  }
  else if (document.all) {
    // this is the way old msie versions work
    res = flip(document.all[szDivId]);
  }
  if(elem) {
    if(res == 0) elem.innerHTML = msg1; else elem.innerHTML = msg2;
  }

}

function toggleAllBoxes() {
  if (document.getElementsByTagName) {
    d = document.getElementsByTagName('div');
    for (i = 0; i < d.length; i++) {
      if (d[i].className == 'log') {
        flip(d[i]);
      }
    }
  }
}

// -->
</script>

</head>
<body>
<h2 align='center'>MC Cart Function</h2><table border='1' align="center">
<tr>
<td>Tests passed/Failed/Skipped:</td><td>0/34/1</td>
</tr><tr>
<td>Started on:</td><td>Sat Dec 04 21:01:23 IST 2021</td>
</tr>
<tr><td>Total time:</td><td>20 seconds (20447 ms)</td>
</tr><tr>
<td>Included groups:</td><td></td>
</tr><tr>
<td>Excluded groups:</td><td></td>
</tr>
</table><p/>
<small><i>(Hover the method name to see the test class name)</i></small><p/>
<table width='100%' border='1' class='invocation-failed'>
<tr><td colspan='4' align='center'><b>FAILED TESTS</b></td></tr>
<tr><td><b>Test method</b></td>
<td width="30%"><b>Exception</b></td>
<td width="10%"><b>Time (seconds)</b></td>
<td><b>Instance</b></td>
</tr>
<tr>
<td title='com.PanaMCAutomation.MC_Cart_Function.Precondition1.testB()'><b>testB</b><br>Test class: com.PanaMCAutomation.MC_Cart_Function.Precondition1<br>Parameters: {location=CAB-G1A, user=System, name=PartNonMC, password=System, Runmode=Y, description=Part-NonMC, Browser=Chrome}</td>
<td><div><pre>java.lang.reflect.InvocationTargetException
	at com.PanaAutomation.Driver.DriverScript.executeKeywords(DriverScript.java:79)
	at com.PanaMCAutomation.MC_Cart_Function.Precondition1.testB(Precondition1.java:25)
	at com.PanaAutomation.Base.runMC.main(runMC.java:28)
Caused by: java.lang.NullPointerException
	at com.PanaAutomation.Keywords.GenericKeywords.takeScreenShot(GenericKeywords.java:1513)
	at com.PanaAutomation.Keywords.GenericKeywords.reportFailure(GenericKeywords.java:1460)
	at com.PanaAutomation.Keywords.GenericKeywords.openBrowser(GenericKeywords.java:158)
	... 29 more
... Removed 26 stack frames</pre></div><a href='#' onClick='toggleBox("stack-trace333081545", this, "Click to show all stack frames", "Click to hide stack frames")'>Click to show all stack frames</a>
<div class='stack-trace' id='stack-trace333081545'><pre>java.lang.reflect.InvocationTargetException
	at sun.reflect.GeneratedMethodAccessor52.invoke(Unknown Source)
	at sun.reflect.DelegatingMethodAccessorImpl.invoke(DelegatingMethodAccessorImpl.java:43)
	at java.lang.reflect.Method.invoke(Method.java:498)
	at com.PanaAutomation.Driver.DriverScript.executeKeywords(DriverScript.java:79)
	at com.PanaMCAutomation.MC_Cart_Function.Precondition1.testB(Precondition1.java:25)
	at sun.reflect.NativeMethodAccessorImpl.invoke0(Native Method)
	at sun.reflect.NativeMethodAccessorImpl.invoke(NativeMethodAccessorImpl.java:62)
	at sun.reflect.DelegatingMethodAccessorImpl.invoke(DelegatingMethodAccessorImpl.java:43)
	at java.lang.reflect.Method.invoke(Method.java:498)
	at org.testng.internal.MethodInvocationHelper.invokeMethod(MethodInvocationHelper.java:124)
	at org.testng.internal.Invoker.invokeMethod(Invoker.java:580)
	at org.testng.internal.Invoker.invokeTestMethod(Invoker.java:716)
	at org.testng.internal.Invoker.invokeTestMethods(Invoker.java:988)
	at org.testng.internal.TestMethodWorker.invokeTestMethods(TestMethodWorker.java:125)
	at org.testng.internal.TestMethodWorker.run(TestMethodWorker.java:109)
	at org.testng.TestRunner.privateRun(TestRunner.java:648)
	at org.testng.TestRunner.run(TestRunner.java:505)
	at org.testng.SuiteRunner.runTest(SuiteRunner.java:455)
	at org.testng.SuiteRunner.runSequentially(SuiteRunner.java:450)
	at org.testng.SuiteRunner.privateRun(SuiteRunner.java:415)
	at org.testng.SuiteRunner.run(SuiteRunner.java:364)
	at org.testng.SuiteRunnerWorker.runSuite(SuiteRunnerWorker.java:52)
	at org.testng.SuiteRunnerWorker.run(SuiteRunnerWorker.java:84)
	at org.testng.TestNG.runSuitesSequentially(TestNG.java:1208)
	at org.testng.TestNG.runSuitesSequentially(TestNG.java:1204)
	at org.testng.TestNG.runSuitesLocally(TestNG.java:1137)
	at org.testng.TestNG.runSuites(TestNG.java:1049)
	at org.testng.TestNG.run(TestNG.java:1017)
	at com.PanaAutomation.Base.runMC.main(runMC.java:28)
Caused by: java.lang.NullPointerException
	at com.PanaAutomation.Keywords.GenericKeywords.takeScreenShot(GenericKeywords.java:1513)
	at com.PanaAutomation.Keywords.GenericKeywords.reportFailure(GenericKeywords.java:1460)
	at com.PanaAutomation.Keywords.GenericKeywords.openBrowser(GenericKeywords.java:158)
	... 29 more
</pre></div></td>
<td>0</td>
<td>com.PanaMCAutomation.MC_Cart_Function.Precondition1@5552768b</td></tr>
<tr>
<td title='com.PanaMCAutomation.MC_Cart_Function.Precondition2.testB()'><b>testB</b><br>Test class: com.PanaMCAutomation.MC_Cart_Function.Precondition2<br>Parameters: {location=CAB-G1A, user=System, name=PartMC, password=System, Runmode=Y, description=Part-MC, Browser=Chrome}</td>
<td><div><pre>java.lang.reflect.InvocationTargetException
	at com.PanaAutomation.Driver.DriverScript.executeKeywords(DriverScript.java:79)
	at com.PanaMCAutomation.MC_Cart_Function.Precondition2.testB(Precondition2.java:25)
	at com.PanaAutomation.Base.runMC.main(runMC.java:28)
Caused by: java.lang.NullPointerException
	at com.PanaAutomation.Keywords.GenericKeywords.takeScreenShot(GenericKeywords.java:1513)
	at com.PanaAutomation.Keywords.GenericKeywords.reportFailure(GenericKeywords.java:1460)
	at com.PanaAutomation.Keywords.GenericKeywords.openBrowser(GenericKeywords.java:158)
	... 29 more
... Removed 26 stack frames</pre></div><a href='#' onClick='toggleBox("stack-trace1679932542", this, "Click to show all stack frames", "Click to hide stack frames")'>Click to show all stack frames</a>
<div class='stack-trace' id='stack-trace1679932542'><pre>java.lang.reflect.InvocationTargetException
	at sun.reflect.GeneratedMethodAccessor52.invoke(Unknown Source)
	at sun.reflect.DelegatingMethodAccessorImpl.invoke(DelegatingMethodAccessorImpl.java:43)
	at java.lang.reflect.Method.invoke(Method.java:498)
	at com.PanaAutomation.Driver.DriverScript.executeKeywords(DriverScript.java:79)
	at com.PanaMCAutomation.MC_Cart_Function.Precondition2.testB(Precondition2.java:25)
	at sun.reflect.NativeMethodAccessorImpl.invoke0(Native Method)
	at sun.reflect.NativeMethodAccessorImpl.invoke(NativeMethodAccessorImpl.java:62)
	at sun.reflect.DelegatingMethodAccessorImpl.invoke(DelegatingMethodAccessorImpl.java:43)
	at java.lang.reflect.Method.invoke(Method.java:498)
	at org.testng.internal.MethodInvocationHelper.invokeMethod(MethodInvocationHelper.java:124)
	at org.testng.internal.Invoker.invokeMethod(Invoker.java:580)
	at org.testng.internal.Invoker.invokeTestMethod(Invoker.java:716)
	at org.testng.internal.Invoker.invokeTestMethods(Invoker.java:988)
	at org.testng.internal.TestMethodWorker.invokeTestMethods(TestMethodWorker.java:125)
	at org.testng.internal.TestMethodWorker.run(TestMethodWorker.java:109)
	at org.testng.TestRunner.privateRun(TestRunner.java:648)
	at org.testng.TestRunner.run(TestRunner.java:505)
	at org.testng.SuiteRunner.runTest(SuiteRunner.java:455)
	at org.testng.SuiteRunner.runSequentially(SuiteRunner.java:450)
	at org.testng.SuiteRunner.privateRun(SuiteRunner.java:415)
	at org.testng.SuiteRunner.run(SuiteRunner.java:364)
	at org.testng.SuiteRunnerWorker.runSuite(SuiteRunnerWorker.java:52)
	at org.testng.SuiteRunnerWorker.run(SuiteRunnerWorker.java:84)
	at org.testng.TestNG.runSuitesSequentially(TestNG.java:1208)
	at org.testng.TestNG.runSuitesSequentially(TestNG.java:1204)
	at org.testng.TestNG.runSuitesLocally(TestNG.java:1137)
	at org.testng.TestNG.runSuites(TestNG.java:1049)
	at org.testng.TestNG.run(TestNG.java:1017)
	at com.PanaAutomation.Base.runMC.main(runMC.java:28)
Caused by: java.lang.NullPointerException
	at com.PanaAutomation.Keywords.GenericKeywords.takeScreenShot(GenericKeywords.java:1513)
	at com.PanaAutomation.Keywords.GenericKeywords.reportFailure(GenericKeywords.java:1460)
	at com.PanaAutomation.Keywords.GenericKeywords.openBrowser(GenericKeywords.java:158)
	... 29 more
</pre></div></td>
<td>0</td>
<td>com.PanaMCAutomation.MC_Cart_Function.Precondition2@3c947bc5</td></tr>
<tr>
<td title='com.PanaMCAutomation.MC_Cart_Function.Precondition3.testB()'><b>testB</b><br>Test class: com.PanaMCAutomation.MC_Cart_Function.Precondition3<br>Parameters: {user=System, name=Restrict Location, password=System, Runmode=Y, locationtype=Station, Browser=Chrome}</td>
<td><div><pre>java.lang.reflect.InvocationTargetException
	at com.PanaAutomation.Driver.DriverScript.executeKeywords(DriverScript.java:79)
	at com.PanaMCAutomation.MC_Cart_Function.Precondition3.testB(Precondition3.java:25)
	at com.PanaAutomation.Base.runMC.main(runMC.java:28)
Caused by: java.lang.NullPointerException
	at com.PanaAutomation.Keywords.GenericKeywords.takeScreenShot(GenericKeywords.java:1513)
	at com.PanaAutomation.Keywords.GenericKeywords.reportFailure(GenericKeywords.java:1460)
	at com.PanaAutomation.Keywords.GenericKeywords.openBrowser(GenericKeywords.java:158)
	... 29 more
... Removed 26 stack frames</pre></div><a href='#' onClick='toggleBox("stack-trace1859848511", this, "Click to show all stack frames", "Click to hide stack frames")'>Click to show all stack frames</a>
<div class='stack-trace' id='stack-trace1859848511'><pre>java.lang.reflect.InvocationTargetException
	at sun.reflect.GeneratedMethodAccessor52.invoke(Unknown Source)
	at sun.reflect.DelegatingMethodAccessorImpl.invoke(DelegatingMethodAccessorImpl.java:43)
	at java.lang.reflect.Method.invoke(Method.java:498)
	at com.PanaAutomation.Driver.DriverScript.executeKeywords(DriverScript.java:79)
	at com.PanaMCAutomation.MC_Cart_Function.Precondition3.testB(Precondition3.java:25)
	at sun.reflect.NativeMethodAccessorImpl.invoke0(Native Method)
	at sun.reflect.NativeMethodAccessorImpl.invoke(NativeMethodAccessorImpl.java:62)
	at sun.reflect.DelegatingMethodAccessorImpl.invoke(DelegatingMethodAccessorImpl.java:43)
	at java.lang.reflect.Method.invoke(Method.java:498)
	at org.testng.internal.MethodInvocationHelper.invokeMethod(MethodInvocationHelper.java:124)
	at org.testng.internal.Invoker.invokeMethod(Invoker.java:580)
	at org.testng.internal.Invoker.invokeTestMethod(Invoker.java:716)
	at org.testng.internal.Invoker.invokeTestMethods(Invoker.java:988)
	at org.testng.internal.TestMethodWorker.invokeTestMethods(TestMethodWorker.java:125)
	at org.testng.internal.TestMethodWorker.run(TestMethodWorker.java:109)
	at org.testng.TestRunner.privateRun(TestRunner.java:648)
	at org.testng.TestRunner.run(TestRunner.java:505)
	at org.testng.SuiteRunner.runTest(SuiteRunner.java:455)
	at org.testng.SuiteRunner.runSequentially(SuiteRunner.java:450)
	at org.testng.SuiteRunner.privateRun(SuiteRunner.java:415)
	at org.testng.SuiteRunner.run(SuiteRunner.java:364)
	at org.testng.SuiteRunnerWorker.runSuite(SuiteRunnerWorker.java:52)
	at org.testng.SuiteRunnerWorker.run(SuiteRunnerWorker.java:84)
	at org.testng.TestNG.runSuitesSequentially(TestNG.java:1208)
	at org.testng.TestNG.runSuitesSequentially(TestNG.java:1204)
	at org.testng.TestNG.runSuitesLocally(TestNG.java:1137)
	at org.testng.TestNG.runSuites(TestNG.java:1049)
	at org.testng.TestNG.run(TestNG.java:1017)
	at com.PanaAutomation.Base.runMC.main(runMC.java:28)
Caused by: java.lang.NullPointerException
	at com.PanaAutomation.Keywords.GenericKeywords.takeScreenShot(GenericKeywords.java:1513)
	at com.PanaAutomation.Keywords.GenericKeywords.reportFailure(GenericKeywords.java:1460)
	at com.PanaAutomation.Keywords.GenericKeywords.openBrowser(GenericKeywords.java:158)
	... 29 more
</pre></div></td>
<td>0</td>
<td>com.PanaMCAutomation.MC_Cart_Function.Precondition3@609db43b</td></tr>
<tr>
<td title='com.PanaMCAutomation.MC_Cart_Function.Precondition4.testB()'><b>testB</b><br>Test class: com.PanaMCAutomation.MC_Cart_Function.Precondition4<br>Parameters: {user=System, password=System, partname=partmc, Runmode=Y, value=2000, quantity=1000.0, Browser=Chrome}</td>
<td><div><pre>java.lang.reflect.InvocationTargetException
	at com.PanaAutomation.Driver.DriverScript.executeKeywords(DriverScript.java:79)
	at com.PanaMCAutomation.MC_Cart_Function.Precondition4.testB(Precondition4.java:25)
	at com.PanaAutomation.Base.runMC.main(runMC.java:28)
Caused by: java.lang.NullPointerException
	at com.PanaAutomation.Keywords.GenericKeywords.takeScreenShot(GenericKeywords.java:1513)
	at com.PanaAutomation.Keywords.GenericKeywords.reportFailure(GenericKeywords.java:1460)
	at com.PanaAutomation.Keywords.GenericKeywords.openBrowser(GenericKeywords.java:158)
	... 29 more
... Removed 26 stack frames</pre></div><a href='#' onClick='toggleBox("stack-trace795038371", this, "Click to show all stack frames", "Click to hide stack frames")'>Click to show all stack frames</a>
<div class='stack-trace' id='stack-trace795038371'><pre>java.lang.reflect.InvocationTargetException
	at sun.reflect.GeneratedMethodAccessor52.invoke(Unknown Source)
	at sun.reflect.DelegatingMethodAccessorImpl.invoke(DelegatingMethodAccessorImpl.java:43)
	at java.lang.reflect.Method.invoke(Method.java:498)
	at com.PanaAutomation.Driver.DriverScript.executeKeywords(DriverScript.java:79)
	at com.PanaMCAutomation.MC_Cart_Function.Precondition4.testB(Precondition4.java:25)
	at sun.reflect.NativeMethodAccessorImpl.invoke0(Native Method)
	at sun.reflect.NativeMethodAccessorImpl.invoke(NativeMethodAccessorImpl.java:62)
	at sun.reflect.DelegatingMethodAccessorImpl.invoke(DelegatingMethodAccessorImpl.java:43)
	at java.lang.reflect.Method.invoke(Method.java:498)
	at org.testng.internal.MethodInvocationHelper.invokeMethod(MethodInvocationHelper.java:124)
	at org.testng.internal.Invoker.invokeMethod(Invoker.java:580)
	at org.testng.internal.Invoker.invokeTestMethod(Invoker.java:716)
	at org.testng.internal.Invoker.invokeTestMethods(Invoker.java:988)
	at org.testng.internal.TestMethodWorker.invokeTestMethods(TestMethodWorker.java:125)
	at org.testng.internal.TestMethodWorker.run(TestMethodWorker.java:109)
	at org.testng.TestRunner.privateRun(TestRunner.java:648)
	at org.testng.TestRunner.run(TestRunner.java:505)
	at org.testng.SuiteRunner.runTest(SuiteRunner.java:455)
	at org.testng.SuiteRunner.runSequentially(SuiteRunner.java:450)
	at org.testng.SuiteRunner.privateRun(SuiteRunner.java:415)
	at org.testng.SuiteRunner.run(SuiteRunner.java:364)
	at org.testng.SuiteRunnerWorker.runSuite(SuiteRunnerWorker.java:52)
	at org.testng.SuiteRunnerWorker.run(SuiteRunnerWorker.java:84)
	at org.testng.TestNG.runSuitesSequentially(TestNG.java:1208)
	at org.testng.TestNG.runSuitesSequentially(TestNG.java:1204)
	at org.testng.TestNG.runSuitesLocally(TestNG.java:1137)
	at org.testng.TestNG.runSuites(TestNG.java:1049)
	at org.testng.TestNG.run(TestNG.java:1017)
	at com.PanaAutomation.Base.runMC.main(runMC.java:28)
Caused by: java.lang.NullPointerException
	at com.PanaAutomation.Keywords.GenericKeywords.takeScreenShot(GenericKeywords.java:1513)
	at com.PanaAutomation.Keywords.GenericKeywords.reportFailure(GenericKeywords.java:1460)
	at com.PanaAutomation.Keywords.GenericKeywords.openBrowser(GenericKeywords.java:158)
	... 29 more
</pre></div></td>
<td>0</td>
<td>com.PanaMCAutomation.MC_Cart_Function.Precondition4@55f616cf</td></tr>
<tr>
<td title='com.PanaMCAutomation.MC_Cart_Function.Precondition5.testB()'><b>testB</b><br>Test class: com.PanaMCAutomation.MC_Cart_Function.Precondition5<br>Parameters: {name=PartMSD, Runmode=Y, user=System, month=1.0, year=0.0, type=MSD, day=0.0, location=CAB-G1A, description=Part-MSD, password=System, Browser=Chrome, severity=3}</td>
<td><div><pre>java.lang.reflect.InvocationTargetException
	at com.PanaAutomation.Driver.DriverScript.executeKeywords(DriverScript.java:79)
	at com.PanaMCAutomation.MC_Cart_Function.Precondition5.testB(Precondition5.java:25)
	at com.PanaAutomation.Base.runMC.main(runMC.java:28)
Caused by: java.lang.NullPointerException
	at com.PanaAutomation.Keywords.GenericKeywords.takeScreenShot(GenericKeywords.java:1513)
	at com.PanaAutomation.Keywords.GenericKeywords.reportFailure(GenericKeywords.java:1460)
	at com.PanaAutomation.Keywords.GenericKeywords.openBrowser(GenericKeywords.java:158)
	... 29 more
... Removed 26 stack frames</pre></div><a href='#' onClick='toggleBox("stack-trace661565357", this, "Click to show all stack frames", "Click to hide stack frames")'>Click to show all stack frames</a>
<div class='stack-trace' id='stack-trace661565357'><pre>java.lang.reflect.InvocationTargetException
	at sun.reflect.GeneratedMethodAccessor52.invoke(Unknown Source)
	at sun.reflect.DelegatingMethodAccessorImpl.invoke(DelegatingMethodAccessorImpl.java:43)
	at java.lang.reflect.Method.invoke(Method.java:498)
	at com.PanaAutomation.Driver.DriverScript.executeKeywords(DriverScript.java:79)
	at com.PanaMCAutomation.MC_Cart_Function.Precondition5.testB(Precondition5.java:25)
	at sun.reflect.NativeMethodAccessorImpl.invoke0(Native Method)
	at sun.reflect.NativeMethodAccessorImpl.invoke(NativeMethodAccessorImpl.java:62)
	at sun.reflect.DelegatingMethodAccessorImpl.invoke(DelegatingMethodAccessorImpl.java:43)
	at java.lang.reflect.Method.invoke(Method.java:498)
	at org.testng.internal.MethodInvocationHelper.invokeMethod(MethodInvocationHelper.java:124)
	at org.testng.internal.Invoker.invokeMethod(Invoker.java:580)
	at org.testng.internal.Invoker.invokeTestMethod(Invoker.java:716)
	at org.testng.internal.Invoker.invokeTestMethods(Invoker.java:988)
	at org.testng.internal.TestMethodWorker.invokeTestMethods(TestMethodWorker.java:125)
	at org.testng.internal.TestMethodWorker.run(TestMethodWorker.java:109)
	at org.testng.TestRunner.privateRun(TestRunner.java:648)
	at org.testng.TestRunner.run(TestRunner.java:505)
	at org.testng.SuiteRunner.runTest(SuiteRunner.java:455)
	at org.testng.SuiteRunner.runSequentially(SuiteRunner.java:450)
	at org.testng.SuiteRunner.privateRun(SuiteRunner.java:415)
	at org.testng.SuiteRunner.run(SuiteRunner.java:364)
	at org.testng.SuiteRunnerWorker.runSuite(SuiteRunnerWorker.java:52)
	at org.testng.SuiteRunnerWorker.run(SuiteRunnerWorker.java:84)
	at org.testng.TestNG.runSuitesSequentially(TestNG.java:1208)
	at org.testng.TestNG.runSuitesSequentially(TestNG.java:1204)
	at org.testng.TestNG.runSuitesLocally(TestNG.java:1137)
	at org.testng.TestNG.runSuites(TestNG.java:1049)
	at org.testng.TestNG.run(TestNG.java:1017)
	at com.PanaAutomation.Base.runMC.main(runMC.java:28)
Caused by: java.lang.NullPointerException
	at com.PanaAutomation.Keywords.GenericKeywords.takeScreenShot(GenericKeywords.java:1513)
	at com.PanaAutomation.Keywords.GenericKeywords.reportFailure(GenericKeywords.java:1460)
	at com.PanaAutomation.Keywords.GenericKeywords.openBrowser(GenericKeywords.java:158)
	... 29 more
</pre></div></td>
<td>0</td>
<td>com.PanaMCAutomation.MC_Cart_Function.Precondition5@1356d4d4</td></tr>
<tr>
<td title='com.PanaMCAutomation.MC_Cart_Function.ID1478_InventoryDashboardHold.testB()'><b>testB</b><br>Test class: com.PanaMCAutomation.MC_Cart_Function.ID1478_InventoryDashboardHold<br>Parameters: {user=System, password=System, Runmode=Y, Browser=Chrome}</td>
<td><div><pre>java.lang.reflect.InvocationTargetException
	at com.PanaAutomation.Driver.DriverScript.executeKeywords(DriverScript.java:79)
	at com.PanaMCAutomation.MC_Cart_Function.ID1478_InventoryDashboardHold.testB(ID1478_InventoryDashboardHold.java:25)
	at com.PanaAutomation.Base.runMC.main(runMC.java:28)
Caused by: java.lang.NullPointerException
	at com.PanaAutomation.Keywords.GenericKeywords.takeScreenShot(GenericKeywords.java:1513)
	at com.PanaAutomation.Keywords.GenericKeywords.reportFailure(GenericKeywords.java:1460)
	at com.PanaAutomation.Keywords.GenericKeywords.openBrowser(GenericKeywords.java:158)
	... 29 more
... Removed 26 stack frames</pre></div><a href='#' onClick='toggleBox("stack-trace117556243", this, "Click to show all stack frames", "Click to hide stack frames")'>Click to show all stack frames</a>
<div class='stack-trace' id='stack-trace117556243'><pre>java.lang.reflect.InvocationTargetException
	at sun.reflect.GeneratedMethodAccessor52.invoke(Unknown Source)
	at sun.reflect.DelegatingMethodAccessorImpl.invoke(DelegatingMethodAccessorImpl.java:43)
	at java.lang.reflect.Method.invoke(Method.java:498)
	at com.PanaAutomation.Driver.DriverScript.executeKeywords(DriverScript.java:79)
	at com.PanaMCAutomation.MC_Cart_Function.ID1478_InventoryDashboardHold.testB(ID1478_InventoryDashboardHold.java:25)
	at sun.reflect.NativeMethodAccessorImpl.invoke0(Native Method)
	at sun.reflect.NativeMethodAccessorImpl.invoke(NativeMethodAccessorImpl.java:62)
	at sun.reflect.DelegatingMethodAccessorImpl.invoke(DelegatingMethodAccessorImpl.java:43)
	at java.lang.reflect.Method.invoke(Method.java:498)
	at org.testng.internal.MethodInvocationHelper.invokeMethod(MethodInvocationHelper.java:124)
	at org.testng.internal.Invoker.invokeMethod(Invoker.java:580)
	at org.testng.internal.Invoker.invokeTestMethod(Invoker.java:716)
	at org.testng.internal.Invoker.invokeTestMethods(Invoker.java:988)
	at org.testng.internal.TestMethodWorker.invokeTestMethods(TestMethodWorker.java:125)
	at org.testng.internal.TestMethodWorker.run(TestMethodWorker.java:109)
	at org.testng.TestRunner.privateRun(TestRunner.java:648)
	at org.testng.TestRunner.run(TestRunner.java:505)
	at org.testng.SuiteRunner.runTest(SuiteRunner.java:455)
	at org.testng.SuiteRunner.runSequentially(SuiteRunner.java:450)
	at org.testng.SuiteRunner.privateRun(SuiteRunner.java:415)
	at org.testng.SuiteRunner.run(SuiteRunner.java:364)
	at org.testng.SuiteRunnerWorker.runSuite(SuiteRunnerWorker.java:52)
	at org.testng.SuiteRunnerWorker.run(SuiteRunnerWorker.java:84)
	at org.testng.TestNG.runSuitesSequentially(TestNG.java:1208)
	at org.testng.TestNG.runSuitesSequentially(TestNG.java:1204)
	at org.testng.TestNG.runSuitesLocally(TestNG.java:1137)
	at org.testng.TestNG.runSuites(TestNG.java:1049)
	at org.testng.TestNG.run(TestNG.java:1017)
	at com.PanaAutomation.Base.runMC.main(runMC.java:28)
Caused by: java.lang.NullPointerException
	at com.PanaAutomation.Keywords.GenericKeywords.takeScreenShot(GenericKeywords.java:1513)
	at com.PanaAutomation.Keywords.GenericKeywords.reportFailure(GenericKeywords.java:1460)
	at com.PanaAutomation.Keywords.GenericKeywords.openBrowser(GenericKeywords.java:158)
	... 29 more
</pre></div></td>
<td>0</td>
<td>com.PanaMCAutomation.MC_Cart_Function.ID1478_InventoryDashboardHold@c03cf28</td></tr>
<tr>
<td title='com.PanaMCAutomation.MC_Cart_Function.ID1479_20180619020135InventoryDashboardHold.testB()'><b>testB</b><br>Test class: com.PanaMCAutomation.MC_Cart_Function.ID1479_20180619020135InventoryDashboardHold<br>Parameters: {user=System, password=System, Runmode=Y, data=Hold, Browser=Chrome}</td>
<td><div><pre>java.lang.reflect.InvocationTargetException
	at com.PanaAutomation.Driver.DriverScript.executeKeywords(DriverScript.java:79)
	at com.PanaMCAutomation.MC_Cart_Function.ID1479_20180619020135InventoryDashboardHold.testB(ID1479_20180619020135InventoryDashboardHold.java:25)
	at com.PanaAutomation.Base.runMC.main(runMC.java:28)
Caused by: java.lang.NullPointerException
	at com.PanaAutomation.Keywords.GenericKeywords.takeScreenShot(GenericKeywords.java:1513)
	at com.PanaAutomation.Keywords.GenericKeywords.reportFailure(GenericKeywords.java:1460)
	at com.PanaAutomation.Keywords.GenericKeywords.openBrowser(GenericKeywords.java:158)
	... 29 more
... Removed 26 stack frames</pre></div><a href='#' onClick='toggleBox("stack-trace1308116031", this, "Click to show all stack frames", "Click to hide stack frames")'>Click to show all stack frames</a>
<div class='stack-trace' id='stack-trace1308116031'><pre>java.lang.reflect.InvocationTargetException
	at sun.reflect.GeneratedMethodAccessor52.invoke(Unknown Source)
	at sun.reflect.DelegatingMethodAccessorImpl.invoke(DelegatingMethodAccessorImpl.java:43)
	at java.lang.reflect.Method.invoke(Method.java:498)
	at com.PanaAutomation.Driver.DriverScript.executeKeywords(DriverScript.java:79)
	at com.PanaMCAutomation.MC_Cart_Function.ID1479_20180619020135InventoryDashboardHold.testB(ID1479_20180619020135InventoryDashboardHold.java:25)
	at sun.reflect.NativeMethodAccessorImpl.invoke0(Native Method)
	at sun.reflect.NativeMethodAccessorImpl.invoke(NativeMethodAccessorImpl.java:62)
	at sun.reflect.DelegatingMethodAccessorImpl.invoke(DelegatingMethodAccessorImpl.java:43)
	at java.lang.reflect.Method.invoke(Method.java:498)
	at org.testng.internal.MethodInvocationHelper.invokeMethod(MethodInvocationHelper.java:124)
	at org.testng.internal.Invoker.invokeMethod(Invoker.java:580)
	at org.testng.internal.Invoker.invokeTestMethod(Invoker.java:716)
	at org.testng.internal.Invoker.invokeTestMethods(Invoker.java:988)
	at org.testng.internal.TestMethodWorker.invokeTestMethods(TestMethodWorker.java:125)
	at org.testng.internal.TestMethodWorker.run(TestMethodWorker.java:109)
	at org.testng.TestRunner.privateRun(TestRunner.java:648)
	at org.testng.TestRunner.run(TestRunner.java:505)
	at org.testng.SuiteRunner.runTest(SuiteRunner.java:455)
	at org.testng.SuiteRunner.runSequentially(SuiteRunner.java:450)
	at org.testng.SuiteRunner.privateRun(SuiteRunner.java:415)
	at org.testng.SuiteRunner.run(SuiteRunner.java:364)
	at org.testng.SuiteRunnerWorker.runSuite(SuiteRunnerWorker.java:52)
	at org.testng.SuiteRunnerWorker.run(SuiteRunnerWorker.java:84)
	at org.testng.TestNG.runSuitesSequentially(TestNG.java:1208)
	at org.testng.TestNG.runSuitesSequentially(TestNG.java:1204)
	at org.testng.TestNG.runSuitesLocally(TestNG.java:1137)
	at org.testng.TestNG.runSuites(TestNG.java:1049)
	at org.testng.TestNG.run(TestNG.java:1017)
	at com.PanaAutomation.Base.runMC.main(runMC.java:28)
Caused by: java.lang.NullPointerException
	at com.PanaAutomation.Keywords.GenericKeywords.takeScreenShot(GenericKeywords.java:1513)
	at com.PanaAutomation.Keywords.GenericKeywords.reportFailure(GenericKeywords.java:1460)
	at com.PanaAutomation.Keywords.GenericKeywords.openBrowser(GenericKeywords.java:158)
	... 29 more
</pre></div></td>
<td>0</td>
<td>com.PanaMCAutomation.MC_Cart_Function.ID1479_20180619020135InventoryDashboardHold@1329eff</td></tr>
<tr>
<td title='com.PanaMCAutomation.MC_Cart_Function.ID1480_20180619020135InventoryDashboardHold.testB()'><b>testB</b><br>Test class: com.PanaMCAutomation.MC_Cart_Function.ID1480_20180619020135InventoryDashboardHold<br>Parameters: {user=System, password=System, Runmode=Y, Browser=Chrome}</td>
<td><div><pre>java.lang.reflect.InvocationTargetException
	at com.PanaAutomation.Driver.DriverScript.executeKeywords(DriverScript.java:79)
	at com.PanaMCAutomation.MC_Cart_Function.ID1480_20180619020135InventoryDashboardHold.testB(ID1480_20180619020135InventoryDashboardHold.java:25)
	at com.PanaAutomation.Base.runMC.main(runMC.java:28)
Caused by: java.lang.NullPointerException
	at com.PanaAutomation.Keywords.GenericKeywords.takeScreenShot(GenericKeywords.java:1513)
	at com.PanaAutomation.Keywords.GenericKeywords.reportFailure(GenericKeywords.java:1460)
	at com.PanaAutomation.Keywords.GenericKeywords.openBrowser(GenericKeywords.java:158)
	... 29 more
... Removed 26 stack frames</pre></div><a href='#' onClick='toggleBox("stack-trace724826016", this, "Click to show all stack frames", "Click to hide stack frames")'>Click to show all stack frames</a>
<div class='stack-trace' id='stack-trace724826016'><pre>java.lang.reflect.InvocationTargetException
	at sun.reflect.GeneratedMethodAccessor52.invoke(Unknown Source)
	at sun.reflect.DelegatingMethodAccessorImpl.invoke(DelegatingMethodAccessorImpl.java:43)
	at java.lang.reflect.Method.invoke(Method.java:498)
	at com.PanaAutomation.Driver.DriverScript.executeKeywords(DriverScript.java:79)
	at com.PanaMCAutomation.MC_Cart_Function.ID1480_20180619020135InventoryDashboardHold.testB(ID1480_20180619020135InventoryDashboardHold.java:25)
	at sun.reflect.NativeMethodAccessorImpl.invoke0(Native Method)
	at sun.reflect.NativeMethodAccessorImpl.invoke(NativeMethodAccessorImpl.java:62)
	at sun.reflect.DelegatingMethodAccessorImpl.invoke(DelegatingMethodAccessorImpl.java:43)
	at java.lang.reflect.Method.invoke(Method.java:498)
	at org.testng.internal.MethodInvocationHelper.invokeMethod(MethodInvocationHelper.java:124)
	at org.testng.internal.Invoker.invokeMethod(Invoker.java:580)
	at org.testng.internal.Invoker.invokeTestMethod(Invoker.java:716)
	at org.testng.internal.Invoker.invokeTestMethods(Invoker.java:988)
	at org.testng.internal.TestMethodWorker.invokeTestMethods(TestMethodWorker.java:125)
	at org.testng.internal.TestMethodWorker.run(TestMethodWorker.java:109)
	at org.testng.TestRunner.privateRun(TestRunner.java:648)
	at org.testng.TestRunner.run(TestRunner.java:505)
	at org.testng.SuiteRunner.runTest(SuiteRunner.java:455)
	at org.testng.SuiteRunner.runSequentially(SuiteRunner.java:450)
	at org.testng.SuiteRunner.privateRun(SuiteRunner.java:415)
	at org.testng.SuiteRunner.run(SuiteRunner.java:364)
	at org.testng.SuiteRunnerWorker.runSuite(SuiteRunnerWorker.java:52)
	at org.testng.SuiteRunnerWorker.run(SuiteRunnerWorker.java:84)
	at org.testng.TestNG.runSuitesSequentially(TestNG.java:1208)
	at org.testng.TestNG.runSuitesSequentially(TestNG.java:1204)
	at org.testng.TestNG.runSuitesLocally(TestNG.java:1137)
	at org.testng.TestNG.runSuites(TestNG.java:1049)
	at org.testng.TestNG.run(TestNG.java:1017)
	at com.PanaAutomation.Base.runMC.main(runMC.java:28)
Caused by: java.lang.NullPointerException
	at com.PanaAutomation.Keywords.GenericKeywords.takeScreenShot(GenericKeywords.java:1513)
	at com.PanaAutomation.Keywords.GenericKeywords.reportFailure(GenericKeywords.java:1460)
	at com.PanaAutomation.Keywords.GenericKeywords.openBrowser(GenericKeywords.java:158)
	... 29 more
</pre></div></td>
<td>0</td>
<td>com.PanaMCAutomation.MC_Cart_Function.ID1480_20180619020135InventoryDashboardHold@6497b078</td></tr>
<tr>
<td title='com.PanaMCAutomation.MC_Cart_Function.ID1481_20180619020135InventoryDashboardHold.testB()'><b>testB</b><br>Test class: com.PanaMCAutomation.MC_Cart_Function.ID1481_20180619020135InventoryDashboardHold<br>Parameters: {user=System, password=System, Runmode=Y, Browser=Chrome}</td>
<td><div><pre>java.lang.reflect.InvocationTargetException
	at com.PanaAutomation.Driver.DriverScript.executeKeywords(DriverScript.java:79)
	at com.PanaMCAutomation.MC_Cart_Function.ID1481_20180619020135InventoryDashboardHold.testB(ID1481_20180619020135InventoryDashboardHold.java:25)
	at com.PanaAutomation.Base.runMC.main(runMC.java:28)
Caused by: java.lang.NullPointerException
	at com.PanaAutomation.Keywords.GenericKeywords.takeScreenShot(GenericKeywords.java:1513)
	at com.PanaAutomation.Keywords.GenericKeywords.reportFailure(GenericKeywords.java:1460)
	at com.PanaAutomation.Keywords.GenericKeywords.openBrowser(GenericKeywords.java:158)
	... 29 more
... Removed 26 stack frames</pre></div><a href='#' onClick='toggleBox("stack-trace169600459", this, "Click to show all stack frames", "Click to hide stack frames")'>Click to show all stack frames</a>
<div class='stack-trace' id='stack-trace169600459'><pre>java.lang.reflect.InvocationTargetException
	at sun.reflect.GeneratedMethodAccessor52.invoke(Unknown Source)
	at sun.reflect.DelegatingMethodAccessorImpl.invoke(DelegatingMethodAccessorImpl.java:43)
	at java.lang.reflect.Method.invoke(Method.java:498)
	at com.PanaAutomation.Driver.DriverScript.executeKeywords(DriverScript.java:79)
	at com.PanaMCAutomation.MC_Cart_Function.ID1481_20180619020135InventoryDashboardHold.testB(ID1481_20180619020135InventoryDashboardHold.java:25)
	at sun.reflect.NativeMethodAccessorImpl.invoke0(Native Method)
	at sun.reflect.NativeMethodAccessorImpl.invoke(NativeMethodAccessorImpl.java:62)
	at sun.reflect.DelegatingMethodAccessorImpl.invoke(DelegatingMethodAccessorImpl.java:43)
	at java.lang.reflect.Method.invoke(Method.java:498)
	at org.testng.internal.MethodInvocationHelper.invokeMethod(MethodInvocationHelper.java:124)
	at org.testng.internal.Invoker.invokeMethod(Invoker.java:580)
	at org.testng.internal.Invoker.invokeTestMethod(Invoker.java:716)
	at org.testng.internal.Invoker.invokeTestMethods(Invoker.java:988)
	at org.testng.internal.TestMethodWorker.invokeTestMethods(TestMethodWorker.java:125)
	at org.testng.internal.TestMethodWorker.run(TestMethodWorker.java:109)
	at org.testng.TestRunner.privateRun(TestRunner.java:648)
	at org.testng.TestRunner.run(TestRunner.java:505)
	at org.testng.SuiteRunner.runTest(SuiteRunner.java:455)
	at org.testng.SuiteRunner.runSequentially(SuiteRunner.java:450)
	at org.testng.SuiteRunner.privateRun(SuiteRunner.java:415)
	at org.testng.SuiteRunner.run(SuiteRunner.java:364)
	at org.testng.SuiteRunnerWorker.runSuite(SuiteRunnerWorker.java:52)
	at org.testng.SuiteRunnerWorker.run(SuiteRunnerWorker.java:84)
	at org.testng.TestNG.runSuitesSequentially(TestNG.java:1208)
	at org.testng.TestNG.runSuitesSequentially(TestNG.java:1204)
	at org.testng.TestNG.runSuitesLocally(TestNG.java:1137)
	at org.testng.TestNG.runSuites(TestNG.java:1049)
	at org.testng.TestNG.run(TestNG.java:1017)
	at com.PanaAutomation.Base.runMC.main(runMC.java:28)
Caused by: java.lang.NullPointerException
	at com.PanaAutomation.Keywords.GenericKeywords.takeScreenShot(GenericKeywords.java:1513)
	at com.PanaAutomation.Keywords.GenericKeywords.reportFailure(GenericKeywords.java:1460)
	at com.PanaAutomation.Keywords.GenericKeywords.openBrowser(GenericKeywords.java:158)
	... 29 more
</pre></div></td>
<td>0</td>
<td>com.PanaMCAutomation.MC_Cart_Function.ID1481_20180619020135InventoryDashboardHold@41c2284a</td></tr>
<tr>
<td title='com.PanaMCAutomation.MC_Cart_Function.ID1482_InventoryDashboardUnhold.testB()'><b>testB</b><br>Test class: com.PanaMCAutomation.MC_Cart_Function.ID1482_InventoryDashboardUnhold<br>Parameters: {user=System, password=System, Runmode=Y, Browser=Chrome}</td>
<td><div><pre>java.lang.reflect.InvocationTargetException
	at com.PanaAutomation.Driver.DriverScript.executeKeywords(DriverScript.java:79)
	at com.PanaMCAutomation.MC_Cart_Function.ID1482_InventoryDashboardUnhold.testB(ID1482_InventoryDashboardUnhold.java:25)
	at com.PanaAutomation.Base.runMC.main(runMC.java:28)
Caused by: java.lang.NullPointerException
	at com.PanaAutomation.Keywords.GenericKeywords.takeScreenShot(GenericKeywords.java:1513)
	at com.PanaAutomation.Keywords.GenericKeywords.reportFailure(GenericKeywords.java:1460)
	at com.PanaAutomation.Keywords.GenericKeywords.openBrowser(GenericKeywords.java:158)
	... 29 more
... Removed 26 stack frames</pre></div><a href='#' onClick='toggleBox("stack-trace1574317831", this, "Click to show all stack frames", "Click to hide stack frames")'>Click to show all stack frames</a>
<div class='stack-trace' id='stack-trace1574317831'><pre>java.lang.reflect.InvocationTargetException
	at sun.reflect.GeneratedMethodAccessor52.invoke(Unknown Source)
	at sun.reflect.DelegatingMethodAccessorImpl.invoke(DelegatingMethodAccessorImpl.java:43)
	at java.lang.reflect.Method.invoke(Method.java:498)
	at com.PanaAutomation.Driver.DriverScript.executeKeywords(DriverScript.java:79)
	at com.PanaMCAutomation.MC_Cart_Function.ID1482_InventoryDashboardUnhold.testB(ID1482_InventoryDashboardUnhold.java:25)
	at sun.reflect.NativeMethodAccessorImpl.invoke0(Native Method)
	at sun.reflect.NativeMethodAccessorImpl.invoke(NativeMethodAccessorImpl.java:62)
	at sun.reflect.DelegatingMethodAccessorImpl.invoke(DelegatingMethodAccessorImpl.java:43)
	at java.lang.reflect.Method.invoke(Method.java:498)
	at org.testng.internal.MethodInvocationHelper.invokeMethod(MethodInvocationHelper.java:124)
	at org.testng.internal.Invoker.invokeMethod(Invoker.java:580)
	at org.testng.internal.Invoker.invokeTestMethod(Invoker.java:716)
	at org.testng.internal.Invoker.invokeTestMethods(Invoker.java:988)
	at org.testng.internal.TestMethodWorker.invokeTestMethods(TestMethodWorker.java:125)
	at org.testng.internal.TestMethodWorker.run(TestMethodWorker.java:109)
	at org.testng.TestRunner.privateRun(TestRunner.java:648)
	at org.testng.TestRunner.run(TestRunner.java:505)
	at org.testng.SuiteRunner.runTest(SuiteRunner.java:455)
	at org.testng.SuiteRunner.runSequentially(SuiteRunner.java:450)
	at org.testng.SuiteRunner.privateRun(SuiteRunner.java:415)
	at org.testng.SuiteRunner.run(SuiteRunner.java:364)
	at org.testng.SuiteRunnerWorker.runSuite(SuiteRunnerWorker.java:52)
	at org.testng.SuiteRunnerWorker.run(SuiteRunnerWorker.java:84)
	at org.testng.TestNG.runSuitesSequentially(TestNG.java:1208)
	at org.testng.TestNG.runSuitesSequentially(TestNG.java:1204)
	at org.testng.TestNG.runSuitesLocally(TestNG.java:1137)
	at org.testng.TestNG.runSuites(TestNG.java:1049)
	at org.testng.TestNG.run(TestNG.java:1017)
	at com.PanaAutomation.Base.runMC.main(runMC.java:28)
Caused by: java.lang.NullPointerException
	at com.PanaAutomation.Keywords.GenericKeywords.takeScreenShot(GenericKeywords.java:1513)
	at com.PanaAutomation.Keywords.GenericKeywords.reportFailure(GenericKeywords.java:1460)
	at com.PanaAutomation.Keywords.GenericKeywords.openBrowser(GenericKeywords.java:158)
	... 29 more
</pre></div></td>
<td>0</td>
<td>com.PanaMCAutomation.MC_Cart_Function.ID1482_InventoryDashboardUnhold@53aad5d5</td></tr>
<tr>
<td title='com.PanaMCAutomation.MC_Cart_Function.ID1483_20180619020135InventoryDashboardUnhold.testB()'><b>testB</b><br>Test class: com.PanaMCAutomation.MC_Cart_Function.ID1483_20180619020135InventoryDashboardUnhold<br>Parameters: {user=System, password=System, Runmode=Y, data=Available, Browser=Chrome}</td>
<td><div><pre>java.lang.reflect.InvocationTargetException
	at com.PanaAutomation.Driver.DriverScript.executeKeywords(DriverScript.java:79)
	at com.PanaMCAutomation.MC_Cart_Function.ID1483_20180619020135InventoryDashboardUnhold.testB(ID1483_20180619020135InventoryDashboardUnhold.java:25)
	at com.PanaAutomation.Base.runMC.main(runMC.java:28)
Caused by: java.lang.NullPointerException
	at com.PanaAutomation.Keywords.GenericKeywords.takeScreenShot(GenericKeywords.java:1513)
	at com.PanaAutomation.Keywords.GenericKeywords.reportFailure(GenericKeywords.java:1460)
	at com.PanaAutomation.Keywords.GenericKeywords.openBrowser(GenericKeywords.java:158)
	... 29 more
... Removed 26 stack frames</pre></div><a href='#' onClick='toggleBox("stack-trace1942990808", this, "Click to show all stack frames", "Click to hide stack frames")'>Click to show all stack frames</a>
<div class='stack-trace' id='stack-trace1942990808'><pre>java.lang.reflect.InvocationTargetException
	at sun.reflect.GeneratedMethodAccessor52.invoke(Unknown Source)
	at sun.reflect.DelegatingMethodAccessorImpl.invoke(DelegatingMethodAccessorImpl.java:43)
	at java.lang.reflect.Method.invoke(Method.java:498)
	at com.PanaAutomation.Driver.DriverScript.executeKeywords(DriverScript.java:79)
	at com.PanaMCAutomation.MC_Cart_Function.ID1483_20180619020135InventoryDashboardUnhold.testB(ID1483_20180619020135InventoryDashboardUnhold.java:25)
	at sun.reflect.NativeMethodAccessorImpl.invoke0(Native Method)
	at sun.reflect.NativeMethodAccessorImpl.invoke(NativeMethodAccessorImpl.java:62)
	at sun.reflect.DelegatingMethodAccessorImpl.invoke(DelegatingMethodAccessorImpl.java:43)
	at java.lang.reflect.Method.invoke(Method.java:498)
	at org.testng.internal.MethodInvocationHelper.invokeMethod(MethodInvocationHelper.java:124)
	at org.testng.internal.Invoker.invokeMethod(Invoker.java:580)
	at org.testng.internal.Invoker.invokeTestMethod(Invoker.java:716)
	at org.testng.internal.Invoker.invokeTestMethods(Invoker.java:988)
	at org.testng.internal.TestMethodWorker.invokeTestMethods(TestMethodWorker.java:125)
	at org.testng.internal.TestMethodWorker.run(TestMethodWorker.java:109)
	at org.testng.TestRunner.privateRun(TestRunner.java:648)
	at org.testng.TestRunner.run(TestRunner.java:505)
	at org.testng.SuiteRunner.runTest(SuiteRunner.java:455)
	at org.testng.SuiteRunner.runSequentially(SuiteRunner.java:450)
	at org.testng.SuiteRunner.privateRun(SuiteRunner.java:415)
	at org.testng.SuiteRunner.run(SuiteRunner.java:364)
	at org.testng.SuiteRunnerWorker.runSuite(SuiteRunnerWorker.java:52)
	at org.testng.SuiteRunnerWorker.run(SuiteRunnerWorker.java:84)
	at org.testng.TestNG.runSuitesSequentially(TestNG.java:1208)
	at org.testng.TestNG.runSuitesSequentially(TestNG.java:1204)
	at org.testng.TestNG.runSuitesLocally(TestNG.java:1137)
	at org.testng.TestNG.runSuites(TestNG.java:1049)
	at org.testng.TestNG.run(TestNG.java:1017)
	at com.PanaAutomation.Base.runMC.main(runMC.java:28)
Caused by: java.lang.NullPointerException
	at com.PanaAutomation.Keywords.GenericKeywords.takeScreenShot(GenericKeywords.java:1513)
	at com.PanaAutomation.Keywords.GenericKeywords.reportFailure(GenericKeywords.java:1460)
	at com.PanaAutomation.Keywords.GenericKeywords.openBrowser(GenericKeywords.java:158)
	... 29 more
</pre></div></td>
<td>0</td>
<td>com.PanaMCAutomation.MC_Cart_Function.ID1483_20180619020135InventoryDashboardUnhold@46fa7c39</td></tr>
<tr>
<td title='com.PanaMCAutomation.MC_Cart_Function.ID1484_20180619020135InventoryDashboardUnhold.testB()'><b>testB</b><br>Test class: com.PanaMCAutomation.MC_Cart_Function.ID1484_20180619020135InventoryDashboardUnhold<br>Parameters: {user=System, password=System, Runmode=Y, Browser=Chrome}</td>
<td><div><pre>java.lang.reflect.InvocationTargetException
	at com.PanaAutomation.Driver.DriverScript.executeKeywords(DriverScript.java:79)
	at com.PanaMCAutomation.MC_Cart_Function.ID1484_20180619020135InventoryDashboardUnhold.testB(ID1484_20180619020135InventoryDashboardUnhold.java:25)
	at com.PanaAutomation.Base.runMC.main(runMC.java:28)
Caused by: java.lang.NullPointerException
	at com.PanaAutomation.Keywords.GenericKeywords.takeScreenShot(GenericKeywords.java:1513)
	at com.PanaAutomation.Keywords.GenericKeywords.reportFailure(GenericKeywords.java:1460)
	at com.PanaAutomation.Keywords.GenericKeywords.openBrowser(GenericKeywords.java:158)
	... 29 more
... Removed 26 stack frames</pre></div><a href='#' onClick='toggleBox("stack-trace807166509", this, "Click to show all stack frames", "Click to hide stack frames")'>Click to show all stack frames</a>
<div class='stack-trace' id='stack-trace807166509'><pre>java.lang.reflect.InvocationTargetException
	at sun.reflect.GeneratedMethodAccessor52.invoke(Unknown Source)
	at sun.reflect.DelegatingMethodAccessorImpl.invoke(DelegatingMethodAccessorImpl.java:43)
	at java.lang.reflect.Method.invoke(Method.java:498)
	at com.PanaAutomation.Driver.DriverScript.executeKeywords(DriverScript.java:79)
	at com.PanaMCAutomation.MC_Cart_Function.ID1484_20180619020135InventoryDashboardUnhold.testB(ID1484_20180619020135InventoryDashboardUnhold.java:25)
	at sun.reflect.NativeMethodAccessorImpl.invoke0(Native Method)
	at sun.reflect.NativeMethodAccessorImpl.invoke(NativeMethodAccessorImpl.java:62)
	at sun.reflect.DelegatingMethodAccessorImpl.invoke(DelegatingMethodAccessorImpl.java:43)
	at java.lang.reflect.Method.invoke(Method.java:498)
	at org.testng.internal.MethodInvocationHelper.invokeMethod(MethodInvocationHelper.java:124)
	at org.testng.internal.Invoker.invokeMethod(Invoker.java:580)
	at org.testng.internal.Invoker.invokeTestMethod(Invoker.java:716)
	at org.testng.internal.Invoker.invokeTestMethods(Invoker.java:988)
	at org.testng.internal.TestMethodWorker.invokeTestMethods(TestMethodWorker.java:125)
	at org.testng.internal.TestMethodWorker.run(TestMethodWorker.java:109)
	at org.testng.TestRunner.privateRun(TestRunner.java:648)
	at org.testng.TestRunner.run(TestRunner.java:505)
	at org.testng.SuiteRunner.runTest(SuiteRunner.java:455)
	at org.testng.SuiteRunner.runSequentially(SuiteRunner.java:450)
	at org.testng.SuiteRunner.privateRun(SuiteRunner.java:415)
	at org.testng.SuiteRunner.run(SuiteRunner.java:364)
	at org.testng.SuiteRunnerWorker.runSuite(SuiteRunnerWorker.java:52)
	at org.testng.SuiteRunnerWorker.run(SuiteRunnerWorker.java:84)
	at org.testng.TestNG.runSuitesSequentially(TestNG.java:1208)
	at org.testng.TestNG.runSuitesSequentially(TestNG.java:1204)
	at org.testng.TestNG.runSuitesLocally(TestNG.java:1137)
	at org.testng.TestNG.runSuites(TestNG.java:1049)
	at org.testng.TestNG.run(TestNG.java:1017)
	at com.PanaAutomation.Base.runMC.main(runMC.java:28)
Caused by: java.lang.NullPointerException
	at com.PanaAutomation.Keywords.GenericKeywords.takeScreenShot(GenericKeywords.java:1513)
	at com.PanaAutomation.Keywords.GenericKeywords.reportFailure(GenericKeywords.java:1460)
	at com.PanaAutomation.Keywords.GenericKeywords.openBrowser(GenericKeywords.java:158)
	... 29 more
</pre></div></td>
<td>0</td>
<td>com.PanaMCAutomation.MC_Cart_Function.ID1484_20180619020135InventoryDashboardUnhold@1fb700ee</td></tr>
<tr>
<td title='com.PanaMCAutomation.MC_Cart_Function.ID1485_20180619020135InventoryDashboardUnhold.testB()'><b>testB</b><br>Test class: com.PanaMCAutomation.MC_Cart_Function.ID1485_20180619020135InventoryDashboardUnhold<br>Parameters: {user=System, password=System, Runmode=Y, Browser=Chrome}</td>
<td><div><pre>java.lang.reflect.InvocationTargetException
	at com.PanaAutomation.Driver.DriverScript.executeKeywords(DriverScript.java:79)
	at com.PanaMCAutomation.MC_Cart_Function.ID1485_20180619020135InventoryDashboardUnhold.testB(ID1485_20180619020135InventoryDashboardUnhold.java:25)
	at com.PanaAutomation.Base.runMC.main(runMC.java:28)
Caused by: java.lang.NullPointerException
	at com.PanaAutomation.Keywords.GenericKeywords.takeScreenShot(GenericKeywords.java:1513)
	at com.PanaAutomation.Keywords.GenericKeywords.reportFailure(GenericKeywords.java:1460)
	at com.PanaAutomation.Keywords.GenericKeywords.openBrowser(GenericKeywords.java:158)
	... 29 more
... Removed 26 stack frames</pre></div><a href='#' onClick='toggleBox("stack-trace1901371976", this, "Click to show all stack frames", "Click to hide stack frames")'>Click to show all stack frames</a>
<div class='stack-trace' id='stack-trace1901371976'><pre>java.lang.reflect.InvocationTargetException
	at sun.reflect.GeneratedMethodAccessor52.invoke(Unknown Source)
	at sun.reflect.DelegatingMethodAccessorImpl.invoke(DelegatingMethodAccessorImpl.java:43)
	at java.lang.reflect.Method.invoke(Method.java:498)
	at com.PanaAutomation.Driver.DriverScript.executeKeywords(DriverScript.java:79)
	at com.PanaMCAutomation.MC_Cart_Function.ID1485_20180619020135InventoryDashboardUnhold.testB(ID1485_20180619020135InventoryDashboardUnhold.java:25)
	at sun.reflect.NativeMethodAccessorImpl.invoke0(Native Method)
	at sun.reflect.NativeMethodAccessorImpl.invoke(NativeMethodAccessorImpl.java:62)
	at sun.reflect.DelegatingMethodAccessorImpl.invoke(DelegatingMethodAccessorImpl.java:43)
	at java.lang.reflect.Method.invoke(Method.java:498)
	at org.testng.internal.MethodInvocationHelper.invokeMethod(MethodInvocationHelper.java:124)
	at org.testng.internal.Invoker.invokeMethod(Invoker.java:580)
	at org.testng.internal.Invoker.invokeTestMethod(Invoker.java:716)
	at org.testng.internal.Invoker.invokeTestMethods(Invoker.java:988)
	at org.testng.internal.TestMethodWorker.invokeTestMethods(TestMethodWorker.java:125)
	at org.testng.internal.TestMethodWorker.run(TestMethodWorker.java:109)
	at org.testng.TestRunner.privateRun(TestRunner.java:648)
	at org.testng.TestRunner.run(TestRunner.java:505)
	at org.testng.SuiteRunner.runTest(SuiteRunner.java:455)
	at org.testng.SuiteRunner.runSequentially(SuiteRunner.java:450)
	at org.testng.SuiteRunner.privateRun(SuiteRunner.java:415)
	at org.testng.SuiteRunner.run(SuiteRunner.java:364)
	at org.testng.SuiteRunnerWorker.runSuite(SuiteRunnerWorker.java:52)
	at org.testng.SuiteRunnerWorker.run(SuiteRunnerWorker.java:84)
	at org.testng.TestNG.runSuitesSequentially(TestNG.java:1208)
	at org.testng.TestNG.runSuitesSequentially(TestNG.java:1204)
	at org.testng.TestNG.runSuitesLocally(TestNG.java:1137)
	at org.testng.TestNG.runSuites(TestNG.java:1049)
	at org.testng.TestNG.run(TestNG.java:1017)
	at com.PanaAutomation.Base.runMC.main(runMC.java:28)
Caused by: java.lang.NullPointerException
	at com.PanaAutomation.Keywords.GenericKeywords.takeScreenShot(GenericKeywords.java:1513)
	at com.PanaAutomation.Keywords.GenericKeywords.reportFailure(GenericKeywords.java:1460)
	at com.PanaAutomation.Keywords.GenericKeywords.openBrowser(GenericKeywords.java:158)
	... 29 more
</pre></div></td>
<td>0</td>
<td>com.PanaMCAutomation.MC_Cart_Function.ID1485_20180619020135InventoryDashboardUnhold@4f67eb2a</td></tr>
<tr>
<td title='com.PanaMCAutomation.MC_Cart_Function.ID1486_InventoryDashboardScrap.testB()'><b>testB</b><br>Test class: com.PanaMCAutomation.MC_Cart_Function.ID1486_InventoryDashboardScrap<br>Parameters: {user=System, password=System, Runmode=Y, Browser=Chrome}</td>
<td><div><pre>java.lang.reflect.InvocationTargetException
	at com.PanaAutomation.Driver.DriverScript.executeKeywords(DriverScript.java:79)
	at com.PanaMCAutomation.MC_Cart_Function.ID1486_InventoryDashboardScrap.testB(ID1486_InventoryDashboardScrap.java:25)
	at com.PanaAutomation.Base.runMC.main(runMC.java:28)
Caused by: java.lang.NullPointerException
	at com.PanaAutomation.Keywords.GenericKeywords.takeScreenShot(GenericKeywords.java:1513)
	at com.PanaAutomation.Keywords.GenericKeywords.reportFailure(GenericKeywords.java:1460)
	at com.PanaAutomation.Keywords.GenericKeywords.openBrowser(GenericKeywords.java:158)
	... 29 more
... Removed 26 stack frames</pre></div><a href='#' onClick='toggleBox("stack-trace1884805620", this, "Click to show all stack frames", "Click to hide stack frames")'>Click to show all stack frames</a>
<div class='stack-trace' id='stack-trace1884805620'><pre>java.lang.reflect.InvocationTargetException
	at sun.reflect.GeneratedMethodAccessor52.invoke(Unknown Source)
	at sun.reflect.DelegatingMethodAccessorImpl.invoke(DelegatingMethodAccessorImpl.java:43)
	at java.lang.reflect.Method.invoke(Method.java:498)
	at com.PanaAutomation.Driver.DriverScript.executeKeywords(DriverScript.java:79)
	at com.PanaMCAutomation.MC_Cart_Function.ID1486_InventoryDashboardScrap.testB(ID1486_InventoryDashboardScrap.java:25)
	at sun.reflect.NativeMethodAccessorImpl.invoke0(Native Method)
	at sun.reflect.NativeMethodAccessorImpl.invoke(NativeMethodAccessorImpl.java:62)
	at sun.reflect.DelegatingMethodAccessorImpl.invoke(DelegatingMethodAccessorImpl.java:43)
	at java.lang.reflect.Method.invoke(Method.java:498)
	at org.testng.internal.MethodInvocationHelper.invokeMethod(MethodInvocationHelper.java:124)
	at org.testng.internal.Invoker.invokeMethod(Invoker.java:580)
	at org.testng.internal.Invoker.invokeTestMethod(Invoker.java:716)
	at org.testng.internal.Invoker.invokeTestMethods(Invoker.java:988)
	at org.testng.internal.TestMethodWorker.invokeTestMethods(TestMethodWorker.java:125)
	at org.testng.internal.TestMethodWorker.run(TestMethodWorker.java:109)
	at org.testng.TestRunner.privateRun(TestRunner.java:648)
	at org.testng.TestRunner.run(TestRunner.java:505)
	at org.testng.SuiteRunner.runTest(SuiteRunner.java:455)
	at org.testng.SuiteRunner.runSequentially(SuiteRunner.java:450)
	at org.testng.SuiteRunner.privateRun(SuiteRunner.java:415)
	at org.testng.SuiteRunner.run(SuiteRunner.java:364)
	at org.testng.SuiteRunnerWorker.runSuite(SuiteRunnerWorker.java:52)
	at org.testng.SuiteRunnerWorker.run(SuiteRunnerWorker.java:84)
	at org.testng.TestNG.runSuitesSequentially(TestNG.java:1208)
	at org.testng.TestNG.runSuitesSequentially(TestNG.java:1204)
	at org.testng.TestNG.runSuitesLocally(TestNG.java:1137)
	at org.testng.TestNG.runSuites(TestNG.java:1049)
	at org.testng.TestNG.run(TestNG.java:1017)
	at com.PanaAutomation.Base.runMC.main(runMC.java:28)
Caused by: java.lang.NullPointerException
	at com.PanaAutomation.Keywords.GenericKeywords.takeScreenShot(GenericKeywords.java:1513)
	at com.PanaAutomation.Keywords.GenericKeywords.reportFailure(GenericKeywords.java:1460)
	at com.PanaAutomation.Keywords.GenericKeywords.openBrowser(GenericKeywords.java:158)
	... 29 more
</pre></div></td>
<td>0</td>
<td>com.PanaMCAutomation.MC_Cart_Function.ID1486_InventoryDashboardScrap@4a668b6e</td></tr>
<tr>
<td title='com.PanaMCAutomation.MC_Cart_Function.ID1487_20180619020135InventoryDashboardScrap.testB()'><b>testB</b><br>Test class: com.PanaMCAutomation.MC_Cart_Function.ID1487_20180619020135InventoryDashboardScrap<br>Parameters: {location=CAB-G1, user=System, password=System, Runmode=Y, data=Scrapped, Browser=Chrome}</td>
<td><div><pre>java.lang.reflect.InvocationTargetException
	at com.PanaAutomation.Driver.DriverScript.executeKeywords(DriverScript.java:79)
	at com.PanaMCAutomation.MC_Cart_Function.ID1487_20180619020135InventoryDashboardScrap.testB(ID1487_20180619020135InventoryDashboardScrap.java:25)
	at com.PanaAutomation.Base.runMC.main(runMC.java:28)
Caused by: java.lang.NullPointerException
	at com.PanaAutomation.Keywords.GenericKeywords.takeScreenShot(GenericKeywords.java:1513)
	at com.PanaAutomation.Keywords.GenericKeywords.reportFailure(GenericKeywords.java:1460)
	at com.PanaAutomation.Keywords.GenericKeywords.openBrowser(GenericKeywords.java:158)
	... 29 more
... Removed 26 stack frames</pre></div><a href='#' onClick='toggleBox("stack-trace1618596377", this, "Click to show all stack frames", "Click to hide stack frames")'>Click to show all stack frames</a>
<div class='stack-trace' id='stack-trace1618596377'><pre>java.lang.reflect.InvocationTargetException
	at sun.reflect.GeneratedMethodAccessor52.invoke(Unknown Source)
	at sun.reflect.DelegatingMethodAccessorImpl.invoke(DelegatingMethodAccessorImpl.java:43)
	at java.lang.reflect.Method.invoke(Method.java:498)
	at com.PanaAutomation.Driver.DriverScript.executeKeywords(DriverScript.java:79)
	at com.PanaMCAutomation.MC_Cart_Function.ID1487_20180619020135InventoryDashboardScrap.testB(ID1487_20180619020135InventoryDashboardScrap.java:25)
	at sun.reflect.NativeMethodAccessorImpl.invoke0(Native Method)
	at sun.reflect.NativeMethodAccessorImpl.invoke(NativeMethodAccessorImpl.java:62)
	at sun.reflect.DelegatingMethodAccessorImpl.invoke(DelegatingMethodAccessorImpl.java:43)
	at java.lang.reflect.Method.invoke(Method.java:498)
	at org.testng.internal.MethodInvocationHelper.invokeMethod(MethodInvocationHelper.java:124)
	at org.testng.internal.Invoker.invokeMethod(Invoker.java:580)
	at org.testng.internal.Invoker.invokeTestMethod(Invoker.java:716)
	at org.testng.internal.Invoker.invokeTestMethods(Invoker.java:988)
	at org.testng.internal.TestMethodWorker.invokeTestMethods(TestMethodWorker.java:125)
	at org.testng.internal.TestMethodWorker.run(TestMethodWorker.java:109)
	at org.testng.TestRunner.privateRun(TestRunner.java:648)
	at org.testng.TestRunner.run(TestRunner.java:505)
	at org.testng.SuiteRunner.runTest(SuiteRunner.java:455)
	at org.testng.SuiteRunner.runSequentially(SuiteRunner.java:450)
	at org.testng.SuiteRunner.privateRun(SuiteRunner.java:415)
	at org.testng.SuiteRunner.run(SuiteRunner.java:364)
	at org.testng.SuiteRunnerWorker.runSuite(SuiteRunnerWorker.java:52)
	at org.testng.SuiteRunnerWorker.run(SuiteRunnerWorker.java:84)
	at org.testng.TestNG.runSuitesSequentially(TestNG.java:1208)
	at org.testng.TestNG.runSuitesSequentially(TestNG.java:1204)
	at org.testng.TestNG.runSuitesLocally(TestNG.java:1137)
	at org.testng.TestNG.runSuites(TestNG.java:1049)
	at org.testng.TestNG.run(TestNG.java:1017)
	at com.PanaAutomation.Base.runMC.main(runMC.java:28)
Caused by: java.lang.NullPointerException
	at com.PanaAutomation.Keywords.GenericKeywords.takeScreenShot(GenericKeywords.java:1513)
	at com.PanaAutomation.Keywords.GenericKeywords.reportFailure(GenericKeywords.java:1460)
	at com.PanaAutomation.Keywords.GenericKeywords.openBrowser(GenericKeywords.java:158)
	... 29 more
</pre></div></td>
<td>0</td>
<td>com.PanaMCAutomation.MC_Cart_Function.ID1487_20180619020135InventoryDashboardScrap@5f683daf</td></tr>
<tr>
<td title='com.PanaMCAutomation.MC_Cart_Function.ID1488_20180619020135InventoryDashboardScrap.testB()'><b>testB</b><br>Test class: com.PanaMCAutomation.MC_Cart_Function.ID1488_20180619020135InventoryDashboardScrap<br>Parameters: {user=System, password=System, Runmode=Y, Browser=Chrome}</td>
<td><div><pre>java.lang.reflect.InvocationTargetException
	at com.PanaAutomation.Driver.DriverScript.executeKeywords(DriverScript.java:79)
	at com.PanaMCAutomation.MC_Cart_Function.ID1488_20180619020135InventoryDashboardScrap.testB(ID1488_20180619020135InventoryDashboardScrap.java:25)
	at com.PanaAutomation.Base.runMC.main(runMC.java:28)
Caused by: java.lang.NullPointerException
	at com.PanaAutomation.Keywords.GenericKeywords.takeScreenShot(GenericKeywords.java:1513)
	at com.PanaAutomation.Keywords.GenericKeywords.reportFailure(GenericKeywords.java:1460)
	at com.PanaAutomation.Keywords.GenericKeywords.openBrowser(GenericKeywords.java:158)
	... 29 more
... Removed 26 stack frames</pre></div><a href='#' onClick='toggleBox("stack-trace1390178738", this, "Click to show all stack frames", "Click to hide stack frames")'>Click to show all stack frames</a>
<div class='stack-trace' id='stack-trace1390178738'><pre>java.lang.reflect.InvocationTargetException
	at sun.reflect.GeneratedMethodAccessor52.invoke(Unknown Source)
	at sun.reflect.DelegatingMethodAccessorImpl.invoke(DelegatingMethodAccessorImpl.java:43)
	at java.lang.reflect.Method.invoke(Method.java:498)
	at com.PanaAutomation.Driver.DriverScript.executeKeywords(DriverScript.java:79)
	at com.PanaMCAutomation.MC_Cart_Function.ID1488_20180619020135InventoryDashboardScrap.testB(ID1488_20180619020135InventoryDashboardScrap.java:25)
	at sun.reflect.NativeMethodAccessorImpl.invoke0(Native Method)
	at sun.reflect.NativeMethodAccessorImpl.invoke(NativeMethodAccessorImpl.java:62)
	at sun.reflect.DelegatingMethodAccessorImpl.invoke(DelegatingMethodAccessorImpl.java:43)
	at java.lang.reflect.Method.invoke(Method.java:498)
	at org.testng.internal.MethodInvocationHelper.invokeMethod(MethodInvocationHelper.java:124)
	at org.testng.internal.Invoker.invokeMethod(Invoker.java:580)
	at org.testng.internal.Invoker.invokeTestMethod(Invoker.java:716)
	at org.testng.internal.Invoker.invokeTestMethods(Invoker.java:988)
	at org.testng.internal.TestMethodWorker.invokeTestMethods(TestMethodWorker.java:125)
	at org.testng.internal.TestMethodWorker.run(TestMethodWorker.java:109)
	at org.testng.TestRunner.privateRun(TestRunner.java:648)
	at org.testng.TestRunner.run(TestRunner.java:505)
	at org.testng.SuiteRunner.runTest(SuiteRunner.java:455)
	at org.testng.SuiteRunner.runSequentially(SuiteRunner.java:450)
	at org.testng.SuiteRunner.privateRun(SuiteRunner.java:415)
	at org.testng.SuiteRunner.run(SuiteRunner.java:364)
	at org.testng.SuiteRunnerWorker.runSuite(SuiteRunnerWorker.java:52)
	at org.testng.SuiteRunnerWorker.run(SuiteRunnerWorker.java:84)
	at org.testng.TestNG.runSuitesSequentially(TestNG.java:1208)
	at org.testng.TestNG.runSuitesSequentially(TestNG.java:1204)
	at org.testng.TestNG.runSuitesLocally(TestNG.java:1137)
	at org.testng.TestNG.runSuites(TestNG.java:1049)
	at org.testng.TestNG.run(TestNG.java:1017)
	at com.PanaAutomation.Base.runMC.main(runMC.java:28)
Caused by: java.lang.NullPointerException
	at com.PanaAutomation.Keywords.GenericKeywords.takeScreenShot(GenericKeywords.java:1513)
	at com.PanaAutomation.Keywords.GenericKeywords.reportFailure(GenericKeywords.java:1460)
	at com.PanaAutomation.Keywords.GenericKeywords.openBrowser(GenericKeywords.java:158)
	... 29 more
</pre></div></td>
<td>0</td>
<td>com.PanaMCAutomation.MC_Cart_Function.ID1488_20180619020135InventoryDashboardScrap@78ffe6dc</td></tr>
<tr>
<td title='com.PanaMCAutomation.MC_Cart_Function.ID1489_20180619020135InventoryDashboardScrap.testB()'><b>testB</b><br>Test class: com.PanaMCAutomation.MC_Cart_Function.ID1489_20180619020135InventoryDashboardScrap<br>Parameters: {user=System, password=System, Runmode=Y, Browser=Chrome}</td>
<td><div><pre>java.lang.reflect.InvocationTargetException
	at com.PanaAutomation.Driver.DriverScript.executeKeywords(DriverScript.java:79)
	at com.PanaMCAutomation.MC_Cart_Function.ID1489_20180619020135InventoryDashboardScrap.testB(ID1489_20180619020135InventoryDashboardScrap.java:25)
	at com.PanaAutomation.Base.runMC.main(runMC.java:28)
Caused by: java.lang.NullPointerException
	at com.PanaAutomation.Keywords.GenericKeywords.takeScreenShot(GenericKeywords.java:1513)
	at com.PanaAutomation.Keywords.GenericKeywords.reportFailure(GenericKeywords.java:1460)
	at com.PanaAutomation.Keywords.GenericKeywords.openBrowser(GenericKeywords.java:158)
	... 29 more
... Removed 26 stack frames</pre></div><a href='#' onClick='toggleBox("stack-trace858340148", this, "Click to show all stack frames", "Click to hide stack frames")'>Click to show all stack frames</a>
<div class='stack-trace' id='stack-trace858340148'><pre>java.lang.reflect.InvocationTargetException
	at sun.reflect.GeneratedMethodAccessor52.invoke(Unknown Source)
	at sun.reflect.DelegatingMethodAccessorImpl.invoke(DelegatingMethodAccessorImpl.java:43)
	at java.lang.reflect.Method.invoke(Method.java:498)
	at com.PanaAutomation.Driver.DriverScript.executeKeywords(DriverScript.java:79)
	at com.PanaMCAutomation.MC_Cart_Function.ID1489_20180619020135InventoryDashboardScrap.testB(ID1489_20180619020135InventoryDashboardScrap.java:25)
	at sun.reflect.NativeMethodAccessorImpl.invoke0(Native Method)
	at sun.reflect.NativeMethodAccessorImpl.invoke(NativeMethodAccessorImpl.java:62)
	at sun.reflect.DelegatingMethodAccessorImpl.invoke(DelegatingMethodAccessorImpl.java:43)
	at java.lang.reflect.Method.invoke(Method.java:498)
	at org.testng.internal.MethodInvocationHelper.invokeMethod(MethodInvocationHelper.java:124)
	at org.testng.internal.Invoker.invokeMethod(Invoker.java:580)
	at org.testng.internal.Invoker.invokeTestMethod(Invoker.java:716)
	at org.testng.internal.Invoker.invokeTestMethods(Invoker.java:988)
	at org.testng.internal.TestMethodWorker.invokeTestMethods(TestMethodWorker.java:125)
	at org.testng.internal.TestMethodWorker.run(TestMethodWorker.java:109)
	at org.testng.TestRunner.privateRun(TestRunner.java:648)
	at org.testng.TestRunner.run(TestRunner.java:505)
	at org.testng.SuiteRunner.runTest(SuiteRunner.java:455)
	at org.testng.SuiteRunner.runSequentially(SuiteRunner.java:450)
	at org.testng.SuiteRunner.privateRun(SuiteRunner.java:415)
	at org.testng.SuiteRunner.run(SuiteRunner.java:364)
	at org.testng.SuiteRunnerWorker.runSuite(SuiteRunnerWorker.java:52)
	at org.testng.SuiteRunnerWorker.run(SuiteRunnerWorker.java:84)
	at org.testng.TestNG.runSuitesSequentially(TestNG.java:1208)
	at org.testng.TestNG.runSuitesSequentially(TestNG.java:1204)
	at org.testng.TestNG.runSuitesLocally(TestNG.java:1137)
	at org.testng.TestNG.runSuites(TestNG.java:1049)
	at org.testng.TestNG.run(TestNG.java:1017)
	at com.PanaAutomation.Base.runMC.main(runMC.java:28)
Caused by: java.lang.NullPointerException
	at com.PanaAutomation.Keywords.GenericKeywords.takeScreenShot(GenericKeywords.java:1513)
	at com.PanaAutomation.Keywords.GenericKeywords.reportFailure(GenericKeywords.java:1460)
	at com.PanaAutomation.Keywords.GenericKeywords.openBrowser(GenericKeywords.java:158)
	... 29 more
</pre></div></td>
<td>0</td>
<td>com.PanaMCAutomation.MC_Cart_Function.ID1489_20180619020135InventoryDashboardScrap@8317c52</td></tr>
<tr>
<td title='com.PanaMCAutomation.MC_Cart_Function.ID1490_InventoryDashboardUnscrap.testB()'><b>testB</b><br>Test class: com.PanaMCAutomation.MC_Cart_Function.ID1490_InventoryDashboardUnscrap<br>Parameters: {user=System, password=System, Runmode=Y, Browser=Chrome}</td>
<td><div><pre>java.lang.reflect.InvocationTargetException
	at com.PanaAutomation.Driver.DriverScript.executeKeywords(DriverScript.java:79)
	at com.PanaMCAutomation.MC_Cart_Function.ID1490_InventoryDashboardUnscrap.testB(ID1490_InventoryDashboardUnscrap.java:25)
	at com.PanaAutomation.Base.runMC.main(runMC.java:28)
Caused by: java.lang.NullPointerException
	at com.PanaAutomation.Keywords.GenericKeywords.takeScreenShot(GenericKeywords.java:1513)
	at com.PanaAutomation.Keywords.GenericKeywords.reportFailure(GenericKeywords.java:1460)
	at com.PanaAutomation.Keywords.GenericKeywords.openBrowser(GenericKeywords.java:158)
	... 29 more
... Removed 26 stack frames</pre></div><a href='#' onClick='toggleBox("stack-trace1067377959", this, "Click to show all stack frames", "Click to hide stack frames")'>Click to show all stack frames</a>
<div class='stack-trace' id='stack-trace1067377959'><pre>java.lang.reflect.InvocationTargetException
	at sun.reflect.GeneratedMethodAccessor52.invoke(Unknown Source)
	at sun.reflect.DelegatingMethodAccessorImpl.invoke(DelegatingMethodAccessorImpl.java:43)
	at java.lang.reflect.Method.invoke(Method.java:498)
	at com.PanaAutomation.Driver.DriverScript.executeKeywords(DriverScript.java:79)
	at com.PanaMCAutomation.MC_Cart_Function.ID1490_InventoryDashboardUnscrap.testB(ID1490_InventoryDashboardUnscrap.java:25)
	at sun.reflect.NativeMethodAccessorImpl.invoke0(Native Method)
	at sun.reflect.NativeMethodAccessorImpl.invoke(NativeMethodAccessorImpl.java:62)
	at sun.reflect.DelegatingMethodAccessorImpl.invoke(DelegatingMethodAccessorImpl.java:43)
	at java.lang.reflect.Method.invoke(Method.java:498)
	at org.testng.internal.MethodInvocationHelper.invokeMethod(MethodInvocationHelper.java:124)
	at org.testng.internal.Invoker.invokeMethod(Invoker.java:580)
	at org.testng.internal.Invoker.invokeTestMethod(Invoker.java:716)
	at org.testng.internal.Invoker.invokeTestMethods(Invoker.java:988)
	at org.testng.internal.TestMethodWorker.invokeTestMethods(TestMethodWorker.java:125)
	at org.testng.internal.TestMethodWorker.run(TestMethodWorker.java:109)
	at org.testng.TestRunner.privateRun(TestRunner.java:648)
	at org.testng.TestRunner.run(TestRunner.java:505)
	at org.testng.SuiteRunner.runTest(SuiteRunner.java:455)
	at org.testng.SuiteRunner.runSequentially(SuiteRunner.java:450)
	at org.testng.SuiteRunner.privateRun(SuiteRunner.java:415)
	at org.testng.SuiteRunner.run(SuiteRunner.java:364)
	at org.testng.SuiteRunnerWorker.runSuite(SuiteRunnerWorker.java:52)
	at org.testng.SuiteRunnerWorker.run(SuiteRunnerWorker.java:84)
	at org.testng.TestNG.runSuitesSequentially(TestNG.java:1208)
	at org.testng.TestNG.runSuitesSequentially(TestNG.java:1204)
	at org.testng.TestNG.runSuitesLocally(TestNG.java:1137)
	at org.testng.TestNG.runSuites(TestNG.java:1049)
	at org.testng.TestNG.run(TestNG.java:1017)
	at com.PanaAutomation.Base.runMC.main(runMC.java:28)
Caused by: java.lang.NullPointerException
	at com.PanaAutomation.Keywords.GenericKeywords.takeScreenShot(GenericKeywords.java:1513)
	at com.PanaAutomation.Keywords.GenericKeywords.reportFailure(GenericKeywords.java:1460)
	at com.PanaAutomation.Keywords.GenericKeywords.openBrowser(GenericKeywords.java:158)
	... 29 more
</pre></div></td>
<td>0</td>
<td>com.PanaMCAutomation.MC_Cart_Function.ID1490_InventoryDashboardUnscrap@76f2bbc1</td></tr>
<tr>
<td title='com.PanaMCAutomation.MC_Cart_Function.ID1491_20180619020135InventoryDashboardUnscrap.testB()'><b>testB</b><br>Test class: com.PanaMCAutomation.MC_Cart_Function.ID1491_20180619020135InventoryDashboardUnscrap<br>Parameters: {location=CAB-G1, user=System, password=System, Runmode=Y, data=Available, Browser=Chrome}</td>
<td><div><pre>java.lang.reflect.InvocationTargetException
	at com.PanaAutomation.Driver.DriverScript.executeKeywords(DriverScript.java:79)
	at com.PanaMCAutomation.MC_Cart_Function.ID1491_20180619020135InventoryDashboardUnscrap.testB(ID1491_20180619020135InventoryDashboardUnscrap.java:25)
	at com.PanaAutomation.Base.runMC.main(runMC.java:28)
Caused by: java.lang.NullPointerException
	at com.PanaAutomation.Keywords.GenericKeywords.takeScreenShot(GenericKeywords.java:1513)
	at com.PanaAutomation.Keywords.GenericKeywords.reportFailure(GenericKeywords.java:1460)
	at com.PanaAutomation.Keywords.GenericKeywords.openBrowser(GenericKeywords.java:158)
	... 29 more
... Removed 26 stack frames</pre></div><a href='#' onClick='toggleBox("stack-trace941889045", this, "Click to show all stack frames", "Click to hide stack frames")'>Click to show all stack frames</a>
<div class='stack-trace' id='stack-trace941889045'><pre>java.lang.reflect.InvocationTargetException
	at sun.reflect.GeneratedMethodAccessor52.invoke(Unknown Source)
	at sun.reflect.DelegatingMethodAccessorImpl.invoke(DelegatingMethodAccessorImpl.java:43)
	at java.lang.reflect.Method.invoke(Method.java:498)
	at com.PanaAutomation.Driver.DriverScript.executeKeywords(DriverScript.java:79)
	at com.PanaMCAutomation.MC_Cart_Function.ID1491_20180619020135InventoryDashboardUnscrap.testB(ID1491_20180619020135InventoryDashboardUnscrap.java:25)
	at sun.reflect.NativeMethodAccessorImpl.invoke0(Native Method)
	at sun.reflect.NativeMethodAccessorImpl.invoke(NativeMethodAccessorImpl.java:62)
	at sun.reflect.DelegatingMethodAccessorImpl.invoke(DelegatingMethodAccessorImpl.java:43)
	at java.lang.reflect.Method.invoke(Method.java:498)
	at org.testng.internal.MethodInvocationHelper.invokeMethod(MethodInvocationHelper.java:124)
	at org.testng.internal.Invoker.invokeMethod(Invoker.java:580)
	at org.testng.internal.Invoker.invokeTestMethod(Invoker.java:716)
	at org.testng.internal.Invoker.invokeTestMethods(Invoker.java:988)
	at org.testng.internal.TestMethodWorker.invokeTestMethods(TestMethodWorker.java:125)
	at org.testng.internal.TestMethodWorker.run(TestMethodWorker.java:109)
	at org.testng.TestRunner.privateRun(TestRunner.java:648)
	at org.testng.TestRunner.run(TestRunner.java:505)
	at org.testng.SuiteRunner.runTest(SuiteRunner.java:455)
	at org.testng.SuiteRunner.runSequentially(SuiteRunner.java:450)
	at org.testng.SuiteRunner.privateRun(SuiteRunner.java:415)
	at org.testng.SuiteRunner.run(SuiteRunner.java:364)
	at org.testng.SuiteRunnerWorker.runSuite(SuiteRunnerWorker.java:52)
	at org.testng.SuiteRunnerWorker.run(SuiteRunnerWorker.java:84)
	at org.testng.TestNG.runSuitesSequentially(TestNG.java:1208)
	at org.testng.TestNG.runSuitesSequentially(TestNG.java:1204)
	at org.testng.TestNG.runSuitesLocally(TestNG.java:1137)
	at org.testng.TestNG.runSuites(TestNG.java:1049)
	at org.testng.TestNG.run(TestNG.java:1017)
	at com.PanaAutomation.Base.runMC.main(runMC.java:28)
Caused by: java.lang.NullPointerException
	at com.PanaAutomation.Keywords.GenericKeywords.takeScreenShot(GenericKeywords.java:1513)
	at com.PanaAutomation.Keywords.GenericKeywords.reportFailure(GenericKeywords.java:1460)
	at com.PanaAutomation.Keywords.GenericKeywords.openBrowser(GenericKeywords.java:158)
	... 29 more
</pre></div></td>
<td>0</td>
<td>com.PanaMCAutomation.MC_Cart_Function.ID1491_20180619020135InventoryDashboardUnscrap@68e965f5</td></tr>
<tr>
<td title='com.PanaMCAutomation.MC_Cart_Function.ID1492_20180619020135InventoryDashboardUnscrap.testB()'><b>testB</b><br>Test class: com.PanaMCAutomation.MC_Cart_Function.ID1492_20180619020135InventoryDashboardUnscrap<br>Parameters: {user=System, password=System, Runmode=Y, Browser=Chrome}</td>
<td><div><pre>java.lang.reflect.InvocationTargetException
	at com.PanaAutomation.Driver.DriverScript.executeKeywords(DriverScript.java:79)
	at com.PanaMCAutomation.MC_Cart_Function.ID1492_20180619020135InventoryDashboardUnscrap.testB(ID1492_20180619020135InventoryDashboardUnscrap.java:25)
	at com.PanaAutomation.Base.runMC.main(runMC.java:28)
Caused by: java.lang.NullPointerException
	at com.PanaAutomation.Keywords.GenericKeywords.takeScreenShot(GenericKeywords.java:1513)
	at com.PanaAutomation.Keywords.GenericKeywords.reportFailure(GenericKeywords.java:1460)
	at com.PanaAutomation.Keywords.GenericKeywords.openBrowser(GenericKeywords.java:158)
	... 29 more
... Removed 26 stack frames</pre></div><a href='#' onClick='toggleBox("stack-trace568055377", this, "Click to show all stack frames", "Click to hide stack frames")'>Click to show all stack frames</a>
<div class='stack-trace' id='stack-trace568055377'><pre>java.lang.reflect.InvocationTargetException
	at sun.reflect.GeneratedMethodAccessor52.invoke(Unknown Source)
	at sun.reflect.DelegatingMethodAccessorImpl.invoke(DelegatingMethodAccessorImpl.java:43)
	at java.lang.reflect.Method.invoke(Method.java:498)
	at com.PanaAutomation.Driver.DriverScript.executeKeywords(DriverScript.java:79)
	at com.PanaMCAutomation.MC_Cart_Function.ID1492_20180619020135InventoryDashboardUnscrap.testB(ID1492_20180619020135InventoryDashboardUnscrap.java:25)
	at sun.reflect.NativeMethodAccessorImpl.invoke0(Native Method)
	at sun.reflect.NativeMethodAccessorImpl.invoke(NativeMethodAccessorImpl.java:62)
	at sun.reflect.DelegatingMethodAccessorImpl.invoke(DelegatingMethodAccessorImpl.java:43)
	at java.lang.reflect.Method.invoke(Method.java:498)
	at org.testng.internal.MethodInvocationHelper.invokeMethod(MethodInvocationHelper.java:124)
	at org.testng.internal.Invoker.invokeMethod(Invoker.java:580)
	at org.testng.internal.Invoker.invokeTestMethod(Invoker.java:716)
	at org.testng.internal.Invoker.invokeTestMethods(Invoker.java:988)
	at org.testng.internal.TestMethodWorker.invokeTestMethods(TestMethodWorker.java:125)
	at org.testng.internal.TestMethodWorker.run(TestMethodWorker.java:109)
	at org.testng.TestRunner.privateRun(TestRunner.java:648)
	at org.testng.TestRunner.run(TestRunner.java:505)
	at org.testng.SuiteRunner.runTest(SuiteRunner.java:455)
	at org.testng.SuiteRunner.runSequentially(SuiteRunner.java:450)
	at org.testng.SuiteRunner.privateRun(SuiteRunner.java:415)
	at org.testng.SuiteRunner.run(SuiteRunner.java:364)
	at org.testng.SuiteRunnerWorker.runSuite(SuiteRunnerWorker.java:52)
	at org.testng.SuiteRunnerWorker.run(SuiteRunnerWorker.java:84)
	at org.testng.TestNG.runSuitesSequentially(TestNG.java:1208)
	at org.testng.TestNG.runSuitesSequentially(TestNG.java:1204)
	at org.testng.TestNG.runSuitesLocally(TestNG.java:1137)
	at org.testng.TestNG.runSuites(TestNG.java:1049)
	at org.testng.TestNG.run(TestNG.java:1017)
	at com.PanaAutomation.Base.runMC.main(runMC.java:28)
Caused by: java.lang.NullPointerException
	at com.PanaAutomation.Keywords.GenericKeywords.takeScreenShot(GenericKeywords.java:1513)
	at com.PanaAutomation.Keywords.GenericKeywords.reportFailure(GenericKeywords.java:1460)
	at com.PanaAutomation.Keywords.GenericKeywords.openBrowser(GenericKeywords.java:158)
	... 29 more
</pre></div></td>
<td>0</td>
<td>com.PanaMCAutomation.MC_Cart_Function.ID1492_20180619020135InventoryDashboardUnscrap@6f27a732</td></tr>
<tr>
<td title='com.PanaMCAutomation.MC_Cart_Function.ID1493_20180619020135InventoryDashboardUnscrap.testB()'><b>testB</b><br>Test class: com.PanaMCAutomation.MC_Cart_Function.ID1493_20180619020135InventoryDashboardUnscrap<br>Parameters: {user=System, password=System, Runmode=Y, Browser=Chrome}</td>
<td><div><pre>java.lang.reflect.InvocationTargetException
	at com.PanaAutomation.Driver.DriverScript.executeKeywords(DriverScript.java:79)
	at com.PanaMCAutomation.MC_Cart_Function.ID1493_20180619020135InventoryDashboardUnscrap.testB(ID1493_20180619020135InventoryDashboardUnscrap.java:25)
	at com.PanaAutomation.Base.runMC.main(runMC.java:28)
Caused by: java.lang.NullPointerException
	at com.PanaAutomation.Keywords.GenericKeywords.takeScreenShot(GenericKeywords.java:1513)
	at com.PanaAutomation.Keywords.GenericKeywords.reportFailure(GenericKeywords.java:1460)
	at com.PanaAutomation.Keywords.GenericKeywords.openBrowser(GenericKeywords.java:158)
	... 29 more
... Removed 26 stack frames</pre></div><a href='#' onClick='toggleBox("stack-trace1048135485", this, "Click to show all stack frames", "Click to hide stack frames")'>Click to show all stack frames</a>
<div class='stack-trace' id='stack-trace1048135485'><pre>java.lang.reflect.InvocationTargetException
	at sun.reflect.GeneratedMethodAccessor52.invoke(Unknown Source)
	at sun.reflect.DelegatingMethodAccessorImpl.invoke(DelegatingMethodAccessorImpl.java:43)
	at java.lang.reflect.Method.invoke(Method.java:498)
	at com.PanaAutomation.Driver.DriverScript.executeKeywords(DriverScript.java:79)
	at com.PanaMCAutomation.MC_Cart_Function.ID1493_20180619020135InventoryDashboardUnscrap.testB(ID1493_20180619020135InventoryDashboardUnscrap.java:25)
	at sun.reflect.NativeMethodAccessorImpl.invoke0(Native Method)
	at sun.reflect.NativeMethodAccessorImpl.invoke(NativeMethodAccessorImpl.java:62)
	at sun.reflect.DelegatingMethodAccessorImpl.invoke(DelegatingMethodAccessorImpl.java:43)
	at java.lang.reflect.Method.invoke(Method.java:498)
	at org.testng.internal.MethodInvocationHelper.invokeMethod(MethodInvocationHelper.java:124)
	at org.testng.internal.Invoker.invokeMethod(Invoker.java:580)
	at org.testng.internal.Invoker.invokeTestMethod(Invoker.java:716)
	at org.testng.internal.Invoker.invokeTestMethods(Invoker.java:988)
	at org.testng.internal.TestMethodWorker.invokeTestMethods(TestMethodWorker.java:125)
	at org.testng.internal.TestMethodWorker.run(TestMethodWorker.java:109)
	at org.testng.TestRunner.privateRun(TestRunner.java:648)
	at org.testng.TestRunner.run(TestRunner.java:505)
	at org.testng.SuiteRunner.runTest(SuiteRunner.java:455)
	at org.testng.SuiteRunner.runSequentially(SuiteRunner.java:450)
	at org.testng.SuiteRunner.privateRun(SuiteRunner.java:415)
	at org.testng.SuiteRunner.run(SuiteRunner.java:364)
	at org.testng.SuiteRunnerWorker.runSuite(SuiteRunnerWorker.java:52)
	at org.testng.SuiteRunnerWorker.run(SuiteRunnerWorker.java:84)
	at org.testng.TestNG.runSuitesSequentially(TestNG.java:1208)
	at org.testng.TestNG.runSuitesSequentially(TestNG.java:1204)
	at org.testng.TestNG.runSuitesLocally(TestNG.java:1137)
	at org.testng.TestNG.runSuites(TestNG.java:1049)
	at org.testng.TestNG.run(TestNG.java:1017)
	at com.PanaAutomation.Base.runMC.main(runMC.java:28)
Caused by: java.lang.NullPointerException
	at com.PanaAutomation.Keywords.GenericKeywords.takeScreenShot(GenericKeywords.java:1513)
	at com.PanaAutomation.Keywords.GenericKeywords.reportFailure(GenericKeywords.java:1460)
	at com.PanaAutomation.Keywords.GenericKeywords.openBrowser(GenericKeywords.java:158)
	... 29 more
</pre></div></td>
<td>0</td>
<td>com.PanaMCAutomation.MC_Cart_Function.ID1493_20180619020135InventoryDashboardUnscrap@6c779568</td></tr>
<tr>
<td title='com.PanaMCAutomation.MC_Cart_Function.ID1494_InventoryDashboardMove.testB()'><b>testB</b><br>Test class: com.PanaMCAutomation.MC_Cart_Function.ID1494_InventoryDashboardMove<br>Parameters: {user=System, password=System, Runmode=Y, Browser=Chrome}</td>
<td><div><pre>java.lang.reflect.InvocationTargetException
	at com.PanaAutomation.Driver.DriverScript.executeKeywords(DriverScript.java:79)
	at com.PanaMCAutomation.MC_Cart_Function.ID1494_InventoryDashboardMove.testB(ID1494_InventoryDashboardMove.java:25)
	at com.PanaAutomation.Base.runMC.main(runMC.java:28)
Caused by: java.lang.NullPointerException
	at com.PanaAutomation.Keywords.GenericKeywords.takeScreenShot(GenericKeywords.java:1513)
	at com.PanaAutomation.Keywords.GenericKeywords.reportFailure(GenericKeywords.java:1460)
	at com.PanaAutomation.Keywords.GenericKeywords.openBrowser(GenericKeywords.java:158)
	... 29 more
... Removed 26 stack frames</pre></div><a href='#' onClick='toggleBox("stack-trace215600758", this, "Click to show all stack frames", "Click to hide stack frames")'>Click to show all stack frames</a>
<div class='stack-trace' id='stack-trace215600758'><pre>java.lang.reflect.InvocationTargetException
	at sun.reflect.GeneratedMethodAccessor52.invoke(Unknown Source)
	at sun.reflect.DelegatingMethodAccessorImpl.invoke(DelegatingMethodAccessorImpl.java:43)
	at java.lang.reflect.Method.invoke(Method.java:498)
	at com.PanaAutomation.Driver.DriverScript.executeKeywords(DriverScript.java:79)
	at com.PanaMCAutomation.MC_Cart_Function.ID1494_InventoryDashboardMove.testB(ID1494_InventoryDashboardMove.java:25)
	at sun.reflect.NativeMethodAccessorImpl.invoke0(Native Method)
	at sun.reflect.NativeMethodAccessorImpl.invoke(NativeMethodAccessorImpl.java:62)
	at sun.reflect.DelegatingMethodAccessorImpl.invoke(DelegatingMethodAccessorImpl.java:43)
	at java.lang.reflect.Method.invoke(Method.java:498)
	at org.testng.internal.MethodInvocationHelper.invokeMethod(MethodInvocationHelper.java:124)
	at org.testng.internal.Invoker.invokeMethod(Invoker.java:580)
	at org.testng.internal.Invoker.invokeTestMethod(Invoker.java:716)
	at org.testng.internal.Invoker.invokeTestMethods(Invoker.java:988)
	at org.testng.internal.TestMethodWorker.invokeTestMethods(TestMethodWorker.java:125)
	at org.testng.internal.TestMethodWorker.run(TestMethodWorker.java:109)
	at org.testng.TestRunner.privateRun(TestRunner.java:648)
	at org.testng.TestRunner.run(TestRunner.java:505)
	at org.testng.SuiteRunner.runTest(SuiteRunner.java:455)
	at org.testng.SuiteRunner.runSequentially(SuiteRunner.java:450)
	at org.testng.SuiteRunner.privateRun(SuiteRunner.java:415)
	at org.testng.SuiteRunner.run(SuiteRunner.java:364)
	at org.testng.SuiteRunnerWorker.runSuite(SuiteRunnerWorker.java:52)
	at org.testng.SuiteRunnerWorker.run(SuiteRunnerWorker.java:84)
	at org.testng.TestNG.runSuitesSequentially(TestNG.java:1208)
	at org.testng.TestNG.runSuitesSequentially(TestNG.java:1204)
	at org.testng.TestNG.runSuitesLocally(TestNG.java:1137)
	at org.testng.TestNG.runSuites(TestNG.java:1049)
	at org.testng.TestNG.run(TestNG.java:1017)
	at com.PanaAutomation.Base.runMC.main(runMC.java:28)
Caused by: java.lang.NullPointerException
	at com.PanaAutomation.Keywords.GenericKeywords.takeScreenShot(GenericKeywords.java:1513)
	at com.PanaAutomation.Keywords.GenericKeywords.reportFailure(GenericKeywords.java:1460)
	at com.PanaAutomation.Keywords.GenericKeywords.openBrowser(GenericKeywords.java:158)
	... 29 more
</pre></div></td>
<td>0</td>
<td>com.PanaMCAutomation.MC_Cart_Function.ID1494_InventoryDashboardMove@f381794</td></tr>
<tr>
<td title='com.PanaMCAutomation.MC_Cart_Function.ID1502_20180619020135InventoryDashboardMove.testB()'><b>testB</b><br>Test class: com.PanaMCAutomation.MC_Cart_Function.ID1502_20180619020135InventoryDashboardMove<br>Parameters: {user=System, password=System, partname2=PartMC, partname1=partmc, Runmode=Y, quantity=1000.0, Browser=Chrome}</td>
<td><div><pre>java.lang.reflect.InvocationTargetException
	at com.PanaAutomation.Driver.DriverScript.executeKeywords(DriverScript.java:79)
	at com.PanaMCAutomation.MC_Cart_Function.ID1502_20180619020135InventoryDashboardMove.testB(ID1502_20180619020135InventoryDashboardMove.java:25)
	at com.PanaAutomation.Base.runMC.main(runMC.java:28)
Caused by: java.lang.NullPointerException
	at com.PanaAutomation.Keywords.GenericKeywords.takeScreenShot(GenericKeywords.java:1513)
	at com.PanaAutomation.Keywords.GenericKeywords.reportFailure(GenericKeywords.java:1460)
	at com.PanaAutomation.Keywords.GenericKeywords.openBrowser(GenericKeywords.java:158)
	... 29 more
... Removed 26 stack frames</pre></div><a href='#' onClick='toggleBox("stack-trace1107168664", this, "Click to show all stack frames", "Click to hide stack frames")'>Click to show all stack frames</a>
<div class='stack-trace' id='stack-trace1107168664'><pre>java.lang.reflect.InvocationTargetException
	at sun.reflect.GeneratedMethodAccessor52.invoke(Unknown Source)
	at sun.reflect.DelegatingMethodAccessorImpl.invoke(DelegatingMethodAccessorImpl.java:43)
	at java.lang.reflect.Method.invoke(Method.java:498)
	at com.PanaAutomation.Driver.DriverScript.executeKeywords(DriverScript.java:79)
	at com.PanaMCAutomation.MC_Cart_Function.ID1502_20180619020135InventoryDashboardMove.testB(ID1502_20180619020135InventoryDashboardMove.java:25)
	at sun.reflect.NativeMethodAccessorImpl.invoke0(Native Method)
	at sun.reflect.NativeMethodAccessorImpl.invoke(NativeMethodAccessorImpl.java:62)
	at sun.reflect.DelegatingMethodAccessorImpl.invoke(DelegatingMethodAccessorImpl.java:43)
	at java.lang.reflect.Method.invoke(Method.java:498)
	at org.testng.internal.MethodInvocationHelper.invokeMethod(MethodInvocationHelper.java:124)
	at org.testng.internal.Invoker.invokeMethod(Invoker.java:580)
	at org.testng.internal.Invoker.invokeTestMethod(Invoker.java:716)
	at org.testng.internal.Invoker.invokeTestMethods(Invoker.java:988)
	at org.testng.internal.TestMethodWorker.invokeTestMethods(TestMethodWorker.java:125)
	at org.testng.internal.TestMethodWorker.run(TestMethodWorker.java:109)
	at org.testng.TestRunner.privateRun(TestRunner.java:648)
	at org.testng.TestRunner.run(TestRunner.java:505)
	at org.testng.SuiteRunner.runTest(SuiteRunner.java:455)
	at org.testng.SuiteRunner.runSequentially(SuiteRunner.java:450)
	at org.testng.SuiteRunner.privateRun(SuiteRunner.java:415)
	at org.testng.SuiteRunner.run(SuiteRunner.java:364)
	at org.testng.SuiteRunnerWorker.runSuite(SuiteRunnerWorker.java:52)
	at org.testng.SuiteRunnerWorker.run(SuiteRunnerWorker.java:84)
	at org.testng.TestNG.runSuitesSequentially(TestNG.java:1208)
	at org.testng.TestNG.runSuitesSequentially(TestNG.java:1204)
	at org.testng.TestNG.runSuitesLocally(TestNG.java:1137)
	at org.testng.TestNG.runSuites(TestNG.java:1049)
	at org.testng.TestNG.run(TestNG.java:1017)
	at com.PanaAutomation.Base.runMC.main(runMC.java:28)
Caused by: java.lang.NullPointerException
	at com.PanaAutomation.Keywords.GenericKeywords.takeScreenShot(GenericKeywords.java:1513)
	at com.PanaAutomation.Keywords.GenericKeywords.reportFailure(GenericKeywords.java:1460)
	at com.PanaAutomation.Keywords.GenericKeywords.openBrowser(GenericKeywords.java:158)
	... 29 more
</pre></div></td>
<td>0</td>
<td>com.PanaMCAutomation.MC_Cart_Function.ID1502_20180619020135InventoryDashboardMove@7e9131d5</td></tr>
<tr>
<td title='com.PanaMCAutomation.MC_Cart_Function.ID1503_20180619020135InventoryDashboardMove.testB()'><b>testB</b><br>Test class: com.PanaMCAutomation.MC_Cart_Function.ID1503_20180619020135InventoryDashboardMove<br>Parameters: {user=System, password=System, Runmode=Y, name2=PartNonMC, name1=PartMC, Browser=Chrome}</td>
<td><div><pre>java.lang.reflect.InvocationTargetException
	at com.PanaAutomation.Driver.DriverScript.executeKeywords(DriverScript.java:79)
	at com.PanaMCAutomation.MC_Cart_Function.ID1503_20180619020135InventoryDashboardMove.testB(ID1503_20180619020135InventoryDashboardMove.java:25)
	at com.PanaAutomation.Base.runMC.main(runMC.java:28)
Caused by: java.lang.NullPointerException
	at com.PanaAutomation.Keywords.GenericKeywords.takeScreenShot(GenericKeywords.java:1513)
	at com.PanaAutomation.Keywords.GenericKeywords.reportFailure(GenericKeywords.java:1460)
	at com.PanaAutomation.Keywords.GenericKeywords.openBrowser(GenericKeywords.java:158)
	... 29 more
... Removed 26 stack frames</pre></div><a href='#' onClick='toggleBox("stack-trace826306219", this, "Click to show all stack frames", "Click to hide stack frames")'>Click to show all stack frames</a>
<div class='stack-trace' id='stack-trace826306219'><pre>java.lang.reflect.InvocationTargetException
	at sun.reflect.GeneratedMethodAccessor52.invoke(Unknown Source)
	at sun.reflect.DelegatingMethodAccessorImpl.invoke(DelegatingMethodAccessorImpl.java:43)
	at java.lang.reflect.Method.invoke(Method.java:498)
	at com.PanaAutomation.Driver.DriverScript.executeKeywords(DriverScript.java:79)
	at com.PanaMCAutomation.MC_Cart_Function.ID1503_20180619020135InventoryDashboardMove.testB(ID1503_20180619020135InventoryDashboardMove.java:25)
	at sun.reflect.NativeMethodAccessorImpl.invoke0(Native Method)
	at sun.reflect.NativeMethodAccessorImpl.invoke(NativeMethodAccessorImpl.java:62)
	at sun.reflect.DelegatingMethodAccessorImpl.invoke(DelegatingMethodAccessorImpl.java:43)
	at java.lang.reflect.Method.invoke(Method.java:498)
	at org.testng.internal.MethodInvocationHelper.invokeMethod(MethodInvocationHelper.java:124)
	at org.testng.internal.Invoker.invokeMethod(Invoker.java:580)
	at org.testng.internal.Invoker.invokeTestMethod(Invoker.java:716)
	at org.testng.internal.Invoker.invokeTestMethods(Invoker.java:988)
	at org.testng.internal.TestMethodWorker.invokeTestMethods(TestMethodWorker.java:125)
	at org.testng.internal.TestMethodWorker.run(TestMethodWorker.java:109)
	at org.testng.TestRunner.privateRun(TestRunner.java:648)
	at org.testng.TestRunner.run(TestRunner.java:505)
	at org.testng.SuiteRunner.runTest(SuiteRunner.java:455)
	at org.testng.SuiteRunner.runSequentially(SuiteRunner.java:450)
	at org.testng.SuiteRunner.privateRun(SuiteRunner.java:415)
	at org.testng.SuiteRunner.run(SuiteRunner.java:364)
	at org.testng.SuiteRunnerWorker.runSuite(SuiteRunnerWorker.java:52)
	at org.testng.SuiteRunnerWorker.run(SuiteRunnerWorker.java:84)
	at org.testng.TestNG.runSuitesSequentially(TestNG.java:1208)
	at org.testng.TestNG.runSuitesSequentially(TestNG.java:1204)
	at org.testng.TestNG.runSuitesLocally(TestNG.java:1137)
	at org.testng.TestNG.runSuites(TestNG.java:1049)
	at org.testng.TestNG.run(TestNG.java:1017)
	at com.PanaAutomation.Base.runMC.main(runMC.java:28)
Caused by: java.lang.NullPointerException
	at com.PanaAutomation.Keywords.GenericKeywords.takeScreenShot(GenericKeywords.java:1513)
	at com.PanaAutomation.Keywords.GenericKeywords.reportFailure(GenericKeywords.java:1460)
	at com.PanaAutomation.Keywords.GenericKeywords.openBrowser(GenericKeywords.java:158)
	... 29 more
</pre></div></td>
<td>0</td>
<td>com.PanaMCAutomation.MC_Cart_Function.ID1503_20180619020135InventoryDashboardMove@2e1d27ba</td></tr>
<tr>
<td title='com.PanaMCAutomation.MC_Cart_Function.ID1495_20180619020135InventoryDashboardMove.testB()'><b>testB</b><br>Test class: com.PanaMCAutomation.MC_Cart_Function.ID1495_20180619020135InventoryDashboardMove<br>Parameters: {location=Restrict Location, user=System, password=System, Runmode=Y, value=1000, Browser=Chrome}</td>
<td><div><pre>java.lang.reflect.InvocationTargetException
	at com.PanaAutomation.Driver.DriverScript.executeKeywords(DriverScript.java:79)
	at com.PanaMCAutomation.MC_Cart_Function.ID1495_20180619020135InventoryDashboardMove.testB(ID1495_20180619020135InventoryDashboardMove.java:25)
	at com.PanaAutomation.Base.runMC.main(runMC.java:28)
Caused by: java.lang.NullPointerException
	at com.PanaAutomation.Keywords.GenericKeywords.takeScreenShot(GenericKeywords.java:1513)
	at com.PanaAutomation.Keywords.GenericKeywords.reportFailure(GenericKeywords.java:1460)
	at com.PanaAutomation.Keywords.GenericKeywords.openBrowser(GenericKeywords.java:158)
	... 29 more
... Removed 26 stack frames</pre></div><a href='#' onClick='toggleBox("stack-trace823786669", this, "Click to show all stack frames", "Click to hide stack frames")'>Click to show all stack frames</a>
<div class='stack-trace' id='stack-trace823786669'><pre>java.lang.reflect.InvocationTargetException
	at sun.reflect.GeneratedMethodAccessor52.invoke(Unknown Source)
	at sun.reflect.DelegatingMethodAccessorImpl.invoke(DelegatingMethodAccessorImpl.java:43)
	at java.lang.reflect.Method.invoke(Method.java:498)
	at com.PanaAutomation.Driver.DriverScript.executeKeywords(DriverScript.java:79)
	at com.PanaMCAutomation.MC_Cart_Function.ID1495_20180619020135InventoryDashboardMove.testB(ID1495_20180619020135InventoryDashboardMove.java:25)
	at sun.reflect.NativeMethodAccessorImpl.invoke0(Native Method)
	at sun.reflect.NativeMethodAccessorImpl.invoke(NativeMethodAccessorImpl.java:62)
	at sun.reflect.DelegatingMethodAccessorImpl.invoke(DelegatingMethodAccessorImpl.java:43)
	at java.lang.reflect.Method.invoke(Method.java:498)
	at org.testng.internal.MethodInvocationHelper.invokeMethod(MethodInvocationHelper.java:124)
	at org.testng.internal.Invoker.invokeMethod(Invoker.java:580)
	at org.testng.internal.Invoker.invokeTestMethod(Invoker.java:716)
	at org.testng.internal.Invoker.invokeTestMethods(Invoker.java:988)
	at org.testng.internal.TestMethodWorker.invokeTestMethods(TestMethodWorker.java:125)
	at org.testng.internal.TestMethodWorker.run(TestMethodWorker.java:109)
	at org.testng.TestRunner.privateRun(TestRunner.java:648)
	at org.testng.TestRunner.run(TestRunner.java:505)
	at org.testng.SuiteRunner.runTest(SuiteRunner.java:455)
	at org.testng.SuiteRunner.runSequentially(SuiteRunner.java:450)
	at org.testng.SuiteRunner.privateRun(SuiteRunner.java:415)
	at org.testng.SuiteRunner.run(SuiteRunner.java:364)
	at org.testng.SuiteRunnerWorker.runSuite(SuiteRunnerWorker.java:52)
	at org.testng.SuiteRunnerWorker.run(SuiteRunnerWorker.java:84)
	at org.testng.TestNG.runSuitesSequentially(TestNG.java:1208)
	at org.testng.TestNG.runSuitesSequentially(TestNG.java:1204)
	at org.testng.TestNG.runSuitesLocally(TestNG.java:1137)
	at org.testng.TestNG.runSuites(TestNG.java:1049)
	at org.testng.TestNG.run(TestNG.java:1017)
	at com.PanaAutomation.Base.runMC.main(runMC.java:28)
Caused by: java.lang.NullPointerException
	at com.PanaAutomation.Keywords.GenericKeywords.takeScreenShot(GenericKeywords.java:1513)
	at com.PanaAutomation.Keywords.GenericKeywords.reportFailure(GenericKeywords.java:1460)
	at com.PanaAutomation.Keywords.GenericKeywords.openBrowser(GenericKeywords.java:158)
	... 29 more
</pre></div></td>
<td>0</td>
<td>com.PanaMCAutomation.MC_Cart_Function.ID1495_20180619020135InventoryDashboardMove@61d6015a</td></tr>
<tr>
<td title='com.PanaMCAutomation.MC_Cart_Function.ID1496_20180619020135InventoryDashboardMove.testB()'><b>testB</b><br>Test class: com.PanaMCAutomation.MC_Cart_Function.ID1496_20180619020135InventoryDashboardMove<br>Parameters: {location=Restrict Location, user=System, password=System, Runmode=Y, comment=Move Material to new Location, Browser=Chrome}</td>
<td><div><pre>java.lang.reflect.InvocationTargetException
	at com.PanaAutomation.Driver.DriverScript.executeKeywords(DriverScript.java:79)
	at com.PanaMCAutomation.MC_Cart_Function.ID1496_20180619020135InventoryDashboardMove.testB(ID1496_20180619020135InventoryDashboardMove.java:25)
	at com.PanaAutomation.Base.runMC.main(runMC.java:28)
Caused by: java.lang.NullPointerException
	at com.PanaAutomation.Keywords.GenericKeywords.takeScreenShot(GenericKeywords.java:1513)
	at com.PanaAutomation.Keywords.GenericKeywords.reportFailure(GenericKeywords.java:1460)
	at com.PanaAutomation.Keywords.GenericKeywords.openBrowser(GenericKeywords.java:158)
	... 29 more
... Removed 26 stack frames</pre></div><a href='#' onClick='toggleBox("stack-trace1892828550", this, "Click to show all stack frames", "Click to hide stack frames")'>Click to show all stack frames</a>
<div class='stack-trace' id='stack-trace1892828550'><pre>java.lang.reflect.InvocationTargetException
	at sun.reflect.GeneratedMethodAccessor52.invoke(Unknown Source)
	at sun.reflect.DelegatingMethodAccessorImpl.invoke(DelegatingMethodAccessorImpl.java:43)
	at java.lang.reflect.Method.invoke(Method.java:498)
	at com.PanaAutomation.Driver.DriverScript.executeKeywords(DriverScript.java:79)
	at com.PanaMCAutomation.MC_Cart_Function.ID1496_20180619020135InventoryDashboardMove.testB(ID1496_20180619020135InventoryDashboardMove.java:25)
	at sun.reflect.NativeMethodAccessorImpl.invoke0(Native Method)
	at sun.reflect.NativeMethodAccessorImpl.invoke(NativeMethodAccessorImpl.java:62)
	at sun.reflect.DelegatingMethodAccessorImpl.invoke(DelegatingMethodAccessorImpl.java:43)
	at java.lang.reflect.Method.invoke(Method.java:498)
	at org.testng.internal.MethodInvocationHelper.invokeMethod(MethodInvocationHelper.java:124)
	at org.testng.internal.Invoker.invokeMethod(Invoker.java:580)
	at org.testng.internal.Invoker.invokeTestMethod(Invoker.java:716)
	at org.testng.internal.Invoker.invokeTestMethods(Invoker.java:988)
	at org.testng.internal.TestMethodWorker.invokeTestMethods(TestMethodWorker.java:125)
	at org.testng.internal.TestMethodWorker.run(TestMethodWorker.java:109)
	at org.testng.TestRunner.privateRun(TestRunner.java:648)
	at org.testng.TestRunner.run(TestRunner.java:505)
	at org.testng.SuiteRunner.runTest(SuiteRunner.java:455)
	at org.testng.SuiteRunner.runSequentially(SuiteRunner.java:450)
	at org.testng.SuiteRunner.privateRun(SuiteRunner.java:415)
	at org.testng.SuiteRunner.run(SuiteRunner.java:364)
	at org.testng.SuiteRunnerWorker.runSuite(SuiteRunnerWorker.java:52)
	at org.testng.SuiteRunnerWorker.run(SuiteRunnerWorker.java:84)
	at org.testng.TestNG.runSuitesSequentially(TestNG.java:1208)
	at org.testng.TestNG.runSuitesSequentially(TestNG.java:1204)
	at org.testng.TestNG.runSuitesLocally(TestNG.java:1137)
	at org.testng.TestNG.runSuites(TestNG.java:1049)
	at org.testng.TestNG.run(TestNG.java:1017)
	at com.PanaAutomation.Base.runMC.main(runMC.java:28)
Caused by: java.lang.NullPointerException
	at com.PanaAutomation.Keywords.GenericKeywords.takeScreenShot(GenericKeywords.java:1513)
	at com.PanaAutomation.Keywords.GenericKeywords.reportFailure(GenericKeywords.java:1460)
	at com.PanaAutomation.Keywords.GenericKeywords.openBrowser(GenericKeywords.java:158)
	... 29 more
</pre></div></td>
<td>0</td>
<td>com.PanaMCAutomation.MC_Cart_Function.ID1496_20180619020135InventoryDashboardMove@2525ff7e</td></tr>
<tr>
<td title='com.PanaMCAutomation.MC_Cart_Function.ID1497_20180619020135InventoryDashboardMove.testB()'><b>testB</b><br>Test class: com.PanaMCAutomation.MC_Cart_Function.ID1497_20180619020135InventoryDashboardMove<br>Parameters: {user=System, password=System, Runmode=Y, Browser=Chrome}</td>
<td><div><pre>java.lang.reflect.InvocationTargetException
	at com.PanaAutomation.Driver.DriverScript.executeKeywords(DriverScript.java:79)
	at com.PanaMCAutomation.MC_Cart_Function.ID1497_20180619020135InventoryDashboardMove.testB(ID1497_20180619020135InventoryDashboardMove.java:25)
	at com.PanaAutomation.Base.runMC.main(runMC.java:28)
Caused by: java.lang.NullPointerException
	at com.PanaAutomation.Keywords.GenericKeywords.takeScreenShot(GenericKeywords.java:1513)
	at com.PanaAutomation.Keywords.GenericKeywords.reportFailure(GenericKeywords.java:1460)
	at com.PanaAutomation.Keywords.GenericKeywords.openBrowser(GenericKeywords.java:158)
	... 29 more
... Removed 26 stack frames</pre></div><a href='#' onClick='toggleBox("stack-trace155333444", this, "Click to show all stack frames", "Click to hide stack frames")'>Click to show all stack frames</a>
<div class='stack-trace' id='stack-trace155333444'><pre>java.lang.reflect.InvocationTargetException
	at sun.reflect.GeneratedMethodAccessor52.invoke(Unknown Source)
	at sun.reflect.DelegatingMethodAccessorImpl.invoke(DelegatingMethodAccessorImpl.java:43)
	at java.lang.reflect.Method.invoke(Method.java:498)
	at com.PanaAutomation.Driver.DriverScript.executeKeywords(DriverScript.java:79)
	at com.PanaMCAutomation.MC_Cart_Function.ID1497_20180619020135InventoryDashboardMove.testB(ID1497_20180619020135InventoryDashboardMove.java:25)
	at sun.reflect.NativeMethodAccessorImpl.invoke0(Native Method)
	at sun.reflect.NativeMethodAccessorImpl.invoke(NativeMethodAccessorImpl.java:62)
	at sun.reflect.DelegatingMethodAccessorImpl.invoke(DelegatingMethodAccessorImpl.java:43)
	at java.lang.reflect.Method.invoke(Method.java:498)
	at org.testng.internal.MethodInvocationHelper.invokeMethod(MethodInvocationHelper.java:124)
	at org.testng.internal.Invoker.invokeMethod(Invoker.java:580)
	at org.testng.internal.Invoker.invokeTestMethod(Invoker.java:716)
	at org.testng.internal.Invoker.invokeTestMethods(Invoker.java:988)
	at org.testng.internal.TestMethodWorker.invokeTestMethods(TestMethodWorker.java:125)
	at org.testng.internal.TestMethodWorker.run(TestMethodWorker.java:109)
	at org.testng.TestRunner.privateRun(TestRunner.java:648)
	at org.testng.TestRunner.run(TestRunner.java:505)
	at org.testng.SuiteRunner.runTest(SuiteRunner.java:455)
	at org.testng.SuiteRunner.runSequentially(SuiteRunner.java:450)
	at org.testng.SuiteRunner.privateRun(SuiteRunner.java:415)
	at org.testng.SuiteRunner.run(SuiteRunner.java:364)
	at org.testng.SuiteRunnerWorker.runSuite(SuiteRunnerWorker.java:52)
	at org.testng.SuiteRunnerWorker.run(SuiteRunnerWorker.java:84)
	at org.testng.TestNG.runSuitesSequentially(TestNG.java:1208)
	at org.testng.TestNG.runSuitesSequentially(TestNG.java:1204)
	at org.testng.TestNG.runSuitesLocally(TestNG.java:1137)
	at org.testng.TestNG.runSuites(TestNG.java:1049)
	at org.testng.TestNG.run(TestNG.java:1017)
	at com.PanaAutomation.Base.runMC.main(runMC.java:28)
Caused by: java.lang.NullPointerException
	at com.PanaAutomation.Keywords.GenericKeywords.takeScreenShot(GenericKeywords.java:1513)
	at com.PanaAutomation.Keywords.GenericKeywords.reportFailure(GenericKeywords.java:1460)
	at com.PanaAutomation.Keywords.GenericKeywords.openBrowser(GenericKeywords.java:158)
	... 29 more
</pre></div></td>
<td>0</td>
<td>com.PanaMCAutomation.MC_Cart_Function.ID1497_20180619020135InventoryDashboardMove@524d6d96</td></tr>
<tr>
<td title='com.PanaMCAutomation.MC_Cart_Function.ID1498_20180619020135InventoryDashboardMove.testB()'><b>testB</b><br>Test class: com.PanaMCAutomation.MC_Cart_Function.ID1498_20180619020135InventoryDashboardMove<br>Parameters: {name6=Material ID, Runmode=Y, name5=Part Type, user=System, name4=Description, name3=Location, name2=Quantity, name1=State, password=System, Browser=Chrome}</td>
<td><div><pre>java.lang.reflect.InvocationTargetException
	at com.PanaAutomation.Driver.DriverScript.executeKeywords(DriverScript.java:79)
	at com.PanaMCAutomation.MC_Cart_Function.ID1498_20180619020135InventoryDashboardMove.testB(ID1498_20180619020135InventoryDashboardMove.java:25)
	at com.PanaAutomation.Base.runMC.main(runMC.java:28)
Caused by: java.lang.NullPointerException
	at com.PanaAutomation.Keywords.GenericKeywords.takeScreenShot(GenericKeywords.java:1513)
	at com.PanaAutomation.Keywords.GenericKeywords.reportFailure(GenericKeywords.java:1460)
	at com.PanaAutomation.Keywords.GenericKeywords.openBrowser(GenericKeywords.java:158)
	... 29 more
... Removed 26 stack frames</pre></div><a href='#' onClick='toggleBox("stack-trace1202138162", this, "Click to show all stack frames", "Click to hide stack frames")'>Click to show all stack frames</a>
<div class='stack-trace' id='stack-trace1202138162'><pre>java.lang.reflect.InvocationTargetException
	at sun.reflect.GeneratedMethodAccessor52.invoke(Unknown Source)
	at sun.reflect.DelegatingMethodAccessorImpl.invoke(DelegatingMethodAccessorImpl.java:43)
	at java.lang.reflect.Method.invoke(Method.java:498)
	at com.PanaAutomation.Driver.DriverScript.executeKeywords(DriverScript.java:79)
	at com.PanaMCAutomation.MC_Cart_Function.ID1498_20180619020135InventoryDashboardMove.testB(ID1498_20180619020135InventoryDashboardMove.java:25)
	at sun.reflect.NativeMethodAccessorImpl.invoke0(Native Method)
	at sun.reflect.NativeMethodAccessorImpl.invoke(NativeMethodAccessorImpl.java:62)
	at sun.reflect.DelegatingMethodAccessorImpl.invoke(DelegatingMethodAccessorImpl.java:43)
	at java.lang.reflect.Method.invoke(Method.java:498)
	at org.testng.internal.MethodInvocationHelper.invokeMethod(MethodInvocationHelper.java:124)
	at org.testng.internal.Invoker.invokeMethod(Invoker.java:580)
	at org.testng.internal.Invoker.invokeTestMethod(Invoker.java:716)
	at org.testng.internal.Invoker.invokeTestMethods(Invoker.java:988)
	at org.testng.internal.TestMethodWorker.invokeTestMethods(TestMethodWorker.java:125)
	at org.testng.internal.TestMethodWorker.run(TestMethodWorker.java:109)
	at org.testng.TestRunner.privateRun(TestRunner.java:648)
	at org.testng.TestRunner.run(TestRunner.java:505)
	at org.testng.SuiteRunner.runTest(SuiteRunner.java:455)
	at org.testng.SuiteRunner.runSequentially(SuiteRunner.java:450)
	at org.testng.SuiteRunner.privateRun(SuiteRunner.java:415)
	at org.testng.SuiteRunner.run(SuiteRunner.java:364)
	at org.testng.SuiteRunnerWorker.runSuite(SuiteRunnerWorker.java:52)
	at org.testng.SuiteRunnerWorker.run(SuiteRunnerWorker.java:84)
	at org.testng.TestNG.runSuitesSequentially(TestNG.java:1208)
	at org.testng.TestNG.runSuitesSequentially(TestNG.java:1204)
	at org.testng.TestNG.runSuitesLocally(TestNG.java:1137)
	at org.testng.TestNG.runSuites(TestNG.java:1049)
	at org.testng.TestNG.run(TestNG.java:1017)
	at com.PanaAutomation.Base.runMC.main(runMC.java:28)
Caused by: java.lang.NullPointerException
	at com.PanaAutomation.Keywords.GenericKeywords.takeScreenShot(GenericKeywords.java:1513)
	at com.PanaAutomation.Keywords.GenericKeywords.reportFailure(GenericKeywords.java:1460)
	at com.PanaAutomation.Keywords.GenericKeywords.openBrowser(GenericKeywords.java:158)
	... 29 more
</pre></div></td>
<td>0</td>
<td>com.PanaMCAutomation.MC_Cart_Function.ID1498_20180619020135InventoryDashboardMove@152aa092</td></tr>
<tr>
<td title='com.PanaMCAutomation.MC_Cart_Function.ID1499_20180619020135InventoryDashboardMove.testB()'><b>testB</b><br>Test class: com.PanaMCAutomation.MC_Cart_Function.ID1499_20180619020135InventoryDashboardMove<br>Parameters: {data1=//th[text()='Location'], user=System, password=System, Runmode=Y, data=//th[text()='Description'], Browser=Chrome}</td>
<td><div><pre>java.lang.reflect.InvocationTargetException
	at com.PanaAutomation.Driver.DriverScript.executeKeywords(DriverScript.java:79)
	at com.PanaMCAutomation.MC_Cart_Function.ID1499_20180619020135InventoryDashboardMove.testB(ID1499_20180619020135InventoryDashboardMove.java:25)
	at com.PanaAutomation.Base.runMC.main(runMC.java:28)
Caused by: java.lang.NullPointerException
	at com.PanaAutomation.Keywords.GenericKeywords.takeScreenShot(GenericKeywords.java:1513)
	at com.PanaAutomation.Keywords.GenericKeywords.reportFailure(GenericKeywords.java:1460)
	at com.PanaAutomation.Keywords.GenericKeywords.openBrowser(GenericKeywords.java:158)
	... 29 more
... Removed 26 stack frames</pre></div><a href='#' onClick='toggleBox("stack-trace294485518", this, "Click to show all stack frames", "Click to hide stack frames")'>Click to show all stack frames</a>
<div class='stack-trace' id='stack-trace294485518'><pre>java.lang.reflect.InvocationTargetException
	at sun.reflect.GeneratedMethodAccessor52.invoke(Unknown Source)
	at sun.reflect.DelegatingMethodAccessorImpl.invoke(DelegatingMethodAccessorImpl.java:43)
	at java.lang.reflect.Method.invoke(Method.java:498)
	at com.PanaAutomation.Driver.DriverScript.executeKeywords(DriverScript.java:79)
	at com.PanaMCAutomation.MC_Cart_Function.ID1499_20180619020135InventoryDashboardMove.testB(ID1499_20180619020135InventoryDashboardMove.java:25)
	at sun.reflect.NativeMethodAccessorImpl.invoke0(Native Method)
	at sun.reflect.NativeMethodAccessorImpl.invoke(NativeMethodAccessorImpl.java:62)
	at sun.reflect.DelegatingMethodAccessorImpl.invoke(DelegatingMethodAccessorImpl.java:43)
	at java.lang.reflect.Method.invoke(Method.java:498)
	at org.testng.internal.MethodInvocationHelper.invokeMethod(MethodInvocationHelper.java:124)
	at org.testng.internal.Invoker.invokeMethod(Invoker.java:580)
	at org.testng.internal.Invoker.invokeTestMethod(Invoker.java:716)
	at org.testng.internal.Invoker.invokeTestMethods(Invoker.java:988)
	at org.testng.internal.TestMethodWorker.invokeTestMethods(TestMethodWorker.java:125)
	at org.testng.internal.TestMethodWorker.run(TestMethodWorker.java:109)
	at org.testng.TestRunner.privateRun(TestRunner.java:648)
	at org.testng.TestRunner.run(TestRunner.java:505)
	at org.testng.SuiteRunner.runTest(SuiteRunner.java:455)
	at org.testng.SuiteRunner.runSequentially(SuiteRunner.java:450)
	at org.testng.SuiteRunner.privateRun(SuiteRunner.java:415)
	at org.testng.SuiteRunner.run(SuiteRunner.java:364)
	at org.testng.SuiteRunnerWorker.runSuite(SuiteRunnerWorker.java:52)
	at org.testng.SuiteRunnerWorker.run(SuiteRunnerWorker.java:84)
	at org.testng.TestNG.runSuitesSequentially(TestNG.java:1208)
	at org.testng.TestNG.runSuitesSequentially(TestNG.java:1204)
	at org.testng.TestNG.runSuitesLocally(TestNG.java:1137)
	at org.testng.TestNG.runSuites(TestNG.java:1049)
	at org.testng.TestNG.run(TestNG.java:1017)
	at com.PanaAutomation.Base.runMC.main(runMC.java:28)
Caused by: java.lang.NullPointerException
	at com.PanaAutomation.Keywords.GenericKeywords.takeScreenShot(GenericKeywords.java:1513)
	at com.PanaAutomation.Keywords.GenericKeywords.reportFailure(GenericKeywords.java:1460)
	at com.PanaAutomation.Keywords.GenericKeywords.openBrowser(GenericKeywords.java:158)
	... 29 more
</pre></div></td>
<td>0</td>
<td>com.PanaMCAutomation.MC_Cart_Function.ID1499_20180619020135InventoryDashboardMove@44a7bfbc</td></tr>
<tr>
<td title='com.PanaMCAutomation.MC_Cart_Function.ID_InventoryDashboardUnSealWithoutLocation.testB()'><b>testB</b><br>Test class: com.PanaMCAutomation.MC_Cart_Function.ID_InventoryDashboardUnSealWithoutLocation<br>Parameters: {user=System, password=System, partname=partmsd, Runmode=Y, quantity=1000.0, Browser=Chrome}</td>
<td><div><pre>java.lang.reflect.InvocationTargetException
	at com.PanaAutomation.Driver.DriverScript.executeKeywords(DriverScript.java:79)
	at com.PanaMCAutomation.MC_Cart_Function.ID_InventoryDashboardUnSealWithoutLocation.testB(ID_InventoryDashboardUnSealWithoutLocation.java:25)
	at com.PanaAutomation.Base.runMC.main(runMC.java:28)
Caused by: java.lang.NullPointerException
	at com.PanaAutomation.Keywords.GenericKeywords.takeScreenShot(GenericKeywords.java:1513)
	at com.PanaAutomation.Keywords.GenericKeywords.reportFailure(GenericKeywords.java:1460)
	at com.PanaAutomation.Keywords.GenericKeywords.openBrowser(GenericKeywords.java:158)
	... 29 more
... Removed 26 stack frames</pre></div><a href='#' onClick='toggleBox("stack-trace1161399216", this, "Click to show all stack frames", "Click to hide stack frames")'>Click to show all stack frames</a>
<div class='stack-trace' id='stack-trace1161399216'><pre>java.lang.reflect.InvocationTargetException
	at sun.reflect.GeneratedMethodAccessor52.invoke(Unknown Source)
	at sun.reflect.DelegatingMethodAccessorImpl.invoke(DelegatingMethodAccessorImpl.java:43)
	at java.lang.reflect.Method.invoke(Method.java:498)
	at com.PanaAutomation.Driver.DriverScript.executeKeywords(DriverScript.java:79)
	at com.PanaMCAutomation.MC_Cart_Function.ID_InventoryDashboardUnSealWithoutLocation.testB(ID_InventoryDashboardUnSealWithoutLocation.java:25)
	at sun.reflect.NativeMethodAccessorImpl.invoke0(Native Method)
	at sun.reflect.NativeMethodAccessorImpl.invoke(NativeMethodAccessorImpl.java:62)
	at sun.reflect.DelegatingMethodAccessorImpl.invoke(DelegatingMethodAccessorImpl.java:43)
	at java.lang.reflect.Method.invoke(Method.java:498)
	at org.testng.internal.MethodInvocationHelper.invokeMethod(MethodInvocationHelper.java:124)
	at org.testng.internal.Invoker.invokeMethod(Invoker.java:580)
	at org.testng.internal.Invoker.invokeTestMethod(Invoker.java:716)
	at org.testng.internal.Invoker.invokeTestMethods(Invoker.java:988)
	at org.testng.internal.TestMethodWorker.invokeTestMethods(TestMethodWorker.java:125)
	at org.testng.internal.TestMethodWorker.run(TestMethodWorker.java:109)
	at org.testng.TestRunner.privateRun(TestRunner.java:648)
	at org.testng.TestRunner.run(TestRunner.java:505)
	at org.testng.SuiteRunner.runTest(SuiteRunner.java:455)
	at org.testng.SuiteRunner.runSequentially(SuiteRunner.java:450)
	at org.testng.SuiteRunner.privateRun(SuiteRunner.java:415)
	at org.testng.SuiteRunner.run(SuiteRunner.java:364)
	at org.testng.SuiteRunnerWorker.runSuite(SuiteRunnerWorker.java:52)
	at org.testng.SuiteRunnerWorker.run(SuiteRunnerWorker.java:84)
	at org.testng.TestNG.runSuitesSequentially(TestNG.java:1208)
	at org.testng.TestNG.runSuitesSequentially(TestNG.java:1204)
	at org.testng.TestNG.runSuitesLocally(TestNG.java:1137)
	at org.testng.TestNG.runSuites(TestNG.java:1049)
	at org.testng.TestNG.run(TestNG.java:1017)
	at com.PanaAutomation.Base.runMC.main(runMC.java:28)
Caused by: java.lang.NullPointerException
	at com.PanaAutomation.Keywords.GenericKeywords.takeScreenShot(GenericKeywords.java:1513)
	at com.PanaAutomation.Keywords.GenericKeywords.reportFailure(GenericKeywords.java:1460)
	at com.PanaAutomation.Keywords.GenericKeywords.openBrowser(GenericKeywords.java:158)
	... 29 more
</pre></div></td>
<td>0</td>
<td>com.PanaMCAutomation.MC_Cart_Function.ID_InventoryDashboardUnSealWithoutLocation@4ef37659</td></tr>
<tr>
<td title='com.PanaMCAutomation.MC_Cart_Function.ID_InventoryDashboardUnSeal.testB()'><b>testB</b><br>Test class: com.PanaMCAutomation.MC_Cart_Function.ID_InventoryDashboardUnSeal<br>Parameters: {location=CAB-G1, user=System, password=System, Runmode=Y, Browser=Chrome}</td>
<td><div><pre>java.lang.reflect.InvocationTargetException
	at com.PanaAutomation.Driver.DriverScript.executeKeywords(DriverScript.java:79)
	at com.PanaMCAutomation.MC_Cart_Function.ID_InventoryDashboardUnSeal.testB(ID_InventoryDashboardUnSeal.java:25)
	at com.PanaAutomation.Base.runMC.main(runMC.java:28)
Caused by: java.lang.NullPointerException
	at com.PanaAutomation.Keywords.GenericKeywords.takeScreenShot(GenericKeywords.java:1513)
	at com.PanaAutomation.Keywords.GenericKeywords.reportFailure(GenericKeywords.java:1460)
	at com.PanaAutomation.Keywords.GenericKeywords.openBrowser(GenericKeywords.java:158)
	... 29 more
... Removed 26 stack frames</pre></div><a href='#' onClick='toggleBox("stack-trace815450270", this, "Click to show all stack frames", "Click to hide stack frames")'>Click to show all stack frames</a>
<div class='stack-trace' id='stack-trace815450270'><pre>java.lang.reflect.InvocationTargetException
	at sun.reflect.GeneratedMethodAccessor52.invoke(Unknown Source)
	at sun.reflect.DelegatingMethodAccessorImpl.invoke(DelegatingMethodAccessorImpl.java:43)
	at java.lang.reflect.Method.invoke(Method.java:498)
	at com.PanaAutomation.Driver.DriverScript.executeKeywords(DriverScript.java:79)
	at com.PanaMCAutomation.MC_Cart_Function.ID_InventoryDashboardUnSeal.testB(ID_InventoryDashboardUnSeal.java:25)
	at sun.reflect.NativeMethodAccessorImpl.invoke0(Native Method)
	at sun.reflect.NativeMethodAccessorImpl.invoke(NativeMethodAccessorImpl.java:62)
	at sun.reflect.DelegatingMethodAccessorImpl.invoke(DelegatingMethodAccessorImpl.java:43)
	at java.lang.reflect.Method.invoke(Method.java:498)
	at org.testng.internal.MethodInvocationHelper.invokeMethod(MethodInvocationHelper.java:124)
	at org.testng.internal.Invoker.invokeMethod(Invoker.java:580)
	at org.testng.internal.Invoker.invokeTestMethod(Invoker.java:716)
	at org.testng.internal.Invoker.invokeTestMethods(Invoker.java:988)
	at org.testng.internal.TestMethodWorker.invokeTestMethods(TestMethodWorker.java:125)
	at org.testng.internal.TestMethodWorker.run(TestMethodWorker.java:109)
	at org.testng.TestRunner.privateRun(TestRunner.java:648)
	at org.testng.TestRunner.run(TestRunner.java:505)
	at org.testng.SuiteRunner.runTest(SuiteRunner.java:455)
	at org.testng.SuiteRunner.runSequentially(SuiteRunner.java:450)
	at org.testng.SuiteRunner.privateRun(SuiteRunner.java:415)
	at org.testng.SuiteRunner.run(SuiteRunner.java:364)
	at org.testng.SuiteRunnerWorker.runSuite(SuiteRunnerWorker.java:52)
	at org.testng.SuiteRunnerWorker.run(SuiteRunnerWorker.java:84)
	at org.testng.TestNG.runSuitesSequentially(TestNG.java:1208)
	at org.testng.TestNG.runSuitesSequentially(TestNG.java:1204)
	at org.testng.TestNG.runSuitesLocally(TestNG.java:1137)
	at org.testng.TestNG.runSuites(TestNG.java:1049)
	at org.testng.TestNG.run(TestNG.java:1017)
	at com.PanaAutomation.Base.runMC.main(runMC.java:28)
Caused by: java.lang.NullPointerException
	at com.PanaAutomation.Keywords.GenericKeywords.takeScreenShot(GenericKeywords.java:1513)
	at com.PanaAutomation.Keywords.GenericKeywords.reportFailure(GenericKeywords.java:1460)
	at com.PanaAutomation.Keywords.GenericKeywords.openBrowser(GenericKeywords.java:158)
	... 29 more
</pre></div></td>
<td>0</td>
<td>com.PanaMCAutomation.MC_Cart_Function.ID_InventoryDashboardUnSeal@776b83cc</td></tr>
<tr>
<td title='com.PanaMCAutomation.MC_Cart_Function.ID_InventoryDashboardSealWithoutLocation.testB()'><b>testB</b><br>Test class: com.PanaMCAutomation.MC_Cart_Function.ID_InventoryDashboardSealWithoutLocation<br>Parameters: {user=System, password=System, Runmode=Y, Browser=Chrome}</td>
<td><div><pre>java.lang.reflect.InvocationTargetException
	at com.PanaAutomation.Driver.DriverScript.executeKeywords(DriverScript.java:79)
	at com.PanaMCAutomation.MC_Cart_Function.ID_InventoryDashboardSealWithoutLocation.testB(ID_InventoryDashboardSealWithoutLocation.java:25)
	at com.PanaAutomation.Base.runMC.main(runMC.java:28)
Caused by: java.lang.NullPointerException
	at com.PanaAutomation.Keywords.GenericKeywords.takeScreenShot(GenericKeywords.java:1513)
	at com.PanaAutomation.Keywords.GenericKeywords.reportFailure(GenericKeywords.java:1460)
	at com.PanaAutomation.Keywords.GenericKeywords.openBrowser(GenericKeywords.java:158)
	... 29 more
... Removed 26 stack frames</pre></div><a href='#' onClick='toggleBox("stack-trace542295199", this, "Click to show all stack frames", "Click to hide stack frames")'>Click to show all stack frames</a>
<div class='stack-trace' id='stack-trace542295199'><pre>java.lang.reflect.InvocationTargetException
	at sun.reflect.GeneratedMethodAccessor52.invoke(Unknown Source)
	at sun.reflect.DelegatingMethodAccessorImpl.invoke(DelegatingMethodAccessorImpl.java:43)
	at java.lang.reflect.Method.invoke(Method.java:498)
	at com.PanaAutomation.Driver.DriverScript.executeKeywords(DriverScript.java:79)
	at com.PanaMCAutomation.MC_Cart_Function.ID_InventoryDashboardSealWithoutLocation.testB(ID_InventoryDashboardSealWithoutLocation.java:25)
	at sun.reflect.NativeMethodAccessorImpl.invoke0(Native Method)
	at sun.reflect.NativeMethodAccessorImpl.invoke(NativeMethodAccessorImpl.java:62)
	at sun.reflect.DelegatingMethodAccessorImpl.invoke(DelegatingMethodAccessorImpl.java:43)
	at java.lang.reflect.Method.invoke(Method.java:498)
	at org.testng.internal.MethodInvocationHelper.invokeMethod(MethodInvocationHelper.java:124)
	at org.testng.internal.Invoker.invokeMethod(Invoker.java:580)
	at org.testng.internal.Invoker.invokeTestMethod(Invoker.java:716)
	at org.testng.internal.Invoker.invokeTestMethods(Invoker.java:988)
	at org.testng.internal.TestMethodWorker.invokeTestMethods(TestMethodWorker.java:125)
	at org.testng.internal.TestMethodWorker.run(TestMethodWorker.java:109)
	at org.testng.TestRunner.privateRun(TestRunner.java:648)
	at org.testng.TestRunner.run(TestRunner.java:505)
	at org.testng.SuiteRunner.runTest(SuiteRunner.java:455)
	at org.testng.SuiteRunner.runSequentially(SuiteRunner.java:450)
	at org.testng.SuiteRunner.privateRun(SuiteRunner.java:415)
	at org.testng.SuiteRunner.run(SuiteRunner.java:364)
	at org.testng.SuiteRunnerWorker.runSuite(SuiteRunnerWorker.java:52)
	at org.testng.SuiteRunnerWorker.run(SuiteRunnerWorker.java:84)
	at org.testng.TestNG.runSuitesSequentially(TestNG.java:1208)
	at org.testng.TestNG.runSuitesSequentially(TestNG.java:1204)
	at org.testng.TestNG.runSuitesLocally(TestNG.java:1137)
	at org.testng.TestNG.runSuites(TestNG.java:1049)
	at org.testng.TestNG.run(TestNG.java:1017)
	at com.PanaAutomation.Base.runMC.main(runMC.java:28)
Caused by: java.lang.NullPointerException
	at com.PanaAutomation.Keywords.GenericKeywords.takeScreenShot(GenericKeywords.java:1513)
	at com.PanaAutomation.Keywords.GenericKeywords.reportFailure(GenericKeywords.java:1460)
	at com.PanaAutomation.Keywords.GenericKeywords.openBrowser(GenericKeywords.java:158)
	... 29 more
</pre></div></td>
<td>0</td>
<td>com.PanaMCAutomation.MC_Cart_Function.ID_InventoryDashboardSealWithoutLocation@37858383</td></tr>
<tr>
<td title='com.PanaMCAutomation.MC_Cart_Function.ID_InventoryDashboardSeal.testB()'><b>testB</b><br>Test class: com.PanaMCAutomation.MC_Cart_Function.ID_InventoryDashboardSeal<br>Parameters: {location=CAB-G1, user=System, password=System, Runmode=Y, Browser=Chrome}</td>
<td><div><pre>java.lang.reflect.InvocationTargetException
	at com.PanaAutomation.Driver.DriverScript.executeKeywords(DriverScript.java:79)
	at com.PanaMCAutomation.MC_Cart_Function.ID_InventoryDashboardSeal.testB(ID_InventoryDashboardSeal.java:25)
	at com.PanaAutomation.Base.runMC.main(runMC.java:28)
Caused by: java.lang.NullPointerException
	at com.PanaAutomation.Keywords.GenericKeywords.takeScreenShot(GenericKeywords.java:1513)
	at com.PanaAutomation.Keywords.GenericKeywords.reportFailure(GenericKeywords.java:1460)
	at com.PanaAutomation.Keywords.GenericKeywords.openBrowser(GenericKeywords.java:158)
	... 29 more
... Removed 26 stack frames</pre></div><a href='#' onClick='toggleBox("stack-trace1626803358", this, "Click to show all stack frames", "Click to hide stack frames")'>Click to show all stack frames</a>
<div class='stack-trace' id='stack-trace1626803358'><pre>java.lang.reflect.InvocationTargetException
	at sun.reflect.GeneratedMethodAccessor52.invoke(Unknown Source)
	at sun.reflect.DelegatingMethodAccessorImpl.invoke(DelegatingMethodAccessorImpl.java:43)
	at java.lang.reflect.Method.invoke(Method.java:498)
	at com.PanaAutomation.Driver.DriverScript.executeKeywords(DriverScript.java:79)
	at com.PanaMCAutomation.MC_Cart_Function.ID_InventoryDashboardSeal.testB(ID_InventoryDashboardSeal.java:25)
	at sun.reflect.NativeMethodAccessorImpl.invoke0(Native Method)
	at sun.reflect.NativeMethodAccessorImpl.invoke(NativeMethodAccessorImpl.java:62)
	at sun.reflect.DelegatingMethodAccessorImpl.invoke(DelegatingMethodAccessorImpl.java:43)
	at java.lang.reflect.Method.invoke(Method.java:498)
	at org.testng.internal.MethodInvocationHelper.invokeMethod(MethodInvocationHelper.java:124)
	at org.testng.internal.Invoker.invokeMethod(Invoker.java:580)
	at org.testng.internal.Invoker.invokeTestMethod(Invoker.java:716)
	at org.testng.internal.Invoker.invokeTestMethods(Invoker.java:988)
	at org.testng.internal.TestMethodWorker.invokeTestMethods(TestMethodWorker.java:125)
	at org.testng.internal.TestMethodWorker.run(TestMethodWorker.java:109)
	at org.testng.TestRunner.privateRun(TestRunner.java:648)
	at org.testng.TestRunner.run(TestRunner.java:505)
	at org.testng.SuiteRunner.runTest(SuiteRunner.java:455)
	at org.testng.SuiteRunner.runSequentially(SuiteRunner.java:450)
	at org.testng.SuiteRunner.privateRun(SuiteRunner.java:415)
	at org.testng.SuiteRunner.run(SuiteRunner.java:364)
	at org.testng.SuiteRunnerWorker.runSuite(SuiteRunnerWorker.java:52)
	at org.testng.SuiteRunnerWorker.run(SuiteRunnerWorker.java:84)
	at org.testng.TestNG.runSuitesSequentially(TestNG.java:1208)
	at org.testng.TestNG.runSuitesSequentially(TestNG.java:1204)
	at org.testng.TestNG.runSuitesLocally(TestNG.java:1137)
	at org.testng.TestNG.runSuites(TestNG.java:1049)
	at org.testng.TestNG.run(TestNG.java:1017)
	at com.PanaAutomation.Base.runMC.main(runMC.java:28)
Caused by: java.lang.NullPointerException
	at com.PanaAutomation.Keywords.GenericKeywords.takeScreenShot(GenericKeywords.java:1513)
	at com.PanaAutomation.Keywords.GenericKeywords.reportFailure(GenericKeywords.java:1460)
	at com.PanaAutomation.Keywords.GenericKeywords.openBrowser(GenericKeywords.java:158)
	... 29 more
</pre></div></td>
<td>0</td>
<td>com.PanaMCAutomation.MC_Cart_Function.ID_InventoryDashboardSeal@4e268090</td></tr>
<tr>
<td title='com.PanaMCAutomation.MC_Cart_Function.ID_InventoryDashboardAutoZero.testB()'><b>testB</b><br>Test class: com.PanaMCAutomation.MC_Cart_Function.ID_InventoryDashboardAutoZero<br>Parameters: {user=System, password=System, Runmode=Y, Browser=Chrome}</td>
<td><div><pre>java.lang.reflect.InvocationTargetException
	at com.PanaAutomation.Driver.DriverScript.executeKeywords(DriverScript.java:79)
	at com.PanaMCAutomation.MC_Cart_Function.ID_InventoryDashboardAutoZero.testB(ID_InventoryDashboardAutoZero.java:25)
	at com.PanaAutomation.Base.runMC.main(runMC.java:28)
Caused by: java.lang.NullPointerException
	at com.PanaAutomation.Keywords.GenericKeywords.takeScreenShot(GenericKeywords.java:1513)
	at com.PanaAutomation.Keywords.GenericKeywords.reportFailure(GenericKeywords.java:1460)
	at com.PanaAutomation.Keywords.GenericKeywords.openBrowser(GenericKeywords.java:158)
	... 29 more
... Removed 26 stack frames</pre></div><a href='#' onClick='toggleBox("stack-trace246761244", this, "Click to show all stack frames", "Click to hide stack frames")'>Click to show all stack frames</a>
<div class='stack-trace' id='stack-trace246761244'><pre>java.lang.reflect.InvocationTargetException
	at sun.reflect.GeneratedMethodAccessor52.invoke(Unknown Source)
	at sun.reflect.DelegatingMethodAccessorImpl.invoke(DelegatingMethodAccessorImpl.java:43)
	at java.lang.reflect.Method.invoke(Method.java:498)
	at com.PanaAutomation.Driver.DriverScript.executeKeywords(DriverScript.java:79)
	at com.PanaMCAutomation.MC_Cart_Function.ID_InventoryDashboardAutoZero.testB(ID_InventoryDashboardAutoZero.java:25)
	at sun.reflect.NativeMethodAccessorImpl.invoke0(Native Method)
	at sun.reflect.NativeMethodAccessorImpl.invoke(NativeMethodAccessorImpl.java:62)
	at sun.reflect.DelegatingMethodAccessorImpl.invoke(DelegatingMethodAccessorImpl.java:43)
	at java.lang.reflect.Method.invoke(Method.java:498)
	at org.testng.internal.MethodInvocationHelper.invokeMethod(MethodInvocationHelper.java:124)
	at org.testng.internal.Invoker.invokeMethod(Invoker.java:580)
	at org.testng.internal.Invoker.invokeTestMethod(Invoker.java:716)
	at org.testng.internal.Invoker.invokeTestMethods(Invoker.java:988)
	at org.testng.internal.TestMethodWorker.invokeTestMethods(TestMethodWorker.java:125)
	at org.testng.internal.TestMethodWorker.run(TestMethodWorker.java:109)
	at org.testng.TestRunner.privateRun(TestRunner.java:648)
	at org.testng.TestRunner.run(TestRunner.java:505)
	at org.testng.SuiteRunner.runTest(SuiteRunner.java:455)
	at org.testng.SuiteRunner.runSequentially(SuiteRunner.java:450)
	at org.testng.SuiteRunner.privateRun(SuiteRunner.java:415)
	at org.testng.SuiteRunner.run(SuiteRunner.java:364)
	at org.testng.SuiteRunnerWorker.runSuite(SuiteRunnerWorker.java:52)
	at org.testng.SuiteRunnerWorker.run(SuiteRunnerWorker.java:84)
	at org.testng.TestNG.runSuitesSequentially(TestNG.java:1208)
	at org.testng.TestNG.runSuitesSequentially(TestNG.java:1204)
	at org.testng.TestNG.runSuitesLocally(TestNG.java:1137)
	at org.testng.TestNG.runSuites(TestNG.java:1049)
	at org.testng.TestNG.run(TestNG.java:1017)
	at com.PanaAutomation.Base.runMC.main(runMC.java:28)
Caused by: java.lang.NullPointerException
	at com.PanaAutomation.Keywords.GenericKeywords.takeScreenShot(GenericKeywords.java:1513)
	at com.PanaAutomation.Keywords.GenericKeywords.reportFailure(GenericKeywords.java:1460)
	at com.PanaAutomation.Keywords.GenericKeywords.openBrowser(GenericKeywords.java:158)
	... 29 more
</pre></div></td>
<td>0</td>
<td>com.PanaMCAutomation.MC_Cart_Function.ID_InventoryDashboardAutoZero@1bb266b3</td></tr>
</table><p>
<table width='100%' border='1' class='invocation-skipped'>
<tr><td colspan='4' align='center'><b>SKIPPED TESTS</b></td></tr>
<tr><td><b>Test method</b></td>
<td width="30%"><b>Exception</b></td>
<td width="10%"><b>Time (seconds)</b></td>
<td><b>Instance</b></td>
</tr>
<tr>
<td title='com.PanaMCAutomation.MC_Cart_Function.ID1501_20180619020135InventoryDashboardMove.testB()'><b>testB</b><br>Test class: com.PanaMCAutomation.MC_Cart_Function.ID1501_20180619020135InventoryDashboardMove<br>Parameters: {location=CAB-G1A, user=System, name=PartNonMC, password=System, Runmode=Y, description=Part-NonMC, Browser=Chrome}</td>
<td><div><pre>org.testng.SkipException: Runmode is set to No
	at com.PanaMCAutomation.MC_Cart_Function.ID1501_20180619020135InventoryDashboardMove.testB(ID1501_20180619020135InventoryDashboardMove.java:22)
	at com.PanaAutomation.Base.runMC.main(runMC.java:28)
... Removed 23 stack frames</pre></div><a href='#' onClick='toggleBox("stack-trace1789843584", this, "Click to show all stack frames", "Click to hide stack frames")'>Click to show all stack frames</a>
<div class='stack-trace' id='stack-trace1789843584'><pre>org.testng.SkipException: Runmode is set to No
	at com.PanaMCAutomation.MC_Cart_Function.ID1501_20180619020135InventoryDashboardMove.testB(ID1501_20180619020135InventoryDashboardMove.java:22)
	at sun.reflect.NativeMethodAccessorImpl.invoke0(Native Method)
	at sun.reflect.NativeMethodAccessorImpl.invoke(NativeMethodAccessorImpl.java:62)
	at sun.reflect.DelegatingMethodAccessorImpl.invoke(DelegatingMethodAccessorImpl.java:43)
	at java.lang.reflect.Method.invoke(Method.java:498)
	at org.testng.internal.MethodInvocationHelper.invokeMethod(MethodInvocationHelper.java:124)
	at org.testng.internal.Invoker.invokeMethod(Invoker.java:580)
	at org.testng.internal.Invoker.invokeTestMethod(Invoker.java:716)
	at org.testng.internal.Invoker.invokeTestMethods(Invoker.java:988)
	at org.testng.internal.TestMethodWorker.invokeTestMethods(TestMethodWorker.java:125)
	at org.testng.internal.TestMethodWorker.run(TestMethodWorker.java:109)
	at org.testng.TestRunner.privateRun(TestRunner.java:648)
	at org.testng.TestRunner.run(TestRunner.java:505)
	at org.testng.SuiteRunner.runTest(SuiteRunner.java:455)
	at org.testng.SuiteRunner.runSequentially(SuiteRunner.java:450)
	at org.testng.SuiteRunner.privateRun(SuiteRunner.java:415)
	at org.testng.SuiteRunner.run(SuiteRunner.java:364)
	at org.testng.SuiteRunnerWorker.runSuite(SuiteRunnerWorker.java:52)
	at org.testng.SuiteRunnerWorker.run(SuiteRunnerWorker.java:84)
	at org.testng.TestNG.runSuitesSequentially(TestNG.java:1208)
	at org.testng.TestNG.runSuitesSequentially(TestNG.java:1204)
	at org.testng.TestNG.runSuitesLocally(TestNG.java:1137)
	at org.testng.TestNG.runSuites(TestNG.java:1049)
	at org.testng.TestNG.run(TestNG.java:1017)
	at com.PanaAutomation.Base.runMC.main(runMC.java:28)
</pre></div></td>
<td>0</td>
<td>com.PanaMCAutomation.MC_Cart_Function.ID1501_20180619020135InventoryDashboardMove@2cdd0d4b</td></tr>
</table><p>
</body>
</html>