<?xml version="1.0" encoding="UTF-8"?>
<!-- Generated by org.testng.reporters.JUnitXMLReporter -->
<testsuite hostname="PRDCV271-W7" ignored="0" name="TSM Type Test" tests="50" failures="22" timestamp="17 May 2019 12:57:25 GMT" time="1411.257" errors="0">
  <testcase name="testB" time="23.487" classname="com.PanaMCAutomation.MC_Carrier_Management.ID0000_1256__TC015_Carrier_Dashboard_Register_New_Generate_Carrier">
    <failure type="java.lang.reflect.InvocationTargetException">
      <![CDATA[java.lang.reflect.InvocationTargetException
at com.PanaAutomation.Driver.DriverScript.executeKeywords(DriverScript.java:77)
at com.PanaMCAutomation.MC_Carrier_Management.ID0000_1256__TC015_Carrier_Dashboard_Register_New_Generate_Carrier.testB(ID0000_1256__TC015_Carrier_Dashboard_Register_New_Generate_Carrier.java:24)
at com.PanaAutomation.Base.runMC.main(runMC.java:17)
Caused by: java.lang.AssertionError: The following asserts failed:
Element not found 
at com.PanaAutomation.Keywords.GenericKeywords.reportFailure(GenericKeywords.java:1307)
at com.PanaAutomation.Keywords.GenericKeywords.validatePopUpMessage(GenericKeywords.java:601)
... 29 more
... Removed 27 stack frames]]>
    </failure>
  </testcase> <!-- testB -->
  <testcase name="testB" time="27.412" classname="com.PanaMCAutomation.MC_Carrier_Management.ID1242_TC001_Carrier_Dashboard_generated_carrier_details"/>
  <testcase name="testB" time="18.546" classname="com.PanaMCAutomation.MC_Carrier_Management.ID1243_TC002_Carrier_Dashboard_Column_Selection_check"/>
  <testcase name="testB" time="19.469" classname="com.PanaMCAutomation.MC_Carrier_Management.ID1244_TC003_Carrier_Dashboard_Column_Selection_uncheck"/>
  <testcase name="testB" time="31.356" classname="com.PanaMCAutomation.MC_Carrier_Management.ID1247_TC006_Carrier_Dashboard_column_search"/>
  <testcase name="testB" time="14.721" classname="com.PanaMCAutomation.MC_Carrier_Management.ID1248_TC007_Carrier_Dashboard_invalid_column_search">
    <failure type="java.lang.reflect.InvocationTargetException">
      <![CDATA[java.lang.reflect.InvocationTargetException
at com.PanaAutomation.Driver.DriverScript.executeKeywords(DriverScript.java:77)
at com.PanaMCAutomation.MC_Carrier_Management.ID1248_TC007_Carrier_Dashboard_invalid_column_search.testB(ID1248_TC007_Carrier_Dashboard_invalid_column_search.java:24)
at com.PanaAutomation.Base.runMC.main(runMC.java:17)
Caused by: java.lang.AssertionError: The following asserts failed:
Text is NOT as expect. Expect: ^((?!No data available).)*$ Actual: 
at com.PanaAutomation.Keywords.GenericKeywords.reportFailure(GenericKeywords.java:1307)
at com.PanaAutomation.Keywords.GenericKeywords.verifyTextRegEx(GenericKeywords.java:1872)
... 30 more
... Removed 28 stack frames]]>
    </failure>
  </testcase> <!-- testB -->
  <testcase name="testB" time="17.539" classname="com.PanaMCAutomation.MC_Carrier_Management.ID1249_TC008_Carrier_Dashboard_drag_and_drop_columns">
    <failure type="java.lang.reflect.InvocationTargetException">
      <![CDATA[java.lang.reflect.InvocationTargetException
at com.PanaAutomation.Driver.DriverScript.executeKeywords(DriverScript.java:77)
at com.PanaMCAutomation.MC_Carrier_Management.ID1249_TC008_Carrier_Dashboard_drag_and_drop_columns.testB(ID1249_TC008_Carrier_Dashboard_drag_and_drop_columns.java:24)
at com.PanaAutomation.Base.runMC.main(runMC.java:17)
Caused by: java.lang.AssertionError: The following asserts failed:
Text is NOT as expect. Expect: ^State Actual: Add Cart State Carrier Number Carrier Type
at com.PanaAutomation.Keywords.GenericKeywords.reportFailure(GenericKeywords.java:1307)
at com.PanaAutomation.Keywords.GenericKeywords.verifyTextRegEx(GenericKeywords.java:1872)
... 30 more
... Removed 28 stack frames]]>
    </failure>
  </testcase> <!-- testB -->
  <testcase name="testB" time="31.635" classname="com.PanaMCAutomation.MC_Carrier_Management.ID1250_TC009_Carrier_Dashboard_Rows_dropdown"/>
  <testcase name="testB" time="19.095" classname="com.PanaMCAutomation.MC_Carrier_Management.ID1251_1250__TC010_Carrier_Dashboard_row_count"/>
  <testcase name="testB" time="21.687" classname="com.PanaMCAutomation.MC_Carrier_Management.ID1252_TC011_Carrier_Dashboard_page_navigation"/>
  <testcase name="testB" time="17.2" classname="com.PanaMCAutomation.MC_Carrier_Management.ID1254_TC013_Carrier_Dashboard_column_names"/>
  <testcase name="testB" time="17.519" classname="com.PanaMCAutomation.MC_Carrier_Management.ID1255_TC014_Carrier_Dashboard_Register_New_Generate_IDs"/>
  <testcase name="testB" time="17.52" classname="com.PanaMCAutomation.MC_Carrier_Management.ID1256_TC015_Carrier_Dashboard_Register_New_Generate_Carrier">
    <failure type="java.lang.reflect.InvocationTargetException">
      <![CDATA[java.lang.reflect.InvocationTargetException
at com.PanaAutomation.Driver.DriverScript.executeKeywords(DriverScript.java:77)
at com.PanaMCAutomation.MC_Carrier_Management.ID1256_TC015_Carrier_Dashboard_Register_New_Generate_Carrier.testB(ID1256_TC015_Carrier_Dashboard_Register_New_Generate_Carrier.java:24)
at com.PanaAutomation.Base.runMC.main(runMC.java:17)
Caused by: java.lang.AssertionError: The following asserts failed:
Element not found 
at com.PanaAutomation.Keywords.GenericKeywords.reportFailure(GenericKeywords.java:1307)
at com.PanaAutomation.Keywords.GenericKeywords.validatePopUpMessage(GenericKeywords.java:601)
... 29 more
... Removed 27 stack frames]]>
    </failure>
  </testcase> <!-- testB -->
  <testcase name="testB" time="22.38" classname="com.PanaMCAutomation.MC_Carrier_Management.ID1257_TC016_Carrier_Dashboard_Register_New_No_of_required_IDs"/>
  <testcase name="testB" time="17.279" classname="com.PanaMCAutomation.MC_Carrier_Management.ID1258_TC017_Carrier_Dashboard_Register_New_No_of_required_IDs__0"/>
  <testcase name="testB" time="16.929" classname="com.PanaMCAutomation.MC_Carrier_Management.ID1259_TC018_Carrier_Dashboard_Register_New_No_of_required_IDs__1234567890"/>
  <testcase name="testB" time="21.107" classname="com.PanaMCAutomation.MC_Carrier_Management.ID1260_TC019_Carrier_Dashboard_Register_New_Print_buttonicon"/>
  <testcase name="testB" time="17.915" classname="com.PanaMCAutomation.MC_Carrier_Management.ID1262_TC021_Carrier_Dashboard_Register_New_Print_Queue_components"/>
  <testcase name="testB" time="15.385" classname="com.PanaMCAutomation.MC_Carrier_Management.ID1263_TC022_Carrier_Dashboard_Register_New_Print_Queue_grid"/>
  <testcase name="testB" time="15.86" classname="com.PanaMCAutomation.MC_Carrier_Management.ID1264_TC023_Carrier_Dashboard_Register_New_Print_Queue_Select_Printer"/>
  <testcase name="testB" time="16.252" classname="com.PanaMCAutomation.MC_Carrier_Management.ID1265_TC024_Carrier_Dashboard_Register_New_Print_Queue_Refresh_button"/>
  <testcase name="testB" time="14.654" classname="com.PanaMCAutomation.MC_Carrier_Management.ID1266_TC025_Carrier_Dashboard_Register_New_Print_Queue_Clear_Completed_button"/>
  <testcase name="testB" time="31.796" classname="com.PanaMCAutomation.MC_Carrier_Management.ID1267_TC026_Carrier_Dashboard_Register_New_Print_Queue_selectdeselect_grid_rows">
    <failure type="java.lang.reflect.InvocationTargetException">
      <![CDATA[java.lang.reflect.InvocationTargetException
at com.PanaAutomation.Driver.DriverScript.executeKeywords(DriverScript.java:77)
at com.PanaMCAutomation.MC_Carrier_Management.ID1267_TC026_Carrier_Dashboard_Register_New_Print_Queue_selectdeselect_grid_rows.testB(ID1267_TC026_Carrier_Dashboard_Register_New_Print_Queue_selectdeselect_grid_rows.java:24)
at com.PanaAutomation.Base.runMC.main(runMC.java:17)
Caused by: org.openqa.selenium.NoSuchElementException: no such element: Unable to locate element: {"method":"xpath","selector":"//*[@id="grdprintmaterial"]/tbody/tr[1]/td[1]/input"}
  (Session info: chrome=74.0.3729.157)
  (Driver info: chromedriver=2.44.609538 (b655c5a60b0b544917107a59d4153d4bf78e1b90),platform=Windows NT 6.1.7601 SP1 x86_64) (WARNING: The server did not provide any stacktrace information)
Command duration or timeout: 20.04 seconds
For documentation on this error, please visit: http://seleniumhq.org/exceptions/no_such_element.html
Build info: version: '2.45.0', revision: '32a636c', time: '2015-03-05 22:01:35'
System info: host: 'PRDCV271-W7', ip: '192.168.20.99', os.name: 'Windows 7', os.arch: 'amd64', os.version: '6.1', java.version: '1.8.0_201'
Driver info: org.openqa.selenium.chrome.ChromeDriver
Capabilities [{mobileEmulationEnabled=false, hasTouchScreen=false, platform=XP, acceptSslCerts=false, goog:chromeOptions={debuggerAddress=localhost:53497}, acceptInsecureCerts=false, webStorageEnabled=true, browserName=chrome, takesScreenshot=true, javascriptEnabled=true, setWindowRect=true, unexpectedAlertBehaviour=ignore, applicationCacheEnabled=false, rotatable=false, networkConnectionEnabled=false, chrome={chromedriverVersion=2.44.609538 (b655c5a60b0b544917107a59d4153d4bf78e1b90), userDataDir=C:\Users\4000286\AppData\Local\Temp\scoped_dir95940_30195}, takesHeapSnapshot=true, pageLoadStrategy=normal, databaseEnabled=false, handlesAlerts=true, version=74.0.3729.157, browserConnectionEnabled=false, nativeEvents=true, locationContextEnabled=true, cssSelectorsEnabled=true}]
Session ID: 1a59326f28ea3ba6c78e366efe16061f
*** Element info: {Using=xpath, value=//*[@id="grdprintmaterial"]/tbody/tr[1]/td[1]/input}
at org.openqa.selenium.remote.ErrorHandler.createThrowable(ErrorHandler.java:204)
at org.openqa.selenium.remote.ErrorHandler.throwIfResponseFailed(ErrorHandler.java:156)
at org.openqa.selenium.remote.RemoteWebDriver.execute(RemoteWebDriver.java:599)
at org.openqa.selenium.remote.RemoteWebDriver.findElement(RemoteWebDriver.java:352)
at org.openqa.selenium.remote.RemoteWebDriver.findElementByXPath(RemoteWebDriver.java:449)
at org.openqa.selenium.By$ByXPath.findElement(By.java:357)
at org.openqa.selenium.remote.RemoteWebDriver.findElement(RemoteWebDriver.java:344)
at com.PanaAutomation.Keywords.GenericKeywords.VerifyCheckBox(GenericKeywords.java:1157)
... 30 more
... Removed 31 stack frames]]>
    </failure>
  </testcase> <!-- testB -->
  <testcase name="testB" time="15.896" classname="com.PanaMCAutomation.MC_Carrier_Management.ID1268_TC027_Carrier_Dashboard_Register_New_Print_Queue_grid_values"/>
  <testcase name="testB" time="52.747" classname="com.PanaMCAutomation.MC_Carrier_Management.ID1269_TC028_Carrier_Dashboard_Register_New_Print_Queue_Pause_Print">
    <failure type="java.lang.reflect.InvocationTargetException">
      <![CDATA[java.lang.reflect.InvocationTargetException
at com.PanaAutomation.Driver.DriverScript.executeKeywords(DriverScript.java:77)
at com.PanaMCAutomation.MC_Carrier_Management.ID1269_TC028_Carrier_Dashboard_Register_New_Print_Queue_Pause_Print.testB(ID1269_TC028_Carrier_Dashboard_Register_New_Print_Queue_Pause_Print.java:24)
at com.PanaAutomation.Base.runMC.main(runMC.java:17)
Caused by: java.lang.AssertionError: The following asserts failed:
Unexpected exception is thrown: org.openqa.selenium.NoSuchElementException: no such element: Unable to locate element: {"method":"xpath","selector":"//*[@id="grdprintmaterial"]/tbody/tr[1]/td[5]"}
  (Session info: chrome=74.0.3729.157)
  (Driver info: chromedriver=2.44.609538 (b655c5a60b0b544917107a59d4153d4bf78e1b90),platform=Windows NT 6.1.7601 SP1 x86_64) (WARNING: The server did not provide any stacktrace information)
Command duration or timeout: 20.02 seconds
For documentation on this error, please visit: http://seleniumhq.org/exceptions/no_such_element.html
Build info: version: '2.45.0', revision: '32a636c', time: '2015-03-05 22:01:35'
System info: host: 'PRDCV271-W7', ip: '192.168.20.99', os.name: 'Windows 7', os.arch: 'amd64', os.version: '6.1', java.version: '1.8.0_201'
Driver info: org.openqa.selenium.chrome.ChromeDriver
Capabilities [{mobileEmulationEnabled=false, hasTouchScreen=false, platform=XP, acceptSslCerts=false, goog:chromeOptions={debuggerAddress=localhost:53603}, acceptInsecureCerts=false, webStorageEnabled=true, browserName=chrome, takesScreenshot=true, javascriptEnabled=true, setWindowRect=true, unexpectedAlertBehaviour=ignore, applicationCacheEnabled=false, rotatable=false, networkConnectionEnabled=false, chrome={chromedriverVersion=2.44.609538 (b655c5a60b0b544917107a59d4153d4bf78e1b90), userDataDir=C:\Users\4000286\AppData\Local\Temp\scoped_dir82156_6117}, takesHeapSnapshot=true, pageLoadStrategy=normal, databaseEnabled=false, handlesAlerts=true, version=74.0.3729.157, browserConnectionEnabled=false, nativeEvents=true, locationContextEnabled=true, cssSelectorsEnabled=true}]
Session ID: 3e961f316c3362e537f5f613399a3847
*** Element info: {Using=xpath, value=//*[@id="grdprintmaterial"]/tbody/tr[1]/td[5]}
at com.PanaAutomation.Keywords.GenericKeywords.reportFailure(GenericKeywords.java:1307)
at com.PanaAutomation.Keywords.GenericKeywords.verifyTextContain(GenericKeywords.java:1646)
... 29 more
... Removed 27 stack frames]]>
    </failure>
  </testcase> <!-- testB -->
  <testcase name="testB" time="58.877" classname="com.PanaMCAutomation.MC_Carrier_Management.ID1270_TC029_Carrier_Dashboard_Register_New_Print_Queue_Delete_Print">
    <failure type="java.lang.reflect.InvocationTargetException">
      <![CDATA[java.lang.reflect.InvocationTargetException
at com.PanaAutomation.Driver.DriverScript.executeKeywords(DriverScript.java:77)
at com.PanaMCAutomation.MC_Carrier_Management.ID1270_TC029_Carrier_Dashboard_Register_New_Print_Queue_Delete_Print.testB(ID1270_TC029_Carrier_Dashboard_Register_New_Print_Queue_Delete_Print.java:24)
at com.PanaAutomation.Base.runMC.main(runMC.java:17)
Caused by: java.lang.AssertionError: The following asserts failed:
Unable to Click //*[@id="grdprintmaterial"]/tbody/tr[1]/td[1]/input
at com.PanaAutomation.Keywords.GenericKeywords.reportFailure(GenericKeywords.java:1307)
at com.PanaAutomation.Keywords.GenericKeywords.click(GenericKeywords.java:189)
... 29 more
... Removed 27 stack frames]]>
    </failure>
  </testcase> <!-- testB -->
  <testcase name="testB" time="69.39" classname="com.PanaMCAutomation.MC_Carrier_Management.ID1271_TC030_Carrier_Dashboard_Register_New_Print_Queue_RetryReprint_Print">
    <failure type="java.lang.reflect.InvocationTargetException">
      <![CDATA[java.lang.reflect.InvocationTargetException
at com.PanaAutomation.Driver.DriverScript.executeKeywords(DriverScript.java:77)
at com.PanaMCAutomation.MC_Carrier_Management.ID1271_TC030_Carrier_Dashboard_Register_New_Print_Queue_RetryReprint_Print.testB(ID1271_TC030_Carrier_Dashboard_Register_New_Print_Queue_RetryReprint_Print.java:24)
at com.PanaAutomation.Base.runMC.main(runMC.java:17)
Caused by: java.lang.AssertionError: The following asserts failed:
Unable to Click //*[@id="grdprintmaterial"]/tbody/tr[1]/td[1]/input
at com.PanaAutomation.Keywords.GenericKeywords.reportFailure(GenericKeywords.java:1307)
at com.PanaAutomation.Keywords.GenericKeywords.click(GenericKeywords.java:189)
... 29 more
... Removed 27 stack frames]]>
    </failure>
  </testcase> <!-- testB -->
  <testcase name="testB" time="24.637" classname="com.PanaMCAutomation.MC_Carrier_Management.ID1272_TC031_Carrier_Dashboard_Register_New_Print_Queue_Completed_status">
    <failure type="java.lang.reflect.InvocationTargetException">
      <![CDATA[java.lang.reflect.InvocationTargetException
at com.PanaAutomation.Driver.DriverScript.executeKeywords(DriverScript.java:77)
at com.PanaMCAutomation.MC_Carrier_Management.ID1272_TC031_Carrier_Dashboard_Register_New_Print_Queue_Completed_status.testB(ID1272_TC031_Carrier_Dashboard_Register_New_Print_Queue_Completed_status.java:24)
at com.PanaAutomation.Base.runMC.main(runMC.java:17)
Caused by: java.lang.AssertionError: The following asserts failed:
Text is NOT as expect. Expect: Complete Actual: No matching records found
at com.PanaAutomation.Keywords.GenericKeywords.reportFailure(GenericKeywords.java:1307)
at com.PanaAutomation.Keywords.GenericKeywords.verifyTextContain(GenericKeywords.java:1642)
... 29 more
... Removed 27 stack frames]]>
    </failure>
  </testcase> <!-- testB -->
  <testcase name="testB" time="64.572" classname="com.PanaMCAutomation.MC_Carrier_Management.ID1273_TC032_Carrier_Dashboard_Carrier_Actions_Delete_button">
    <failure type="java.lang.reflect.InvocationTargetException">
      <![CDATA[java.lang.reflect.InvocationTargetException
at com.PanaAutomation.Driver.DriverScript.executeKeywords(DriverScript.java:77)
at com.PanaMCAutomation.MC_Carrier_Management.ID1273_TC032_Carrier_Dashboard_Carrier_Actions_Delete_button.testB(ID1273_TC032_Carrier_Dashboard_Carrier_Actions_Delete_button.java:24)
at com.PanaAutomation.Base.runMC.main(runMC.java:17)
Caused by: java.lang.AssertionError: The following asserts failed:
Unable to Click /html/body/div[7]/div[3]/div/button[1]
at com.PanaAutomation.Keywords.GenericKeywords.reportFailure(GenericKeywords.java:1307)
at com.PanaAutomation.Keywords.GenericKeywords.click(GenericKeywords.java:189)
... 29 more
... Removed 27 stack frames]]>
    </failure>
  </testcase> <!-- testB -->
  <testcase name="testB" time="24.852" classname="com.PanaMCAutomation.MC_Carrier_Management.ID1274_TC033_Carrier_Dashboard_Carrier_Actions_Delete_button_default_state"/>
  <testcase name="testB" time="14.663" classname="com.PanaMCAutomation.MC_Carrier_Management.ID1275_TC034_Carrier_Dashboard_Carrier_Actions_Delete_button_enable"/>
  <testcase name="testB" time="52.066" classname="com.PanaMCAutomation.MC_Carrier_Management.ID1276_1273__TC035_Carrier_Dashboard_Carrier_Actions_Delete_operation">
    <failure type="java.lang.reflect.InvocationTargetException">
      <![CDATA[java.lang.reflect.InvocationTargetException
at com.PanaAutomation.Driver.DriverScript.executeKeywords(DriverScript.java:77)
at com.PanaMCAutomation.MC_Carrier_Management.ID1276_1273__TC035_Carrier_Dashboard_Carrier_Actions_Delete_operation.testB(ID1276_1273__TC035_Carrier_Dashboard_Carrier_Actions_Delete_operation.java:24)
at com.PanaAutomation.Base.runMC.main(runMC.java:17)
Caused by: java.lang.AssertionError: The following asserts failed:
Unable to Click /html/body/div[7]/div[3]/div/button[1]
at com.PanaAutomation.Keywords.GenericKeywords.reportFailure(GenericKeywords.java:1307)
at com.PanaAutomation.Keywords.GenericKeywords.click(GenericKeywords.java:189)
... 29 more
... Removed 27 stack frames]]>
    </failure>
  </testcase> <!-- testB -->
  <testcase name="testB" time="59.426" classname="com.PanaMCAutomation.MC_Carrier_Management.ID1277_TC036_Carrier_Dashboard_Carrier_Actions_Delete_operation_when_content_is_NOT_NULL">
    <failure type="java.lang.reflect.InvocationTargetException">
      <![CDATA[java.lang.reflect.InvocationTargetException
at com.PanaAutomation.Driver.DriverScript.executeKeywords(DriverScript.java:77)
at com.PanaMCAutomation.MC_Carrier_Management.ID1277_TC036_Carrier_Dashboard_Carrier_Actions_Delete_operation_when_content_is_NOT_NULL.testB(ID1277_TC036_Carrier_Dashboard_Carrier_Actions_Delete_operation_when_content_is_NOT_NULL.java:24)
at com.PanaAutomation.Base.runMC.main(runMC.java:17)
Caused by: java.lang.AssertionError: The following asserts failed:
Unable to Click /html/body/div[9]/div[3]/div/button[1]
at com.PanaAutomation.Keywords.GenericKeywords.reportFailure(GenericKeywords.java:1307)
at com.PanaAutomation.Keywords.GenericKeywords.click(GenericKeywords.java:189)
... 29 more
... Removed 27 stack frames]]>
    </failure>
  </testcase> <!-- testB -->
  <testcase name="testB" time="19.037" classname="com.PanaMCAutomation.MC_Carrier_Management.ID1278_TC037_Carrier_Dashboard_Carrier_Actions_Clear__button">
    <failure type="java.lang.reflect.InvocationTargetException">
      <![CDATA[java.lang.reflect.InvocationTargetException
at com.PanaAutomation.Driver.DriverScript.executeKeywords(DriverScript.java:77)
at com.PanaMCAutomation.MC_Carrier_Management.ID1278_TC037_Carrier_Dashboard_Carrier_Actions_Clear__button.testB(ID1278_TC037_Carrier_Dashboard_Carrier_Actions_Clear__button.java:24)
at com.PanaAutomation.Base.runMC.main(runMC.java:17)
Caused by: java.lang.AssertionError: The following asserts failed:
Unable to Find Buttonnull
at com.PanaAutomation.Keywords.GenericKeywords.reportFailure(GenericKeywords.java:1307)
at com.PanaAutomation.Keywords.AppKeywords.verifyButtonDisable(AppKeywords.java:3760)
... 30 more
... Removed 28 stack frames]]>
    </failure>
  </testcase> <!-- testB -->
  <testcase name="testB" time="17.453" classname="com.PanaMCAutomation.MC_Carrier_Management.ID1279_TC037_Carrier_Dashboard_Carrier_Actions_Clear_button_default_state">
    <failure type="java.lang.reflect.InvocationTargetException">
      <![CDATA[java.lang.reflect.InvocationTargetException
at com.PanaAutomation.Driver.DriverScript.executeKeywords(DriverScript.java:77)
at com.PanaMCAutomation.MC_Carrier_Management.ID1279_TC037_Carrier_Dashboard_Carrier_Actions_Clear_button_default_state.testB(ID1279_TC037_Carrier_Dashboard_Carrier_Actions_Clear_button_default_state.java:24)
at com.PanaAutomation.Base.runMC.main(runMC.java:17)
Caused by: java.lang.AssertionError: The following asserts failed:
Unable to Find Buttonnull
at com.PanaAutomation.Keywords.GenericKeywords.reportFailure(GenericKeywords.java:1307)
at com.PanaAutomation.Keywords.AppKeywords.verifyButtonDisable(AppKeywords.java:3760)
... 30 more
... Removed 28 stack frames]]>
    </failure>
  </testcase> <!-- testB -->
  <testcase name="testB" time="34.945" classname="com.PanaMCAutomation.MC_Carrier_Management.ID1280_TC038_Carrier_Dashboard_Carrier_Actions_Clear_button_enable"/>
  <testcase name="testB" time="53.403" classname="com.PanaMCAutomation.MC_Carrier_Management.ID1281_TC039_Carrier_Dashboard_Carrier_Actions_Clear_operation">
    <failure type="java.lang.reflect.InvocationTargetException">
      <![CDATA[java.lang.reflect.InvocationTargetException
at com.PanaAutomation.Driver.DriverScript.executeKeywords(DriverScript.java:77)
at com.PanaMCAutomation.MC_Carrier_Management.ID1281_TC039_Carrier_Dashboard_Carrier_Actions_Clear_operation.testB(ID1281_TC039_Carrier_Dashboard_Carrier_Actions_Clear_operation.java:24)
at com.PanaAutomation.Base.runMC.main(runMC.java:17)
Caused by: java.lang.AssertionError: The following asserts failed:
Unable to Click //*[@id="btnpopupClearOk"]
at com.PanaAutomation.Keywords.GenericKeywords.reportFailure(GenericKeywords.java:1307)
at com.PanaAutomation.Keywords.GenericKeywords.click(GenericKeywords.java:189)
... 29 more
... Removed 27 stack frames]]>
    </failure>
  </testcase> <!-- testB -->
  <testcase name="testB" time="60.844" classname="com.PanaMCAutomation.MC_Carrier_Management.ID1283_1281__TC041_Carrier_Dashboard_Carrier_Actions_Clear_DurablenotShipped">
    <failure type="java.lang.reflect.InvocationTargetException">
      <![CDATA[java.lang.reflect.InvocationTargetException
at com.PanaAutomation.Driver.DriverScript.executeKeywords(DriverScript.java:77)
at com.PanaMCAutomation.MC_Carrier_Management.ID1283_1281__TC041_Carrier_Dashboard_Carrier_Actions_Clear_DurablenotShipped.testB(ID1283_1281__TC041_Carrier_Dashboard_Carrier_Actions_Clear_DurablenotShipped.java:24)
at com.PanaAutomation.Base.runMC.main(runMC.java:17)
Caused by: java.lang.AssertionError: The following asserts failed:
Unable to Click //*[@id="btnpopupClearOk"]
at com.PanaAutomation.Keywords.GenericKeywords.reportFailure(GenericKeywords.java:1307)
at com.PanaAutomation.Keywords.GenericKeywords.click(GenericKeywords.java:189)
... 29 more
... Removed 27 stack frames]]>
    </failure>
  </testcase> <!-- testB -->
  <testcase name="testB" time="25.669" classname="com.PanaMCAutomation.MC_Carrier_Management.ID1284_TC042_Carrier_Dashboard_Carrier_Actions_Shipped_button">
    <failure type="java.lang.reflect.InvocationTargetException">
      <![CDATA[java.lang.reflect.InvocationTargetException
at com.PanaAutomation.Driver.DriverScript.executeKeywords(DriverScript.java:77)
at com.PanaMCAutomation.MC_Carrier_Management.ID1284_TC042_Carrier_Dashboard_Carrier_Actions_Shipped_button.testB(ID1284_TC042_Carrier_Dashboard_Carrier_Actions_Shipped_button.java:24)
at com.PanaAutomation.Base.runMC.main(runMC.java:17)
Caused by: java.lang.AssertionError: The following asserts failed:
Unable to Find Buttonnull
at com.PanaAutomation.Keywords.GenericKeywords.reportFailure(GenericKeywords.java:1307)
at com.PanaAutomation.Keywords.AppKeywords.verifyButtonDisable(AppKeywords.java:3760)
... 30 more
... Removed 28 stack frames]]>
    </failure>
  </testcase> <!-- testB -->
  <testcase name="testB" time="58.182" classname="com.PanaMCAutomation.MC_Carrier_Management.ID1285_TC043_Carrier_Dashboard_Carrier_Actions_Shipped_button_default_state">
    <failure type="java.lang.reflect.InvocationTargetException">
      <![CDATA[java.lang.reflect.InvocationTargetException
at com.PanaAutomation.Driver.DriverScript.executeKeywords(DriverScript.java:77)
at com.PanaMCAutomation.MC_Carrier_Management.ID1285_TC043_Carrier_Dashboard_Carrier_Actions_Shipped_button_default_state.testB(ID1285_TC043_Carrier_Dashboard_Carrier_Actions_Shipped_button_default_state.java:24)
at com.PanaAutomation.Base.runMC.main(runMC.java:17)
Caused by: java.lang.AssertionError: The following asserts failed:
Unable to Find Buttonnull
at com.PanaAutomation.Keywords.GenericKeywords.reportFailure(GenericKeywords.java:1307)
at com.PanaAutomation.Keywords.AppKeywords.verifyButtonDisable(AppKeywords.java:3760)
... 30 more
... Removed 28 stack frames]]>
    </failure>
  </testcase> <!-- testB -->
  <testcase name="testB" time="19.152" classname="com.PanaMCAutomation.MC_Carrier_Management.ID1286_TC043_Carrier_Dashboard_Carrier_Actions_Shipped_button_enable"/>
  <testcase name="testB" time="14.652" classname="com.PanaMCAutomation.MC_Carrier_Management.ID1287_TC044_Carrier_Dashboard_Carrier_Actions_Shipped_operation">
    <failure type="java.lang.reflect.InvocationTargetException">
      <![CDATA[java.lang.reflect.InvocationTargetException
at com.PanaAutomation.Driver.DriverScript.executeKeywords(DriverScript.java:77)
at com.PanaMCAutomation.MC_Carrier_Management.ID1287_TC044_Carrier_Dashboard_Carrier_Actions_Shipped_operation.testB(ID1287_TC044_Carrier_Dashboard_Carrier_Actions_Shipped_operation.java:24)
at com.PanaAutomation.Base.runMC.main(runMC.java:17)
Caused by: java.lang.AssertionError: The following asserts failed:
Text is NOT as expect. Expect: Shipped Actual: 
at com.PanaAutomation.Keywords.GenericKeywords.reportFailure(GenericKeywords.java:1307)
at com.PanaAutomation.Keywords.GenericKeywords.verifyTextContain(GenericKeywords.java:1642)
... 29 more
... Removed 27 stack frames]]>
    </failure>
  </testcase> <!-- testB -->
  <testcase name="testB" time="40.159" classname="com.PanaMCAutomation.MC_Carrier_Management.ID1289_TC046_Carrier_Dashboard_Carrier_Actions_Shipped_update_operation">
    <failure type="java.lang.reflect.InvocationTargetException">
      <![CDATA[java.lang.reflect.InvocationTargetException
at com.PanaAutomation.Driver.DriverScript.executeKeywords(DriverScript.java:73)
at com.PanaMCAutomation.MC_Carrier_Management.ID1289_TC046_Carrier_Dashboard_Carrier_Actions_Shipped_update_operation.testB(ID1289_TC046_Carrier_Dashboard_Carrier_Actions_Shipped_update_operation.java:24)
at com.PanaAutomation.Base.runMC.main(runMC.java:17)
Caused by: java.lang.AssertionError: The following asserts failed:
Element is NOT contains GuiTool@636937063366895170
at com.PanaAutomation.Keywords.GenericKeywords.reportFailure(GenericKeywords.java:1307)
at com.PanaAutomation.Keywords.GenericKeywords.validateElementContainsBy(GenericKeywords.java:1972)
... 30 more
... Removed 28 stack frames]]>
    </failure>
  </testcase> <!-- testB -->
  <testcase name="testB" time="22.481" classname="com.PanaMCAutomation.MC_Carrier_Management.ID1290_TC047_Carrier_Dashboard_Carrier_Actions_Shipped_move_out_items"/>
  <testcase name="testB" time="41.147" classname="com.PanaMCAutomation.MC_Carrier_Management.ID1294_TC051_Carrier_Dashboard_Carrier_Actions_View_Contents_button"/>
  <testcase name="testB" time="15.82" classname="com.PanaMCAutomation.MC_Carrier_Management.ID1295_TC052_Carrier_Dashboard_Carrier_Actions_View_Contents_button_default_state"/>
  <testcase name="testB" time="14.165" classname="com.PanaMCAutomation.MC_Carrier_Management.ID1296_TC053_Carrier_Dashboard_Carrier_Actions_View_Contents_button_enable"/>
  <testcase name="testB" time="16.639" classname="com.PanaMCAutomation.MC_Carrier_Management.ID1297_TC054_Carrier_Dashboard_Carrier_Actions_View_Contents_operation"/>
  <testcase name="testB" time="12.465" classname="com.PanaMCAutomation.MC_Carrier_Management.ID1298_TC055_Carrier_Cart_icon_disable">
    <failure type="java.lang.reflect.InvocationTargetException">
      <![CDATA[java.lang.reflect.InvocationTargetException
at com.PanaAutomation.Driver.DriverScript.executeKeywords(DriverScript.java:77)
at com.PanaMCAutomation.MC_Carrier_Management.ID1298_TC055_Carrier_Cart_icon_disable.testB(ID1298_TC055_Carrier_Cart_icon_disable.java:24)
at com.PanaAutomation.Base.runMC.main(runMC.java:17)
Caused by: java.lang.AssertionError: The following asserts failed:
Unable to Find Buttonnull
at com.PanaAutomation.Keywords.GenericKeywords.reportFailure(GenericKeywords.java:1307)
at com.PanaAutomation.Keywords.AppKeywords.verifyButtonDisable(AppKeywords.java:3760)
... 30 more
... Removed 28 stack frames]]>
    </failure>
  </testcase> <!-- testB -->
  <testcase name="testB" time="32.585" classname="com.PanaMCAutomation.MC_Carrier_Management.ID1299_TC056_Carrier_Cart_icon_disable_when_no_Carrier_selected">
    <failure type="java.lang.reflect.InvocationTargetException">
      <![CDATA[java.lang.reflect.InvocationTargetException
at com.PanaAutomation.Driver.DriverScript.executeKeywords(DriverScript.java:77)
at com.PanaMCAutomation.MC_Carrier_Management.ID1299_TC056_Carrier_Cart_icon_disable_when_no_Carrier_selected.testB(ID1299_TC056_Carrier_Cart_icon_disable_when_no_Carrier_selected.java:24)
at com.PanaAutomation.Base.runMC.main(runMC.java:17)
Caused by: java.lang.AssertionError: The following asserts failed:
Unable to Find Buttonnull
at com.PanaAutomation.Keywords.GenericKeywords.reportFailure(GenericKeywords.java:1307)
at com.PanaAutomation.Keywords.AppKeywords.verifyButtonDisable(AppKeywords.java:3760)
... 30 more
... Removed 28 stack frames]]>
    </failure>
  </testcase> <!-- testB -->
</testsuite> <!-- TSM Type Test -->
