<html>
<head>
<title>TestNG:  TSM Type Test</title>
<link href="../testng.css" rel="stylesheet" type="text/css" />
<link href="../my-testng.css" rel="stylesheet" type="text/css" />

<style type="text/css">
.log { display: none;} 
.stack-trace { display: none;} 
</style>
<script type="text/javascript">
<!--
function flip(e) {
  current = e.style.display;
  if (current == 'block') {
    e.style.display = 'none';
    return 0;
  }
  else {
    e.style.display = 'block';
    return 1;
  }
}

function toggleBox(szDivId, elem, msg1, msg2)
{
  var res = -1;  if (document.getElementById) {
    res = flip(document.getElementById(szDivId));
  }
  else if (document.all) {
    // this is the way old msie versions work
    res = flip(document.all[szDivId]);
  }
  if(elem) {
    if(res == 0) elem.innerHTML = msg1; else elem.innerHTML = msg2;
  }

}

function toggleAllBoxes() {
  if (document.getElementsByTagName) {
    d = document.getElementsByTagName('div');
    for (i = 0; i < d.length; i++) {
      if (d[i].className == 'log') {
        flip(d[i]);
      }
    }
  }
}

// -->
</script>

</head>
<body>
<h2 align='center'>TSM Type Test</h2><table border='1' align="center">
<tr>
<td>Tests passed/Failed/Skipped:</td><td>28/22/0</td>
</tr><tr>
<td>Started on:</td><td>Fri May 17 19:33:53 ICT 2019</td>
</tr>
<tr><td>Total time:</td><td>1411 seconds (1411257 ms)</td>
</tr><tr>
<td>Included groups:</td><td></td>
</tr><tr>
<td>Excluded groups:</td><td></td>
</tr>
</table><p/>
<small><i>(Hover the method name to see the test class name)</i></small><p/>
<table width='100%' border='1' class='invocation-failed'>
<tr><td colspan='4' align='center'><b>FAILED TESTS</b></td></tr>
<tr><td><b>Test method</b></td>
<td width="30%"><b>Exception</b></td>
<td width="10%"><b>Time (seconds)</b></td>
<td><b>Instance</b></td>
</tr>
<tr>
<td title='com.PanaMCAutomation.MC_Carrier_Management.ID0000_1256__TC015_Carrier_Dashboard_Register_New_Generate_Carrier.testB()'><b>testB</b><br>Test class: com.PanaMCAutomation.MC_Carrier_Management.ID0000_1256__TC015_Carrier_Dashboard_Register_New_Generate_Carrier<br>Parameters: {ID0000_1256__TC015_Carrier_Dashboard_Register_New_Generate_Carrier@1=System, ID0000_1256__TC015_Carrier_Dashboard_Register_New_Generate_Carrier@0=Chrome, Runmode=Y, ID0000_1256__TC015_Carrier_Dashboard_Register_New_Generate_Carrier@4=Saved Successfully, ID0000_1256__TC015_Carrier_Dashboard_Register_New_Generate_Carrier@3=100, ID0000_1256__TC015_Carrier_Dashboard_Register_New_Generate_Carrier@2=0}</td>
<td><div><pre>java.lang.reflect.InvocationTargetException
	at com.PanaAutomation.Driver.DriverScript.executeKeywords(DriverScript.java:77)
	at com.PanaMCAutomation.MC_Carrier_Management.ID0000_1256__TC015_Carrier_Dashboard_Register_New_Generate_Carrier.testB(ID0000_1256__TC015_Carrier_Dashboard_Register_New_Generate_Carrier.java:24)
	at com.PanaAutomation.Base.runMC.main(runMC.java:17)
Caused by: java.lang.AssertionError: The following asserts failed:
	Element not found 
	at com.PanaAutomation.Keywords.GenericKeywords.reportFailure(GenericKeywords.java:1307)
	at com.PanaAutomation.Keywords.GenericKeywords.validatePopUpMessage(GenericKeywords.java:601)
	... 29 more
... Removed 27 stack frames</pre></div><a href='#' onClick='toggleBox("stack-trace840180857", this, "Click to show all stack frames", "Click to hide stack frames")'>Click to show all stack frames</a>
<div class='stack-trace' id='stack-trace840180857'><pre>java.lang.reflect.InvocationTargetException
	at sun.reflect.GeneratedMethodAccessor108.invoke(Unknown Source)
	at sun.reflect.DelegatingMethodAccessorImpl.invoke(Unknown Source)
	at java.lang.reflect.Method.invoke(Unknown Source)
	at com.PanaAutomation.Driver.DriverScript.executeKeywords(DriverScript.java:77)
	at com.PanaMCAutomation.MC_Carrier_Management.ID0000_1256__TC015_Carrier_Dashboard_Register_New_Generate_Carrier.testB(ID0000_1256__TC015_Carrier_Dashboard_Register_New_Generate_Carrier.java:24)
	at sun.reflect.NativeMethodAccessorImpl.invoke0(Native Method)
	at sun.reflect.NativeMethodAccessorImpl.invoke(Unknown Source)
	at sun.reflect.DelegatingMethodAccessorImpl.invoke(Unknown Source)
	at java.lang.reflect.Method.invoke(Unknown Source)
	at org.testng.internal.MethodInvocationHelper.invokeMethod(MethodInvocationHelper.java:124)
	at org.testng.internal.Invoker.invokeMethod(Invoker.java:580)
	at org.testng.internal.Invoker.invokeTestMethod(Invoker.java:716)
	at org.testng.internal.Invoker.invokeTestMethods(Invoker.java:988)
	at org.testng.internal.TestMethodWorker.invokeTestMethods(TestMethodWorker.java:125)
	at org.testng.internal.TestMethodWorker.run(TestMethodWorker.java:109)
	at org.testng.TestRunner.privateRun(TestRunner.java:648)
	at org.testng.TestRunner.run(TestRunner.java:505)
	at org.testng.SuiteRunner.runTest(SuiteRunner.java:455)
	at org.testng.SuiteRunner.runSequentially(SuiteRunner.java:450)
	at org.testng.SuiteRunner.privateRun(SuiteRunner.java:415)
	at org.testng.SuiteRunner.run(SuiteRunner.java:364)
	at org.testng.SuiteRunnerWorker.runSuite(SuiteRunnerWorker.java:52)
	at org.testng.SuiteRunnerWorker.run(SuiteRunnerWorker.java:84)
	at org.testng.TestNG.runSuitesSequentially(TestNG.java:1208)
	at org.testng.TestNG.runSuitesSequentially(TestNG.java:1204)
	at org.testng.TestNG.runSuitesLocally(TestNG.java:1137)
	at org.testng.TestNG.runSuites(TestNG.java:1049)
	at org.testng.TestNG.run(TestNG.java:1017)
	at com.PanaAutomation.Base.runMC.main(runMC.java:17)
Caused by: java.lang.AssertionError: The following asserts failed:
	Element not found 
	at org.testng.asserts.SoftAssert.assertAll(SoftAssert.java:43)
	at com.PanaAutomation.Keywords.GenericKeywords.reportFailure(GenericKeywords.java:1307)
	at com.PanaAutomation.Keywords.GenericKeywords.validatePopUpMessage(GenericKeywords.java:601)
	... 29 more
</pre></div></td>
<td>23</td>
<td>com.PanaMCAutomation.MC_Carrier_Management.ID0000_1256__TC015_Carrier_Dashboard_Register_New_Generate_Carrier@4c15e7fd</td></tr>
<tr>
<td title='com.PanaMCAutomation.MC_Carrier_Management.ID1248_TC007_Carrier_Dashboard_invalid_column_search.testB()'><b>testB</b><br>Test class: com.PanaMCAutomation.MC_Carrier_Management.ID1248_TC007_Carrier_Dashboard_invalid_column_search<br>Parameters: {ID1248_TC007_Carrier_Dashboard_invalid_column_search@34=3000, ID1248_TC007_Carrier_Dashboard_invalid_column_search@33=, ID1248_TC007_Carrier_Dashboard_invalid_column_search@32=^((?!No data available).)*$, ID1248_TC007_Carrier_Dashboard_invalid_column_search@31=System, ID1248_TC007_Carrier_Dashboard_invalid_column_search@30=Chrome, Runmode=Y, ID1248_TC007_Carrier_Dashboard_invalid_column_search@35=No data available}</td>
<td><div><pre>java.lang.reflect.InvocationTargetException
	at com.PanaAutomation.Driver.DriverScript.executeKeywords(DriverScript.java:77)
	at com.PanaMCAutomation.MC_Carrier_Management.ID1248_TC007_Carrier_Dashboard_invalid_column_search.testB(ID1248_TC007_Carrier_Dashboard_invalid_column_search.java:24)
	at com.PanaAutomation.Base.runMC.main(runMC.java:17)
Caused by: java.lang.AssertionError: The following asserts failed:
	Text is NOT as expect. Expect: ^((?!No data available).)*$ Actual: 
	at com.PanaAutomation.Keywords.GenericKeywords.reportFailure(GenericKeywords.java:1307)
	at com.PanaAutomation.Keywords.GenericKeywords.verifyTextRegEx(GenericKeywords.java:1872)
	... 30 more
... Removed 28 stack frames</pre></div><a href='#' onClick='toggleBox("stack-trace1500277822", this, "Click to show all stack frames", "Click to hide stack frames")'>Click to show all stack frames</a>
<div class='stack-trace' id='stack-trace1500277822'><pre>java.lang.reflect.InvocationTargetException
	at sun.reflect.NativeMethodAccessorImpl.invoke0(Native Method)
	at sun.reflect.NativeMethodAccessorImpl.invoke(Unknown Source)
	at sun.reflect.DelegatingMethodAccessorImpl.invoke(Unknown Source)
	at java.lang.reflect.Method.invoke(Unknown Source)
	at com.PanaAutomation.Driver.DriverScript.executeKeywords(DriverScript.java:77)
	at com.PanaMCAutomation.MC_Carrier_Management.ID1248_TC007_Carrier_Dashboard_invalid_column_search.testB(ID1248_TC007_Carrier_Dashboard_invalid_column_search.java:24)
	at sun.reflect.NativeMethodAccessorImpl.invoke0(Native Method)
	at sun.reflect.NativeMethodAccessorImpl.invoke(Unknown Source)
	at sun.reflect.DelegatingMethodAccessorImpl.invoke(Unknown Source)
	at java.lang.reflect.Method.invoke(Unknown Source)
	at org.testng.internal.MethodInvocationHelper.invokeMethod(MethodInvocationHelper.java:124)
	at org.testng.internal.Invoker.invokeMethod(Invoker.java:580)
	at org.testng.internal.Invoker.invokeTestMethod(Invoker.java:716)
	at org.testng.internal.Invoker.invokeTestMethods(Invoker.java:988)
	at org.testng.internal.TestMethodWorker.invokeTestMethods(TestMethodWorker.java:125)
	at org.testng.internal.TestMethodWorker.run(TestMethodWorker.java:109)
	at org.testng.TestRunner.privateRun(TestRunner.java:648)
	at org.testng.TestRunner.run(TestRunner.java:505)
	at org.testng.SuiteRunner.runTest(SuiteRunner.java:455)
	at org.testng.SuiteRunner.runSequentially(SuiteRunner.java:450)
	at org.testng.SuiteRunner.privateRun(SuiteRunner.java:415)
	at org.testng.SuiteRunner.run(SuiteRunner.java:364)
	at org.testng.SuiteRunnerWorker.runSuite(SuiteRunnerWorker.java:52)
	at org.testng.SuiteRunnerWorker.run(SuiteRunnerWorker.java:84)
	at org.testng.TestNG.runSuitesSequentially(TestNG.java:1208)
	at org.testng.TestNG.runSuitesSequentially(TestNG.java:1204)
	at org.testng.TestNG.runSuitesLocally(TestNG.java:1137)
	at org.testng.TestNG.runSuites(TestNG.java:1049)
	at org.testng.TestNG.run(TestNG.java:1017)
	at com.PanaAutomation.Base.runMC.main(runMC.java:17)
Caused by: java.lang.AssertionError: The following asserts failed:
	Text is NOT as expect. Expect: ^((?!No data available).)*$ Actual: 
	at org.testng.asserts.SoftAssert.assertAll(SoftAssert.java:43)
	at com.PanaAutomation.Keywords.GenericKeywords.reportFailure(GenericKeywords.java:1307)
	at com.PanaAutomation.Keywords.GenericKeywords.verifyTextRegEx(GenericKeywords.java:1872)
	... 30 more
</pre></div></td>
<td>14</td>
<td>com.PanaMCAutomation.MC_Carrier_Management.ID1248_TC007_Carrier_Dashboard_invalid_column_search@1d082e88</td></tr>
<tr>
<td title='com.PanaMCAutomation.MC_Carrier_Management.ID1249_TC008_Carrier_Dashboard_drag_and_drop_columns.testB()'><b>testB</b><br>Test class: com.PanaMCAutomation.MC_Carrier_Management.ID1249_TC008_Carrier_Dashboard_drag_and_drop_columns<br>Parameters: {Runmode=Y, ID1249_TC008_Carrier_Dashboard_drag_and_drop_columns@39=^State, ID1249_TC008_Carrier_Dashboard_drag_and_drop_columns@38=//*[@id="52"], ID1249_TC008_Carrier_Dashboard_drag_and_drop_columns@37=System, ID1249_TC008_Carrier_Dashboard_drag_and_drop_columns@36=Chrome}</td>
<td><div><pre>java.lang.reflect.InvocationTargetException
	at com.PanaAutomation.Driver.DriverScript.executeKeywords(DriverScript.java:77)
	at com.PanaMCAutomation.MC_Carrier_Management.ID1249_TC008_Carrier_Dashboard_drag_and_drop_columns.testB(ID1249_TC008_Carrier_Dashboard_drag_and_drop_columns.java:24)
	at com.PanaAutomation.Base.runMC.main(runMC.java:17)
Caused by: java.lang.AssertionError: The following asserts failed:
	Text is NOT as expect. Expect: ^State Actual: Add Cart State Carrier Number Carrier Type
	at com.PanaAutomation.Keywords.GenericKeywords.reportFailure(GenericKeywords.java:1307)
	at com.PanaAutomation.Keywords.GenericKeywords.verifyTextRegEx(GenericKeywords.java:1872)
	... 30 more
... Removed 28 stack frames</pre></div><a href='#' onClick='toggleBox("stack-trace1241036157", this, "Click to show all stack frames", "Click to hide stack frames")'>Click to show all stack frames</a>
<div class='stack-trace' id='stack-trace1241036157'><pre>java.lang.reflect.InvocationTargetException
	at sun.reflect.NativeMethodAccessorImpl.invoke0(Native Method)
	at sun.reflect.NativeMethodAccessorImpl.invoke(Unknown Source)
	at sun.reflect.DelegatingMethodAccessorImpl.invoke(Unknown Source)
	at java.lang.reflect.Method.invoke(Unknown Source)
	at com.PanaAutomation.Driver.DriverScript.executeKeywords(DriverScript.java:77)
	at com.PanaMCAutomation.MC_Carrier_Management.ID1249_TC008_Carrier_Dashboard_drag_and_drop_columns.testB(ID1249_TC008_Carrier_Dashboard_drag_and_drop_columns.java:24)
	at sun.reflect.NativeMethodAccessorImpl.invoke0(Native Method)
	at sun.reflect.NativeMethodAccessorImpl.invoke(Unknown Source)
	at sun.reflect.DelegatingMethodAccessorImpl.invoke(Unknown Source)
	at java.lang.reflect.Method.invoke(Unknown Source)
	at org.testng.internal.MethodInvocationHelper.invokeMethod(MethodInvocationHelper.java:124)
	at org.testng.internal.Invoker.invokeMethod(Invoker.java:580)
	at org.testng.internal.Invoker.invokeTestMethod(Invoker.java:716)
	at org.testng.internal.Invoker.invokeTestMethods(Invoker.java:988)
	at org.testng.internal.TestMethodWorker.invokeTestMethods(TestMethodWorker.java:125)
	at org.testng.internal.TestMethodWorker.run(TestMethodWorker.java:109)
	at org.testng.TestRunner.privateRun(TestRunner.java:648)
	at org.testng.TestRunner.run(TestRunner.java:505)
	at org.testng.SuiteRunner.runTest(SuiteRunner.java:455)
	at org.testng.SuiteRunner.runSequentially(SuiteRunner.java:450)
	at org.testng.SuiteRunner.privateRun(SuiteRunner.java:415)
	at org.testng.SuiteRunner.run(SuiteRunner.java:364)
	at org.testng.SuiteRunnerWorker.runSuite(SuiteRunnerWorker.java:52)
	at org.testng.SuiteRunnerWorker.run(SuiteRunnerWorker.java:84)
	at org.testng.TestNG.runSuitesSequentially(TestNG.java:1208)
	at org.testng.TestNG.runSuitesSequentially(TestNG.java:1204)
	at org.testng.TestNG.runSuitesLocally(TestNG.java:1137)
	at org.testng.TestNG.runSuites(TestNG.java:1049)
	at org.testng.TestNG.run(TestNG.java:1017)
	at com.PanaAutomation.Base.runMC.main(runMC.java:17)
Caused by: java.lang.AssertionError: The following asserts failed:
	Text is NOT as expect. Expect: ^State Actual: Add Cart State Carrier Number Carrier Type
	at org.testng.asserts.SoftAssert.assertAll(SoftAssert.java:43)
	at com.PanaAutomation.Keywords.GenericKeywords.reportFailure(GenericKeywords.java:1307)
	at com.PanaAutomation.Keywords.GenericKeywords.verifyTextRegEx(GenericKeywords.java:1872)
	... 30 more
</pre></div></td>
<td>17</td>
<td>com.PanaMCAutomation.MC_Carrier_Management.ID1249_TC008_Carrier_Dashboard_drag_and_drop_columns@60704c</td></tr>
<tr>
<td title='com.PanaMCAutomation.MC_Carrier_Management.ID1256_TC015_Carrier_Dashboard_Register_New_Generate_Carrier.testB()'><b>testB</b><br>Test class: com.PanaMCAutomation.MC_Carrier_Management.ID1256_TC015_Carrier_Dashboard_Register_New_Generate_Carrier<br>Parameters: {ID1256_TC015_Carrier_Dashboard_Register_New_Generate_Carrier@67=Saved Successfully, ID1256_TC015_Carrier_Dashboard_Register_New_Generate_Carrier@66=0, ID1256_TC015_Carrier_Dashboard_Register_New_Generate_Carrier@65=System, ID1256_TC015_Carrier_Dashboard_Register_New_Generate_Carrier@64=Chrome, Runmode=Y}</td>
<td><div><pre>java.lang.reflect.InvocationTargetException
	at com.PanaAutomation.Driver.DriverScript.executeKeywords(DriverScript.java:77)
	at com.PanaMCAutomation.MC_Carrier_Management.ID1256_TC015_Carrier_Dashboard_Register_New_Generate_Carrier.testB(ID1256_TC015_Carrier_Dashboard_Register_New_Generate_Carrier.java:24)
	at com.PanaAutomation.Base.runMC.main(runMC.java:17)
Caused by: java.lang.AssertionError: The following asserts failed:
	Element not found 
	at com.PanaAutomation.Keywords.GenericKeywords.reportFailure(GenericKeywords.java:1307)
	at com.PanaAutomation.Keywords.GenericKeywords.validatePopUpMessage(GenericKeywords.java:601)
	... 29 more
... Removed 27 stack frames</pre></div><a href='#' onClick='toggleBox("stack-trace709702834", this, "Click to show all stack frames", "Click to hide stack frames")'>Click to show all stack frames</a>
<div class='stack-trace' id='stack-trace709702834'><pre>java.lang.reflect.InvocationTargetException
	at sun.reflect.GeneratedMethodAccessor108.invoke(Unknown Source)
	at sun.reflect.DelegatingMethodAccessorImpl.invoke(Unknown Source)
	at java.lang.reflect.Method.invoke(Unknown Source)
	at com.PanaAutomation.Driver.DriverScript.executeKeywords(DriverScript.java:77)
	at com.PanaMCAutomation.MC_Carrier_Management.ID1256_TC015_Carrier_Dashboard_Register_New_Generate_Carrier.testB(ID1256_TC015_Carrier_Dashboard_Register_New_Generate_Carrier.java:24)
	at sun.reflect.NativeMethodAccessorImpl.invoke0(Native Method)
	at sun.reflect.NativeMethodAccessorImpl.invoke(Unknown Source)
	at sun.reflect.DelegatingMethodAccessorImpl.invoke(Unknown Source)
	at java.lang.reflect.Method.invoke(Unknown Source)
	at org.testng.internal.MethodInvocationHelper.invokeMethod(MethodInvocationHelper.java:124)
	at org.testng.internal.Invoker.invokeMethod(Invoker.java:580)
	at org.testng.internal.Invoker.invokeTestMethod(Invoker.java:716)
	at org.testng.internal.Invoker.invokeTestMethods(Invoker.java:988)
	at org.testng.internal.TestMethodWorker.invokeTestMethods(TestMethodWorker.java:125)
	at org.testng.internal.TestMethodWorker.run(TestMethodWorker.java:109)
	at org.testng.TestRunner.privateRun(TestRunner.java:648)
	at org.testng.TestRunner.run(TestRunner.java:505)
	at org.testng.SuiteRunner.runTest(SuiteRunner.java:455)
	at org.testng.SuiteRunner.runSequentially(SuiteRunner.java:450)
	at org.testng.SuiteRunner.privateRun(SuiteRunner.java:415)
	at org.testng.SuiteRunner.run(SuiteRunner.java:364)
	at org.testng.SuiteRunnerWorker.runSuite(SuiteRunnerWorker.java:52)
	at org.testng.SuiteRunnerWorker.run(SuiteRunnerWorker.java:84)
	at org.testng.TestNG.runSuitesSequentially(TestNG.java:1208)
	at org.testng.TestNG.runSuitesSequentially(TestNG.java:1204)
	at org.testng.TestNG.runSuitesLocally(TestNG.java:1137)
	at org.testng.TestNG.runSuites(TestNG.java:1049)
	at org.testng.TestNG.run(TestNG.java:1017)
	at com.PanaAutomation.Base.runMC.main(runMC.java:17)
Caused by: java.lang.AssertionError: The following asserts failed:
	Element not found 
	at org.testng.asserts.SoftAssert.assertAll(SoftAssert.java:43)
	at com.PanaAutomation.Keywords.GenericKeywords.reportFailure(GenericKeywords.java:1307)
	at com.PanaAutomation.Keywords.GenericKeywords.validatePopUpMessage(GenericKeywords.java:601)
	... 29 more
</pre></div></td>
<td>17</td>
<td>com.PanaMCAutomation.MC_Carrier_Management.ID1256_TC015_Carrier_Dashboard_Register_New_Generate_Carrier@43ee72e6</td></tr>
<tr>
<td title='com.PanaMCAutomation.MC_Carrier_Management.ID1267_TC026_Carrier_Dashboard_Register_New_Print_Queue_selectdeselect_grid_rows.testB()'><b>testB</b><br>Test class: com.PanaMCAutomation.MC_Carrier_Management.ID1267_TC026_Carrier_Dashboard_Register_New_Print_Queue_selectdeselect_grid_rows<br>Parameters: {ID1267_TC026_Carrier_Dashboard_Register_New_Print_Queue_selectdeselect_grid_rows@102=System, ID1267_TC026_Carrier_Dashboard_Register_New_Print_Queue_selectdeselect_grid_rows@101=Chrome, Runmode=Y, ID1267_TC026_Carrier_Dashboard_Register_New_Print_Queue_selectdeselect_grid_rows@103=true}</td>
<td><div><pre>java.lang.reflect.InvocationTargetException
	at com.PanaAutomation.Driver.DriverScript.executeKeywords(DriverScript.java:77)
	at com.PanaMCAutomation.MC_Carrier_Management.ID1267_TC026_Carrier_Dashboard_Register_New_Print_Queue_selectdeselect_grid_rows.testB(ID1267_TC026_Carrier_Dashboard_Register_New_Print_Queue_selectdeselect_grid_rows.java:24)
	at com.PanaAutomation.Base.runMC.main(runMC.java:17)
Caused by: org.openqa.selenium.NoSuchElementException: no such element: Unable to locate element: {&quot;method&quot;:&quot;xpath&quot;,&quot;selector&quot;:&quot;//*[@id=&quot;grdprintmaterial&quot;]/tbody/tr[1]/td[1]/input&quot;}
  (Session info: chrome=74.0.3729.157)
  (Driver info: chromedriver=2.44.609538 (b655c5a60b0b544917107a59d4153d4bf78e1b90),platform=Windows NT 6.1.7601 SP1 x86_64) (WARNING: The server did not provide any stacktrace information)
Command duration or timeout: 20.04 seconds
For documentation on this error, please visit: http://seleniumhq.org/exceptions/no_such_element.html
Build info: version: &apos;2.45.0&apos;, revision: &apos;32a636c&apos;, time: &apos;2015-03-05 22:01:35&apos;
System info: host: &apos;PRDCV271-W7&apos;, ip: &apos;192.168.20.99&apos;, os.name: &apos;Windows 7&apos;, os.arch: &apos;amd64&apos;, os.version: &apos;6.1&apos;, java.version: &apos;1.8.0_201&apos;
Driver info: org.openqa.selenium.chrome.ChromeDriver
Capabilities [{mobileEmulationEnabled=false, hasTouchScreen=false, platform=XP, acceptSslCerts=false, goog:chromeOptions={debuggerAddress=localhost:53497}, acceptInsecureCerts=false, webStorageEnabled=true, browserName=chrome, takesScreenshot=true, javascriptEnabled=true, setWindowRect=true, unexpectedAlertBehaviour=ignore, applicationCacheEnabled=false, rotatable=false, networkConnectionEnabled=false, chrome={chromedriverVersion=2.44.609538 (b655c5a60b0b544917107a59d4153d4bf78e1b90), userDataDir=C:\Users\4000286\AppData\Local\Temp\scoped_dir95940_30195}, takesHeapSnapshot=true, pageLoadStrategy=normal, databaseEnabled=false, handlesAlerts=true, version=74.0.3729.157, browserConnectionEnabled=false, nativeEvents=true, locationContextEnabled=true, cssSelectorsEnabled=true}]
Session ID: 1a59326f28ea3ba6c78e366efe16061f
*** Element info: {Using=xpath, value=//*[@id=&quot;grdprintmaterial&quot;]/tbody/tr[1]/td[1]/input}
	at org.openqa.selenium.remote.ErrorHandler.createThrowable(ErrorHandler.java:204)
	at org.openqa.selenium.remote.ErrorHandler.throwIfResponseFailed(ErrorHandler.java:156)
	at org.openqa.selenium.remote.RemoteWebDriver.execute(RemoteWebDriver.java:599)
	at org.openqa.selenium.remote.RemoteWebDriver.findElement(RemoteWebDriver.java:352)
	at org.openqa.selenium.remote.RemoteWebDriver.findElementByXPath(RemoteWebDriver.java:449)
	at org.openqa.selenium.By$ByXPath.findElement(By.java:357)
	at org.openqa.selenium.remote.RemoteWebDriver.findElement(RemoteWebDriver.java:344)
	at com.PanaAutomation.Keywords.GenericKeywords.VerifyCheckBox(GenericKeywords.java:1157)
	... 30 more
... Removed 31 stack frames</pre></div><a href='#' onClick='toggleBox("stack-trace1845535162", this, "Click to show all stack frames", "Click to hide stack frames")'>Click to show all stack frames</a>
<div class='stack-trace' id='stack-trace1845535162'><pre>java.lang.reflect.InvocationTargetException
	at sun.reflect.NativeMethodAccessorImpl.invoke0(Native Method)
	at sun.reflect.NativeMethodAccessorImpl.invoke(Unknown Source)
	at sun.reflect.DelegatingMethodAccessorImpl.invoke(Unknown Source)
	at java.lang.reflect.Method.invoke(Unknown Source)
	at com.PanaAutomation.Driver.DriverScript.executeKeywords(DriverScript.java:77)
	at com.PanaMCAutomation.MC_Carrier_Management.ID1267_TC026_Carrier_Dashboard_Register_New_Print_Queue_selectdeselect_grid_rows.testB(ID1267_TC026_Carrier_Dashboard_Register_New_Print_Queue_selectdeselect_grid_rows.java:24)
	at sun.reflect.NativeMethodAccessorImpl.invoke0(Native Method)
	at sun.reflect.NativeMethodAccessorImpl.invoke(Unknown Source)
	at sun.reflect.DelegatingMethodAccessorImpl.invoke(Unknown Source)
	at java.lang.reflect.Method.invoke(Unknown Source)
	at org.testng.internal.MethodInvocationHelper.invokeMethod(MethodInvocationHelper.java:124)
	at org.testng.internal.Invoker.invokeMethod(Invoker.java:580)
	at org.testng.internal.Invoker.invokeTestMethod(Invoker.java:716)
	at org.testng.internal.Invoker.invokeTestMethods(Invoker.java:988)
	at org.testng.internal.TestMethodWorker.invokeTestMethods(TestMethodWorker.java:125)
	at org.testng.internal.TestMethodWorker.run(TestMethodWorker.java:109)
	at org.testng.TestRunner.privateRun(TestRunner.java:648)
	at org.testng.TestRunner.run(TestRunner.java:505)
	at org.testng.SuiteRunner.runTest(SuiteRunner.java:455)
	at org.testng.SuiteRunner.runSequentially(SuiteRunner.java:450)
	at org.testng.SuiteRunner.privateRun(SuiteRunner.java:415)
	at org.testng.SuiteRunner.run(SuiteRunner.java:364)
	at org.testng.SuiteRunnerWorker.runSuite(SuiteRunnerWorker.java:52)
	at org.testng.SuiteRunnerWorker.run(SuiteRunnerWorker.java:84)
	at org.testng.TestNG.runSuitesSequentially(TestNG.java:1208)
	at org.testng.TestNG.runSuitesSequentially(TestNG.java:1204)
	at org.testng.TestNG.runSuitesLocally(TestNG.java:1137)
	at org.testng.TestNG.runSuites(TestNG.java:1049)
	at org.testng.TestNG.run(TestNG.java:1017)
	at com.PanaAutomation.Base.runMC.main(runMC.java:17)
Caused by: org.openqa.selenium.NoSuchElementException: no such element: Unable to locate element: {&quot;method&quot;:&quot;xpath&quot;,&quot;selector&quot;:&quot;//*[@id=&quot;grdprintmaterial&quot;]/tbody/tr[1]/td[1]/input&quot;}
  (Session info: chrome=74.0.3729.157)
  (Driver info: chromedriver=2.44.609538 (b655c5a60b0b544917107a59d4153d4bf78e1b90),platform=Windows NT 6.1.7601 SP1 x86_64) (WARNING: The server did not provide any stacktrace information)
Command duration or timeout: 20.04 seconds
For documentation on this error, please visit: http://seleniumhq.org/exceptions/no_such_element.html
Build info: version: &apos;2.45.0&apos;, revision: &apos;32a636c&apos;, time: &apos;2015-03-05 22:01:35&apos;
System info: host: &apos;PRDCV271-W7&apos;, ip: &apos;192.168.20.99&apos;, os.name: &apos;Windows 7&apos;, os.arch: &apos;amd64&apos;, os.version: &apos;6.1&apos;, java.version: &apos;1.8.0_201&apos;
Driver info: org.openqa.selenium.chrome.ChromeDriver
Capabilities [{mobileEmulationEnabled=false, hasTouchScreen=false, platform=XP, acceptSslCerts=false, goog:chromeOptions={debuggerAddress=localhost:53497}, acceptInsecureCerts=false, webStorageEnabled=true, browserName=chrome, takesScreenshot=true, javascriptEnabled=true, setWindowRect=true, unexpectedAlertBehaviour=ignore, applicationCacheEnabled=false, rotatable=false, networkConnectionEnabled=false, chrome={chromedriverVersion=2.44.609538 (b655c5a60b0b544917107a59d4153d4bf78e1b90), userDataDir=C:\Users\4000286\AppData\Local\Temp\scoped_dir95940_30195}, takesHeapSnapshot=true, pageLoadStrategy=normal, databaseEnabled=false, handlesAlerts=true, version=74.0.3729.157, browserConnectionEnabled=false, nativeEvents=true, locationContextEnabled=true, cssSelectorsEnabled=true}]
Session ID: 1a59326f28ea3ba6c78e366efe16061f
*** Element info: {Using=xpath, value=//*[@id=&quot;grdprintmaterial&quot;]/tbody/tr[1]/td[1]/input}
	at sun.reflect.NativeConstructorAccessorImpl.newInstance0(Native Method)
	at sun.reflect.NativeConstructorAccessorImpl.newInstance(Unknown Source)
	at sun.reflect.DelegatingConstructorAccessorImpl.newInstance(Unknown Source)
	at java.lang.reflect.Constructor.newInstance(Unknown Source)
	at org.openqa.selenium.remote.ErrorHandler.createThrowable(ErrorHandler.java:204)
	at org.openqa.selenium.remote.ErrorHandler.throwIfResponseFailed(ErrorHandler.java:156)
	at org.openqa.selenium.remote.RemoteWebDriver.execute(RemoteWebDriver.java:599)
	at org.openqa.selenium.remote.RemoteWebDriver.findElement(RemoteWebDriver.java:352)
	at org.openqa.selenium.remote.RemoteWebDriver.findElementByXPath(RemoteWebDriver.java:449)
	at org.openqa.selenium.By$ByXPath.findElement(By.java:357)
	at org.openqa.selenium.remote.RemoteWebDriver.findElement(RemoteWebDriver.java:344)
	at com.PanaAutomation.Keywords.GenericKeywords.VerifyCheckBox(GenericKeywords.java:1157)
	... 30 more
</pre></div></td>
<td>31</td>
<td>com.PanaMCAutomation.MC_Carrier_Management.ID1267_TC026_Carrier_Dashboard_Register_New_Print_Queue_selectdeselect_grid_rows@37918c79</td></tr>
<tr>
<td title='com.PanaMCAutomation.MC_Carrier_Management.ID1269_TC028_Carrier_Dashboard_Register_New_Print_Queue_Pause_Print.testB()'><b>testB</b><br>Test class: com.PanaMCAutomation.MC_Carrier_Management.ID1269_TC028_Carrier_Dashboard_Register_New_Print_Queue_Pause_Print<br>Parameters: {ID1269_TC028_Carrier_Dashboard_Register_New_Print_Queue_Pause_Print@112=None, ID1269_TC028_Carrier_Dashboard_Register_New_Print_Queue_Pause_Print@111=System, ID1269_TC028_Carrier_Dashboard_Register_New_Print_Queue_Pause_Print@110=Chrome, Runmode=Y}</td>
<td><div><pre>java.lang.reflect.InvocationTargetException
	at com.PanaAutomation.Driver.DriverScript.executeKeywords(DriverScript.java:77)
	at com.PanaMCAutomation.MC_Carrier_Management.ID1269_TC028_Carrier_Dashboard_Register_New_Print_Queue_Pause_Print.testB(ID1269_TC028_Carrier_Dashboard_Register_New_Print_Queue_Pause_Print.java:24)
	at com.PanaAutomation.Base.runMC.main(runMC.java:17)
Caused by: java.lang.AssertionError: The following asserts failed:
	Unexpected exception is thrown: org.openqa.selenium.NoSuchElementException: no such element: Unable to locate element: {&quot;method&quot;:&quot;xpath&quot;,&quot;selector&quot;:&quot;//*[@id=&quot;grdprintmaterial&quot;]/tbody/tr[1]/td[5]&quot;}
  (Session info: chrome=74.0.3729.157)
  (Driver info: chromedriver=2.44.609538 (b655c5a60b0b544917107a59d4153d4bf78e1b90),platform=Windows NT 6.1.7601 SP1 x86_64) (WARNING: The server did not provide any stacktrace information)
Command duration or timeout: 20.02 seconds
For documentation on this error, please visit: http://seleniumhq.org/exceptions/no_such_element.html
Build info: version: &apos;2.45.0&apos;, revision: &apos;32a636c&apos;, time: &apos;2015-03-05 22:01:35&apos;
System info: host: &apos;PRDCV271-W7&apos;, ip: &apos;192.168.20.99&apos;, os.name: &apos;Windows 7&apos;, os.arch: &apos;amd64&apos;, os.version: &apos;6.1&apos;, java.version: &apos;1.8.0_201&apos;
Driver info: org.openqa.selenium.chrome.ChromeDriver
Capabilities [{mobileEmulationEnabled=false, hasTouchScreen=false, platform=XP, acceptSslCerts=false, goog:chromeOptions={debuggerAddress=localhost:53603}, acceptInsecureCerts=false, webStorageEnabled=true, browserName=chrome, takesScreenshot=true, javascriptEnabled=true, setWindowRect=true, unexpectedAlertBehaviour=ignore, applicationCacheEnabled=false, rotatable=false, networkConnectionEnabled=false, chrome={chromedriverVersion=2.44.609538 (b655c5a60b0b544917107a59d4153d4bf78e1b90), userDataDir=C:\Users\4000286\AppData\Local\Temp\scoped_dir82156_6117}, takesHeapSnapshot=true, pageLoadStrategy=normal, databaseEnabled=false, handlesAlerts=true, version=74.0.3729.157, browserConnectionEnabled=false, nativeEvents=true, locationContextEnabled=true, cssSelectorsEnabled=true}]
Session ID: 3e961f316c3362e537f5f613399a3847
*** Element info: {Using=xpath, value=//*[@id=&quot;grdprintmaterial&quot;]/tbody/tr[1]/td[5]}
	at com.PanaAutomation.Keywords.GenericKeywords.reportFailure(GenericKeywords.java:1307)
	at com.PanaAutomation.Keywords.GenericKeywords.verifyTextContain(GenericKeywords.java:1646)
	... 29 more
... Removed 27 stack frames</pre></div><a href='#' onClick='toggleBox("stack-trace1045081054", this, "Click to show all stack frames", "Click to hide stack frames")'>Click to show all stack frames</a>
<div class='stack-trace' id='stack-trace1045081054'><pre>java.lang.reflect.InvocationTargetException
	at sun.reflect.GeneratedMethodAccessor107.invoke(Unknown Source)
	at sun.reflect.DelegatingMethodAccessorImpl.invoke(Unknown Source)
	at java.lang.reflect.Method.invoke(Unknown Source)
	at com.PanaAutomation.Driver.DriverScript.executeKeywords(DriverScript.java:77)
	at com.PanaMCAutomation.MC_Carrier_Management.ID1269_TC028_Carrier_Dashboard_Register_New_Print_Queue_Pause_Print.testB(ID1269_TC028_Carrier_Dashboard_Register_New_Print_Queue_Pause_Print.java:24)
	at sun.reflect.NativeMethodAccessorImpl.invoke0(Native Method)
	at sun.reflect.NativeMethodAccessorImpl.invoke(Unknown Source)
	at sun.reflect.DelegatingMethodAccessorImpl.invoke(Unknown Source)
	at java.lang.reflect.Method.invoke(Unknown Source)
	at org.testng.internal.MethodInvocationHelper.invokeMethod(MethodInvocationHelper.java:124)
	at org.testng.internal.Invoker.invokeMethod(Invoker.java:580)
	at org.testng.internal.Invoker.invokeTestMethod(Invoker.java:716)
	at org.testng.internal.Invoker.invokeTestMethods(Invoker.java:988)
	at org.testng.internal.TestMethodWorker.invokeTestMethods(TestMethodWorker.java:125)
	at org.testng.internal.TestMethodWorker.run(TestMethodWorker.java:109)
	at org.testng.TestRunner.privateRun(TestRunner.java:648)
	at org.testng.TestRunner.run(TestRunner.java:505)
	at org.testng.SuiteRunner.runTest(SuiteRunner.java:455)
	at org.testng.SuiteRunner.runSequentially(SuiteRunner.java:450)
	at org.testng.SuiteRunner.privateRun(SuiteRunner.java:415)
	at org.testng.SuiteRunner.run(SuiteRunner.java:364)
	at org.testng.SuiteRunnerWorker.runSuite(SuiteRunnerWorker.java:52)
	at org.testng.SuiteRunnerWorker.run(SuiteRunnerWorker.java:84)
	at org.testng.TestNG.runSuitesSequentially(TestNG.java:1208)
	at org.testng.TestNG.runSuitesSequentially(TestNG.java:1204)
	at org.testng.TestNG.runSuitesLocally(TestNG.java:1137)
	at org.testng.TestNG.runSuites(TestNG.java:1049)
	at org.testng.TestNG.run(TestNG.java:1017)
	at com.PanaAutomation.Base.runMC.main(runMC.java:17)
Caused by: java.lang.AssertionError: The following asserts failed:
	Unexpected exception is thrown: org.openqa.selenium.NoSuchElementException: no such element: Unable to locate element: {&quot;method&quot;:&quot;xpath&quot;,&quot;selector&quot;:&quot;//*[@id=&quot;grdprintmaterial&quot;]/tbody/tr[1]/td[5]&quot;}
  (Session info: chrome=74.0.3729.157)
  (Driver info: chromedriver=2.44.609538 (b655c5a60b0b544917107a59d4153d4bf78e1b90),platform=Windows NT 6.1.7601 SP1 x86_64) (WARNING: The server did not provide any stacktrace information)
Command duration or timeout: 20.02 seconds
For documentation on this error, please visit: http://seleniumhq.org/exceptions/no_such_element.html
Build info: version: &apos;2.45.0&apos;, revision: &apos;32a636c&apos;, time: &apos;2015-03-05 22:01:35&apos;
System info: host: &apos;PRDCV271-W7&apos;, ip: &apos;192.168.20.99&apos;, os.name: &apos;Windows 7&apos;, os.arch: &apos;amd64&apos;, os.version: &apos;6.1&apos;, java.version: &apos;1.8.0_201&apos;
Driver info: org.openqa.selenium.chrome.ChromeDriver
Capabilities [{mobileEmulationEnabled=false, hasTouchScreen=false, platform=XP, acceptSslCerts=false, goog:chromeOptions={debuggerAddress=localhost:53603}, acceptInsecureCerts=false, webStorageEnabled=true, browserName=chrome, takesScreenshot=true, javascriptEnabled=true, setWindowRect=true, unexpectedAlertBehaviour=ignore, applicationCacheEnabled=false, rotatable=false, networkConnectionEnabled=false, chrome={chromedriverVersion=2.44.609538 (b655c5a60b0b544917107a59d4153d4bf78e1b90), userDataDir=C:\Users\4000286\AppData\Local\Temp\scoped_dir82156_6117}, takesHeapSnapshot=true, pageLoadStrategy=normal, databaseEnabled=false, handlesAlerts=true, version=74.0.3729.157, browserConnectionEnabled=false, nativeEvents=true, locationContextEnabled=true, cssSelectorsEnabled=true}]
Session ID: 3e961f316c3362e537f5f613399a3847
*** Element info: {Using=xpath, value=//*[@id=&quot;grdprintmaterial&quot;]/tbody/tr[1]/td[5]}
	at org.testng.asserts.SoftAssert.assertAll(SoftAssert.java:43)
	at com.PanaAutomation.Keywords.GenericKeywords.reportFailure(GenericKeywords.java:1307)
	at com.PanaAutomation.Keywords.GenericKeywords.verifyTextContain(GenericKeywords.java:1646)
	... 29 more
</pre></div></td>
<td>52</td>
<td>com.PanaMCAutomation.MC_Carrier_Management.ID1269_TC028_Carrier_Dashboard_Register_New_Print_Queue_Pause_Print@233fe9b6</td></tr>
<tr>
<td title='com.PanaMCAutomation.MC_Carrier_Management.ID1270_TC029_Carrier_Dashboard_Register_New_Print_Queue_Delete_Print.testB()'><b>testB</b><br>Test class: com.PanaMCAutomation.MC_Carrier_Management.ID1270_TC029_Carrier_Dashboard_Register_New_Print_Queue_Delete_Print<br>Parameters: {ID1270_TC029_Carrier_Dashboard_Register_New_Print_Queue_Delete_Print@114=System, ID1270_TC029_Carrier_Dashboard_Register_New_Print_Queue_Delete_Print@113=Chrome, Runmode=Y}</td>
<td><div><pre>java.lang.reflect.InvocationTargetException
	at com.PanaAutomation.Driver.DriverScript.executeKeywords(DriverScript.java:77)
	at com.PanaMCAutomation.MC_Carrier_Management.ID1270_TC029_Carrier_Dashboard_Register_New_Print_Queue_Delete_Print.testB(ID1270_TC029_Carrier_Dashboard_Register_New_Print_Queue_Delete_Print.java:24)
	at com.PanaAutomation.Base.runMC.main(runMC.java:17)
Caused by: java.lang.AssertionError: The following asserts failed:
	Unable to Click //*[@id=&quot;grdprintmaterial&quot;]/tbody/tr[1]/td[1]/input
	at com.PanaAutomation.Keywords.GenericKeywords.reportFailure(GenericKeywords.java:1307)
	at com.PanaAutomation.Keywords.GenericKeywords.click(GenericKeywords.java:189)
	... 29 more
... Removed 27 stack frames</pre></div><a href='#' onClick='toggleBox("stack-trace222784033", this, "Click to show all stack frames", "Click to hide stack frames")'>Click to show all stack frames</a>
<div class='stack-trace' id='stack-trace222784033'><pre>java.lang.reflect.InvocationTargetException
	at sun.reflect.GeneratedMethodAccessor53.invoke(Unknown Source)
	at sun.reflect.DelegatingMethodAccessorImpl.invoke(Unknown Source)
	at java.lang.reflect.Method.invoke(Unknown Source)
	at com.PanaAutomation.Driver.DriverScript.executeKeywords(DriverScript.java:77)
	at com.PanaMCAutomation.MC_Carrier_Management.ID1270_TC029_Carrier_Dashboard_Register_New_Print_Queue_Delete_Print.testB(ID1270_TC029_Carrier_Dashboard_Register_New_Print_Queue_Delete_Print.java:24)
	at sun.reflect.NativeMethodAccessorImpl.invoke0(Native Method)
	at sun.reflect.NativeMethodAccessorImpl.invoke(Unknown Source)
	at sun.reflect.DelegatingMethodAccessorImpl.invoke(Unknown Source)
	at java.lang.reflect.Method.invoke(Unknown Source)
	at org.testng.internal.MethodInvocationHelper.invokeMethod(MethodInvocationHelper.java:124)
	at org.testng.internal.Invoker.invokeMethod(Invoker.java:580)
	at org.testng.internal.Invoker.invokeTestMethod(Invoker.java:716)
	at org.testng.internal.Invoker.invokeTestMethods(Invoker.java:988)
	at org.testng.internal.TestMethodWorker.invokeTestMethods(TestMethodWorker.java:125)
	at org.testng.internal.TestMethodWorker.run(TestMethodWorker.java:109)
	at org.testng.TestRunner.privateRun(TestRunner.java:648)
	at org.testng.TestRunner.run(TestRunner.java:505)
	at org.testng.SuiteRunner.runTest(SuiteRunner.java:455)
	at org.testng.SuiteRunner.runSequentially(SuiteRunner.java:450)
	at org.testng.SuiteRunner.privateRun(SuiteRunner.java:415)
	at org.testng.SuiteRunner.run(SuiteRunner.java:364)
	at org.testng.SuiteRunnerWorker.runSuite(SuiteRunnerWorker.java:52)
	at org.testng.SuiteRunnerWorker.run(SuiteRunnerWorker.java:84)
	at org.testng.TestNG.runSuitesSequentially(TestNG.java:1208)
	at org.testng.TestNG.runSuitesSequentially(TestNG.java:1204)
	at org.testng.TestNG.runSuitesLocally(TestNG.java:1137)
	at org.testng.TestNG.runSuites(TestNG.java:1049)
	at org.testng.TestNG.run(TestNG.java:1017)
	at com.PanaAutomation.Base.runMC.main(runMC.java:17)
Caused by: java.lang.AssertionError: The following asserts failed:
	Unable to Click //*[@id=&quot;grdprintmaterial&quot;]/tbody/tr[1]/td[1]/input
	at org.testng.asserts.SoftAssert.assertAll(SoftAssert.java:43)
	at com.PanaAutomation.Keywords.GenericKeywords.reportFailure(GenericKeywords.java:1307)
	at com.PanaAutomation.Keywords.GenericKeywords.click(GenericKeywords.java:189)
	... 29 more
</pre></div></td>
<td>58</td>
<td>com.PanaMCAutomation.MC_Carrier_Management.ID1270_TC029_Carrier_Dashboard_Register_New_Print_Queue_Delete_Print@358ee631</td></tr>
<tr>
<td title='com.PanaMCAutomation.MC_Carrier_Management.ID1271_TC030_Carrier_Dashboard_Register_New_Print_Queue_RetryReprint_Print.testB()'><b>testB</b><br>Test class: com.PanaMCAutomation.MC_Carrier_Management.ID1271_TC030_Carrier_Dashboard_Register_New_Print_Queue_RetryReprint_Print<br>Parameters: {Runmode=Y, ID1271_TC030_Carrier_Dashboard_Register_New_Print_Queue_RetryReprint_Print@116=System, ID1271_TC030_Carrier_Dashboard_Register_New_Print_Queue_RetryReprint_Print@115=Chrome}</td>
<td><div><pre>java.lang.reflect.InvocationTargetException
	at com.PanaAutomation.Driver.DriverScript.executeKeywords(DriverScript.java:77)
	at com.PanaMCAutomation.MC_Carrier_Management.ID1271_TC030_Carrier_Dashboard_Register_New_Print_Queue_RetryReprint_Print.testB(ID1271_TC030_Carrier_Dashboard_Register_New_Print_Queue_RetryReprint_Print.java:24)
	at com.PanaAutomation.Base.runMC.main(runMC.java:17)
Caused by: java.lang.AssertionError: The following asserts failed:
	Unable to Click //*[@id=&quot;grdprintmaterial&quot;]/tbody/tr[1]/td[1]/input
	at com.PanaAutomation.Keywords.GenericKeywords.reportFailure(GenericKeywords.java:1307)
	at com.PanaAutomation.Keywords.GenericKeywords.click(GenericKeywords.java:189)
	... 29 more
... Removed 27 stack frames</pre></div><a href='#' onClick='toggleBox("stack-trace447778435", this, "Click to show all stack frames", "Click to hide stack frames")'>Click to show all stack frames</a>
<div class='stack-trace' id='stack-trace447778435'><pre>java.lang.reflect.InvocationTargetException
	at sun.reflect.GeneratedMethodAccessor53.invoke(Unknown Source)
	at sun.reflect.DelegatingMethodAccessorImpl.invoke(Unknown Source)
	at java.lang.reflect.Method.invoke(Unknown Source)
	at com.PanaAutomation.Driver.DriverScript.executeKeywords(DriverScript.java:77)
	at com.PanaMCAutomation.MC_Carrier_Management.ID1271_TC030_Carrier_Dashboard_Register_New_Print_Queue_RetryReprint_Print.testB(ID1271_TC030_Carrier_Dashboard_Register_New_Print_Queue_RetryReprint_Print.java:24)
	at sun.reflect.NativeMethodAccessorImpl.invoke0(Native Method)
	at sun.reflect.NativeMethodAccessorImpl.invoke(Unknown Source)
	at sun.reflect.DelegatingMethodAccessorImpl.invoke(Unknown Source)
	at java.lang.reflect.Method.invoke(Unknown Source)
	at org.testng.internal.MethodInvocationHelper.invokeMethod(MethodInvocationHelper.java:124)
	at org.testng.internal.Invoker.invokeMethod(Invoker.java:580)
	at org.testng.internal.Invoker.invokeTestMethod(Invoker.java:716)
	at org.testng.internal.Invoker.invokeTestMethods(Invoker.java:988)
	at org.testng.internal.TestMethodWorker.invokeTestMethods(TestMethodWorker.java:125)
	at org.testng.internal.TestMethodWorker.run(TestMethodWorker.java:109)
	at org.testng.TestRunner.privateRun(TestRunner.java:648)
	at org.testng.TestRunner.run(TestRunner.java:505)
	at org.testng.SuiteRunner.runTest(SuiteRunner.java:455)
	at org.testng.SuiteRunner.runSequentially(SuiteRunner.java:450)
	at org.testng.SuiteRunner.privateRun(SuiteRunner.java:415)
	at org.testng.SuiteRunner.run(SuiteRunner.java:364)
	at org.testng.SuiteRunnerWorker.runSuite(SuiteRunnerWorker.java:52)
	at org.testng.SuiteRunnerWorker.run(SuiteRunnerWorker.java:84)
	at org.testng.TestNG.runSuitesSequentially(TestNG.java:1208)
	at org.testng.TestNG.runSuitesSequentially(TestNG.java:1204)
	at org.testng.TestNG.runSuitesLocally(TestNG.java:1137)
	at org.testng.TestNG.runSuites(TestNG.java:1049)
	at org.testng.TestNG.run(TestNG.java:1017)
	at com.PanaAutomation.Base.runMC.main(runMC.java:17)
Caused by: java.lang.AssertionError: The following asserts failed:
	Unable to Click //*[@id=&quot;grdprintmaterial&quot;]/tbody/tr[1]/td[1]/input
	at org.testng.asserts.SoftAssert.assertAll(SoftAssert.java:43)
	at com.PanaAutomation.Keywords.GenericKeywords.reportFailure(GenericKeywords.java:1307)
	at com.PanaAutomation.Keywords.GenericKeywords.click(GenericKeywords.java:189)
	... 29 more
</pre></div></td>
<td>69</td>
<td>com.PanaMCAutomation.MC_Carrier_Management.ID1271_TC030_Carrier_Dashboard_Register_New_Print_Queue_RetryReprint_Print@ec756bd</td></tr>
<tr>
<td title='com.PanaMCAutomation.MC_Carrier_Management.ID1272_TC031_Carrier_Dashboard_Register_New_Print_Queue_Completed_status.testB()'><b>testB</b><br>Test class: com.PanaMCAutomation.MC_Carrier_Management.ID1272_TC031_Carrier_Dashboard_Register_New_Print_Queue_Completed_status<br>Parameters: {ID1272_TC031_Carrier_Dashboard_Register_New_Print_Queue_Completed_status@118=System, ID1272_TC031_Carrier_Dashboard_Register_New_Print_Queue_Completed_status@117=Chrome, Runmode=Y, ID1272_TC031_Carrier_Dashboard_Register_New_Print_Queue_Completed_status@119=Complete}</td>
<td><div><pre>java.lang.reflect.InvocationTargetException
	at com.PanaAutomation.Driver.DriverScript.executeKeywords(DriverScript.java:77)
	at com.PanaMCAutomation.MC_Carrier_Management.ID1272_TC031_Carrier_Dashboard_Register_New_Print_Queue_Completed_status.testB(ID1272_TC031_Carrier_Dashboard_Register_New_Print_Queue_Completed_status.java:24)
	at com.PanaAutomation.Base.runMC.main(runMC.java:17)
Caused by: java.lang.AssertionError: The following asserts failed:
	Text is NOT as expect. Expect: Complete Actual: No matching records found
	at com.PanaAutomation.Keywords.GenericKeywords.reportFailure(GenericKeywords.java:1307)
	at com.PanaAutomation.Keywords.GenericKeywords.verifyTextContain(GenericKeywords.java:1642)
	... 29 more
... Removed 27 stack frames</pre></div><a href='#' onClick='toggleBox("stack-trace1447261655", this, "Click to show all stack frames", "Click to hide stack frames")'>Click to show all stack frames</a>
<div class='stack-trace' id='stack-trace1447261655'><pre>java.lang.reflect.InvocationTargetException
	at sun.reflect.GeneratedMethodAccessor107.invoke(Unknown Source)
	at sun.reflect.DelegatingMethodAccessorImpl.invoke(Unknown Source)
	at java.lang.reflect.Method.invoke(Unknown Source)
	at com.PanaAutomation.Driver.DriverScript.executeKeywords(DriverScript.java:77)
	at com.PanaMCAutomation.MC_Carrier_Management.ID1272_TC031_Carrier_Dashboard_Register_New_Print_Queue_Completed_status.testB(ID1272_TC031_Carrier_Dashboard_Register_New_Print_Queue_Completed_status.java:24)
	at sun.reflect.NativeMethodAccessorImpl.invoke0(Native Method)
	at sun.reflect.NativeMethodAccessorImpl.invoke(Unknown Source)
	at sun.reflect.DelegatingMethodAccessorImpl.invoke(Unknown Source)
	at java.lang.reflect.Method.invoke(Unknown Source)
	at org.testng.internal.MethodInvocationHelper.invokeMethod(MethodInvocationHelper.java:124)
	at org.testng.internal.Invoker.invokeMethod(Invoker.java:580)
	at org.testng.internal.Invoker.invokeTestMethod(Invoker.java:716)
	at org.testng.internal.Invoker.invokeTestMethods(Invoker.java:988)
	at org.testng.internal.TestMethodWorker.invokeTestMethods(TestMethodWorker.java:125)
	at org.testng.internal.TestMethodWorker.run(TestMethodWorker.java:109)
	at org.testng.TestRunner.privateRun(TestRunner.java:648)
	at org.testng.TestRunner.run(TestRunner.java:505)
	at org.testng.SuiteRunner.runTest(SuiteRunner.java:455)
	at org.testng.SuiteRunner.runSequentially(SuiteRunner.java:450)
	at org.testng.SuiteRunner.privateRun(SuiteRunner.java:415)
	at org.testng.SuiteRunner.run(SuiteRunner.java:364)
	at org.testng.SuiteRunnerWorker.runSuite(SuiteRunnerWorker.java:52)
	at org.testng.SuiteRunnerWorker.run(SuiteRunnerWorker.java:84)
	at org.testng.TestNG.runSuitesSequentially(TestNG.java:1208)
	at org.testng.TestNG.runSuitesSequentially(TestNG.java:1204)
	at org.testng.TestNG.runSuitesLocally(TestNG.java:1137)
	at org.testng.TestNG.runSuites(TestNG.java:1049)
	at org.testng.TestNG.run(TestNG.java:1017)
	at com.PanaAutomation.Base.runMC.main(runMC.java:17)
Caused by: java.lang.AssertionError: The following asserts failed:
	Text is NOT as expect. Expect: Complete Actual: No matching records found
	at org.testng.asserts.SoftAssert.assertAll(SoftAssert.java:43)
	at com.PanaAutomation.Keywords.GenericKeywords.reportFailure(GenericKeywords.java:1307)
	at com.PanaAutomation.Keywords.GenericKeywords.verifyTextContain(GenericKeywords.java:1642)
	... 29 more
</pre></div></td>
<td>24</td>
<td>com.PanaMCAutomation.MC_Carrier_Management.ID1272_TC031_Carrier_Dashboard_Register_New_Print_Queue_Completed_status@3c72f59f</td></tr>
<tr>
<td title='com.PanaMCAutomation.MC_Carrier_Management.ID1273_TC032_Carrier_Dashboard_Carrier_Actions_Delete_button.testB()'><b>testB</b><br>Test class: com.PanaMCAutomation.MC_Carrier_Management.ID1273_TC032_Carrier_Dashboard_Carrier_Actions_Delete_button<br>Parameters: {ID1273_TC032_Carrier_Dashboard_Carrier_Actions_Delete_button@121=System, ID1273_TC032_Carrier_Dashboard_Carrier_Actions_Delete_button@120=Chrome, Runmode=Y, ID1273_TC032_Carrier_Dashboard_Carrier_Actions_Delete_button@122=Deleted successfully}</td>
<td><div><pre>java.lang.reflect.InvocationTargetException
	at com.PanaAutomation.Driver.DriverScript.executeKeywords(DriverScript.java:77)
	at com.PanaMCAutomation.MC_Carrier_Management.ID1273_TC032_Carrier_Dashboard_Carrier_Actions_Delete_button.testB(ID1273_TC032_Carrier_Dashboard_Carrier_Actions_Delete_button.java:24)
	at com.PanaAutomation.Base.runMC.main(runMC.java:17)
Caused by: java.lang.AssertionError: The following asserts failed:
	Unable to Click /html/body/div[7]/div[3]/div/button[1]
	at com.PanaAutomation.Keywords.GenericKeywords.reportFailure(GenericKeywords.java:1307)
	at com.PanaAutomation.Keywords.GenericKeywords.click(GenericKeywords.java:189)
	... 29 more
... Removed 27 stack frames</pre></div><a href='#' onClick='toggleBox("stack-trace1753735633", this, "Click to show all stack frames", "Click to hide stack frames")'>Click to show all stack frames</a>
<div class='stack-trace' id='stack-trace1753735633'><pre>java.lang.reflect.InvocationTargetException
	at sun.reflect.GeneratedMethodAccessor53.invoke(Unknown Source)
	at sun.reflect.DelegatingMethodAccessorImpl.invoke(Unknown Source)
	at java.lang.reflect.Method.invoke(Unknown Source)
	at com.PanaAutomation.Driver.DriverScript.executeKeywords(DriverScript.java:77)
	at com.PanaMCAutomation.MC_Carrier_Management.ID1273_TC032_Carrier_Dashboard_Carrier_Actions_Delete_button.testB(ID1273_TC032_Carrier_Dashboard_Carrier_Actions_Delete_button.java:24)
	at sun.reflect.NativeMethodAccessorImpl.invoke0(Native Method)
	at sun.reflect.NativeMethodAccessorImpl.invoke(Unknown Source)
	at sun.reflect.DelegatingMethodAccessorImpl.invoke(Unknown Source)
	at java.lang.reflect.Method.invoke(Unknown Source)
	at org.testng.internal.MethodInvocationHelper.invokeMethod(MethodInvocationHelper.java:124)
	at org.testng.internal.Invoker.invokeMethod(Invoker.java:580)
	at org.testng.internal.Invoker.invokeTestMethod(Invoker.java:716)
	at org.testng.internal.Invoker.invokeTestMethods(Invoker.java:988)
	at org.testng.internal.TestMethodWorker.invokeTestMethods(TestMethodWorker.java:125)
	at org.testng.internal.TestMethodWorker.run(TestMethodWorker.java:109)
	at org.testng.TestRunner.privateRun(TestRunner.java:648)
	at org.testng.TestRunner.run(TestRunner.java:505)
	at org.testng.SuiteRunner.runTest(SuiteRunner.java:455)
	at org.testng.SuiteRunner.runSequentially(SuiteRunner.java:450)
	at org.testng.SuiteRunner.privateRun(SuiteRunner.java:415)
	at org.testng.SuiteRunner.run(SuiteRunner.java:364)
	at org.testng.SuiteRunnerWorker.runSuite(SuiteRunnerWorker.java:52)
	at org.testng.SuiteRunnerWorker.run(SuiteRunnerWorker.java:84)
	at org.testng.TestNG.runSuitesSequentially(TestNG.java:1208)
	at org.testng.TestNG.runSuitesSequentially(TestNG.java:1204)
	at org.testng.TestNG.runSuitesLocally(TestNG.java:1137)
	at org.testng.TestNG.runSuites(TestNG.java:1049)
	at org.testng.TestNG.run(TestNG.java:1017)
	at com.PanaAutomation.Base.runMC.main(runMC.java:17)
Caused by: java.lang.AssertionError: The following asserts failed:
	Unable to Click /html/body/div[7]/div[3]/div/button[1]
	at org.testng.asserts.SoftAssert.assertAll(SoftAssert.java:43)
	at com.PanaAutomation.Keywords.GenericKeywords.reportFailure(GenericKeywords.java:1307)
	at com.PanaAutomation.Keywords.GenericKeywords.click(GenericKeywords.java:189)
	... 29 more
</pre></div></td>
<td>64</td>
<td>com.PanaMCAutomation.MC_Carrier_Management.ID1273_TC032_Carrier_Dashboard_Carrier_Actions_Delete_button@60dcc9fe</td></tr>
<tr>
<td title='com.PanaMCAutomation.MC_Carrier_Management.ID1276_1273__TC035_Carrier_Dashboard_Carrier_Actions_Delete_operation.testB()'><b>testB</b><br>Test class: com.PanaMCAutomation.MC_Carrier_Management.ID1276_1273__TC035_Carrier_Dashboard_Carrier_Actions_Delete_operation<br>Parameters: {ID1276_1273__TC035_Carrier_Dashboard_Carrier_Actions_Delete_operation@129=Deleted successfully, ID1276_1273__TC035_Carrier_Dashboard_Carrier_Actions_Delete_operation@128=System, ID1276_1273__TC035_Carrier_Dashboard_Carrier_Actions_Delete_operation@127=Chrome, Runmode=Y}</td>
<td><div><pre>java.lang.reflect.InvocationTargetException
	at com.PanaAutomation.Driver.DriverScript.executeKeywords(DriverScript.java:77)
	at com.PanaMCAutomation.MC_Carrier_Management.ID1276_1273__TC035_Carrier_Dashboard_Carrier_Actions_Delete_operation.testB(ID1276_1273__TC035_Carrier_Dashboard_Carrier_Actions_Delete_operation.java:24)
	at com.PanaAutomation.Base.runMC.main(runMC.java:17)
Caused by: java.lang.AssertionError: The following asserts failed:
	Unable to Click /html/body/div[7]/div[3]/div/button[1]
	at com.PanaAutomation.Keywords.GenericKeywords.reportFailure(GenericKeywords.java:1307)
	at com.PanaAutomation.Keywords.GenericKeywords.click(GenericKeywords.java:189)
	... 29 more
... Removed 27 stack frames</pre></div><a href='#' onClick='toggleBox("stack-trace1469597655", this, "Click to show all stack frames", "Click to hide stack frames")'>Click to show all stack frames</a>
<div class='stack-trace' id='stack-trace1469597655'><pre>java.lang.reflect.InvocationTargetException
	at sun.reflect.GeneratedMethodAccessor53.invoke(Unknown Source)
	at sun.reflect.DelegatingMethodAccessorImpl.invoke(Unknown Source)
	at java.lang.reflect.Method.invoke(Unknown Source)
	at com.PanaAutomation.Driver.DriverScript.executeKeywords(DriverScript.java:77)
	at com.PanaMCAutomation.MC_Carrier_Management.ID1276_1273__TC035_Carrier_Dashboard_Carrier_Actions_Delete_operation.testB(ID1276_1273__TC035_Carrier_Dashboard_Carrier_Actions_Delete_operation.java:24)
	at sun.reflect.NativeMethodAccessorImpl.invoke0(Native Method)
	at sun.reflect.NativeMethodAccessorImpl.invoke(Unknown Source)
	at sun.reflect.DelegatingMethodAccessorImpl.invoke(Unknown Source)
	at java.lang.reflect.Method.invoke(Unknown Source)
	at org.testng.internal.MethodInvocationHelper.invokeMethod(MethodInvocationHelper.java:124)
	at org.testng.internal.Invoker.invokeMethod(Invoker.java:580)
	at org.testng.internal.Invoker.invokeTestMethod(Invoker.java:716)
	at org.testng.internal.Invoker.invokeTestMethods(Invoker.java:988)
	at org.testng.internal.TestMethodWorker.invokeTestMethods(TestMethodWorker.java:125)
	at org.testng.internal.TestMethodWorker.run(TestMethodWorker.java:109)
	at org.testng.TestRunner.privateRun(TestRunner.java:648)
	at org.testng.TestRunner.run(TestRunner.java:505)
	at org.testng.SuiteRunner.runTest(SuiteRunner.java:455)
	at org.testng.SuiteRunner.runSequentially(SuiteRunner.java:450)
	at org.testng.SuiteRunner.privateRun(SuiteRunner.java:415)
	at org.testng.SuiteRunner.run(SuiteRunner.java:364)
	at org.testng.SuiteRunnerWorker.runSuite(SuiteRunnerWorker.java:52)
	at org.testng.SuiteRunnerWorker.run(SuiteRunnerWorker.java:84)
	at org.testng.TestNG.runSuitesSequentially(TestNG.java:1208)
	at org.testng.TestNG.runSuitesSequentially(TestNG.java:1204)
	at org.testng.TestNG.runSuitesLocally(TestNG.java:1137)
	at org.testng.TestNG.runSuites(TestNG.java:1049)
	at org.testng.TestNG.run(TestNG.java:1017)
	at com.PanaAutomation.Base.runMC.main(runMC.java:17)
Caused by: java.lang.AssertionError: The following asserts failed:
	Unable to Click /html/body/div[7]/div[3]/div/button[1]
	at org.testng.asserts.SoftAssert.assertAll(SoftAssert.java:43)
	at com.PanaAutomation.Keywords.GenericKeywords.reportFailure(GenericKeywords.java:1307)
	at com.PanaAutomation.Keywords.GenericKeywords.click(GenericKeywords.java:189)
	... 29 more
</pre></div></td>
<td>52</td>
<td>com.PanaMCAutomation.MC_Carrier_Management.ID1276_1273__TC035_Carrier_Dashboard_Carrier_Actions_Delete_operation@3d121db3</td></tr>
<tr>
<td title='com.PanaMCAutomation.MC_Carrier_Management.ID1277_TC036_Carrier_Dashboard_Carrier_Actions_Delete_operation_when_content_is_NOT_NULL.testB()'><b>testB</b><br>Test class: com.PanaMCAutomation.MC_Carrier_Management.ID1277_TC036_Carrier_Dashboard_Carrier_Actions_Delete_operation_when_content_is_NOT_NULL<br>Parameters: {ID1277_TC036_Carrier_Dashboard_Carrier_Actions_Delete_operation_when_content_is_NOT_NULL@130=Chrome, Runmode=Y, ID1277_TC036_Carrier_Dashboard_Carrier_Actions_Delete_operation_when_content_is_NOT_NULL@132=Deleted successfully, ID1277_TC036_Carrier_Dashboard_Carrier_Actions_Delete_operation_when_content_is_NOT_NULL@131=System}</td>
<td><div><pre>java.lang.reflect.InvocationTargetException
	at com.PanaAutomation.Driver.DriverScript.executeKeywords(DriverScript.java:77)
	at com.PanaMCAutomation.MC_Carrier_Management.ID1277_TC036_Carrier_Dashboard_Carrier_Actions_Delete_operation_when_content_is_NOT_NULL.testB(ID1277_TC036_Carrier_Dashboard_Carrier_Actions_Delete_operation_when_content_is_NOT_NULL.java:24)
	at com.PanaAutomation.Base.runMC.main(runMC.java:17)
Caused by: java.lang.AssertionError: The following asserts failed:
	Unable to Click /html/body/div[9]/div[3]/div/button[1]
	at com.PanaAutomation.Keywords.GenericKeywords.reportFailure(GenericKeywords.java:1307)
	at com.PanaAutomation.Keywords.GenericKeywords.click(GenericKeywords.java:189)
	... 29 more
... Removed 27 stack frames</pre></div><a href='#' onClick='toggleBox("stack-trace413143636", this, "Click to show all stack frames", "Click to hide stack frames")'>Click to show all stack frames</a>
<div class='stack-trace' id='stack-trace413143636'><pre>java.lang.reflect.InvocationTargetException
	at sun.reflect.GeneratedMethodAccessor53.invoke(Unknown Source)
	at sun.reflect.DelegatingMethodAccessorImpl.invoke(Unknown Source)
	at java.lang.reflect.Method.invoke(Unknown Source)
	at com.PanaAutomation.Driver.DriverScript.executeKeywords(DriverScript.java:77)
	at com.PanaMCAutomation.MC_Carrier_Management.ID1277_TC036_Carrier_Dashboard_Carrier_Actions_Delete_operation_when_content_is_NOT_NULL.testB(ID1277_TC036_Carrier_Dashboard_Carrier_Actions_Delete_operation_when_content_is_NOT_NULL.java:24)
	at sun.reflect.NativeMethodAccessorImpl.invoke0(Native Method)
	at sun.reflect.NativeMethodAccessorImpl.invoke(Unknown Source)
	at sun.reflect.DelegatingMethodAccessorImpl.invoke(Unknown Source)
	at java.lang.reflect.Method.invoke(Unknown Source)
	at org.testng.internal.MethodInvocationHelper.invokeMethod(MethodInvocationHelper.java:124)
	at org.testng.internal.Invoker.invokeMethod(Invoker.java:580)
	at org.testng.internal.Invoker.invokeTestMethod(Invoker.java:716)
	at org.testng.internal.Invoker.invokeTestMethods(Invoker.java:988)
	at org.testng.internal.TestMethodWorker.invokeTestMethods(TestMethodWorker.java:125)
	at org.testng.internal.TestMethodWorker.run(TestMethodWorker.java:109)
	at org.testng.TestRunner.privateRun(TestRunner.java:648)
	at org.testng.TestRunner.run(TestRunner.java:505)
	at org.testng.SuiteRunner.runTest(SuiteRunner.java:455)
	at org.testng.SuiteRunner.runSequentially(SuiteRunner.java:450)
	at org.testng.SuiteRunner.privateRun(SuiteRunner.java:415)
	at org.testng.SuiteRunner.run(SuiteRunner.java:364)
	at org.testng.SuiteRunnerWorker.runSuite(SuiteRunnerWorker.java:52)
	at org.testng.SuiteRunnerWorker.run(SuiteRunnerWorker.java:84)
	at org.testng.TestNG.runSuitesSequentially(TestNG.java:1208)
	at org.testng.TestNG.runSuitesSequentially(TestNG.java:1204)
	at org.testng.TestNG.runSuitesLocally(TestNG.java:1137)
	at org.testng.TestNG.runSuites(TestNG.java:1049)
	at org.testng.TestNG.run(TestNG.java:1017)
	at com.PanaAutomation.Base.runMC.main(runMC.java:17)
Caused by: java.lang.AssertionError: The following asserts failed:
	Unable to Click /html/body/div[9]/div[3]/div/button[1]
	at org.testng.asserts.SoftAssert.assertAll(SoftAssert.java:43)
	at com.PanaAutomation.Keywords.GenericKeywords.reportFailure(GenericKeywords.java:1307)
	at com.PanaAutomation.Keywords.GenericKeywords.click(GenericKeywords.java:189)
	... 29 more
</pre></div></td>
<td>59</td>
<td>com.PanaMCAutomation.MC_Carrier_Management.ID1277_TC036_Carrier_Dashboard_Carrier_Actions_Delete_operation_when_content_is_NOT_NULL@3b07a0d6</td></tr>
<tr>
<td title='com.PanaMCAutomation.MC_Carrier_Management.ID1278_TC037_Carrier_Dashboard_Carrier_Actions_Clear__button.testB()'><b>testB</b><br>Test class: com.PanaMCAutomation.MC_Carrier_Management.ID1278_TC037_Carrier_Dashboard_Carrier_Actions_Clear__button<br>Parameters: {Runmode=Y, ID1278_TC037_Carrier_Dashboard_Carrier_Actions_Clear__button@134=System, ID1278_TC037_Carrier_Dashboard_Carrier_Actions_Clear__button@133=Chrome}</td>
<td><div><pre>java.lang.reflect.InvocationTargetException
	at com.PanaAutomation.Driver.DriverScript.executeKeywords(DriverScript.java:77)
	at com.PanaMCAutomation.MC_Carrier_Management.ID1278_TC037_Carrier_Dashboard_Carrier_Actions_Clear__button.testB(ID1278_TC037_Carrier_Dashboard_Carrier_Actions_Clear__button.java:24)
	at com.PanaAutomation.Base.runMC.main(runMC.java:17)
Caused by: java.lang.AssertionError: The following asserts failed:
	Unable to Find Buttonnull
	at com.PanaAutomation.Keywords.GenericKeywords.reportFailure(GenericKeywords.java:1307)
	at com.PanaAutomation.Keywords.AppKeywords.verifyButtonDisable(AppKeywords.java:3760)
	... 30 more
... Removed 28 stack frames</pre></div><a href='#' onClick='toggleBox("stack-trace332262981", this, "Click to show all stack frames", "Click to hide stack frames")'>Click to show all stack frames</a>
<div class='stack-trace' id='stack-trace332262981'><pre>java.lang.reflect.InvocationTargetException
	at sun.reflect.NativeMethodAccessorImpl.invoke0(Native Method)
	at sun.reflect.NativeMethodAccessorImpl.invoke(Unknown Source)
	at sun.reflect.DelegatingMethodAccessorImpl.invoke(Unknown Source)
	at java.lang.reflect.Method.invoke(Unknown Source)
	at com.PanaAutomation.Driver.DriverScript.executeKeywords(DriverScript.java:77)
	at com.PanaMCAutomation.MC_Carrier_Management.ID1278_TC037_Carrier_Dashboard_Carrier_Actions_Clear__button.testB(ID1278_TC037_Carrier_Dashboard_Carrier_Actions_Clear__button.java:24)
	at sun.reflect.NativeMethodAccessorImpl.invoke0(Native Method)
	at sun.reflect.NativeMethodAccessorImpl.invoke(Unknown Source)
	at sun.reflect.DelegatingMethodAccessorImpl.invoke(Unknown Source)
	at java.lang.reflect.Method.invoke(Unknown Source)
	at org.testng.internal.MethodInvocationHelper.invokeMethod(MethodInvocationHelper.java:124)
	at org.testng.internal.Invoker.invokeMethod(Invoker.java:580)
	at org.testng.internal.Invoker.invokeTestMethod(Invoker.java:716)
	at org.testng.internal.Invoker.invokeTestMethods(Invoker.java:988)
	at org.testng.internal.TestMethodWorker.invokeTestMethods(TestMethodWorker.java:125)
	at org.testng.internal.TestMethodWorker.run(TestMethodWorker.java:109)
	at org.testng.TestRunner.privateRun(TestRunner.java:648)
	at org.testng.TestRunner.run(TestRunner.java:505)
	at org.testng.SuiteRunner.runTest(SuiteRunner.java:455)
	at org.testng.SuiteRunner.runSequentially(SuiteRunner.java:450)
	at org.testng.SuiteRunner.privateRun(SuiteRunner.java:415)
	at org.testng.SuiteRunner.run(SuiteRunner.java:364)
	at org.testng.SuiteRunnerWorker.runSuite(SuiteRunnerWorker.java:52)
	at org.testng.SuiteRunnerWorker.run(SuiteRunnerWorker.java:84)
	at org.testng.TestNG.runSuitesSequentially(TestNG.java:1208)
	at org.testng.TestNG.runSuitesSequentially(TestNG.java:1204)
	at org.testng.TestNG.runSuitesLocally(TestNG.java:1137)
	at org.testng.TestNG.runSuites(TestNG.java:1049)
	at org.testng.TestNG.run(TestNG.java:1017)
	at com.PanaAutomation.Base.runMC.main(runMC.java:17)
Caused by: java.lang.AssertionError: The following asserts failed:
	Unable to Find Buttonnull
	at org.testng.asserts.SoftAssert.assertAll(SoftAssert.java:43)
	at com.PanaAutomation.Keywords.GenericKeywords.reportFailure(GenericKeywords.java:1307)
	at com.PanaAutomation.Keywords.AppKeywords.verifyButtonDisable(AppKeywords.java:3760)
	... 30 more
</pre></div></td>
<td>19</td>
<td>com.PanaMCAutomation.MC_Carrier_Management.ID1278_TC037_Carrier_Dashboard_Carrier_Actions_Clear__button@11a9e7c8</td></tr>
<tr>
<td title='com.PanaMCAutomation.MC_Carrier_Management.ID1279_TC037_Carrier_Dashboard_Carrier_Actions_Clear_button_default_state.testB()'><b>testB</b><br>Test class: com.PanaMCAutomation.MC_Carrier_Management.ID1279_TC037_Carrier_Dashboard_Carrier_Actions_Clear_button_default_state<br>Parameters: {ID1279_TC037_Carrier_Dashboard_Carrier_Actions_Clear_button_default_state@136=System, ID1279_TC037_Carrier_Dashboard_Carrier_Actions_Clear_button_default_state@135=Chrome, Runmode=Y}</td>
<td><div><pre>java.lang.reflect.InvocationTargetException
	at com.PanaAutomation.Driver.DriverScript.executeKeywords(DriverScript.java:77)
	at com.PanaMCAutomation.MC_Carrier_Management.ID1279_TC037_Carrier_Dashboard_Carrier_Actions_Clear_button_default_state.testB(ID1279_TC037_Carrier_Dashboard_Carrier_Actions_Clear_button_default_state.java:24)
	at com.PanaAutomation.Base.runMC.main(runMC.java:17)
Caused by: java.lang.AssertionError: The following asserts failed:
	Unable to Find Buttonnull
	at com.PanaAutomation.Keywords.GenericKeywords.reportFailure(GenericKeywords.java:1307)
	at com.PanaAutomation.Keywords.AppKeywords.verifyButtonDisable(AppKeywords.java:3760)
	... 30 more
... Removed 28 stack frames</pre></div><a href='#' onClick='toggleBox("stack-trace774521530", this, "Click to show all stack frames", "Click to hide stack frames")'>Click to show all stack frames</a>
<div class='stack-trace' id='stack-trace774521530'><pre>java.lang.reflect.InvocationTargetException
	at sun.reflect.NativeMethodAccessorImpl.invoke0(Native Method)
	at sun.reflect.NativeMethodAccessorImpl.invoke(Unknown Source)
	at sun.reflect.DelegatingMethodAccessorImpl.invoke(Unknown Source)
	at java.lang.reflect.Method.invoke(Unknown Source)
	at com.PanaAutomation.Driver.DriverScript.executeKeywords(DriverScript.java:77)
	at com.PanaMCAutomation.MC_Carrier_Management.ID1279_TC037_Carrier_Dashboard_Carrier_Actions_Clear_button_default_state.testB(ID1279_TC037_Carrier_Dashboard_Carrier_Actions_Clear_button_default_state.java:24)
	at sun.reflect.NativeMethodAccessorImpl.invoke0(Native Method)
	at sun.reflect.NativeMethodAccessorImpl.invoke(Unknown Source)
	at sun.reflect.DelegatingMethodAccessorImpl.invoke(Unknown Source)
	at java.lang.reflect.Method.invoke(Unknown Source)
	at org.testng.internal.MethodInvocationHelper.invokeMethod(MethodInvocationHelper.java:124)
	at org.testng.internal.Invoker.invokeMethod(Invoker.java:580)
	at org.testng.internal.Invoker.invokeTestMethod(Invoker.java:716)
	at org.testng.internal.Invoker.invokeTestMethods(Invoker.java:988)
	at org.testng.internal.TestMethodWorker.invokeTestMethods(TestMethodWorker.java:125)
	at org.testng.internal.TestMethodWorker.run(TestMethodWorker.java:109)
	at org.testng.TestRunner.privateRun(TestRunner.java:648)
	at org.testng.TestRunner.run(TestRunner.java:505)
	at org.testng.SuiteRunner.runTest(SuiteRunner.java:455)
	at org.testng.SuiteRunner.runSequentially(SuiteRunner.java:450)
	at org.testng.SuiteRunner.privateRun(SuiteRunner.java:415)
	at org.testng.SuiteRunner.run(SuiteRunner.java:364)
	at org.testng.SuiteRunnerWorker.runSuite(SuiteRunnerWorker.java:52)
	at org.testng.SuiteRunnerWorker.run(SuiteRunnerWorker.java:84)
	at org.testng.TestNG.runSuitesSequentially(TestNG.java:1208)
	at org.testng.TestNG.runSuitesSequentially(TestNG.java:1204)
	at org.testng.TestNG.runSuitesLocally(TestNG.java:1137)
	at org.testng.TestNG.runSuites(TestNG.java:1049)
	at org.testng.TestNG.run(TestNG.java:1017)
	at com.PanaAutomation.Base.runMC.main(runMC.java:17)
Caused by: java.lang.AssertionError: The following asserts failed:
	Unable to Find Buttonnull
	at org.testng.asserts.SoftAssert.assertAll(SoftAssert.java:43)
	at com.PanaAutomation.Keywords.GenericKeywords.reportFailure(GenericKeywords.java:1307)
	at com.PanaAutomation.Keywords.AppKeywords.verifyButtonDisable(AppKeywords.java:3760)
	... 30 more
</pre></div></td>
<td>17</td>
<td>com.PanaMCAutomation.MC_Carrier_Management.ID1279_TC037_Carrier_Dashboard_Carrier_Actions_Clear_button_default_state@3901d134</td></tr>
<tr>
<td title='com.PanaMCAutomation.MC_Carrier_Management.ID1281_TC039_Carrier_Dashboard_Carrier_Actions_Clear_operation.testB()'><b>testB</b><br>Test class: com.PanaMCAutomation.MC_Carrier_Management.ID1281_TC039_Carrier_Dashboard_Carrier_Actions_Clear_operation<br>Parameters: {ID1281_TC039_Carrier_Dashboard_Carrier_Actions_Clear_operation@141=Cleared Successfully, ID1281_TC039_Carrier_Dashboard_Carrier_Actions_Clear_operation@140=System, ID1281_TC039_Carrier_Dashboard_Carrier_Actions_Clear_operation@139=Chrome, Runmode=Y}</td>
<td><div><pre>java.lang.reflect.InvocationTargetException
	at com.PanaAutomation.Driver.DriverScript.executeKeywords(DriverScript.java:77)
	at com.PanaMCAutomation.MC_Carrier_Management.ID1281_TC039_Carrier_Dashboard_Carrier_Actions_Clear_operation.testB(ID1281_TC039_Carrier_Dashboard_Carrier_Actions_Clear_operation.java:24)
	at com.PanaAutomation.Base.runMC.main(runMC.java:17)
Caused by: java.lang.AssertionError: The following asserts failed:
	Unable to Click //*[@id=&quot;btnpopupClearOk&quot;]
	at com.PanaAutomation.Keywords.GenericKeywords.reportFailure(GenericKeywords.java:1307)
	at com.PanaAutomation.Keywords.GenericKeywords.click(GenericKeywords.java:189)
	... 29 more
... Removed 27 stack frames</pre></div><a href='#' onClick='toggleBox("stack-trace934352861", this, "Click to show all stack frames", "Click to hide stack frames")'>Click to show all stack frames</a>
<div class='stack-trace' id='stack-trace934352861'><pre>java.lang.reflect.InvocationTargetException
	at sun.reflect.GeneratedMethodAccessor53.invoke(Unknown Source)
	at sun.reflect.DelegatingMethodAccessorImpl.invoke(Unknown Source)
	at java.lang.reflect.Method.invoke(Unknown Source)
	at com.PanaAutomation.Driver.DriverScript.executeKeywords(DriverScript.java:77)
	at com.PanaMCAutomation.MC_Carrier_Management.ID1281_TC039_Carrier_Dashboard_Carrier_Actions_Clear_operation.testB(ID1281_TC039_Carrier_Dashboard_Carrier_Actions_Clear_operation.java:24)
	at sun.reflect.NativeMethodAccessorImpl.invoke0(Native Method)
	at sun.reflect.NativeMethodAccessorImpl.invoke(Unknown Source)
	at sun.reflect.DelegatingMethodAccessorImpl.invoke(Unknown Source)
	at java.lang.reflect.Method.invoke(Unknown Source)
	at org.testng.internal.MethodInvocationHelper.invokeMethod(MethodInvocationHelper.java:124)
	at org.testng.internal.Invoker.invokeMethod(Invoker.java:580)
	at org.testng.internal.Invoker.invokeTestMethod(Invoker.java:716)
	at org.testng.internal.Invoker.invokeTestMethods(Invoker.java:988)
	at org.testng.internal.TestMethodWorker.invokeTestMethods(TestMethodWorker.java:125)
	at org.testng.internal.TestMethodWorker.run(TestMethodWorker.java:109)
	at org.testng.TestRunner.privateRun(TestRunner.java:648)
	at org.testng.TestRunner.run(TestRunner.java:505)
	at org.testng.SuiteRunner.runTest(SuiteRunner.java:455)
	at org.testng.SuiteRunner.runSequentially(SuiteRunner.java:450)
	at org.testng.SuiteRunner.privateRun(SuiteRunner.java:415)
	at org.testng.SuiteRunner.run(SuiteRunner.java:364)
	at org.testng.SuiteRunnerWorker.runSuite(SuiteRunnerWorker.java:52)
	at org.testng.SuiteRunnerWorker.run(SuiteRunnerWorker.java:84)
	at org.testng.TestNG.runSuitesSequentially(TestNG.java:1208)
	at org.testng.TestNG.runSuitesSequentially(TestNG.java:1204)
	at org.testng.TestNG.runSuitesLocally(TestNG.java:1137)
	at org.testng.TestNG.runSuites(TestNG.java:1049)
	at org.testng.TestNG.run(TestNG.java:1017)
	at com.PanaAutomation.Base.runMC.main(runMC.java:17)
Caused by: java.lang.AssertionError: The following asserts failed:
	Unable to Click //*[@id=&quot;btnpopupClearOk&quot;]
	at org.testng.asserts.SoftAssert.assertAll(SoftAssert.java:43)
	at com.PanaAutomation.Keywords.GenericKeywords.reportFailure(GenericKeywords.java:1307)
	at com.PanaAutomation.Keywords.GenericKeywords.click(GenericKeywords.java:189)
	... 29 more
</pre></div></td>
<td>53</td>
<td>com.PanaMCAutomation.MC_Carrier_Management.ID1281_TC039_Carrier_Dashboard_Carrier_Actions_Clear_operation@12d4bf7e</td></tr>
<tr>
<td title='com.PanaMCAutomation.MC_Carrier_Management.ID1283_1281__TC041_Carrier_Dashboard_Carrier_Actions_Clear_DurablenotShipped.testB()'><b>testB</b><br>Test class: com.PanaMCAutomation.MC_Carrier_Management.ID1283_1281__TC041_Carrier_Dashboard_Carrier_Actions_Clear_DurablenotShipped<br>Parameters: {Runmode=Y, ID1283_1281__TC041_Carrier_Dashboard_Carrier_Actions_Clear_DurablenotShipped@144=Cleared Successfully, ID1283_1281__TC041_Carrier_Dashboard_Carrier_Actions_Clear_DurablenotShipped@143=System, ID1283_1281__TC041_Carrier_Dashboard_Carrier_Actions_Clear_DurablenotShipped@142=Chrome}</td>
<td><div><pre>java.lang.reflect.InvocationTargetException
	at com.PanaAutomation.Driver.DriverScript.executeKeywords(DriverScript.java:77)
	at com.PanaMCAutomation.MC_Carrier_Management.ID1283_1281__TC041_Carrier_Dashboard_Carrier_Actions_Clear_DurablenotShipped.testB(ID1283_1281__TC041_Carrier_Dashboard_Carrier_Actions_Clear_DurablenotShipped.java:24)
	at com.PanaAutomation.Base.runMC.main(runMC.java:17)
Caused by: java.lang.AssertionError: The following asserts failed:
	Unable to Click //*[@id=&quot;btnpopupClearOk&quot;]
	at com.PanaAutomation.Keywords.GenericKeywords.reportFailure(GenericKeywords.java:1307)
	at com.PanaAutomation.Keywords.GenericKeywords.click(GenericKeywords.java:189)
	... 29 more
... Removed 27 stack frames</pre></div><a href='#' onClick='toggleBox("stack-trace2922143", this, "Click to show all stack frames", "Click to hide stack frames")'>Click to show all stack frames</a>
<div class='stack-trace' id='stack-trace2922143'><pre>java.lang.reflect.InvocationTargetException
	at sun.reflect.GeneratedMethodAccessor53.invoke(Unknown Source)
	at sun.reflect.DelegatingMethodAccessorImpl.invoke(Unknown Source)
	at java.lang.reflect.Method.invoke(Unknown Source)
	at com.PanaAutomation.Driver.DriverScript.executeKeywords(DriverScript.java:77)
	at com.PanaMCAutomation.MC_Carrier_Management.ID1283_1281__TC041_Carrier_Dashboard_Carrier_Actions_Clear_DurablenotShipped.testB(ID1283_1281__TC041_Carrier_Dashboard_Carrier_Actions_Clear_DurablenotShipped.java:24)
	at sun.reflect.NativeMethodAccessorImpl.invoke0(Native Method)
	at sun.reflect.NativeMethodAccessorImpl.invoke(Unknown Source)
	at sun.reflect.DelegatingMethodAccessorImpl.invoke(Unknown Source)
	at java.lang.reflect.Method.invoke(Unknown Source)
	at org.testng.internal.MethodInvocationHelper.invokeMethod(MethodInvocationHelper.java:124)
	at org.testng.internal.Invoker.invokeMethod(Invoker.java:580)
	at org.testng.internal.Invoker.invokeTestMethod(Invoker.java:716)
	at org.testng.internal.Invoker.invokeTestMethods(Invoker.java:988)
	at org.testng.internal.TestMethodWorker.invokeTestMethods(TestMethodWorker.java:125)
	at org.testng.internal.TestMethodWorker.run(TestMethodWorker.java:109)
	at org.testng.TestRunner.privateRun(TestRunner.java:648)
	at org.testng.TestRunner.run(TestRunner.java:505)
	at org.testng.SuiteRunner.runTest(SuiteRunner.java:455)
	at org.testng.SuiteRunner.runSequentially(SuiteRunner.java:450)
	at org.testng.SuiteRunner.privateRun(SuiteRunner.java:415)
	at org.testng.SuiteRunner.run(SuiteRunner.java:364)
	at org.testng.SuiteRunnerWorker.runSuite(SuiteRunnerWorker.java:52)
	at org.testng.SuiteRunnerWorker.run(SuiteRunnerWorker.java:84)
	at org.testng.TestNG.runSuitesSequentially(TestNG.java:1208)
	at org.testng.TestNG.runSuitesSequentially(TestNG.java:1204)
	at org.testng.TestNG.runSuitesLocally(TestNG.java:1137)
	at org.testng.TestNG.runSuites(TestNG.java:1049)
	at org.testng.TestNG.run(TestNG.java:1017)
	at com.PanaAutomation.Base.runMC.main(runMC.java:17)
Caused by: java.lang.AssertionError: The following asserts failed:
	Unable to Click //*[@id=&quot;btnpopupClearOk&quot;]
	at org.testng.asserts.SoftAssert.assertAll(SoftAssert.java:43)
	at com.PanaAutomation.Keywords.GenericKeywords.reportFailure(GenericKeywords.java:1307)
	at com.PanaAutomation.Keywords.GenericKeywords.click(GenericKeywords.java:189)
	... 29 more
</pre></div></td>
<td>60</td>
<td>com.PanaMCAutomation.MC_Carrier_Management.ID1283_1281__TC041_Carrier_Dashboard_Carrier_Actions_Clear_DurablenotShipped@4c1d9d4b</td></tr>
<tr>
<td title='com.PanaMCAutomation.MC_Carrier_Management.ID1284_TC042_Carrier_Dashboard_Carrier_Actions_Shipped_button.testB()'><b>testB</b><br>Test class: com.PanaMCAutomation.MC_Carrier_Management.ID1284_TC042_Carrier_Dashboard_Carrier_Actions_Shipped_button<br>Parameters: {Runmode=Y, ID1284_TC042_Carrier_Dashboard_Carrier_Actions_Shipped_button@146=System, ID1284_TC042_Carrier_Dashboard_Carrier_Actions_Shipped_button@145=Chrome}</td>
<td><div><pre>java.lang.reflect.InvocationTargetException
	at com.PanaAutomation.Driver.DriverScript.executeKeywords(DriverScript.java:77)
	at com.PanaMCAutomation.MC_Carrier_Management.ID1284_TC042_Carrier_Dashboard_Carrier_Actions_Shipped_button.testB(ID1284_TC042_Carrier_Dashboard_Carrier_Actions_Shipped_button.java:24)
	at com.PanaAutomation.Base.runMC.main(runMC.java:17)
Caused by: java.lang.AssertionError: The following asserts failed:
	Unable to Find Buttonnull
	at com.PanaAutomation.Keywords.GenericKeywords.reportFailure(GenericKeywords.java:1307)
	at com.PanaAutomation.Keywords.AppKeywords.verifyButtonDisable(AppKeywords.java:3760)
	... 30 more
... Removed 28 stack frames</pre></div><a href='#' onClick='toggleBox("stack-trace257310657", this, "Click to show all stack frames", "Click to hide stack frames")'>Click to show all stack frames</a>
<div class='stack-trace' id='stack-trace257310657'><pre>java.lang.reflect.InvocationTargetException
	at sun.reflect.NativeMethodAccessorImpl.invoke0(Native Method)
	at sun.reflect.NativeMethodAccessorImpl.invoke(Unknown Source)
	at sun.reflect.DelegatingMethodAccessorImpl.invoke(Unknown Source)
	at java.lang.reflect.Method.invoke(Unknown Source)
	at com.PanaAutomation.Driver.DriverScript.executeKeywords(DriverScript.java:77)
	at com.PanaMCAutomation.MC_Carrier_Management.ID1284_TC042_Carrier_Dashboard_Carrier_Actions_Shipped_button.testB(ID1284_TC042_Carrier_Dashboard_Carrier_Actions_Shipped_button.java:24)
	at sun.reflect.NativeMethodAccessorImpl.invoke0(Native Method)
	at sun.reflect.NativeMethodAccessorImpl.invoke(Unknown Source)
	at sun.reflect.DelegatingMethodAccessorImpl.invoke(Unknown Source)
	at java.lang.reflect.Method.invoke(Unknown Source)
	at org.testng.internal.MethodInvocationHelper.invokeMethod(MethodInvocationHelper.java:124)
	at org.testng.internal.Invoker.invokeMethod(Invoker.java:580)
	at org.testng.internal.Invoker.invokeTestMethod(Invoker.java:716)
	at org.testng.internal.Invoker.invokeTestMethods(Invoker.java:988)
	at org.testng.internal.TestMethodWorker.invokeTestMethods(TestMethodWorker.java:125)
	at org.testng.internal.TestMethodWorker.run(TestMethodWorker.java:109)
	at org.testng.TestRunner.privateRun(TestRunner.java:648)
	at org.testng.TestRunner.run(TestRunner.java:505)
	at org.testng.SuiteRunner.runTest(SuiteRunner.java:455)
	at org.testng.SuiteRunner.runSequentially(SuiteRunner.java:450)
	at org.testng.SuiteRunner.privateRun(SuiteRunner.java:415)
	at org.testng.SuiteRunner.run(SuiteRunner.java:364)
	at org.testng.SuiteRunnerWorker.runSuite(SuiteRunnerWorker.java:52)
	at org.testng.SuiteRunnerWorker.run(SuiteRunnerWorker.java:84)
	at org.testng.TestNG.runSuitesSequentially(TestNG.java:1208)
	at org.testng.TestNG.runSuitesSequentially(TestNG.java:1204)
	at org.testng.TestNG.runSuitesLocally(TestNG.java:1137)
	at org.testng.TestNG.runSuites(TestNG.java:1049)
	at org.testng.TestNG.run(TestNG.java:1017)
	at com.PanaAutomation.Base.runMC.main(runMC.java:17)
Caused by: java.lang.AssertionError: The following asserts failed:
	Unable to Find Buttonnull
	at org.testng.asserts.SoftAssert.assertAll(SoftAssert.java:43)
	at com.PanaAutomation.Keywords.GenericKeywords.reportFailure(GenericKeywords.java:1307)
	at com.PanaAutomation.Keywords.AppKeywords.verifyButtonDisable(AppKeywords.java:3760)
	... 30 more
</pre></div></td>
<td>25</td>
<td>com.PanaMCAutomation.MC_Carrier_Management.ID1284_TC042_Carrier_Dashboard_Carrier_Actions_Shipped_button@7b227d8d</td></tr>
<tr>
<td title='com.PanaMCAutomation.MC_Carrier_Management.ID1285_TC043_Carrier_Dashboard_Carrier_Actions_Shipped_button_default_state.testB()'><b>testB</b><br>Test class: com.PanaMCAutomation.MC_Carrier_Management.ID1285_TC043_Carrier_Dashboard_Carrier_Actions_Shipped_button_default_state<br>Parameters: {ID1285_TC043_Carrier_Dashboard_Carrier_Actions_Shipped_button_default_state@148=System, ID1285_TC043_Carrier_Dashboard_Carrier_Actions_Shipped_button_default_state@147=Chrome, Runmode=Y}</td>
<td><div><pre>java.lang.reflect.InvocationTargetException
	at com.PanaAutomation.Driver.DriverScript.executeKeywords(DriverScript.java:77)
	at com.PanaMCAutomation.MC_Carrier_Management.ID1285_TC043_Carrier_Dashboard_Carrier_Actions_Shipped_button_default_state.testB(ID1285_TC043_Carrier_Dashboard_Carrier_Actions_Shipped_button_default_state.java:24)
	at com.PanaAutomation.Base.runMC.main(runMC.java:17)
Caused by: java.lang.AssertionError: The following asserts failed:
	Unable to Find Buttonnull
	at com.PanaAutomation.Keywords.GenericKeywords.reportFailure(GenericKeywords.java:1307)
	at com.PanaAutomation.Keywords.AppKeywords.verifyButtonDisable(AppKeywords.java:3760)
	... 30 more
... Removed 28 stack frames</pre></div><a href='#' onClick='toggleBox("stack-trace1642279192", this, "Click to show all stack frames", "Click to hide stack frames")'>Click to show all stack frames</a>
<div class='stack-trace' id='stack-trace1642279192'><pre>java.lang.reflect.InvocationTargetException
	at sun.reflect.NativeMethodAccessorImpl.invoke0(Native Method)
	at sun.reflect.NativeMethodAccessorImpl.invoke(Unknown Source)
	at sun.reflect.DelegatingMethodAccessorImpl.invoke(Unknown Source)
	at java.lang.reflect.Method.invoke(Unknown Source)
	at com.PanaAutomation.Driver.DriverScript.executeKeywords(DriverScript.java:77)
	at com.PanaMCAutomation.MC_Carrier_Management.ID1285_TC043_Carrier_Dashboard_Carrier_Actions_Shipped_button_default_state.testB(ID1285_TC043_Carrier_Dashboard_Carrier_Actions_Shipped_button_default_state.java:24)
	at sun.reflect.NativeMethodAccessorImpl.invoke0(Native Method)
	at sun.reflect.NativeMethodAccessorImpl.invoke(Unknown Source)
	at sun.reflect.DelegatingMethodAccessorImpl.invoke(Unknown Source)
	at java.lang.reflect.Method.invoke(Unknown Source)
	at org.testng.internal.MethodInvocationHelper.invokeMethod(MethodInvocationHelper.java:124)
	at org.testng.internal.Invoker.invokeMethod(Invoker.java:580)
	at org.testng.internal.Invoker.invokeTestMethod(Invoker.java:716)
	at org.testng.internal.Invoker.invokeTestMethods(Invoker.java:988)
	at org.testng.internal.TestMethodWorker.invokeTestMethods(TestMethodWorker.java:125)
	at org.testng.internal.TestMethodWorker.run(TestMethodWorker.java:109)
	at org.testng.TestRunner.privateRun(TestRunner.java:648)
	at org.testng.TestRunner.run(TestRunner.java:505)
	at org.testng.SuiteRunner.runTest(SuiteRunner.java:455)
	at org.testng.SuiteRunner.runSequentially(SuiteRunner.java:450)
	at org.testng.SuiteRunner.privateRun(SuiteRunner.java:415)
	at org.testng.SuiteRunner.run(SuiteRunner.java:364)
	at org.testng.SuiteRunnerWorker.runSuite(SuiteRunnerWorker.java:52)
	at org.testng.SuiteRunnerWorker.run(SuiteRunnerWorker.java:84)
	at org.testng.TestNG.runSuitesSequentially(TestNG.java:1208)
	at org.testng.TestNG.runSuitesSequentially(TestNG.java:1204)
	at org.testng.TestNG.runSuitesLocally(TestNG.java:1137)
	at org.testng.TestNG.runSuites(TestNG.java:1049)
	at org.testng.TestNG.run(TestNG.java:1017)
	at com.PanaAutomation.Base.runMC.main(runMC.java:17)
Caused by: java.lang.AssertionError: The following asserts failed:
	Unable to Find Buttonnull
	at org.testng.asserts.SoftAssert.assertAll(SoftAssert.java:43)
	at com.PanaAutomation.Keywords.GenericKeywords.reportFailure(GenericKeywords.java:1307)
	at com.PanaAutomation.Keywords.AppKeywords.verifyButtonDisable(AppKeywords.java:3760)
	... 30 more
</pre></div></td>
<td>58</td>
<td>com.PanaMCAutomation.MC_Carrier_Management.ID1285_TC043_Carrier_Dashboard_Carrier_Actions_Shipped_button_default_state@7219ec67</td></tr>
<tr>
<td title='com.PanaMCAutomation.MC_Carrier_Management.ID1287_TC044_Carrier_Dashboard_Carrier_Actions_Shipped_operation.testB()'><b>testB</b><br>Test class: com.PanaMCAutomation.MC_Carrier_Management.ID1287_TC044_Carrier_Dashboard_Carrier_Actions_Shipped_operation<br>Parameters: {Runmode=Y, ID1287_TC044_Carrier_Dashboard_Carrier_Actions_Shipped_operation@154=Shipped, ID1287_TC044_Carrier_Dashboard_Carrier_Actions_Shipped_operation@153=Carrier has been shipped successfully, ID1287_TC044_Carrier_Dashboard_Carrier_Actions_Shipped_operation@152=System, ID1287_TC044_Carrier_Dashboard_Carrier_Actions_Shipped_operation@151=Chrome}</td>
<td><div><pre>java.lang.reflect.InvocationTargetException
	at com.PanaAutomation.Driver.DriverScript.executeKeywords(DriverScript.java:77)
	at com.PanaMCAutomation.MC_Carrier_Management.ID1287_TC044_Carrier_Dashboard_Carrier_Actions_Shipped_operation.testB(ID1287_TC044_Carrier_Dashboard_Carrier_Actions_Shipped_operation.java:24)
	at com.PanaAutomation.Base.runMC.main(runMC.java:17)
Caused by: java.lang.AssertionError: The following asserts failed:
	Text is NOT as expect. Expect: Shipped Actual: 
	at com.PanaAutomation.Keywords.GenericKeywords.reportFailure(GenericKeywords.java:1307)
	at com.PanaAutomation.Keywords.GenericKeywords.verifyTextContain(GenericKeywords.java:1642)
	... 29 more
... Removed 27 stack frames</pre></div><a href='#' onClick='toggleBox("stack-trace1049235767", this, "Click to show all stack frames", "Click to hide stack frames")'>Click to show all stack frames</a>
<div class='stack-trace' id='stack-trace1049235767'><pre>java.lang.reflect.InvocationTargetException
	at sun.reflect.GeneratedMethodAccessor107.invoke(Unknown Source)
	at sun.reflect.DelegatingMethodAccessorImpl.invoke(Unknown Source)
	at java.lang.reflect.Method.invoke(Unknown Source)
	at com.PanaAutomation.Driver.DriverScript.executeKeywords(DriverScript.java:77)
	at com.PanaMCAutomation.MC_Carrier_Management.ID1287_TC044_Carrier_Dashboard_Carrier_Actions_Shipped_operation.testB(ID1287_TC044_Carrier_Dashboard_Carrier_Actions_Shipped_operation.java:24)
	at sun.reflect.NativeMethodAccessorImpl.invoke0(Native Method)
	at sun.reflect.NativeMethodAccessorImpl.invoke(Unknown Source)
	at sun.reflect.DelegatingMethodAccessorImpl.invoke(Unknown Source)
	at java.lang.reflect.Method.invoke(Unknown Source)
	at org.testng.internal.MethodInvocationHelper.invokeMethod(MethodInvocationHelper.java:124)
	at org.testng.internal.Invoker.invokeMethod(Invoker.java:580)
	at org.testng.internal.Invoker.invokeTestMethod(Invoker.java:716)
	at org.testng.internal.Invoker.invokeTestMethods(Invoker.java:988)
	at org.testng.internal.TestMethodWorker.invokeTestMethods(TestMethodWorker.java:125)
	at org.testng.internal.TestMethodWorker.run(TestMethodWorker.java:109)
	at org.testng.TestRunner.privateRun(TestRunner.java:648)
	at org.testng.TestRunner.run(TestRunner.java:505)
	at org.testng.SuiteRunner.runTest(SuiteRunner.java:455)
	at org.testng.SuiteRunner.runSequentially(SuiteRunner.java:450)
	at org.testng.SuiteRunner.privateRun(SuiteRunner.java:415)
	at org.testng.SuiteRunner.run(SuiteRunner.java:364)
	at org.testng.SuiteRunnerWorker.runSuite(SuiteRunnerWorker.java:52)
	at org.testng.SuiteRunnerWorker.run(SuiteRunnerWorker.java:84)
	at org.testng.TestNG.runSuitesSequentially(TestNG.java:1208)
	at org.testng.TestNG.runSuitesSequentially(TestNG.java:1204)
	at org.testng.TestNG.runSuitesLocally(TestNG.java:1137)
	at org.testng.TestNG.runSuites(TestNG.java:1049)
	at org.testng.TestNG.run(TestNG.java:1017)
	at com.PanaAutomation.Base.runMC.main(runMC.java:17)
Caused by: java.lang.AssertionError: The following asserts failed:
	Text is NOT as expect. Expect: Shipped Actual: 
	at org.testng.asserts.SoftAssert.assertAll(SoftAssert.java:43)
	at com.PanaAutomation.Keywords.GenericKeywords.reportFailure(GenericKeywords.java:1307)
	at com.PanaAutomation.Keywords.GenericKeywords.verifyTextContain(GenericKeywords.java:1642)
	... 29 more
</pre></div></td>
<td>14</td>
<td>com.PanaMCAutomation.MC_Carrier_Management.ID1287_TC044_Carrier_Dashboard_Carrier_Actions_Shipped_operation@65d6b83b</td></tr>
<tr>
<td title='com.PanaMCAutomation.MC_Carrier_Management.ID1289_TC046_Carrier_Dashboard_Carrier_Actions_Shipped_update_operation.testB()'><b>testB</b><br>Test class: com.PanaMCAutomation.MC_Carrier_Management.ID1289_TC046_Carrier_Dashboard_Carrier_Actions_Shipped_update_operation<br>Parameters: {ID1289_TC046_Carrier_Dashboard_Carrier_Actions_Shipped_update_operation@159=true, ID1289_TC046_Carrier_Dashboard_Carrier_Actions_Shipped_update_operation@158=false, ID1289_TC046_Carrier_Dashboard_Carrier_Actions_Shipped_update_operation@157=Carrier has been shipped successfully, ID1289_TC046_Carrier_Dashboard_Carrier_Actions_Shipped_update_operation@156=System, ID1289_TC046_Carrier_Dashboard_Carrier_Actions_Shipped_update_operation@155=Chrome, Runmode=Y}</td>
<td><div><pre>java.lang.reflect.InvocationTargetException
	at com.PanaAutomation.Driver.DriverScript.executeKeywords(DriverScript.java:73)
	at com.PanaMCAutomation.MC_Carrier_Management.ID1289_TC046_Carrier_Dashboard_Carrier_Actions_Shipped_update_operation.testB(ID1289_TC046_Carrier_Dashboard_Carrier_Actions_Shipped_update_operation.java:24)
	at com.PanaAutomation.Base.runMC.main(runMC.java:17)
Caused by: java.lang.AssertionError: The following asserts failed:
	Element is NOT contains GuiTool@636937063366895170
	at com.PanaAutomation.Keywords.GenericKeywords.reportFailure(GenericKeywords.java:1307)
	at com.PanaAutomation.Keywords.GenericKeywords.validateElementContainsBy(GenericKeywords.java:1972)
	... 30 more
... Removed 28 stack frames</pre></div><a href='#' onClick='toggleBox("stack-trace2030988974", this, "Click to show all stack frames", "Click to hide stack frames")'>Click to show all stack frames</a>
<div class='stack-trace' id='stack-trace2030988974'><pre>java.lang.reflect.InvocationTargetException
	at sun.reflect.NativeMethodAccessorImpl.invoke0(Native Method)
	at sun.reflect.NativeMethodAccessorImpl.invoke(Unknown Source)
	at sun.reflect.DelegatingMethodAccessorImpl.invoke(Unknown Source)
	at java.lang.reflect.Method.invoke(Unknown Source)
	at com.PanaAutomation.Driver.DriverScript.executeKeywords(DriverScript.java:73)
	at com.PanaMCAutomation.MC_Carrier_Management.ID1289_TC046_Carrier_Dashboard_Carrier_Actions_Shipped_update_operation.testB(ID1289_TC046_Carrier_Dashboard_Carrier_Actions_Shipped_update_operation.java:24)
	at sun.reflect.NativeMethodAccessorImpl.invoke0(Native Method)
	at sun.reflect.NativeMethodAccessorImpl.invoke(Unknown Source)
	at sun.reflect.DelegatingMethodAccessorImpl.invoke(Unknown Source)
	at java.lang.reflect.Method.invoke(Unknown Source)
	at org.testng.internal.MethodInvocationHelper.invokeMethod(MethodInvocationHelper.java:124)
	at org.testng.internal.Invoker.invokeMethod(Invoker.java:580)
	at org.testng.internal.Invoker.invokeTestMethod(Invoker.java:716)
	at org.testng.internal.Invoker.invokeTestMethods(Invoker.java:988)
	at org.testng.internal.TestMethodWorker.invokeTestMethods(TestMethodWorker.java:125)
	at org.testng.internal.TestMethodWorker.run(TestMethodWorker.java:109)
	at org.testng.TestRunner.privateRun(TestRunner.java:648)
	at org.testng.TestRunner.run(TestRunner.java:505)
	at org.testng.SuiteRunner.runTest(SuiteRunner.java:455)
	at org.testng.SuiteRunner.runSequentially(SuiteRunner.java:450)
	at org.testng.SuiteRunner.privateRun(SuiteRunner.java:415)
	at org.testng.SuiteRunner.run(SuiteRunner.java:364)
	at org.testng.SuiteRunnerWorker.runSuite(SuiteRunnerWorker.java:52)
	at org.testng.SuiteRunnerWorker.run(SuiteRunnerWorker.java:84)
	at org.testng.TestNG.runSuitesSequentially(TestNG.java:1208)
	at org.testng.TestNG.runSuitesSequentially(TestNG.java:1204)
	at org.testng.TestNG.runSuitesLocally(TestNG.java:1137)
	at org.testng.TestNG.runSuites(TestNG.java:1049)
	at org.testng.TestNG.run(TestNG.java:1017)
	at com.PanaAutomation.Base.runMC.main(runMC.java:17)
Caused by: java.lang.AssertionError: The following asserts failed:
	Element is NOT contains GuiTool@636937063366895170
	at org.testng.asserts.SoftAssert.assertAll(SoftAssert.java:43)
	at com.PanaAutomation.Keywords.GenericKeywords.reportFailure(GenericKeywords.java:1307)
	at com.PanaAutomation.Keywords.GenericKeywords.validateElementContainsBy(GenericKeywords.java:1972)
	... 30 more
</pre></div></td>
<td>40</td>
<td>com.PanaMCAutomation.MC_Carrier_Management.ID1289_TC046_Carrier_Dashboard_Carrier_Actions_Shipped_update_operation@d706f19</td></tr>
<tr>
<td title='com.PanaMCAutomation.MC_Carrier_Management.ID1298_TC055_Carrier_Cart_icon_disable.testB()'><b>testB</b><br>Test class: com.PanaMCAutomation.MC_Carrier_Management.ID1298_TC055_Carrier_Cart_icon_disable<br>Parameters: {ID1298_TC055_Carrier_Cart_icon_disable@177=0, Runmode=Y, ID1298_TC055_Carrier_Cart_icon_disable@176=System, ID1298_TC055_Carrier_Cart_icon_disable@175=Chrome}</td>
<td><div><pre>java.lang.reflect.InvocationTargetException
	at com.PanaAutomation.Driver.DriverScript.executeKeywords(DriverScript.java:77)
	at com.PanaMCAutomation.MC_Carrier_Management.ID1298_TC055_Carrier_Cart_icon_disable.testB(ID1298_TC055_Carrier_Cart_icon_disable.java:24)
	at com.PanaAutomation.Base.runMC.main(runMC.java:17)
Caused by: java.lang.AssertionError: The following asserts failed:
	Unable to Find Buttonnull
	at com.PanaAutomation.Keywords.GenericKeywords.reportFailure(GenericKeywords.java:1307)
	at com.PanaAutomation.Keywords.AppKeywords.verifyButtonDisable(AppKeywords.java:3760)
	... 30 more
... Removed 28 stack frames</pre></div><a href='#' onClick='toggleBox("stack-trace2000064175", this, "Click to show all stack frames", "Click to hide stack frames")'>Click to show all stack frames</a>
<div class='stack-trace' id='stack-trace2000064175'><pre>java.lang.reflect.InvocationTargetException
	at sun.reflect.NativeMethodAccessorImpl.invoke0(Native Method)
	at sun.reflect.NativeMethodAccessorImpl.invoke(Unknown Source)
	at sun.reflect.DelegatingMethodAccessorImpl.invoke(Unknown Source)
	at java.lang.reflect.Method.invoke(Unknown Source)
	at com.PanaAutomation.Driver.DriverScript.executeKeywords(DriverScript.java:77)
	at com.PanaMCAutomation.MC_Carrier_Management.ID1298_TC055_Carrier_Cart_icon_disable.testB(ID1298_TC055_Carrier_Cart_icon_disable.java:24)
	at sun.reflect.NativeMethodAccessorImpl.invoke0(Native Method)
	at sun.reflect.NativeMethodAccessorImpl.invoke(Unknown Source)
	at sun.reflect.DelegatingMethodAccessorImpl.invoke(Unknown Source)
	at java.lang.reflect.Method.invoke(Unknown Source)
	at org.testng.internal.MethodInvocationHelper.invokeMethod(MethodInvocationHelper.java:124)
	at org.testng.internal.Invoker.invokeMethod(Invoker.java:580)
	at org.testng.internal.Invoker.invokeTestMethod(Invoker.java:716)
	at org.testng.internal.Invoker.invokeTestMethods(Invoker.java:988)
	at org.testng.internal.TestMethodWorker.invokeTestMethods(TestMethodWorker.java:125)
	at org.testng.internal.TestMethodWorker.run(TestMethodWorker.java:109)
	at org.testng.TestRunner.privateRun(TestRunner.java:648)
	at org.testng.TestRunner.run(TestRunner.java:505)
	at org.testng.SuiteRunner.runTest(SuiteRunner.java:455)
	at org.testng.SuiteRunner.runSequentially(SuiteRunner.java:450)
	at org.testng.SuiteRunner.privateRun(SuiteRunner.java:415)
	at org.testng.SuiteRunner.run(SuiteRunner.java:364)
	at org.testng.SuiteRunnerWorker.runSuite(SuiteRunnerWorker.java:52)
	at org.testng.SuiteRunnerWorker.run(SuiteRunnerWorker.java:84)
	at org.testng.TestNG.runSuitesSequentially(TestNG.java:1208)
	at org.testng.TestNG.runSuitesSequentially(TestNG.java:1204)
	at org.testng.TestNG.runSuitesLocally(TestNG.java:1137)
	at org.testng.TestNG.runSuites(TestNG.java:1049)
	at org.testng.TestNG.run(TestNG.java:1017)
	at com.PanaAutomation.Base.runMC.main(runMC.java:17)
Caused by: java.lang.AssertionError: The following asserts failed:
	Unable to Find Buttonnull
	at org.testng.asserts.SoftAssert.assertAll(SoftAssert.java:43)
	at com.PanaAutomation.Keywords.GenericKeywords.reportFailure(GenericKeywords.java:1307)
	at com.PanaAutomation.Keywords.AppKeywords.verifyButtonDisable(AppKeywords.java:3760)
	... 30 more
</pre></div></td>
<td>12</td>
<td>com.PanaMCAutomation.MC_Carrier_Management.ID1298_TC055_Carrier_Cart_icon_disable@2f177a4b</td></tr>
<tr>
<td title='com.PanaMCAutomation.MC_Carrier_Management.ID1299_TC056_Carrier_Cart_icon_disable_when_no_Carrier_selected.testB()'><b>testB</b><br>Test class: com.PanaMCAutomation.MC_Carrier_Management.ID1299_TC056_Carrier_Cart_icon_disable_when_no_Carrier_selected<br>Parameters: {ID1299_TC056_Carrier_Cart_icon_disable_when_no_Carrier_selected@179=System, ID1299_TC056_Carrier_Cart_icon_disable_when_no_Carrier_selected@180=0, ID1299_TC056_Carrier_Cart_icon_disable_when_no_Carrier_selected@178=Chrome, Runmode=Y}</td>
<td><div><pre>java.lang.reflect.InvocationTargetException
	at com.PanaAutomation.Driver.DriverScript.executeKeywords(DriverScript.java:77)
	at com.PanaMCAutomation.MC_Carrier_Management.ID1299_TC056_Carrier_Cart_icon_disable_when_no_Carrier_selected.testB(ID1299_TC056_Carrier_Cart_icon_disable_when_no_Carrier_selected.java:24)
	at com.PanaAutomation.Base.runMC.main(runMC.java:17)
Caused by: java.lang.AssertionError: The following asserts failed:
	Unable to Find Buttonnull
	at com.PanaAutomation.Keywords.GenericKeywords.reportFailure(GenericKeywords.java:1307)
	at com.PanaAutomation.Keywords.AppKeywords.verifyButtonDisable(AppKeywords.java:3760)
	... 30 more
... Removed 28 stack frames</pre></div><a href='#' onClick='toggleBox("stack-trace2100922278", this, "Click to show all stack frames", "Click to hide stack frames")'>Click to show all stack frames</a>
<div class='stack-trace' id='stack-trace2100922278'><pre>java.lang.reflect.InvocationTargetException
	at sun.reflect.NativeMethodAccessorImpl.invoke0(Native Method)
	at sun.reflect.NativeMethodAccessorImpl.invoke(Unknown Source)
	at sun.reflect.DelegatingMethodAccessorImpl.invoke(Unknown Source)
	at java.lang.reflect.Method.invoke(Unknown Source)
	at com.PanaAutomation.Driver.DriverScript.executeKeywords(DriverScript.java:77)
	at com.PanaMCAutomation.MC_Carrier_Management.ID1299_TC056_Carrier_Cart_icon_disable_when_no_Carrier_selected.testB(ID1299_TC056_Carrier_Cart_icon_disable_when_no_Carrier_selected.java:24)
	at sun.reflect.NativeMethodAccessorImpl.invoke0(Native Method)
	at sun.reflect.NativeMethodAccessorImpl.invoke(Unknown Source)
	at sun.reflect.DelegatingMethodAccessorImpl.invoke(Unknown Source)
	at java.lang.reflect.Method.invoke(Unknown Source)
	at org.testng.internal.MethodInvocationHelper.invokeMethod(MethodInvocationHelper.java:124)
	at org.testng.internal.Invoker.invokeMethod(Invoker.java:580)
	at org.testng.internal.Invoker.invokeTestMethod(Invoker.java:716)
	at org.testng.internal.Invoker.invokeTestMethods(Invoker.java:988)
	at org.testng.internal.TestMethodWorker.invokeTestMethods(TestMethodWorker.java:125)
	at org.testng.internal.TestMethodWorker.run(TestMethodWorker.java:109)
	at org.testng.TestRunner.privateRun(TestRunner.java:648)
	at org.testng.TestRunner.run(TestRunner.java:505)
	at org.testng.SuiteRunner.runTest(SuiteRunner.java:455)
	at org.testng.SuiteRunner.runSequentially(SuiteRunner.java:450)
	at org.testng.SuiteRunner.privateRun(SuiteRunner.java:415)
	at org.testng.SuiteRunner.run(SuiteRunner.java:364)
	at org.testng.SuiteRunnerWorker.runSuite(SuiteRunnerWorker.java:52)
	at org.testng.SuiteRunnerWorker.run(SuiteRunnerWorker.java:84)
	at org.testng.TestNG.runSuitesSequentially(TestNG.java:1208)
	at org.testng.TestNG.runSuitesSequentially(TestNG.java:1204)
	at org.testng.TestNG.runSuitesLocally(TestNG.java:1137)
	at org.testng.TestNG.runSuites(TestNG.java:1049)
	at org.testng.TestNG.run(TestNG.java:1017)
	at com.PanaAutomation.Base.runMC.main(runMC.java:17)
Caused by: java.lang.AssertionError: The following asserts failed:
	Unable to Find Buttonnull
	at org.testng.asserts.SoftAssert.assertAll(SoftAssert.java:43)
	at com.PanaAutomation.Keywords.GenericKeywords.reportFailure(GenericKeywords.java:1307)
	at com.PanaAutomation.Keywords.AppKeywords.verifyButtonDisable(AppKeywords.java:3760)
	... 30 more
</pre></div></td>
<td>32</td>
<td>com.PanaMCAutomation.MC_Carrier_Management.ID1299_TC056_Carrier_Cart_icon_disable_when_no_Carrier_selected@4278a03f</td></tr>
</table><p>
<table width='100%' border='1' class='invocation-passed'>
<tr><td colspan='4' align='center'><b>PASSED TESTS</b></td></tr>
<tr><td><b>Test method</b></td>
<td width="30%"><b>Exception</b></td>
<td width="10%"><b>Time (seconds)</b></td>
<td><b>Instance</b></td>
</tr>
<tr>
<td title='com.PanaMCAutomation.MC_Carrier_Management.ID1242_TC001_Carrier_Dashboard_generated_carrier_details.testB()'><b>testB</b><br>Test class: com.PanaMCAutomation.MC_Carrier_Management.ID1242_TC001_Carrier_Dashboard_generated_carrier_details<br>Parameters: {ID1242_TC001_Carrier_Dashboard_generated_carrier_details@6=System, ID1242_TC001_Carrier_Dashboard_generated_carrier_details@5=Chrome, Runmode=Y}</td>
<td></td>
<td>27</td>
<td>com.PanaMCAutomation.MC_Carrier_Management.ID1242_TC001_Carrier_Dashboard_generated_carrier_details@23986957</td></tr>
<tr>
<td title='com.PanaMCAutomation.MC_Carrier_Management.ID1243_TC002_Carrier_Dashboard_Column_Selection_check.testB()'><b>testB</b><br>Test class: com.PanaMCAutomation.MC_Carrier_Management.ID1243_TC002_Carrier_Dashboard_Column_Selection_check<br>Parameters: {ID1243_TC002_Carrier_Dashboard_Column_Selection_check@9=Location, ID1243_TC002_Carrier_Dashboard_Column_Selection_check@8=System, ID1243_TC002_Carrier_Dashboard_Column_Selection_check@7=Chrome, ID1243_TC002_Carrier_Dashboard_Column_Selection_check@15=Parent Carrier, ID1243_TC002_Carrier_Dashboard_Column_Selection_check@14=Carrier Slot, Runmode=Y, ID1243_TC002_Carrier_Dashboard_Column_Selection_check@13=Group Quantity, ID1243_TC002_Carrier_Dashboard_Column_Selection_check@12=Quantity, ID1243_TC002_Carrier_Dashboard_Column_Selection_check@11=Area, ID1243_TC002_Carrier_Dashboard_Column_Selection_check@10=Master Location}</td>
<td></td>
<td>18</td>
<td>com.PanaMCAutomation.MC_Carrier_Management.ID1243_TC002_Carrier_Dashboard_Column_Selection_check@23f7d05d</td></tr>
<tr>
<td title='com.PanaMCAutomation.MC_Carrier_Management.ID1244_TC003_Carrier_Dashboard_Column_Selection_uncheck.testB()'><b>testB</b><br>Test class: com.PanaMCAutomation.MC_Carrier_Management.ID1244_TC003_Carrier_Dashboard_Column_Selection_uncheck<br>Parameters: {Runmode=Y, ID1244_TC003_Carrier_Dashboard_Column_Selection_uncheck@24=^((?!Parent Carrier).)*$, ID1244_TC003_Carrier_Dashboard_Column_Selection_uncheck@23=^((?!Carrier Slot).)*$, ID1244_TC003_Carrier_Dashboard_Column_Selection_uncheck@22=^((?!Group Quantity).)*$, ID1244_TC003_Carrier_Dashboard_Column_Selection_uncheck@19=^((?!Master Location).)*$, ID1244_TC003_Carrier_Dashboard_Column_Selection_uncheck@21=^((?!Quantity).)*$, ID1244_TC003_Carrier_Dashboard_Column_Selection_uncheck@20=^((?!Area).)*$, ID1244_TC003_Carrier_Dashboard_Column_Selection_uncheck@18=^((?!Location).)*$, ID1244_TC003_Carrier_Dashboard_Column_Selection_uncheck@17=System, ID1244_TC003_Carrier_Dashboard_Column_Selection_uncheck@16=Chrome}</td>
<td></td>
<td>19</td>
<td>com.PanaMCAutomation.MC_Carrier_Management.ID1244_TC003_Carrier_Dashboard_Column_Selection_uncheck@1e730495</td></tr>
<tr>
<td title='com.PanaMCAutomation.MC_Carrier_Management.ID1247_TC006_Carrier_Dashboard_column_search.testB()'><b>testB</b><br>Test class: com.PanaMCAutomation.MC_Carrier_Management.ID1247_TC006_Carrier_Dashboard_column_search<br>Parameters: {Runmode=Y, ID1247_TC006_Carrier_Dashboard_column_search@29=No data available, ID1247_TC006_Carrier_Dashboard_column_search@28=3000, ID1247_TC006_Carrier_Dashboard_column_search@27=, ID1247_TC006_Carrier_Dashboard_column_search@26=System, ID1247_TC006_Carrier_Dashboard_column_search@25=Chrome}</td>
<td></td>
<td>31</td>
<td>com.PanaMCAutomation.MC_Carrier_Management.ID1247_TC006_Carrier_Dashboard_column_search@7d3a22a9</td></tr>
<tr>
<td title='com.PanaMCAutomation.MC_Carrier_Management.ID1250_TC009_Carrier_Dashboard_Rows_dropdown.testB()'><b>testB</b><br>Test class: com.PanaMCAutomation.MC_Carrier_Management.ID1250_TC009_Carrier_Dashboard_Rows_dropdown<br>Parameters: {Runmode=Y, ID1250_TC009_Carrier_Dashboard_Rows_dropdown@41=System, ID1250_TC009_Carrier_Dashboard_Rows_dropdown@40=Chrome}</td>
<td></td>
<td>31</td>
<td>com.PanaMCAutomation.MC_Carrier_Management.ID1250_TC009_Carrier_Dashboard_Rows_dropdown@6b19b79</td></tr>
<tr>
<td title='com.PanaMCAutomation.MC_Carrier_Management.ID1251_1250__TC010_Carrier_Dashboard_row_count.testB()'><b>testB</b><br>Test class: com.PanaMCAutomation.MC_Carrier_Management.ID1251_1250__TC010_Carrier_Dashboard_row_count<br>Parameters: {ID1251_1250__TC010_Carrier_Dashboard_row_count@43=System, ID1251_1250__TC010_Carrier_Dashboard_row_count@42=Chrome, Runmode=Y}</td>
<td></td>
<td>19</td>
<td>com.PanaMCAutomation.MC_Carrier_Management.ID1251_1250__TC010_Carrier_Dashboard_row_count@2a32de6c</td></tr>
<tr>
<td title='com.PanaMCAutomation.MC_Carrier_Management.ID1252_TC011_Carrier_Dashboard_page_navigation.testB()'><b>testB</b><br>Test class: com.PanaMCAutomation.MC_Carrier_Management.ID1252_TC011_Carrier_Dashboard_page_navigation<br>Parameters: {ID1252_TC011_Carrier_Dashboard_page_navigation@45=System, ID1252_TC011_Carrier_Dashboard_page_navigation@44=Chrome, Runmode=Y, ID1252_TC011_Carrier_Dashboard_page_navigation@49= 40, ID1252_TC011_Carrier_Dashboard_page_navigation@48= 30, ID1252_TC011_Carrier_Dashboard_page_navigation@47= 20, ID1252_TC011_Carrier_Dashboard_page_navigation@46= 10}</td>
<td></td>
<td>21</td>
<td>com.PanaMCAutomation.MC_Carrier_Management.ID1252_TC011_Carrier_Dashboard_page_navigation@7692d9cc</td></tr>
<tr>
<td title='com.PanaMCAutomation.MC_Carrier_Management.ID1254_TC013_Carrier_Dashboard_column_names.testB()'><b>testB</b><br>Test class: com.PanaMCAutomation.MC_Carrier_Management.ID1254_TC013_Carrier_Dashboard_column_names<br>Parameters: {ID1254_TC013_Carrier_Dashboard_column_names@54=Area, ID1254_TC013_Carrier_Dashboard_column_names@53=Master Location, ID1254_TC013_Carrier_Dashboard_column_names@52=Location, ID1254_TC013_Carrier_Dashboard_column_names@51=System, ID1254_TC013_Carrier_Dashboard_column_names@50=Chrome, Runmode=Y, ID1254_TC013_Carrier_Dashboard_column_names@59=State, ID1254_TC013_Carrier_Dashboard_column_names@61=Carrier Number, ID1254_TC013_Carrier_Dashboard_column_names@58=Parent Carrier, ID1254_TC013_Carrier_Dashboard_column_names@60=Carrier Type, ID1254_TC013_Carrier_Dashboard_column_names@57=Carrier Slot, ID1254_TC013_Carrier_Dashboard_column_names@56=Group Quantity, ID1254_TC013_Carrier_Dashboard_column_names@55=Quantity}</td>
<td></td>
<td>17</td>
<td>com.PanaMCAutomation.MC_Carrier_Management.ID1254_TC013_Carrier_Dashboard_column_names@75f32542</td></tr>
<tr>
<td title='com.PanaMCAutomation.MC_Carrier_Management.ID1255_TC014_Carrier_Dashboard_Register_New_Generate_IDs.testB()'><b>testB</b><br>Test class: com.PanaMCAutomation.MC_Carrier_Management.ID1255_TC014_Carrier_Dashboard_Register_New_Generate_IDs<br>Parameters: {ID1255_TC014_Carrier_Dashboard_Register_New_Generate_IDs@63=System, ID1255_TC014_Carrier_Dashboard_Register_New_Generate_IDs@62=Chrome, Runmode=Y}</td>
<td></td>
<td>17</td>
<td>com.PanaMCAutomation.MC_Carrier_Management.ID1255_TC014_Carrier_Dashboard_Register_New_Generate_IDs@7f1302d6</td></tr>
<tr>
<td title='com.PanaMCAutomation.MC_Carrier_Management.ID1257_TC016_Carrier_Dashboard_Register_New_No_of_required_IDs.testB()'><b>testB</b><br>Test class: com.PanaMCAutomation.MC_Carrier_Management.ID1257_TC016_Carrier_Dashboard_Register_New_No_of_required_IDs<br>Parameters: {ID1257_TC016_Carrier_Dashboard_Register_New_No_of_required_IDs@69=System, ID1257_TC016_Carrier_Dashboard_Register_New_No_of_required_IDs@70=1, ID1257_TC016_Carrier_Dashboard_Register_New_No_of_required_IDs@68=Chrome, Runmode=Y}</td>
<td></td>
<td>22</td>
<td>com.PanaMCAutomation.MC_Carrier_Management.ID1257_TC016_Carrier_Dashboard_Register_New_No_of_required_IDs@23529fee</td></tr>
<tr>
<td title='com.PanaMCAutomation.MC_Carrier_Management.ID1258_TC017_Carrier_Dashboard_Register_New_No_of_required_IDs__0.testB()'><b>testB</b><br>Test class: com.PanaMCAutomation.MC_Carrier_Management.ID1258_TC017_Carrier_Dashboard_Register_New_No_of_required_IDs__0<br>Parameters: {Runmode=Y, ID1258_TC017_Carrier_Dashboard_Register_New_No_of_required_IDs__0@74=Please fill the highlighted mandatory fields, ID1258_TC017_Carrier_Dashboard_Register_New_No_of_required_IDs__0@73=0, ID1258_TC017_Carrier_Dashboard_Register_New_No_of_required_IDs__0@72=System, ID1258_TC017_Carrier_Dashboard_Register_New_No_of_required_IDs__0@71=Chrome}</td>
<td></td>
<td>17</td>
<td>com.PanaMCAutomation.MC_Carrier_Management.ID1258_TC017_Carrier_Dashboard_Register_New_No_of_required_IDs__0@4fe767f3</td></tr>
<tr>
<td title='com.PanaMCAutomation.MC_Carrier_Management.ID1259_TC018_Carrier_Dashboard_Register_New_No_of_required_IDs__1234567890.testB()'><b>testB</b><br>Test class: com.PanaMCAutomation.MC_Carrier_Management.ID1259_TC018_Carrier_Dashboard_Register_New_No_of_required_IDs__1234567890<br>Parameters: {ID1259_TC018_Carrier_Dashboard_Register_New_No_of_required_IDs__1234567890@78=1234567890, ID1259_TC018_Carrier_Dashboard_Register_New_No_of_required_IDs__1234567890@77=0, Runmode=Y, ID1259_TC018_Carrier_Dashboard_Register_New_No_of_required_IDs__1234567890@76=System, ID1259_TC018_Carrier_Dashboard_Register_New_No_of_required_IDs__1234567890@75=Chrome}</td>
<td></td>
<td>16</td>
<td>com.PanaMCAutomation.MC_Carrier_Management.ID1259_TC018_Carrier_Dashboard_Register_New_No_of_required_IDs__1234567890@2805c96b</td></tr>
<tr>
<td title='com.PanaMCAutomation.MC_Carrier_Management.ID1260_TC019_Carrier_Dashboard_Register_New_Print_buttonicon.testB()'><b>testB</b><br>Test class: com.PanaMCAutomation.MC_Carrier_Management.ID1260_TC019_Carrier_Dashboard_Register_New_Print_buttonicon<br>Parameters: {Runmode=Y, ID1260_TC019_Carrier_Dashboard_Register_New_Print_buttonicon@80=System, ID1260_TC019_Carrier_Dashboard_Register_New_Print_buttonicon@79=Chrome}</td>
<td></td>
<td>21</td>
<td>com.PanaMCAutomation.MC_Carrier_Management.ID1260_TC019_Carrier_Dashboard_Register_New_Print_buttonicon@184cf7cf</td></tr>
<tr>
<td title='com.PanaMCAutomation.MC_Carrier_Management.ID1262_TC021_Carrier_Dashboard_Register_New_Print_Queue_components.testB()'><b>testB</b><br>Test class: com.PanaMCAutomation.MC_Carrier_Management.ID1262_TC021_Carrier_Dashboard_Register_New_Print_Queue_components<br>Parameters: {ID1262_TC021_Carrier_Dashboard_Register_New_Print_Queue_components@86=Type, ID1262_TC021_Carrier_Dashboard_Register_New_Print_Queue_components@85=Number, ID1262_TC021_Carrier_Dashboard_Register_New_Print_Queue_components@84=Name, ID1262_TC021_Carrier_Dashboard_Register_New_Print_Queue_components@83=Status, Runmode=Y, ID1262_TC021_Carrier_Dashboard_Register_New_Print_Queue_components@82=System, ID1262_TC021_Carrier_Dashboard_Register_New_Print_Queue_components@81=Chrome}</td>
<td></td>
<td>17</td>
<td>com.PanaMCAutomation.MC_Carrier_Management.ID1262_TC021_Carrier_Dashboard_Register_New_Print_Queue_components@2fd6b6c7</td></tr>
<tr>
<td title='com.PanaMCAutomation.MC_Carrier_Management.ID1263_TC022_Carrier_Dashboard_Register_New_Print_Queue_grid.testB()'><b>testB</b><br>Test class: com.PanaMCAutomation.MC_Carrier_Management.ID1263_TC022_Carrier_Dashboard_Register_New_Print_Queue_grid<br>Parameters: {ID1263_TC022_Carrier_Dashboard_Register_New_Print_Queue_grid@92=Type, ID1263_TC022_Carrier_Dashboard_Register_New_Print_Queue_grid@91=Number, ID1263_TC022_Carrier_Dashboard_Register_New_Print_Queue_grid@89=Status, ID1263_TC022_Carrier_Dashboard_Register_New_Print_Queue_grid@90=Name, ID1263_TC022_Carrier_Dashboard_Register_New_Print_Queue_grid@88=System, ID1263_TC022_Carrier_Dashboard_Register_New_Print_Queue_grid@87=Chrome, Runmode=Y}</td>
<td></td>
<td>15</td>
<td>com.PanaMCAutomation.MC_Carrier_Management.ID1263_TC022_Carrier_Dashboard_Register_New_Print_Queue_grid@5bfa9431</td></tr>
<tr>
<td title='com.PanaMCAutomation.MC_Carrier_Management.ID1264_TC023_Carrier_Dashboard_Register_New_Print_Queue_Select_Printer.testB()'><b>testB</b><br>Test class: com.PanaMCAutomation.MC_Carrier_Management.ID1264_TC023_Carrier_Dashboard_Register_New_Print_Queue_Select_Printer<br>Parameters: {ID1264_TC023_Carrier_Dashboard_Register_New_Print_Queue_Select_Printer@93=Chrome, Runmode=Y, ID1264_TC023_Carrier_Dashboard_Register_New_Print_Queue_Select_Printer@95=--Select--\n.{10}, ID1264_TC023_Carrier_Dashboard_Register_New_Print_Queue_Select_Printer@94=System}</td>
<td></td>
<td>15</td>
<td>com.PanaMCAutomation.MC_Carrier_Management.ID1264_TC023_Carrier_Dashboard_Register_New_Print_Queue_Select_Printer@5db250b4</td></tr>
<tr>
<td title='com.PanaMCAutomation.MC_Carrier_Management.ID1265_TC024_Carrier_Dashboard_Register_New_Print_Queue_Refresh_button.testB()'><b>testB</b><br>Test class: com.PanaMCAutomation.MC_Carrier_Management.ID1265_TC024_Carrier_Dashboard_Register_New_Print_Queue_Refresh_button<br>Parameters: {Runmode=Y, ID1265_TC024_Carrier_Dashboard_Register_New_Print_Queue_Refresh_button@97=System, ID1265_TC024_Carrier_Dashboard_Register_New_Print_Queue_Refresh_button@96=Chrome}</td>
<td></td>
<td>16</td>
<td>com.PanaMCAutomation.MC_Carrier_Management.ID1265_TC024_Carrier_Dashboard_Register_New_Print_Queue_Refresh_button@223f3642</td></tr>
<tr>
<td title='com.PanaMCAutomation.MC_Carrier_Management.ID1266_TC025_Carrier_Dashboard_Register_New_Print_Queue_Clear_Completed_button.testB()'><b>testB</b><br>Test class: com.PanaMCAutomation.MC_Carrier_Management.ID1266_TC025_Carrier_Dashboard_Register_New_Print_Queue_Clear_Completed_button<br>Parameters: {ID1266_TC025_Carrier_Dashboard_Register_New_Print_Queue_Clear_Completed_button@99=System, Runmode=Y, ID1266_TC025_Carrier_Dashboard_Register_New_Print_Queue_Clear_Completed_button@98=Chrome, ID1266_TC025_Carrier_Dashboard_Register_New_Print_Queue_Clear_Completed_button@100=^((?!Complete).)*$}</td>
<td></td>
<td>14</td>
<td>com.PanaMCAutomation.MC_Carrier_Management.ID1266_TC025_Carrier_Dashboard_Register_New_Print_Queue_Clear_Completed_button@38c5cc4c</td></tr>
<tr>
<td title='com.PanaMCAutomation.MC_Carrier_Management.ID1268_TC027_Carrier_Dashboard_Register_New_Print_Queue_grid_values.testB()'><b>testB</b><br>Test class: com.PanaMCAutomation.MC_Carrier_Management.ID1268_TC027_Carrier_Dashboard_Register_New_Print_Queue_grid_values<br>Parameters: {ID1268_TC027_Carrier_Dashboard_Register_New_Print_Queue_grid_values@109=Type, ID1268_TC027_Carrier_Dashboard_Register_New_Print_Queue_grid_values@108=Number, ID1268_TC027_Carrier_Dashboard_Register_New_Print_Queue_grid_values@107=Name, ID1268_TC027_Carrier_Dashboard_Register_New_Print_Queue_grid_values@106=Status, ID1268_TC027_Carrier_Dashboard_Register_New_Print_Queue_grid_values@105=System, ID1268_TC027_Carrier_Dashboard_Register_New_Print_Queue_grid_values@104=Chrome, Runmode=Y}</td>
<td></td>
<td>15</td>
<td>com.PanaMCAutomation.MC_Carrier_Management.ID1268_TC027_Carrier_Dashboard_Register_New_Print_Queue_grid_values@78e94dcf</td></tr>
<tr>
<td title='com.PanaMCAutomation.MC_Carrier_Management.ID1274_TC033_Carrier_Dashboard_Carrier_Actions_Delete_button_default_state.testB()'><b>testB</b><br>Test class: com.PanaMCAutomation.MC_Carrier_Management.ID1274_TC033_Carrier_Dashboard_Carrier_Actions_Delete_button_default_state<br>Parameters: {ID1274_TC033_Carrier_Dashboard_Carrier_Actions_Delete_button_default_state@123=Chrome, Runmode=Y, ID1274_TC033_Carrier_Dashboard_Carrier_Actions_Delete_button_default_state@124=System}</td>
<td></td>
<td>24</td>
<td>com.PanaMCAutomation.MC_Carrier_Management.ID1274_TC033_Carrier_Dashboard_Carrier_Actions_Delete_button_default_state@222114ba</td></tr>
<tr>
<td title='com.PanaMCAutomation.MC_Carrier_Management.ID1275_TC034_Carrier_Dashboard_Carrier_Actions_Delete_button_enable.testB()'><b>testB</b><br>Test class: com.PanaMCAutomation.MC_Carrier_Management.ID1275_TC034_Carrier_Dashboard_Carrier_Actions_Delete_button_enable<br>Parameters: {ID1275_TC034_Carrier_Dashboard_Carrier_Actions_Delete_button_enable@126=System, ID1275_TC034_Carrier_Dashboard_Carrier_Actions_Delete_button_enable@125=Chrome, Runmode=Y}</td>
<td></td>
<td>14</td>
<td>com.PanaMCAutomation.MC_Carrier_Management.ID1275_TC034_Carrier_Dashboard_Carrier_Actions_Delete_button_enable@16e7dcfd</td></tr>
<tr>
<td title='com.PanaMCAutomation.MC_Carrier_Management.ID1280_TC038_Carrier_Dashboard_Carrier_Actions_Clear_button_enable.testB()'><b>testB</b><br>Test class: com.PanaMCAutomation.MC_Carrier_Management.ID1280_TC038_Carrier_Dashboard_Carrier_Actions_Clear_button_enable<br>Parameters: {Runmode=Y, ID1280_TC038_Carrier_Dashboard_Carrier_Actions_Clear_button_enable@138=System, ID1280_TC038_Carrier_Dashboard_Carrier_Actions_Clear_button_enable@137=Chrome}</td>
<td></td>
<td>34</td>
<td>com.PanaMCAutomation.MC_Carrier_Management.ID1280_TC038_Carrier_Dashboard_Carrier_Actions_Clear_button_enable@14d3bc22</td></tr>
<tr>
<td title='com.PanaMCAutomation.MC_Carrier_Management.ID1286_TC043_Carrier_Dashboard_Carrier_Actions_Shipped_button_enable.testB()'><b>testB</b><br>Test class: com.PanaMCAutomation.MC_Carrier_Management.ID1286_TC043_Carrier_Dashboard_Carrier_Actions_Shipped_button_enable<br>Parameters: {Runmode=Y, ID1286_TC043_Carrier_Dashboard_Carrier_Actions_Shipped_button_enable@149=Chrome, ID1286_TC043_Carrier_Dashboard_Carrier_Actions_Shipped_button_enable@150=System}</td>
<td></td>
<td>19</td>
<td>com.PanaMCAutomation.MC_Carrier_Management.ID1286_TC043_Carrier_Dashboard_Carrier_Actions_Shipped_button_enable@45018215</td></tr>
<tr>
<td title='com.PanaMCAutomation.MC_Carrier_Management.ID1290_TC047_Carrier_Dashboard_Carrier_Actions_Shipped_move_out_items.testB()'><b>testB</b><br>Test class: com.PanaMCAutomation.MC_Carrier_Management.ID1290_TC047_Carrier_Dashboard_Carrier_Actions_Shipped_move_out_items<br>Parameters: {Runmode=Y, ID1290_TC047_Carrier_Dashboard_Carrier_Actions_Shipped_move_out_items@163=true, ID1290_TC047_Carrier_Dashboard_Carrier_Actions_Shipped_move_out_items@162=Carrier has been shipped successfully, ID1290_TC047_Carrier_Dashboard_Carrier_Actions_Shipped_move_out_items@161=System, ID1290_TC047_Carrier_Dashboard_Carrier_Actions_Shipped_move_out_items@160=Chrome}</td>
<td></td>
<td>22</td>
<td>com.PanaMCAutomation.MC_Carrier_Management.ID1290_TC047_Carrier_Dashboard_Carrier_Actions_Shipped_move_out_items@30b7c004</td></tr>
<tr>
<td title='com.PanaMCAutomation.MC_Carrier_Management.ID1294_TC051_Carrier_Dashboard_Carrier_Actions_View_Contents_button.testB()'><b>testB</b><br>Test class: com.PanaMCAutomation.MC_Carrier_Management.ID1294_TC051_Carrier_Dashboard_Carrier_Actions_View_Contents_button<br>Parameters: {Runmode=Y, ID1294_TC051_Carrier_Dashboard_Carrier_Actions_View_Contents_button@166=true, ID1294_TC051_Carrier_Dashboard_Carrier_Actions_View_Contents_button@165=System, ID1294_TC051_Carrier_Dashboard_Carrier_Actions_View_Contents_button@164=Chrome}</td>
<td></td>
<td>41</td>
<td>com.PanaMCAutomation.MC_Carrier_Management.ID1294_TC051_Carrier_Dashboard_Carrier_Actions_View_Contents_button@79efed2d</td></tr>
<tr>
<td title='com.PanaMCAutomation.MC_Carrier_Management.ID1295_TC052_Carrier_Dashboard_Carrier_Actions_View_Contents_button_default_state.testB()'><b>testB</b><br>Test class: com.PanaMCAutomation.MC_Carrier_Management.ID1295_TC052_Carrier_Dashboard_Carrier_Actions_View_Contents_button_default_state<br>Parameters: {Runmode=Y, ID1295_TC052_Carrier_Dashboard_Carrier_Actions_View_Contents_button_default_state@169=true, ID1295_TC052_Carrier_Dashboard_Carrier_Actions_View_Contents_button_default_state@168=System, ID1295_TC052_Carrier_Dashboard_Carrier_Actions_View_Contents_button_default_state@167=Chrome}</td>
<td></td>
<td>15</td>
<td>com.PanaMCAutomation.MC_Carrier_Management.ID1295_TC052_Carrier_Dashboard_Carrier_Actions_View_Contents_button_default_state@2928854b</td></tr>
<tr>
<td title='com.PanaMCAutomation.MC_Carrier_Management.ID1296_TC053_Carrier_Dashboard_Carrier_Actions_View_Contents_button_enable.testB()'><b>testB</b><br>Test class: com.PanaMCAutomation.MC_Carrier_Management.ID1296_TC053_Carrier_Dashboard_Carrier_Actions_View_Contents_button_enable<br>Parameters: {Runmode=Y, ID1296_TC053_Carrier_Dashboard_Carrier_Actions_View_Contents_button_enable@172=false, ID1296_TC053_Carrier_Dashboard_Carrier_Actions_View_Contents_button_enable@171=System, ID1296_TC053_Carrier_Dashboard_Carrier_Actions_View_Contents_button_enable@170=Chrome}</td>
<td></td>
<td>14</td>
<td>com.PanaMCAutomation.MC_Carrier_Management.ID1296_TC053_Carrier_Dashboard_Carrier_Actions_View_Contents_button_enable@27ae2fd0</td></tr>
<tr>
<td title='com.PanaMCAutomation.MC_Carrier_Management.ID1297_TC054_Carrier_Dashboard_Carrier_Actions_View_Contents_operation.testB()'><b>testB</b><br>Test class: com.PanaMCAutomation.MC_Carrier_Management.ID1297_TC054_Carrier_Dashboard_Carrier_Actions_View_Contents_operation<br>Parameters: {ID1297_TC054_Carrier_Dashboard_Carrier_Actions_View_Contents_operation@174=System, Runmode=Y, ID1297_TC054_Carrier_Dashboard_Carrier_Actions_View_Contents_operation@173=Chrome}</td>
<td></td>
<td>16</td>
<td>com.PanaMCAutomation.MC_Carrier_Management.ID1297_TC054_Carrier_Dashboard_Carrier_Actions_View_Contents_operation@29176cc1</td></tr>
</table><p>
</body>
</html>