<?xml version="1.0" encoding="UTF-8"?>
<!-- Generated by org.testng.reporters.JUnitReportReporter -->
<testsuite skipped="0" hostname="DESKTOP-ID7FLTM" name="com.PanaMCAutomation.MC_Carrier_Management.ID1264_TC023_Carrier_Dashboard_Register_New_Print_Queue_Select_Printer" tests="1" failures="0" timestamp="11 Jan 2021 13:30:03 GMT" time="37.740" errors="1">
  <testcase name="testB" time="37.740" classname="com.PanaMCAutomation.MC_Carrier_Management.ID1264_TC023_Carrier_Dashboard_Register_New_Print_Queue_Select_Printer">
    <error type="java.lang.reflect.InvocationTargetException">
      <![CDATA[java.lang.reflect.InvocationTargetException
at sun.reflect.NativeMethodAccessorImpl.invoke0(Native Method)
at sun.reflect.NativeMethodAccessorImpl.invoke(Unknown Source)
at sun.reflect.DelegatingMethodAccessorImpl.invoke(Unknown Source)
at java.lang.reflect.Method.invoke(Unknown Source)
at com.PanaAutomation.Driver.DriverScript.executeKeywords(DriverScript.java:75)
at com.PanaMCAutomation.MC_Carrier_Management.ID1264_TC023_Carrier_Dashboard_Register_New_Print_Queue_Select_Printer.testB(ID1264_TC023_Carrier_Dashboard_Register_New_Print_Queue_Select_Printer.java:24)
at sun.reflect.NativeMethodAccessorImpl.invoke0(Native Method)
at sun.reflect.NativeMethodAccessorImpl.invoke(Unknown Source)
at sun.reflect.DelegatingMethodAccessorImpl.invoke(Unknown Source)
at java.lang.reflect.Method.invoke(Unknown Source)
at org.testng.internal.MethodInvocationHelper.invokeMethod(MethodInvocationHelper.java:124)
at org.testng.internal.Invoker.invokeMethod(Invoker.java:580)
at org.testng.internal.Invoker.invokeTestMethod(Invoker.java:716)
at org.testng.internal.Invoker.invokeTestMethods(Invoker.java:988)
at org.testng.internal.TestMethodWorker.invokeTestMethods(TestMethodWorker.java:125)
at org.testng.internal.TestMethodWorker.run(TestMethodWorker.java:109)
at org.testng.TestRunner.privateRun(TestRunner.java:648)
at org.testng.TestRunner.run(TestRunner.java:505)
at org.testng.SuiteRunner.runTest(SuiteRunner.java:455)
at org.testng.SuiteRunner.runSequentially(SuiteRunner.java:450)
at org.testng.SuiteRunner.privateRun(SuiteRunner.java:415)
at org.testng.SuiteRunner.run(SuiteRunner.java:364)
at org.testng.SuiteRunnerWorker.runSuite(SuiteRunnerWorker.java:52)
at org.testng.SuiteRunnerWorker.run(SuiteRunnerWorker.java:84)
at org.testng.TestNG.runSuitesSequentially(TestNG.java:1208)
at org.testng.TestNG.runSuitesLocally(TestNG.java:1137)
at org.testng.TestNG.runSuites(TestNG.java:1049)
at org.testng.TestNG.run(TestNG.java:1017)
at org.testng.remote.AbstractRemoteTestNG.run(AbstractRemoteTestNG.java:132)
at org.testng.remote.RemoteTestNG.initAndRun(RemoteTestNG.java:230)
at org.testng.remote.RemoteTestNG.main(RemoteTestNG.java:76)
Caused by: java.lang.AssertionError: The following asserts failed:
Text is NOT as expect. Expect: --Select--\n.{10} Actual: --Select--
at org.testng.asserts.SoftAssert.assertAll(SoftAssert.java:43)
at com.PanaAutomation.Keywords.GenericKeywords.reportFailure(GenericKeywords.java:1469)
at com.PanaAutomation.Keywords.GenericKeywords.verifyTextRegEx(GenericKeywords.java:2197)
... 31 more
]]>
    </error>
  </testcase> <!-- testB -->
</testsuite> <!-- com.PanaMCAutomation.MC_Carrier_Management.ID1264_TC023_Carrier_Dashboard_Register_New_Print_Queue_Select_Printer -->
