<?xml version="1.0" encoding="UTF-8"?>
<!-- Generated by org.testng.reporters.JUnitXMLReporter -->
<testsuite hostname="PRDCV271-W10" ignored="0" name="Part Specific Data" tests="10" failures="2" timestamp="29 Nov 2019 06:57:54 GMT" time="257.74" errors="0">
  <testcase name="testB" time="23.141" classname="com.PanaMCAutomation.MC_Part_Specific_Data.MCID1_Part_Specific_Data_New"/>
  <testcase name="testB" time="22.652" classname="com.PanaMCAutomation.MC_Part_Specific_Data.MCID2_Part_Specific_Data_Cancel"/>
  <testcase name="testB" time="21.227" classname="com.PanaMCAutomation.MC_Part_Specific_Data.MCID3_Part_Specific_Data_MissingName"/>
  <testcase name="testB" time="23.927" classname="com.PanaMCAutomation.MC_Part_Specific_Data.MCID4_Part_Specific_Data_MissingDataType"/>
  <testcase name="testB" time="22.511" classname="com.PanaMCAutomation.MC_Part_Specific_Data.MCID5_Part_Specific_Data_MissingDes"/>
  <testcase name="testB" time="58.58" classname="com.PanaMCAutomation.MC_Part_Specific_Data.MCID6_Part_Specific_Data_Delete">
    <failure type="java.lang.reflect.InvocationTargetException">
      <![CDATA[java.lang.reflect.InvocationTargetException
at com.PanaAutomation.Driver.DriverScript.executeKeywords(DriverScript.java:77)
at com.PanaMCAutomation.MC_Part_Specific_Data.MCID6_Part_Specific_Data_Delete.testB(MCID6_Part_Specific_Data_Delete.java:24)
at com.PanaAutomation.Base.runMC.main(runMC.java:28)
Caused by: java.lang.AssertionError: The following asserts failed:
Unexpected exception is thrown: org.openqa.selenium.NoSuchElementException: no such element: Unable to locate element: {"method":"xpath","selector":"//button[contains(text(),'Yes')]"}
  (Session info: chrome=78.0.3904.108)
  (Driver info: chromedriver=2.44.609538 (b655c5a60b0b544917107a59d4153d4bf78e1b90),platform=Windows NT 10.0.18362 x86_64) (WARNING: The server did not provide any stacktrace information)
Command duration or timeout: 20.02 seconds
For documentation on this error, please visit: http://seleniumhq.org/exceptions/no_such_element.html
Build info: version: '2.45.0', revision: '32a636c', time: '2015-03-05 22:01:35'
System info: host: 'PRDCV271-W10', ip: '192.168.20.1', os.name: 'Windows 10', os.arch: 'amd64', os.version: '10.0', java.version: '1.8.0_92'
Driver info: org.openqa.selenium.chrome.ChromeDriver
Capabilities [{mobileEmulationEnabled=false, hasTouchScreen=false, platform=XP, acceptSslCerts=false, goog:chromeOptions={debuggerAddress=localhost:62412}, acceptInsecureCerts=false, webStorageEnabled=true, browserName=chrome, takesScreenshot=true, javascriptEnabled=true, setWindowRect=true, unexpectedAlertBehaviour=ignore, applicationCacheEnabled=false, rotatable=false, networkConnectionEnabled=false, chrome={chromedriverVersion=2.44.609538 (b655c5a60b0b544917107a59d4153d4bf78e1b90), userDataDir=C:\Users\4000286\AppData\Local\Temp\scoped_dir20732_2642}, takesHeapSnapshot=true, pageLoadStrategy=normal, databaseEnabled=false, handlesAlerts=true, version=78.0.3904.108, browserConnectionEnabled=false, nativeEvents=true, locationContextEnabled=true, cssSelectorsEnabled=true}]
Session ID: 705cb9d48cfb88f81af50efe4a0b86e8
*** Element info: {Using=xpath, value=//button[contains(text(),'Yes')]}
at com.PanaAutomation.Keywords.GenericKeywords.reportFailure(GenericKeywords.java:1444)
at com.PanaAutomation.Keywords.AppKeywords.deleteAccept(AppKeywords.java:5213)
... 30 more
... Removed 28 stack frames]]>
    </failure>
  </testcase> <!-- testB -->
  <testcase name="testB" time="20.973" classname="com.PanaMCAutomation.MC_Part_Specific_Data.MCID7_Part_Specific_Data_WhereUsed"/>
  <testcase name="testB" time="22.595" classname="com.PanaMCAutomation.MC_Part_Specific_Data.MCID8_Part_Specific_Data_Edit"/>
  <testcase name="testB" time="20.175" classname="com.PanaMCAutomation.MC_Part_Specific_Data.MCID9_Part_Specific_Data_Barcode">
    <failure type="java.lang.reflect.InvocationTargetException">
      <![CDATA[java.lang.reflect.InvocationTargetException
at com.PanaAutomation.Driver.DriverScript.executeKeywords(DriverScript.java:77)
at com.PanaMCAutomation.MC_Part_Specific_Data.MCID9_Part_Specific_Data_Barcode.testB(MCID9_Part_Specific_Data_Barcode.java:24)
at com.PanaAutomation.Base.runMC.main(runMC.java:28)
Caused by: java.lang.AssertionError: The following asserts failed:
Text is NOT as expect. Expect: Data Actual: 
at com.PanaAutomation.Keywords.GenericKeywords.reportFailure(GenericKeywords.java:1444)
at com.PanaAutomation.Keywords.GenericKeywords.verifyStringValueContain(GenericKeywords.java:1994)
... 30 more
... Removed 28 stack frames]]>
    </failure>
  </testcase> <!-- testB -->
  <testcase name="testB" time="20.804" classname="com.PanaMCAutomation.MC_Part_Specific_Data.MCID10_Part_Specific_Data_Filter"/>
</testsuite> <!-- Part Specific Data -->
